positions request timed out
open orders request timed out
account updates for DUA724990 request timed out
/Users/eddiemae/Library/Python/3.9/lib/python/site-packages/urllib3/__init__.py:35: NotOpenSSLWarning: urllib3 v2 only supports OpenSSL 1.1.1+, currently the 'ssl' module is compiled with 'LibreSSL 2.8.3'. See: https://github.com/urllib3/urllib3/issues/3020
  warnings.warn(
[Auditor 2026-03-12 09:00:00] Running daily audit
[Auditor 2026-03-12 09:00:00] IBKR error: 
[Auditor 2026-03-12 09:00:00] All 12 systems audited
[Auditor 2026-03-12 09:00:00] Audit complete: 1 violations, 0 warnings
/Users/eddiemae/Library/Python/3.9/lib/python/site-packages/urllib3/__init__.py:35: NotOpenSSLWarning: urllib3 v2 only supports OpenSSL 1.1.1+, currently the 'ssl' module is compiled with 'LibreSSL 2.8.3'. See: https://github.com/urllib3/urllib3/issues/3020
  warnings.warn(
[Auditor 2026-03-12 09:30:00] Running daily audit
[Auditor 2026-03-12 09:30:00] 24 open positions audited
[Auditor 2026-03-12 09:30:00] All 12 systems audited
[Auditor 2026-03-12 09:30:00] Audit complete: 0 violations, 3 warnings
/Users/eddiemae/Library/Python/3.9/lib/python/site-packages/urllib3/__init__.py:35: NotOpenSSLWarning: urllib3 v2 only supports OpenSSL 1.1.1+, currently the 'ssl' module is compiled with 'LibreSSL 2.8.3'. See: https://github.com/urllib3/urllib3/issues/3020
  warnings.warn(
[Auditor 2026-03-12 10:00:00] Running daily audit
[Auditor 2026-03-12 10:00:00] 25 open positions audited
[Auditor 2026-03-12 10:00:00] All 12 systems audited
[Auditor 2026-03-12 10:00:00] Audit complete: 0 violations, 3 warnings
/Users/eddiemae/Library/Python/3.9/lib/python/site-packages/urllib3/__init__.py:35: NotOpenSSLWarning: urllib3 v2 only supports OpenSSL 1.1.1+, currently the 'ssl' module is compiled with 'LibreSSL 2.8.3'. See: https://github.com/urllib3/urllib3/issues/3020
  warnings.warn(
[Auditor 2026-03-12 10:30:00] Running daily audit
[Auditor 2026-03-12 10:30:00] 19 open positions audited
[Auditor 2026-03-12 10:30:00] All 12 systems audited
[Auditor 2026-03-12 10:30:00] Audit complete: 0 violations, 0 warnings
/Users/eddiemae/Library/Python/3.9/lib/python/site-packages/urllib3/__init__.py:35: NotOpenSSLWarning: urllib3 v2 only supports OpenSSL 1.1.1+, currently the 'ssl' module is compiled with 'LibreSSL 2.8.3'. See: https://github.com/urllib3/urllib3/issues/3020
  warnings.warn(
[Auditor 2026-03-12 11:00:00] Running daily audit
[Auditor 2026-03-12 11:00:00] 18 open positions audited
[Auditor 2026-03-12 11:00:00] All 12 systems audited
[Auditor 2026-03-12 11:00:00] Audit complete: 0 violations, 0 warnings
API connection failed: ConnectionRefusedError(61, "Connect call failed ('127.0.0.1', 7497)")
Make sure API port on TWS/IBG is open
/Users/eddiemae/Library/Python/3.9/lib/python/site-packages/urllib3/__init__.py:35: NotOpenSSLWarning: urllib3 v2 only supports OpenSSL 1.1.1+, currently the 'ssl' module is compiled with 'LibreSSL 2.8.3'. See: https://github.com/urllib3/urllib3/issues/3020
  warnings.warn(
[Auditor 2026-03-12 11:30:00] Running daily audit
[Auditor 2026-03-12 11:30:00] IBKR error: [Errno 61] Connect call failed ('127.0.0.1', 7497)
[Auditor 2026-03-12 11:30:00] All 12 systems audited
[Auditor 2026-03-12 11:30:00] Audit complete: 1 violations, 0 warnings
/Users/eddiemae/Library/Python/3.9/lib/python/site-packages/urllib3/__init__.py:35: NotOpenSSLWarning: urllib3 v2 only supports OpenSSL 1.1.1+, currently the 'ssl' module is compiled with 'LibreSSL 2.8.3'. See: https://github.com/urllib3/urllib3/issues/3020
  warnings.warn(
[Auditor 2026-03-12 12:00:00] Running daily audit
[Auditor 2026-03-12 12:00:00] 18 open positions audited
[Auditor 2026-03-12 12:00:00] All 12 systems audited
[Auditor 2026-03-12 12:00:00] Audit complete: 0 violations, 0 warnings
/Users/eddiemae/Library/Python/3.9/lib/python/site-packages/urllib3/__init__.py:35: NotOpenSSLWarning: urllib3 v2 only supports OpenSSL 1.1.1+, currently the 'ssl' module is compiled with 'LibreSSL 2.8.3'. See: https://github.com/urllib3/urllib3/issues/3020
  warnings.warn(
[Auditor 2026-03-12 12:30:00] Running daily audit
[Auditor 2026-03-12 12:30:00] 18 open positions audited
[Auditor 2026-03-12 12:30:00] All 12 systems audited
[Auditor 2026-03-12 12:30:00] Audit complete: 0 violations, 0 warnings
/Users/eddiemae/Library/Python/3.9/lib/python/site-packages/urllib3/__init__.py:35: NotOpenSSLWarning: urllib3 v2 only supports OpenSSL 1.1.1+, currently the 'ssl' module is compiled with 'LibreSSL 2.8.3'. See: https://github.com/urllib3/urllib3/issues/3020
  warnings.warn(
[Auditor 2026-03-12 13:00:00] Running daily audit
[Auditor 2026-03-12 13:00:00] 19 open positions audited
[Auditor 2026-03-12 13:00:00] All 12 systems audited
[Auditor 2026-03-12 13:00:00] Audit complete: 0 violations, 0 warnings
/Users/eddiemae/Library/Python/3.9/lib/python/site-packages/urllib3/__init__.py:35: NotOpenSSLWarning: urllib3 v2 only supports OpenSSL 1.1.1+, currently the 'ssl' module is compiled with 'LibreSSL 2.8.3'. See: https://github.com/urllib3/urllib3/issues/3020
  warnings.warn(
[Auditor 2026-03-12 13:30:00] Running daily audit
[Auditor 2026-03-12 13:30:00] 19 open positions audited
[Auditor 2026-03-12 13:30:00] All 12 systems audited
[Auditor 2026-03-12 13:30:00] Audit complete: 0 violations, 0 warnings
/Users/eddiemae/Library/Python/3.9/lib/python/site-packages/urllib3/__init__.py:35: NotOpenSSLWarning: urllib3 v2 only supports OpenSSL 1.1.1+, currently the 'ssl' module is compiled with 'LibreSSL 2.8.3'. See: https://github.com/urllib3/urllib3/issues/3020
  warnings.warn(
[Auditor 2026-03-12 14:00:00] Running daily audit
[Auditor 2026-03-12 14:00:00] 18 open positions audited
[Auditor 2026-03-12 14:00:00] All 12 systems audited
[Auditor 2026-03-12 14:00:00] Audit complete: 0 violations, 0 warnings
/Users/eddiemae/Library/Python/3.9/lib/python/site-packages/urllib3/__init__.py:35: NotOpenSSLWarning: urllib3 v2 only supports OpenSSL 1.1.1+, currently the 'ssl' module is compiled with 'LibreSSL 2.8.3'. See: https://github.com/urllib3/urllib3/issues/3020
  warnings.warn(
[Auditor 2026-03-12 14:30:00] Running daily audit
[Auditor 2026-03-12 14:30:00] 18 open positions audited
[Auditor 2026-03-12 14:30:00] All 12 systems audited
[Auditor 2026-03-12 14:30:00] Audit complete: 0 violations, 0 warnings
/Users/eddiemae/Library/Python/3.9/lib/python/site-packages/urllib3/__init__.py:35: NotOpenSSLWarning: urllib3 v2 only supports OpenSSL 1.1.1+, currently the 'ssl' module is compiled with 'LibreSSL 2.8.3'. See: https://github.com/urllib3/urllib3/issues/3020
  warnings.warn(
[Auditor 2026-03-12 15:00:00] Running daily audit
[Auditor 2026-03-12 15:00:00] 18 open positions audited
[Auditor 2026-03-12 15:00:00] All 12 systems audited
[Auditor 2026-03-12 15:00:00] Audit complete: 0 violations, 0 warnings
/Users/eddiemae/Library/Python/3.9/lib/python/site-packages/urllib3/__init__.py:35: NotOpenSSLWarning: urllib3 v2 only supports OpenSSL 1.1.1+, currently the 'ssl' module is compiled with 'LibreSSL 2.8.3'. See: https://github.com/urllib3/urllib3/issues/3020
  warnings.warn(
[Auditor 2026-03-12 15:30:00] Running daily audit
[Auditor 2026-03-12 15:30:00] 18 open positions audited
[Auditor 2026-03-12 15:30:00] All 12 systems audited
[Auditor 2026-03-12 15:30:00] Audit complete: 0 violations, 0 warnings
/Users/eddiemae/Library/Python/3.9/lib/python/site-packages/urllib3/__init__.py:35: NotOpenSSLWarning: urllib3 v2 only supports OpenSSL 1.1.1+, currently the 'ssl' module is compiled with 'LibreSSL 2.8.3'. See: https://github.com/urllib3/urllib3/issues/3020
  warnings.warn(
[Auditor 2026-03-12 16:00:00] Running daily audit
[Auditor 2026-03-12 16:00:00] 17 open positions audited
[Auditor 2026-03-12 16:00:00] All 12 systems audited
[Auditor 2026-03-12 16:00:00] Audit complete: 0 violations, 0 warnings
/Users/eddiemae/Library/Python/3.9/lib/python/site-packages/urllib3/__init__.py:35: NotOpenSSLWarning: urllib3 v2 only supports OpenSSL 1.1.1+, currently the 'ssl' module is compiled with 'LibreSSL 2.8.3'. See: https://github.com/urllib3/urllib3/issues/3020
  warnings.warn(
[Auditor 2026-03-12 16:30:00] Running daily audit
[Auditor 2026-03-12 16:30:00] 17 open positions audited
[Auditor 2026-03-12 16:30:00] All 12 systems audited
[Auditor 2026-03-12 16:30:00] Audit complete: 0 violations, 0 warnings
/Users/eddiemae/Library/Python/3.9/lib/python/site-packages/urllib3/__init__.py:35: NotOpenSSLWarning: urllib3 v2 only supports OpenSSL 1.1.1+, currently the 'ssl' module is compiled with 'LibreSSL 2.8.3'. See: https://github.com/urllib3/urllib3/issues/3020
  warnings.warn(
[Auditor 2026-03-13 09:00:00] Running daily audit
[Auditor 2026-03-13 09:00:00] 17 open positions audited
[Auditor 2026-03-13 09:00:00] All 12 systems audited
[Auditor 2026-03-13 09:00:00] Audit complete: 0 violations, 0 warnings
/Users/eddiemae/Library/Python/3.9/lib/python/site-packages/urllib3/__init__.py:35: NotOpenSSLWarning: urllib3 v2 only supports OpenSSL 1.1.1+, currently the 'ssl' module is compiled with 'LibreSSL 2.8.3'. See: https://github.com/urllib3/urllib3/issues/3020
  warnings.warn(
[Auditor 2026-03-13 09:30:00] Running daily audit
[Auditor 2026-03-13 09:30:00] 17 open positions audited
[Auditor 2026-03-13 09:30:00] All 12 systems audited
[Auditor 2026-03-13 09:30:00] Audit complete: 0 violations, 0 warnings
/Users/eddiemae/Library/Python/3.9/lib/python/site-packages/urllib3/__init__.py:35: NotOpenSSLWarning: urllib3 v2 only supports OpenSSL 1.1.1+, currently the 'ssl' module is compiled with 'LibreSSL 2.8.3'. See: https://github.com/urllib3/urllib3/issues/3020
  warnings.warn(
[Auditor 2026-03-13 10:00:01] Running daily audit
[Auditor 2026-03-13 10:00:01] 17 open positions audited
[Auditor 2026-03-13 10:00:01] All 12 systems audited
[Auditor 2026-03-13 10:00:01] Audit complete: 0 violations, 0 warnings
/Users/eddiemae/Library/Python/3.9/lib/python/site-packages/urllib3/__init__.py:35: NotOpenSSLWarning: urllib3 v2 only supports OpenSSL 1.1.1+, currently the 'ssl' module is compiled with 'LibreSSL 2.8.3'. See: https://github.com/urllib3/urllib3/issues/3020
  warnings.warn(
[Auditor 2026-03-13 10:30:00] Running daily audit
[Auditor 2026-03-13 10:30:00] 17 open positions audited
[Auditor 2026-03-13 10:30:00] All 12 systems audited
[Auditor 2026-03-13 10:30:00] Audit complete: 0 violations, 0 warnings
/Users/eddiemae/Library/Python/3.9/lib/python/site-packages/urllib3/__init__.py:35: NotOpenSSLWarning: urllib3 v2 only supports OpenSSL 1.1.1+, currently the 'ssl' module is compiled with 'LibreSSL 2.8.3'. See: https://github.com/urllib3/urllib3/issues/3020
  warnings.warn(
[Auditor 2026-03-13 11:00:00] Running daily audit
[Auditor 2026-03-13 11:00:00] 19 open positions audited
[Auditor 2026-03-13 11:00:00] All 12 systems audited
[Auditor 2026-03-13 11:00:00] Audit complete: 0 violations, 0 warnings
/Users/eddiemae/Library/Python/3.9/lib/python/site-packages/urllib3/__init__.py:35: NotOpenSSLWarning: urllib3 v2 only supports OpenSSL 1.1.1+, currently the 'ssl' module is compiled with 'LibreSSL 2.8.3'. See: https://github.com/urllib3/urllib3/issues/3020
  warnings.warn(
[Auditor 2026-03-13 11:30:00] Running daily audit
[Auditor 2026-03-13 11:30:00] 19 open positions audited
[Auditor 2026-03-13 11:30:00] All 12 systems audited
[Auditor 2026-03-13 11:30:00] Audit complete: 0 violations, 0 warnings
API connection failed: ConnectionRefusedError(61, "Connect call failed ('127.0.0.1', 7497)")
Make sure API port on TWS/IBG is open
/Users/eddiemae/Library/Python/3.9/lib/python/site-packages/urllib3/__init__.py:35: NotOpenSSLWarning: urllib3 v2 only supports OpenSSL 1.1.1+, currently the 'ssl' module is compiled with 'LibreSSL 2.8.3'. See: https://github.com/urllib3/urllib3/issues/3020
  warnings.warn(
[Auditor 2026-03-13 12:00:01] Running daily audit
[Auditor 2026-03-13 12:00:01] IBKR error: [Errno 61] Connect call failed ('127.0.0.1', 7497)
[Auditor 2026-03-13 12:00:01] All 12 systems audited
[Auditor 2026-03-13 12:00:01] Audit complete: 1 violations, 0 warnings
API connection failed: ConnectionRefusedError(61, "Connect call failed ('127.0.0.1', 7497)")
Make sure API port on TWS/IBG is open
/Users/eddiemae/Library/Python/3.9/lib/python/site-packages/urllib3/__init__.py:35: NotOpenSSLWarning: urllib3 v2 only supports OpenSSL 1.1.1+, currently the 'ssl' module is compiled with 'LibreSSL 2.8.3'. See: https://github.com/urllib3/urllib3/issues/3020
  warnings.warn(
[Auditor 2026-03-13 12:30:00] Running daily audit
[Auditor 2026-03-13 12:30:00] IBKR error: [Errno 61] Connect call failed ('127.0.0.1', 7497)
[Auditor 2026-03-13 12:30:00] All 12 systems audited
[Auditor 2026-03-13 12:30:00] Audit complete: 1 violations, 0 warnings
/Users/eddiemae/Library/Python/3.9/lib/python/site-packages/urllib3/__init__.py:35: NotOpenSSLWarning: urllib3 v2 only supports OpenSSL 1.1.1+, currently the 'ssl' module is compiled with 'LibreSSL 2.8.3'. See: https://github.com/urllib3/urllib3/issues/3020
  warnings.warn(
[Auditor 2026-03-13 13:00:01] Running daily audit
[Auditor 2026-03-13 13:00:01] 24 open positions audited
[Auditor 2026-03-13 13:00:01] All 12 systems audited
[Auditor 2026-03-13 13:00:01] Audit complete: 0 violations, 0 warnings
/Users/eddiemae/Library/Python/3.9/lib/python/site-packages/urllib3/__init__.py:35: NotOpenSSLWarning: urllib3 v2 only supports OpenSSL 1.1.1+, currently the 'ssl' module is compiled with 'LibreSSL 2.8.3'. See: https://github.com/urllib3/urllib3/issues/3020
  warnings.warn(
[Auditor 2026-03-13 13:30:00] Running daily audit
[Auditor 2026-03-13 13:30:00] 24 open positions audited
[Auditor 2026-03-13 13:30:00] All 12 systems audited
[Auditor 2026-03-13 13:30:00] Audit complete: 0 violations, 0 warnings
/Users/eddiemae/Library/Python/3.9/lib/python/site-packages/urllib3/__init__.py:35: NotOpenSSLWarning: urllib3 v2 only supports OpenSSL 1.1.1+, currently the 'ssl' module is compiled with 'LibreSSL 2.8.3'. See: https://github.com/urllib3/urllib3/issues/3020
  warnings.warn(
[Auditor 2026-03-13 14:00:00] Running daily audit
[Auditor 2026-03-13 14:00:00] 24 open positions audited
[Auditor 2026-03-13 14:00:00] All 12 systems audited
[Auditor 2026-03-13 14:00:00] Audit complete: 0 violations, 0 warnings
/Users/eddiemae/Library/Python/3.9/lib/python/site-packages/urllib3/__init__.py:35: NotOpenSSLWarning: urllib3 v2 only supports OpenSSL 1.1.1+, currently the 'ssl' module is compiled with 'LibreSSL 2.8.3'. See: https://github.com/urllib3/urllib3/issues/3020
  warnings.warn(
[Auditor 2026-03-13 14:30:00] Running daily audit
[Auditor 2026-03-13 14:30:00] 24 open positions audited
[Auditor 2026-03-13 14:30:00] All 12 systems audited
[Auditor 2026-03-13 14:30:00] Audit complete: 0 violations, 0 warnings
/Users/eddiemae/Library/Python/3.9/lib/python/site-packages/urllib3/__init__.py:35: NotOpenSSLWarning: urllib3 v2 only supports OpenSSL 1.1.1+, currently the 'ssl' module is compiled with 'LibreSSL 2.8.3'. See: https://github.com/urllib3/urllib3/issues/3020
  warnings.warn(
[Auditor 2026-03-13 15:00:01] Running daily audit
[Auditor 2026-03-13 15:00:01] 25 open positions audited
[Auditor 2026-03-13 15:00:01] All 12 systems audited
[Auditor 2026-03-13 15:00:01] Audit complete: 0 violations, 0 warnings
positions request timed out
open orders request timed out
account updates for DUA724990 request timed out
/Users/eddiemae/Library/Python/3.9/lib/python/site-packages/urllib3/__init__.py:35: NotOpenSSLWarning: urllib3 v2 only supports OpenSSL 1.1.1+, currently the 'ssl' module is compiled with 'LibreSSL 2.8.3'. See: https://github.com/urllib3/urllib3/issues/3020
  warnings.warn(
[Auditor 2026-03-13 15:30:00] Running daily audit
[Auditor 2026-03-13 15:30:00] IBKR error: 
[Auditor 2026-03-13 15:30:00] All 12 systems audited
[Auditor 2026-03-13 15:30:00] Audit complete: 1 violations, 0 warnings
positions request timed out
open orders request timed out
account updates for DUA724990 request timed out
/Users/eddiemae/Library/Python/3.9/lib/python/site-packages/urllib3/__init__.py:35: NotOpenSSLWarning: urllib3 v2 only supports OpenSSL 1.1.1+, currently the 'ssl' module is compiled with 'LibreSSL 2.8.3'. See: https://github.com/urllib3/urllib3/issues/3020
  warnings.warn(
[Auditor 2026-03-13 16:00:00] Running daily audit
[Auditor 2026-03-13 16:00:00] IBKR error: 
[Auditor 2026-03-13 16:00:00] All 12 systems audited
[Auditor 2026-03-13 16:00:00] Audit complete: 1 violations, 0 warnings
/Users/eddiemae/Library/Python/3.9/lib/python/site-packages/urllib3/__init__.py:35: NotOpenSSLWarning: urllib3 v2 only supports OpenSSL 1.1.1+, currently the 'ssl' module is compiled with 'LibreSSL 2.8.3'. See: https://github.com/urllib3/urllib3/issues/3020
  warnings.warn(
[Auditor 2026-03-13 16:30:00] Running daily audit
[Auditor 2026-03-13 16:30:00] 25 open positions audited
[Auditor 2026-03-13 16:30:00] All 12 systems audited
[Auditor 2026-03-13 16:30:00] Audit complete: 0 violations, 0 warnings
/Users/eddiemae/Library/Python/3.9/lib/python/site-packages/urllib3/__init__.py:35: NotOpenSSLWarning: urllib3 v2 only supports OpenSSL 1.1.1+, currently the 'ssl' module is compiled with 'LibreSSL 2.8.3'. See: https://github.com/urllib3/urllib3/issues/3020
  warnings.warn(
[Auditor 2026-03-16 09:00:00] Running daily audit
[Auditor 2026-03-16 09:00:00] 2 open positions audited
[Auditor 2026-03-16 09:00:00] All systems audited
[Auditor 2026-03-16 09:00:00] Audit complete: 0 violations, 0 warnings
API connection failed: ConnectionRefusedError(61, "Connect call failed ('127.0.0.1', 7497)")
Make sure API port on TWS/IBG is open
/Users/eddiemae/Library/Python/3.9/lib/python/site-packages/urllib3/__init__.py:35: NotOpenSSLWarning: urllib3 v2 only supports OpenSSL 1.1.1+, currently the 'ssl' module is compiled with 'LibreSSL 2.8.3'. See: https://github.com/urllib3/urllib3/issues/3020
  warnings.warn(
[Auditor 2026-03-16 09:30:01] Running daily audit
[Auditor 2026-03-16 09:30:01] IBKR error: [Errno 61] Connect call failed ('127.0.0.1', 7497)
[Auditor 2026-03-16 09:30:01] All systems audited
[Auditor 2026-03-16 09:30:01] Audit complete: 1 violations, 0 warnings
API connection failed: ConnectionRefusedError(61, "Connect call failed ('127.0.0.1', 7497)")
Make sure API port on TWS/IBG is open
/Users/eddiemae/Library/Python/3.9/lib/python/site-packages/urllib3/__init__.py:35: NotOpenSSLWarning: urllib3 v2 only supports OpenSSL 1.1.1+, currently the 'ssl' module is compiled with 'LibreSSL 2.8.3'. See: https://github.com/urllib3/urllib3/issues/3020
  warnings.warn(
[Auditor 2026-03-16 10:00:00] Running daily audit
[Auditor 2026-03-16 10:00:00] IBKR error: [Errno 61] Connect call failed ('127.0.0.1', 7497)
[Auditor 2026-03-16 10:00:00] All systems audited
[Auditor 2026-03-16 10:00:00] Audit complete: 1 violations, 0 warnings
API connection failed: ConnectionRefusedError(61, "Connect call failed ('127.0.0.1', 7497)")
Make sure API port on TWS/IBG is open
/Users/eddiemae/Library/Python/3.9/lib/python/site-packages/urllib3/__init__.py:35: NotOpenSSLWarning: urllib3 v2 only supports OpenSSL 1.1.1+, currently the 'ssl' module is compiled with 'LibreSSL 2.8.3'. See: https://github.com/urllib3/urllib3/issues/3020
  warnings.warn(
[Auditor 2026-03-16 10:30:00] Running daily audit
[Auditor 2026-03-16 10:30:00] IBKR error: [Errno 61] Connect call failed ('127.0.0.1', 7497)
[Auditor 2026-03-16 10:30:00] All systems audited
[Auditor 2026-03-16 10:30:00] Audit complete: 1 violations, 0 warnings
API connection failed: ConnectionRefusedError(61, "Connect call failed ('127.0.0.1', 7497)")
Make sure API port on TWS/IBG is open
/Users/eddiemae/Library/Python/3.9/lib/python/site-packages/urllib3/__init__.py:35: NotOpenSSLWarning: urllib3 v2 only supports OpenSSL 1.1.1+, currently the 'ssl' module is compiled with 'LibreSSL 2.8.3'. See: https://github.com/urllib3/urllib3/issues/3020
  warnings.warn(
[Auditor 2026-03-16 11:00:00] Running daily audit
[Auditor 2026-03-16 11:00:00] IBKR error: [Errno 61] Connect call failed ('127.0.0.1', 7497)
[Auditor 2026-03-16 11:00:00] All systems audited
[Auditor 2026-03-16 11:00:00] Audit complete: 1 violations, 0 warnings
/Users/eddiemae/Library/Python/3.9/lib/python/site-packages/urllib3/__init__.py:35: NotOpenSSLWarning: urllib3 v2 only supports OpenSSL 1.1.1+, currently the 'ssl' module is compiled with 'LibreSSL 2.8.3'. See: https://github.com/urllib3/urllib3/issues/3020
  warnings.warn(
[Auditor 2026-03-16 11:30:01] Running daily audit
[Auditor 2026-03-16 11:30:01] 0 open positions audited
[Auditor 2026-03-16 11:30:01] All systems audited
[Auditor 2026-03-16 11:30:01] Audit complete: 0 violations, 0 warnings
/Users/eddiemae/Library/Python/3.9/lib/python/site-packages/urllib3/__init__.py:35: NotOpenSSLWarning: urllib3 v2 only supports OpenSSL 1.1.1+, currently the 'ssl' module is compiled with 'LibreSSL 2.8.3'. See: https://github.com/urllib3/urllib3/issues/3020
  warnings.warn(
[Auditor 2026-03-16 12:00:00] Running daily audit
[Auditor 2026-03-16 12:00:00] 6 open positions audited
[Auditor 2026-03-16 12:00:00] All systems audited
[Auditor 2026-03-16 12:00:00] Audit complete: 0 violations, 0 warnings
/Users/eddiemae/Library/Python/3.9/lib/python/site-packages/urllib3/__init__.py:35: NotOpenSSLWarning: urllib3 v2 only supports OpenSSL 1.1.1+, currently the 'ssl' module is compiled with 'LibreSSL 2.8.3'. See: https://github.com/urllib3/urllib3/issues/3020
  warnings.warn(
[Auditor 2026-03-16 12:30:01] Running daily audit
[Auditor 2026-03-16 12:30:01] 6 open positions audited
[Auditor 2026-03-16 12:30:01] All systems audited
[Auditor 2026-03-16 12:30:01] Audit complete: 0 violations, 0 warnings
/Users/eddiemae/Library/Python/3.9/lib/python/site-packages/urllib3/__init__.py:35: NotOpenSSLWarning: urllib3 v2 only supports OpenSSL 1.1.1+, currently the 'ssl' module is compiled with 'LibreSSL 2.8.3'. See: https://github.com/urllib3/urllib3/issues/3020
  warnings.warn(
[Auditor 2026-03-16 13:00:01] Running daily audit
[Auditor 2026-03-16 13:00:01] 6 open positions audited
[Auditor 2026-03-16 13:00:01] All systems audited
[Auditor 2026-03-16 13:00:01] Audit complete: 0 violations, 0 warnings
/Users/eddiemae/Library/Python/3.9/lib/python/site-packages/urllib3/__init__.py:35: NotOpenSSLWarning: urllib3 v2 only supports OpenSSL 1.1.1+, currently the 'ssl' module is compiled with 'LibreSSL 2.8.3'. See: https://github.com/urllib3/urllib3/issues/3020
  warnings.warn(
[Auditor 2026-03-16 13:30:00] Running daily audit
[Auditor 2026-03-16 13:30:00] 7 open positions audited
[Auditor 2026-03-16 13:30:00] All systems audited
[Auditor 2026-03-16 13:30:00] Audit complete: 0 violations, 0 warnings
/Users/eddiemae/Library/Python/3.9/lib/python/site-packages/urllib3/__init__.py:35: NotOpenSSLWarning: urllib3 v2 only supports OpenSSL 1.1.1+, currently the 'ssl' module is compiled with 'LibreSSL 2.8.3'. See: https://github.com/urllib3/urllib3/issues/3020
  warnings.warn(
[Auditor 2026-03-16 14:00:00] Running daily audit
[Auditor 2026-03-16 14:00:00] 7 open positions audited
[Auditor 2026-03-16 14:00:00] All systems audited
[Auditor 2026-03-16 14:00:00] Audit complete: 0 violations, 0 warnings
/Users/eddiemae/Library/Python/3.9/lib/python/site-packages/urllib3/__init__.py:35: NotOpenSSLWarning: urllib3 v2 only supports OpenSSL 1.1.1+, currently the 'ssl' module is compiled with 'LibreSSL 2.8.3'. See: https://github.com/urllib3/urllib3/issues/3020
  warnings.warn(
[Auditor 2026-03-16 14:30:01] Running daily audit
[Auditor 2026-03-16 14:30:01] 6 open positions audited
[Auditor 2026-03-16 14:30:01] All systems audited
[Auditor 2026-03-16 14:30:01] Audit complete: 0 violations, 0 warnings
/Users/eddiemae/Library/Python/3.9/lib/python/site-packages/urllib3/__init__.py:35: NotOpenSSLWarning: urllib3 v2 only supports OpenSSL 1.1.1+, currently the 'ssl' module is compiled with 'LibreSSL 2.8.3'. See: https://github.com/urllib3/urllib3/issues/3020
  warnings.warn(
[Auditor 2026-03-16 15:00:00] Running daily audit
[Auditor 2026-03-16 15:00:00] 2 open positions audited
[Auditor 2026-03-16 15:00:00] All systems audited
[Auditor 2026-03-16 15:00:00] Audit complete: 0 violations, 0 warnings
/Users/eddiemae/Library/Python/3.9/lib/python/site-packages/urllib3/__init__.py:35: NotOpenSSLWarning: urllib3 v2 only supports OpenSSL 1.1.1+, currently the 'ssl' module is compiled with 'LibreSSL 2.8.3'. See: https://github.com/urllib3/urllib3/issues/3020
  warnings.warn(
[Auditor 2026-03-16 15:30:00] Running daily audit
[Auditor 2026-03-16 15:30:00] 2 open positions audited
[Auditor 2026-03-16 15:30:00] All systems audited
[Auditor 2026-03-16 15:30:00] Audit complete: 0 violations, 0 warnings
/Users/eddiemae/Library/Python/3.9/lib/python/site-packages/urllib3/__init__.py:35: NotOpenSSLWarning: urllib3 v2 only supports OpenSSL 1.1.1+, currently the 'ssl' module is compiled with 'LibreSSL 2.8.3'. See: https://github.com/urllib3/urllib3/issues/3020
  warnings.warn(
[Auditor 2026-03-16 16:00:00] Running daily audit
[Auditor 2026-03-16 16:00:00] 2 open positions audited
[Auditor 2026-03-16 16:00:00] All systems audited
[Auditor 2026-03-16 16:00:00] Audit complete: 0 violations, 0 warnings
/Users/eddiemae/Library/Python/3.9/lib/python/site-packages/urllib3/__init__.py:35: NotOpenSSLWarning: urllib3 v2 only supports OpenSSL 1.1.1+, currently the 'ssl' module is compiled with 'LibreSSL 2.8.3'. See: https://github.com/urllib3/urllib3/issues/3020
  warnings.warn(
[Auditor 2026-03-16 16:30:00] Running daily audit
[Auditor 2026-03-16 16:30:00] 2 open positions audited
[Auditor 2026-03-16 16:30:00] All systems audited
[Auditor 2026-03-16 16:30:00] Audit complete: 0 violations, 0 warnings
/Users/eddiemae/Library/Python/3.9/lib/python/site-packages/urllib3/__init__.py:35: NotOpenSSLWarning: urllib3 v2 only supports OpenSSL 1.1.1+, currently the 'ssl' module is compiled with 'LibreSSL 2.8.3'. See: https://github.com/urllib3/urllib3/issues/3020
  warnings.warn(
[Auditor 2026-03-17 09:00:01] Running daily audit
[Auditor 2026-03-17 09:00:01] 2 open positions audited
[Auditor 2026-03-17 09:00:01] All systems audited
[Auditor 2026-03-17 09:00:01] Audit complete: 0 violations, 0 warnings
/Users/eddiemae/Library/Python/3.9/lib/python/site-packages/urllib3/__init__.py:35: NotOpenSSLWarning: urllib3 v2 only supports OpenSSL 1.1.1+, currently the 'ssl' module is compiled with 'LibreSSL 2.8.3'. See: https://github.com/urllib3/urllib3/issues/3020
  warnings.warn(
[Auditor 2026-03-17 09:30:00] Running daily audit
[Auditor 2026-03-17 09:30:00] 2 open positions audited
[Auditor 2026-03-17 09:30:00] All systems audited
[Auditor 2026-03-17 09:30:00] Audit complete: 0 violations, 0 warnings
/Users/eddiemae/Library/Python/3.9/lib/python/site-packages/urllib3/__init__.py:35: NotOpenSSLWarning: urllib3 v2 only supports OpenSSL 1.1.1+, currently the 'ssl' module is compiled with 'LibreSSL 2.8.3'. See: https://github.com/urllib3/urllib3/issues/3020
  warnings.warn(
[Auditor 2026-03-17 10:00:00] Running daily audit
[Auditor 2026-03-17 10:00:00] 2 open positions audited
[Auditor 2026-03-17 10:00:00] All systems audited
[Auditor 2026-03-17 10:00:00] Audit complete: 0 violations, 0 warnings
/Users/eddiemae/Library/Python/3.9/lib/python/site-packages/urllib3/__init__.py:35: NotOpenSSLWarning: urllib3 v2 only supports OpenSSL 1.1.1+, currently the 'ssl' module is compiled with 'LibreSSL 2.8.3'. See: https://github.com/urllib3/urllib3/issues/3020
  warnings.warn(
[Auditor 2026-03-17 10:30:00] Running daily audit
[Auditor 2026-03-17 10:30:00] 2 open positions audited
[Auditor 2026-03-17 10:30:00] All systems audited
[Auditor 2026-03-17 10:30:00] Audit complete: 0 violations, 0 warnings
/Users/eddiemae/Library/Python/3.9/lib/python/site-packages/urllib3/__init__.py:35: NotOpenSSLWarning: urllib3 v2 only supports OpenSSL 1.1.1+, currently the 'ssl' module is compiled with 'LibreSSL 2.8.3'. See: https://github.com/urllib3/urllib3/issues/3020
  warnings.warn(
[Auditor 2026-03-17 11:00:00] Running daily audit
[Auditor 2026-03-17 11:00:00] 1 open positions audited
[Auditor 2026-03-17 11:00:00] All systems audited
[Auditor 2026-03-17 11:00:00] Audit complete: 0 violations, 0 warnings
positions request timed out
open orders request timed out
account updates for DUA724990 request timed out
/Users/eddiemae/Library/Python/3.9/lib/python/site-packages/urllib3/__init__.py:35: NotOpenSSLWarning: urllib3 v2 only supports OpenSSL 1.1.1+, currently the 'ssl' module is compiled with 'LibreSSL 2.8.3'. See: https://github.com/urllib3/urllib3/issues/3020
  warnings.warn(
[Auditor 2026-03-17 11:30:00] Running daily audit
[Auditor 2026-03-17 11:30:00] IBKR error: 
[Auditor 2026-03-17 11:30:00] All systems audited
[Auditor 2026-03-17 11:30:00] Audit complete: 1 violations, 0 warnings
[Auditor 2026-03-23 15:49:27] Running daily audit — 2026-03-23 15:49:27
[Auditor 2026-03-23 15:49:27] Trader1: ✅ | armed=False | dipped=True | green_wks=0
[Auditor 2026-03-23 15:49:27] Trader2: ✅ | active=False
[Auditor 2026-03-23 15:49:27] Trader3: ✅ | active=False
[Auditor 2026-03-23 15:49:28] Telegram sent ✅
[Auditor 2026-03-23 15:49:28] Audit complete: 0 violations, 0 warnings
[Auditor 2026-03-23 16:00:01] Running daily audit — 2026-03-23 16:00:01
[Auditor 2026-03-23 16:00:02] Trader1: ✅ | armed=False | dipped=True | green_wks=0
[Auditor 2026-03-23 16:00:02] Trader2: ✅ | active=False
[Auditor 2026-03-23 16:00:02] Trader3: ✅ | active=False
[Auditor 2026-03-23 16:00:02] Telegram sent ✅
[Auditor 2026-03-23 16:00:02] Audit complete: 0 violations, 0 warnings
[Auditor 2026-03-23 16:00:01] Running daily audit — 2026-03-23 16:00:01
[Auditor 2026-03-23 16:00:02] Trader1: ✅ | armed=False | dipped=True | green_wks=0
[Auditor 2026-03-23 16:00:02] Trader2: ✅ | active=False
[Auditor 2026-03-23 16:00:02] Trader3: ✅ | active=False
[Auditor 2026-03-23 16:00:02] Telegram sent ✅
[Auditor 2026-03-23 16:00:02] Audit complete: 0 violations, 0 warnings
