[2026-03-20 13:37:10] [INFO] ==================================================
[2026-03-20 13:37:10] [INFO] BTC SENTINEL — Starting check
[2026-03-20 13:37:10] [INFO] ==================================================
[2026-03-20 13:37:10] [INFO] Market hours — trader_v28.py is active, sentinel sleeping
[2026-03-20 13:52:11] [INFO] ==================================================
[2026-03-20 13:52:11] [INFO] BTC SENTINEL — Starting check
[2026-03-20 13:52:11] [INFO] ==================================================
[2026-03-20 13:52:11] [INFO] Market hours — trader_v28.py is active, sentinel sleeping
[2026-03-20 14:07:11] [INFO] ==================================================
[2026-03-20 14:07:11] [INFO] BTC SENTINEL — Starting check
[2026-03-20 14:07:11] [INFO] ==================================================
[2026-03-20 14:07:11] [INFO] Market hours — trader_v28.py is active, sentinel sleeping
[2026-03-20 14:22:11] [INFO] ==================================================
[2026-03-20 14:22:11] [INFO] BTC SENTINEL — Starting check
[2026-03-20 14:22:11] [INFO] ==================================================
[2026-03-20 14:22:11] [INFO] Market hours — trader_v28.py is active, sentinel sleeping
[2026-03-20 14:37:11] [INFO] ==================================================
[2026-03-20 14:37:11] [INFO] BTC SENTINEL — Starting check
[2026-03-20 14:37:11] [INFO] ==================================================
[2026-03-20 14:37:11] [INFO] Market hours — trader_v28.py is active, sentinel sleeping
[2026-03-20 14:52:11] [INFO] ==================================================
[2026-03-20 14:52:11] [INFO] BTC SENTINEL — Starting check
[2026-03-20 14:52:11] [INFO] ==================================================
[2026-03-20 14:52:11] [INFO] Market hours — trader_v28.py is active, sentinel sleeping
[2026-03-20 15:07:12] [INFO] ==================================================
[2026-03-20 15:07:12] [INFO] BTC SENTINEL — Starting check
[2026-03-20 15:07:12] [INFO] ==================================================
[2026-03-20 15:07:12] [INFO] Market hours — trader_v28.py is active, sentinel sleeping
[2026-03-20 15:22:12] [INFO] ==================================================
[2026-03-20 15:22:12] [INFO] BTC SENTINEL — Starting check
[2026-03-20 15:22:12] [INFO] ==================================================
[2026-03-20 15:22:12] [INFO] Market hours — trader_v28.py is active, sentinel sleeping
[2026-03-20 15:37:12] [INFO] ==================================================
[2026-03-20 15:37:12] [INFO] BTC SENTINEL — Starting check
[2026-03-20 15:37:12] [INFO] ==================================================
[2026-03-20 15:37:12] [INFO] Market hours — trader_v28.py is active, sentinel sleeping
[2026-03-20 15:52:12] [INFO] ==================================================
[2026-03-20 15:52:12] [INFO] BTC SENTINEL — Starting check
[2026-03-20 15:52:12] [INFO] ==================================================
[2026-03-20 15:52:12] [INFO] Market hours — trader_v28.py is active, sentinel sleeping
[2026-03-20 16:07:12] [INFO] ==================================================
[2026-03-20 16:07:12] [INFO] BTC SENTINEL — Starting check
[2026-03-20 16:07:12] [INFO] ==================================================
[2026-03-20 16:07:13] [INFO] BTC/USD: $70,112
[2026-03-20 16:07:13] [INFO] 📸 Friday close snapshot: BTC $70,112
[2026-03-20 16:22:13] [INFO] ==================================================
[2026-03-20 16:22:13] [INFO] BTC SENTINEL — Starting check
[2026-03-20 16:22:13] [INFO] ==================================================
[2026-03-20 16:22:13] [INFO] BTC/USD: $70,009
[2026-03-20 16:22:13] [INFO] 📸 Friday close snapshot: BTC $70,009
[2026-03-20 16:37:13] [INFO] ==================================================
[2026-03-20 16:37:13] [INFO] BTC SENTINEL — Starting check
[2026-03-20 16:37:13] [INFO] ==================================================
[2026-03-20 16:37:13] [INFO] BTC/USD: $69,823
[2026-03-20 16:37:13] [INFO] 📸 Friday close snapshot: BTC $69,823
[2026-03-20 16:52:14] [INFO] ==================================================
[2026-03-20 16:52:14] [INFO] BTC SENTINEL — Starting check
[2026-03-20 16:52:14] [INFO] ==================================================
[2026-03-20 16:52:14] [INFO] BTC/USD: $70,036
[2026-03-20 16:52:14] [INFO] 📸 Friday close snapshot: BTC $70,036
[2026-03-20 17:07:14] [INFO] ==================================================
[2026-03-20 17:07:14] [INFO] BTC SENTINEL — Starting check
[2026-03-20 17:07:14] [INFO] ==================================================
[2026-03-20 17:07:14] [INFO] BTC/USD: $70,030
[2026-03-20 17:07:14] [INFO] BTC 200W SMA (Kraken): $59,429 from 651 weeks
[2026-03-20 17:07:14] [INFO] BTC vs 200W SMA: $70,030 vs $59,429 (ABOVE)
[2026-03-20 17:07:14] [INFO] Check complete. BTC: $70,030 | Change from close: -0.0%
[2026-03-20 17:22:15] [INFO] ==================================================
[2026-03-20 17:22:15] [INFO] BTC SENTINEL — Starting check
[2026-03-20 17:22:15] [INFO] ==================================================
[2026-03-20 17:22:15] [INFO] BTC/USD: $70,518
[2026-03-20 17:22:15] [INFO] BTC 200W SMA (Kraken): $59,431 from 651 weeks
[2026-03-20 17:22:15] [INFO] BTC vs 200W SMA: $70,518 vs $59,431 (ABOVE)
[2026-03-20 17:22:15] [INFO] Check complete. BTC: $70,518 | Change from close: +0.7%
[2026-03-20 17:37:15] [INFO] ==================================================
[2026-03-20 17:37:15] [INFO] BTC SENTINEL — Starting check
[2026-03-20 17:37:15] [INFO] ==================================================
[2026-03-20 17:37:15] [INFO] BTC/USD: $70,529
[2026-03-20 17:37:16] [INFO] BTC 200W SMA (Kraken): $59,432 from 651 weeks
[2026-03-20 17:37:16] [INFO] BTC vs 200W SMA: $70,529 vs $59,432 (ABOVE)
[2026-03-20 17:37:16] [INFO] Check complete. BTC: $70,529 | Change from close: +0.7%
[2026-03-20 17:52:16] [INFO] ==================================================
[2026-03-20 17:52:16] [INFO] BTC SENTINEL — Starting check
[2026-03-20 17:52:16] [INFO] ==================================================
[2026-03-20 17:52:16] [INFO] BTC/USD: $70,516
[2026-03-20 17:52:17] [INFO] BTC 200W SMA (Kraken): $59,432 from 651 weeks
[2026-03-20 17:52:17] [INFO] BTC vs 200W SMA: $70,516 vs $59,432 (ABOVE)
[2026-03-20 17:52:17] [INFO] Check complete. BTC: $70,516 | Change from close: +0.7%
[2026-03-20 18:07:17] [INFO] ==================================================
[2026-03-20 18:07:17] [INFO] BTC SENTINEL — Starting check
[2026-03-20 18:07:17] [INFO] ==================================================
[2026-03-20 18:07:17] [INFO] BTC/USD: $70,817
[2026-03-20 18:07:17] [INFO] BTC 200W SMA (Kraken): $59,433 from 651 weeks
[2026-03-20 18:07:17] [INFO] BTC vs 200W SMA: $70,817 vs $59,433 (ABOVE)
[2026-03-20 18:07:17] [INFO] Check complete. BTC: $70,817 | Change from close: +1.1%
[2026-03-20 18:22:17] [INFO] ==================================================
[2026-03-20 18:22:17] [INFO] BTC SENTINEL — Starting check
[2026-03-20 18:22:17] [INFO] ==================================================
[2026-03-20 18:22:18] [INFO] BTC/USD: $70,800
[2026-03-20 18:22:18] [INFO] BTC 200W SMA (Kraken): $59,433 from 651 weeks
[2026-03-20 18:22:18] [INFO] BTC vs 200W SMA: $70,800 vs $59,433 (ABOVE)
[2026-03-20 18:22:18] [INFO] Check complete. BTC: $70,800 | Change from close: +1.1%
[2026-03-20 18:37:18] [INFO] ==================================================
[2026-03-20 18:37:18] [INFO] BTC SENTINEL — Starting check
[2026-03-20 18:37:18] [INFO] ==================================================
[2026-03-20 18:37:18] [INFO] BTC/USD: $70,651
[2026-03-20 18:37:19] [INFO] BTC 200W SMA (Kraken): $59,432 from 651 weeks
[2026-03-20 18:37:19] [INFO] BTC vs 200W SMA: $70,651 vs $59,432 (ABOVE)
[2026-03-20 18:37:19] [INFO] Check complete. BTC: $70,651 | Change from close: +0.9%
[2026-03-20 18:52:19] [INFO] ==================================================
[2026-03-20 18:52:19] [INFO] BTC SENTINEL — Starting check
[2026-03-20 18:52:19] [INFO] ==================================================
[2026-03-20 18:52:19] [INFO] BTC/USD: $70,769
[2026-03-20 18:52:19] [INFO] BTC 200W SMA (Kraken): $59,433 from 651 weeks
[2026-03-20 18:52:19] [INFO] BTC vs 200W SMA: $70,769 vs $59,433 (ABOVE)
[2026-03-20 18:52:19] [INFO] Check complete. BTC: $70,769 | Change from close: +1.0%
[2026-03-20 19:07:20] [INFO] ==================================================
[2026-03-20 19:07:20] [INFO] BTC SENTINEL — Starting check
[2026-03-20 19:07:20] [INFO] ==================================================
[2026-03-20 19:07:20] [INFO] BTC/USD: $70,660
[2026-03-20 19:07:20] [INFO] BTC 200W SMA (Kraken): $59,432 from 651 weeks
[2026-03-20 19:07:20] [INFO] BTC vs 200W SMA: $70,660 vs $59,432 (ABOVE)
[2026-03-20 19:07:20] [INFO] Check complete. BTC: $70,660 | Change from close: +0.9%
[2026-03-20 19:22:20] [INFO] ==================================================
[2026-03-20 19:22:20] [INFO] BTC SENTINEL — Starting check
[2026-03-20 19:22:20] [INFO] ==================================================
[2026-03-20 19:22:21] [INFO] BTC/USD: $70,507
[2026-03-20 19:22:21] [INFO] BTC 200W SMA (Kraken): $59,432 from 651 weeks
[2026-03-20 19:22:21] [INFO] BTC vs 200W SMA: $70,507 vs $59,432 (ABOVE)
[2026-03-20 19:22:21] [INFO] Check complete. BTC: $70,507 | Change from close: +0.7%
[2026-03-20 19:37:21] [INFO] ==================================================
[2026-03-20 19:37:21] [INFO] BTC SENTINEL — Starting check
[2026-03-20 19:37:21] [INFO] ==================================================
[2026-03-20 19:37:21] [INFO] BTC/USD: $70,479
[2026-03-20 19:37:22] [INFO] BTC 200W SMA (Kraken): $59,432 from 651 weeks
[2026-03-20 19:37:22] [INFO] BTC vs 200W SMA: $70,479 vs $59,432 (ABOVE)
[2026-03-20 19:37:22] [INFO] Check complete. BTC: $70,479 | Change from close: +0.6%
[2026-03-20 19:52:22] [INFO] ==================================================
[2026-03-20 19:52:22] [INFO] BTC SENTINEL — Starting check
[2026-03-20 19:52:22] [INFO] ==================================================
[2026-03-20 19:52:22] [INFO] BTC/USD: $70,555
[2026-03-20 19:52:22] [INFO] BTC 200W SMA (Kraken): $59,432 from 651 weeks
[2026-03-20 19:52:22] [INFO] BTC vs 200W SMA: $70,555 vs $59,432 (ABOVE)
[2026-03-20 19:52:22] [INFO] Check complete. BTC: $70,555 | Change from close: +0.7%
[2026-03-20 20:07:23] [INFO] ==================================================
[2026-03-20 20:07:23] [INFO] BTC SENTINEL — Starting check
[2026-03-20 20:07:23] [INFO] ==================================================
[2026-03-20 20:07:23] [INFO] BTC/USD: $70,549
[2026-03-20 20:07:23] [INFO] BTC 200W SMA (Kraken): $59,432 from 651 weeks
[2026-03-20 20:07:23] [INFO] BTC vs 200W SMA: $70,549 vs $59,432 (ABOVE)
[2026-03-20 20:07:23] [INFO] Check complete. BTC: $70,549 | Change from close: +0.7%
[2026-03-20 20:22:23] [INFO] ==================================================
[2026-03-20 20:22:23] [INFO] BTC SENTINEL — Starting check
[2026-03-20 20:22:23] [INFO] ==================================================
[2026-03-20 20:22:24] [INFO] BTC/USD: $70,710
[2026-03-20 20:22:24] [INFO] BTC 200W SMA (Kraken): $59,433 from 651 weeks
[2026-03-20 20:22:24] [INFO] BTC vs 200W SMA: $70,710 vs $59,433 (ABOVE)
[2026-03-20 20:22:24] [INFO] Check complete. BTC: $70,710 | Change from close: +1.0%
[2026-03-20 20:37:24] [INFO] ==================================================
[2026-03-20 20:37:24] [INFO] BTC SENTINEL — Starting check
[2026-03-20 20:37:24] [INFO] ==================================================
[2026-03-20 20:37:24] [INFO] BTC/USD: $70,630
[2026-03-20 20:37:25] [INFO] BTC 200W SMA (Kraken): $59,432 from 651 weeks
[2026-03-20 20:37:25] [INFO] BTC vs 200W SMA: $70,630 vs $59,432 (ABOVE)
[2026-03-20 20:37:25] [INFO] Check complete. BTC: $70,630 | Change from close: +0.8%
[2026-03-20 20:52:25] [INFO] ==================================================
[2026-03-20 20:52:25] [INFO] BTC SENTINEL — Starting check
[2026-03-20 20:52:25] [INFO] ==================================================
[2026-03-20 20:52:25] [INFO] BTC/USD: $70,598
[2026-03-20 20:52:25] [INFO] BTC 200W SMA (Kraken): $59,432 from 651 weeks
[2026-03-20 20:52:25] [INFO] BTC vs 200W SMA: $70,598 vs $59,432 (ABOVE)
[2026-03-20 20:52:25] [INFO] Check complete. BTC: $70,598 | Change from close: +0.8%
[2026-03-20 21:07:26] [INFO] ==================================================
[2026-03-20 21:07:26] [INFO] BTC SENTINEL — Starting check
[2026-03-20 21:07:26] [INFO] ==================================================
[2026-03-20 21:07:26] [INFO] BTC/USD: $70,656
[2026-03-20 21:07:26] [INFO] BTC 200W SMA (Kraken): $59,432 from 651 weeks
[2026-03-20 21:07:26] [INFO] BTC vs 200W SMA: $70,656 vs $59,432 (ABOVE)
[2026-03-20 21:07:26] [INFO] Check complete. BTC: $70,656 | Change from close: +0.9%
[2026-03-20 21:22:26] [INFO] ==================================================
[2026-03-20 21:22:26] [INFO] BTC SENTINEL — Starting check
[2026-03-20 21:22:26] [INFO] ==================================================
[2026-03-20 21:22:27] [INFO] BTC/USD: $70,612
[2026-03-20 21:22:27] [INFO] BTC 200W SMA (Kraken): $59,432 from 651 weeks
[2026-03-20 21:22:27] [INFO] BTC vs 200W SMA: $70,612 vs $59,432 (ABOVE)
[2026-03-20 21:22:27] [INFO] Check complete. BTC: $70,612 | Change from close: +0.8%
[2026-03-20 21:37:27] [INFO] ==================================================
[2026-03-20 21:37:27] [INFO] BTC SENTINEL — Starting check
[2026-03-20 21:37:27] [INFO] ==================================================
[2026-03-20 21:37:27] [INFO] BTC/USD: $70,604
[2026-03-20 21:37:28] [INFO] BTC 200W SMA (Kraken): $59,432 from 651 weeks
[2026-03-20 21:37:28] [INFO] BTC vs 200W SMA: $70,604 vs $59,432 (ABOVE)
[2026-03-20 21:37:28] [INFO] Check complete. BTC: $70,604 | Change from close: +0.8%
[2026-03-20 21:52:28] [INFO] ==================================================
[2026-03-20 21:52:28] [INFO] BTC SENTINEL — Starting check
[2026-03-20 21:52:28] [INFO] ==================================================
[2026-03-20 21:52:28] [INFO] BTC/USD: $70,507
[2026-03-20 21:52:28] [INFO] BTC 200W SMA (Kraken): $59,431 from 651 weeks
[2026-03-20 21:52:28] [INFO] BTC vs 200W SMA: $70,507 vs $59,431 (ABOVE)
[2026-03-20 21:52:28] [INFO] Check complete. BTC: $70,507 | Change from close: +0.7%
[2026-03-20 22:07:29] [INFO] ==================================================
[2026-03-20 22:07:29] [INFO] BTC SENTINEL — Starting check
[2026-03-20 22:07:29] [INFO] ==================================================
[2026-03-20 22:07:29] [INFO] BTC/USD: $70,447
[2026-03-20 22:07:29] [INFO] BTC 200W SMA (Kraken): $59,431 from 651 weeks
[2026-03-20 22:07:29] [INFO] BTC vs 200W SMA: $70,447 vs $59,431 (ABOVE)
[2026-03-20 22:07:29] [INFO] Check complete. BTC: $70,447 | Change from close: +0.6%
[2026-03-20 22:22:29] [INFO] ==================================================
[2026-03-20 22:22:29] [INFO] BTC SENTINEL — Starting check
[2026-03-20 22:22:29] [INFO] ==================================================
[2026-03-20 22:22:29] [INFO] BTC/USD: $70,538
[2026-03-20 22:22:30] [INFO] BTC 200W SMA (Kraken): $59,432 from 651 weeks
[2026-03-20 22:22:30] [INFO] BTC vs 200W SMA: $70,538 vs $59,432 (ABOVE)
[2026-03-20 22:22:30] [INFO] Check complete. BTC: $70,538 | Change from close: +0.7%
[2026-03-20 22:37:30] [INFO] ==================================================
[2026-03-20 22:37:30] [INFO] BTC SENTINEL — Starting check
[2026-03-20 22:37:30] [INFO] ==================================================
[2026-03-20 22:37:30] [INFO] BTC/USD: $70,611
[2026-03-20 22:37:31] [INFO] BTC 200W SMA (Kraken): $59,432 from 651 weeks
[2026-03-20 22:37:31] [INFO] BTC vs 200W SMA: $70,611 vs $59,432 (ABOVE)
[2026-03-20 22:37:31] [INFO] Check complete. BTC: $70,611 | Change from close: +0.8%
[2026-03-20 22:52:31] [INFO] ==================================================
[2026-03-20 22:52:31] [INFO] BTC SENTINEL — Starting check
[2026-03-20 22:52:31] [INFO] ==================================================
[2026-03-20 22:52:31] [INFO] BTC/USD: $70,718
[2026-03-20 22:52:31] [INFO] BTC 200W SMA (Kraken): $59,433 from 651 weeks
[2026-03-20 22:52:31] [INFO] BTC vs 200W SMA: $70,718 vs $59,433 (ABOVE)
[2026-03-20 22:52:31] [INFO] Check complete. BTC: $70,718 | Change from close: +1.0%
[2026-03-20 23:07:31] [INFO] ==================================================
[2026-03-20 23:07:31] [INFO] BTC SENTINEL — Starting check
[2026-03-20 23:07:31] [INFO] ==================================================
[2026-03-20 23:07:32] [INFO] BTC/USD: $70,678
[2026-03-20 23:07:32] [INFO] BTC 200W SMA (Kraken): $59,433 from 651 weeks
[2026-03-20 23:07:32] [INFO] BTC vs 200W SMA: $70,678 vs $59,433 (ABOVE)
[2026-03-20 23:07:32] [INFO] Check complete. BTC: $70,678 | Change from close: +0.9%
[2026-03-20 23:22:32] [INFO] ==================================================
[2026-03-20 23:22:32] [INFO] BTC SENTINEL — Starting check
[2026-03-20 23:22:32] [INFO] ==================================================
[2026-03-20 23:22:32] [INFO] BTC/USD: $70,666
[2026-03-20 23:22:33] [INFO] BTC 200W SMA (Kraken): $59,432 from 651 weeks
[2026-03-20 23:22:33] [INFO] BTC vs 200W SMA: $70,666 vs $59,432 (ABOVE)
[2026-03-20 23:22:33] [INFO] Check complete. BTC: $70,666 | Change from close: +0.9%
[2026-03-20 23:37:33] [INFO] ==================================================
[2026-03-20 23:37:33] [INFO] BTC SENTINEL — Starting check
[2026-03-20 23:37:33] [INFO] ==================================================
[2026-03-20 23:37:33] [INFO] BTC/USD: $70,641
[2026-03-20 23:37:33] [INFO] BTC 200W SMA (Kraken): $59,432 from 651 weeks
[2026-03-20 23:37:33] [INFO] BTC vs 200W SMA: $70,641 vs $59,432 (ABOVE)
[2026-03-20 23:37:33] [INFO] Check complete. BTC: $70,641 | Change from close: +0.9%
[2026-03-20 23:52:34] [INFO] ==================================================
[2026-03-20 23:52:34] [INFO] BTC SENTINEL — Starting check
[2026-03-20 23:52:34] [INFO] ==================================================
[2026-03-20 23:52:34] [INFO] BTC/USD: $70,637
[2026-03-20 23:52:34] [INFO] BTC 200W SMA (Kraken): $59,432 from 651 weeks
[2026-03-20 23:52:34] [INFO] BTC vs 200W SMA: $70,637 vs $59,432 (ABOVE)
[2026-03-20 23:52:34] [INFO] Check complete. BTC: $70,637 | Change from close: +0.9%
[2026-03-21 00:07:34] [INFO] ==================================================
[2026-03-21 00:07:34] [INFO] BTC SENTINEL — Starting check
[2026-03-21 00:07:34] [INFO] ==================================================
[2026-03-21 00:07:35] [INFO] BTC/USD: $70,746
[2026-03-21 00:07:35] [INFO] BTC 200W SMA (Kraken): $59,433 from 651 weeks
[2026-03-21 00:07:35] [INFO] BTC vs 200W SMA: $70,746 vs $59,433 (ABOVE)
[2026-03-21 00:07:35] [INFO] Check complete. BTC: $70,746 | Change from close: +1.0%
[2026-03-21 00:22:35] [INFO] ==================================================
[2026-03-21 00:22:35] [INFO] BTC SENTINEL — Starting check
[2026-03-21 00:22:35] [INFO] ==================================================
[2026-03-21 00:22:35] [INFO] BTC/USD: $70,730
[2026-03-21 00:22:35] [INFO] BTC 200W SMA (Kraken): $59,433 from 651 weeks
[2026-03-21 00:22:35] [INFO] BTC vs 200W SMA: $70,730 vs $59,433 (ABOVE)
[2026-03-21 00:22:35] [INFO] Check complete. BTC: $70,730 | Change from close: +1.0%
[2026-03-21 00:37:36] [INFO] ==================================================
[2026-03-21 00:37:36] [INFO] BTC SENTINEL — Starting check
[2026-03-21 00:37:36] [INFO] ==================================================
[2026-03-21 00:37:36] [INFO] BTC/USD: $70,635
[2026-03-21 00:37:36] [INFO] BTC 200W SMA (Kraken): $59,432 from 651 weeks
[2026-03-21 00:37:36] [INFO] BTC vs 200W SMA: $70,635 vs $59,432 (ABOVE)
[2026-03-21 00:37:36] [INFO] Check complete. BTC: $70,635 | Change from close: +0.9%
[2026-03-21 00:52:36] [INFO] ==================================================
[2026-03-21 00:52:36] [INFO] BTC SENTINEL — Starting check
[2026-03-21 00:52:36] [INFO] ==================================================
[2026-03-21 00:52:37] [INFO] BTC/USD: $70,631
[2026-03-21 00:52:37] [INFO] BTC 200W SMA (Kraken): $59,432 from 651 weeks
[2026-03-21 00:52:37] [INFO] BTC vs 200W SMA: $70,631 vs $59,432 (ABOVE)
[2026-03-21 00:52:37] [INFO] Check complete. BTC: $70,631 | Change from close: +0.8%
[2026-03-21 01:07:37] [INFO] ==================================================
[2026-03-21 01:07:37] [INFO] BTC SENTINEL — Starting check
[2026-03-21 01:07:37] [INFO] ==================================================
[2026-03-21 01:07:37] [INFO] BTC/USD: $70,639
[2026-03-21 01:07:38] [INFO] BTC 200W SMA (Kraken): $59,432 from 651 weeks
[2026-03-21 01:07:38] [INFO] BTC vs 200W SMA: $70,639 vs $59,432 (ABOVE)
[2026-03-21 01:07:38] [INFO] Check complete. BTC: $70,639 | Change from close: +0.9%
[2026-03-21 01:22:38] [INFO] ==================================================
[2026-03-21 01:22:38] [INFO] BTC SENTINEL — Starting check
[2026-03-21 01:22:38] [INFO] ==================================================
[2026-03-21 01:22:38] [INFO] BTC/USD: $70,708
[2026-03-21 01:22:38] [INFO] BTC 200W SMA (Kraken): $59,433 from 651 weeks
[2026-03-21 01:22:38] [INFO] BTC vs 200W SMA: $70,708 vs $59,433 (ABOVE)
[2026-03-21 01:22:38] [INFO] Check complete. BTC: $70,708 | Change from close: +1.0%
[2026-03-21 01:37:39] [INFO] PID lockfile created: /Users/eddiemae/rudy/data/btc_sentinel.pid (PID 78149)
[2026-03-21 01:37:39] [INFO] ==================================================
[2026-03-21 01:37:39] [INFO] BTC SENTINEL — Starting daemon loop
[2026-03-21 01:37:39] [INFO] Check interval: 900s (15 min)
[2026-03-21 01:37:39] [INFO] ==================================================
[2026-03-21 01:37:39] [INFO] BTC/USD: $70,752
[2026-03-21 01:37:39] [INFO] No anchor price — recording current BTC $70,752 as anchor
[2026-03-21 01:42:19] [INFO] PID lockfile created: /Users/eddiemae/rudy/data/btc_sentinel.pid (PID 78466)
[2026-03-21 01:42:19] [INFO] ==================================================
[2026-03-21 01:42:19] [INFO] BTC SENTINEL — Starting daemon loop
[2026-03-21 01:42:19] [INFO] Check interval: 900s (15 min)
[2026-03-21 01:42:19] [INFO] ==================================================
[2026-03-21 01:42:19] [INFO] BTC/USD: $70,735
[2026-03-21 01:42:19] [INFO] BTC 200W SMA (Kraken): $59,433 (651 weeks)
[2026-03-21 01:42:19] [WARN] Telegram not configured (missing env vars)
[2026-03-21 01:42:19] [INFO] KILL SWITCH WARNING: est. premium 0.00x
[2026-03-21 01:42:19] [INFO] Check complete. BTC $70,735 | -0.0% from anchor $70,752
[2026-03-21 01:46:37] [INFO] PID lockfile created: /Users/eddiemae/rudy/data/btc_sentinel.pid (PID 78794)
[2026-03-21 01:46:37] [INFO] ==================================================
[2026-03-21 01:46:37] [INFO] BTC SENTINEL — Starting daemon loop
[2026-03-21 01:46:37] [INFO] Check interval: 900s (15 min)
[2026-03-21 01:46:37] [INFO] ==================================================
[2026-03-21 01:46:37] [INFO] BTC/USD: $70,733
[2026-03-21 01:46:37] [INFO] BTC 200W SMA (Kraken): $59,433 (651 weeks)
[2026-03-21 01:46:37] [INFO] Check complete. BTC $70,733 | -0.0% from anchor $70,752
[2026-03-21 02:01:38] [INFO] BTC/USD: $70,701
[2026-03-21 02:01:38] [INFO] BTC 200W SMA (Kraken): $59,432 (651 weeks)
[2026-03-21 02:01:38] [INFO] Check complete. BTC $70,701 | -0.1% from anchor $70,752
[2026-03-21 02:16:39] [INFO] BTC/USD: $70,716
[2026-03-21 02:16:39] [INFO] BTC 200W SMA (Kraken): $59,432 (651 weeks)
[2026-03-21 02:16:39] [INFO] Check complete. BTC $70,716 | -0.1% from anchor $70,752
[2026-03-21 02:31:39] [INFO] BTC/USD: $70,791
[2026-03-21 02:31:40] [INFO] BTC 200W SMA (Kraken): $59,433 (651 weeks)
[2026-03-21 02:31:40] [INFO] Check complete. BTC $70,791 | +0.1% from anchor $70,752
[2026-03-21 02:46:40] [INFO] BTC/USD: $70,760
[2026-03-21 02:46:40] [INFO] BTC 200W SMA (Kraken): $59,433 (651 weeks)
[2026-03-21 02:46:40] [INFO] Check complete. BTC $70,760 | +0.0% from anchor $70,752
[2026-03-21 03:01:41] [INFO] BTC/USD: $70,756
[2026-03-21 03:01:41] [INFO] BTC 200W SMA (Kraken): $59,433 (651 weeks)
[2026-03-21 03:01:41] [INFO] Check complete. BTC $70,756 | +0.0% from anchor $70,752
[2026-03-21 03:16:41] [INFO] BTC/USD: $70,737
[2026-03-21 03:16:42] [INFO] BTC 200W SMA (Kraken): $59,433 (651 weeks)
[2026-03-21 03:16:42] [INFO] Check complete. BTC $70,737 | -0.0% from anchor $70,752
[2026-03-21 03:31:42] [INFO] BTC/USD: $70,860
[2026-03-21 03:31:42] [INFO] BTC 200W SMA (Kraken): $59,433 (651 weeks)
[2026-03-21 03:31:42] [INFO] Check complete. BTC $70,860 | +0.2% from anchor $70,752
[2026-03-21 03:46:43] [INFO] BTC/USD: $70,750
[2026-03-21 03:46:43] [INFO] BTC 200W SMA (Kraken): $59,432 (651 weeks)
[2026-03-21 03:46:43] [INFO] Check complete. BTC $70,750 | -0.0% from anchor $70,752
[2026-03-21 04:01:43] [INFO] BTC/USD: $70,695
[2026-03-21 04:01:43] [INFO] BTC 200W SMA (Kraken): $59,432 (651 weeks)
[2026-03-21 04:01:43] [INFO] Check complete. BTC $70,695 | -0.1% from anchor $70,752
[2026-03-21 04:16:44] [INFO] BTC/USD: $70,703
[2026-03-21 04:16:44] [INFO] BTC 200W SMA (Kraken): $59,432 (651 weeks)
[2026-03-21 04:16:44] [INFO] Check complete. BTC $70,703 | -0.1% from anchor $70,752
[2026-03-21 04:31:44] [INFO] BTC/USD: $70,509
[2026-03-21 04:31:45] [INFO] BTC 200W SMA (Kraken): $59,432 (651 weeks)
[2026-03-21 04:31:45] [INFO] Check complete. BTC $70,509 | -0.3% from anchor $70,752
[2026-03-21 04:46:45] [INFO] BTC/USD: $70,614
[2026-03-21 04:46:45] [INFO] BTC 200W SMA (Kraken): $59,432 (651 weeks)
[2026-03-21 04:46:45] [INFO] Check complete. BTC $70,614 | -0.2% from anchor $70,752
[2026-03-21 05:01:46] [INFO] BTC/USD: $70,576
[2026-03-21 05:01:46] [INFO] BTC 200W SMA (Kraken): $59,432 (651 weeks)
[2026-03-21 05:01:46] [INFO] Check complete. BTC $70,576 | -0.2% from anchor $70,752
[2026-03-21 05:16:46] [INFO] BTC/USD: $70,700
[2026-03-21 05:16:47] [INFO] BTC 200W SMA (Kraken): $59,432 (651 weeks)
[2026-03-21 05:16:47] [INFO] Check complete. BTC $70,700 | -0.1% from anchor $70,752
[2026-03-21 05:31:47] [INFO] BTC/USD: $70,575
[2026-03-21 05:31:47] [INFO] BTC 200W SMA (Kraken): $59,432 (651 weeks)
[2026-03-21 05:31:47] [INFO] Check complete. BTC $70,575 | -0.3% from anchor $70,752
[2026-03-21 05:46:48] [INFO] BTC/USD: $70,631
[2026-03-21 05:46:48] [INFO] BTC 200W SMA (Kraken): $59,432 (651 weeks)
[2026-03-21 05:46:48] [INFO] Check complete. BTC $70,631 | -0.2% from anchor $70,752
[2026-03-21 06:01:48] [INFO] BTC/USD: $70,651
[2026-03-21 06:01:48] [INFO] BTC 200W SMA (Kraken): $59,432 (651 weeks)
[2026-03-21 06:01:48] [INFO] Check complete. BTC $70,651 | -0.1% from anchor $70,752
[2026-03-21 06:16:49] [INFO] BTC/USD: $70,619
[2026-03-21 06:16:49] [INFO] BTC 200W SMA (Kraken): $59,432 (651 weeks)
[2026-03-21 06:16:49] [INFO] Check complete. BTC $70,619 | -0.2% from anchor $70,752
[2026-03-21 06:31:49] [INFO] BTC/USD: $70,578
[2026-03-21 06:31:50] [INFO] BTC 200W SMA (Kraken): $59,432 (651 weeks)
[2026-03-21 06:31:50] [INFO] Check complete. BTC $70,578 | -0.2% from anchor $70,752
[2026-03-21 06:46:50] [INFO] BTC/USD: $70,571
[2026-03-21 06:46:50] [INFO] BTC 200W SMA (Kraken): $59,432 (651 weeks)
[2026-03-21 06:46:50] [INFO] Check complete. BTC $70,571 | -0.3% from anchor $70,752
[2026-03-21 07:01:51] [INFO] BTC/USD: $70,590
[2026-03-21 07:01:51] [INFO] BTC 200W SMA (Kraken): $59,432 (651 weeks)
[2026-03-21 07:01:51] [INFO] Check complete. BTC $70,590 | -0.2% from anchor $70,752
[2026-03-21 07:16:51] [INFO] BTC/USD: $70,561
[2026-03-21 07:16:51] [INFO] BTC 200W SMA (Kraken): $59,432 (651 weeks)
[2026-03-21 07:16:51] [INFO] Check complete. BTC $70,561 | -0.3% from anchor $70,752
[2026-03-21 07:31:52] [INFO] BTC/USD: $70,595
[2026-03-21 07:31:52] [INFO] BTC 200W SMA (Kraken): $59,432 (651 weeks)
[2026-03-21 07:31:52] [INFO] Check complete. BTC $70,595 | -0.2% from anchor $70,752
[2026-03-21 07:46:52] [INFO] BTC/USD: $70,628
[2026-03-21 07:46:53] [INFO] BTC 200W SMA (Kraken): $59,432 (651 weeks)
[2026-03-21 07:46:53] [INFO] Check complete. BTC $70,628 | -0.2% from anchor $70,752
[2026-03-21 08:01:53] [INFO] BTC/USD: $70,646
[2026-03-21 08:01:54] [INFO] BTC 200W SMA (Kraken): $59,432 (651 weeks)
[2026-03-21 08:01:54] [INFO] Check complete. BTC $70,646 | -0.1% from anchor $70,752
[2026-03-21 08:16:54] [INFO] BTC/USD: $70,716
[2026-03-21 08:16:54] [INFO] BTC 200W SMA (Kraken): $59,433 (651 weeks)
[2026-03-21 08:16:54] [INFO] Check complete. BTC $70,716 | -0.1% from anchor $70,752
[2026-03-21 08:31:55] [INFO] BTC/USD: $70,759
[2026-03-21 08:31:55] [INFO] BTC 200W SMA (Kraken): $59,433 (651 weeks)
[2026-03-21 08:31:55] [INFO] Check complete. BTC $70,759 | +0.0% from anchor $70,752
[2026-03-21 08:46:55] [INFO] BTC/USD: $70,739
[2026-03-21 08:46:55] [INFO] BTC 200W SMA (Kraken): $59,433 (651 weeks)
[2026-03-21 08:46:55] [INFO] Check complete. BTC $70,739 | -0.0% from anchor $70,752
[2026-03-21 09:01:56] [INFO] BTC/USD: $70,708
[2026-03-21 09:01:56] [INFO] BTC 200W SMA (Kraken): $59,433 (651 weeks)
[2026-03-21 09:01:56] [INFO] Check complete. BTC $70,708 | -0.1% from anchor $70,752
[2026-03-21 09:16:56] [INFO] BTC/USD: $70,737
[2026-03-21 09:16:57] [INFO] BTC 200W SMA (Kraken): $59,433 (651 weeks)
[2026-03-21 09:16:57] [INFO] Check complete. BTC $70,737 | -0.0% from anchor $70,752
[2026-03-21 09:31:57] [INFO] BTC/USD: $70,732
[2026-03-21 09:31:57] [INFO] BTC 200W SMA (Kraken): $59,433 (651 weeks)
[2026-03-21 09:31:57] [INFO] Check complete. BTC $70,732 | -0.0% from anchor $70,752
[2026-03-21 09:46:58] [INFO] BTC/USD: $70,706
[2026-03-21 09:46:58] [INFO] BTC 200W SMA (Kraken): $59,433 (651 weeks)
[2026-03-21 09:46:58] [INFO] Check complete. BTC $70,706 | -0.1% from anchor $70,752
[2026-03-21 10:01:59] [INFO] BTC/USD: $70,754
[2026-03-21 10:01:59] [INFO] BTC 200W SMA (Kraken): $59,433 (651 weeks)
[2026-03-21 10:01:59] [INFO] Check complete. BTC $70,754 | +0.0% from anchor $70,752
[2026-03-21 10:16:59] [INFO] BTC/USD: $71,016
[2026-03-21 10:17:00] [INFO] BTC 200W SMA (Kraken): $59,434 (651 weeks)
[2026-03-21 10:17:00] [INFO] Check complete. BTC $71,016 | +0.4% from anchor $70,752
[2026-03-21 10:32:00] [INFO] BTC/USD: $70,926
[2026-03-21 10:32:00] [INFO] BTC 200W SMA (Kraken): $59,434 (651 weeks)
[2026-03-21 10:32:00] [INFO] Check complete. BTC $70,926 | +0.2% from anchor $70,752
[2026-03-21 10:47:01] [INFO] BTC/USD: $70,924
[2026-03-21 10:47:01] [INFO] BTC 200W SMA (Kraken): $59,434 (651 weeks)
[2026-03-21 10:47:01] [INFO] Check complete. BTC $70,924 | +0.2% from anchor $70,752
[2026-03-21 11:02:01] [INFO] BTC/USD: $70,610
[2026-03-21 11:02:02] [INFO] BTC 200W SMA (Kraken): $59,432 (651 weeks)
[2026-03-21 11:02:02] [INFO] Check complete. BTC $70,610 | -0.2% from anchor $70,752
[2026-03-21 11:17:02] [INFO] BTC/USD: $70,626
[2026-03-21 11:17:03] [INFO] BTC 200W SMA (Kraken): $59,432 (651 weeks)
[2026-03-21 11:17:03] [INFO] Check complete. BTC $70,626 | -0.2% from anchor $70,752
[2026-03-21 11:32:03] [INFO] BTC/USD: $70,648
[2026-03-21 11:32:03] [INFO] BTC 200W SMA (Kraken): $59,432 (651 weeks)
[2026-03-21 11:32:03] [INFO] Check complete. BTC $70,648 | -0.1% from anchor $70,752
[2026-03-21 11:47:04] [INFO] BTC/USD: $70,641
[2026-03-21 11:47:04] [INFO] BTC 200W SMA (Kraken): $59,432 (651 weeks)
[2026-03-21 11:47:04] [INFO] Check complete. BTC $70,641 | -0.2% from anchor $70,752
[2026-03-21 12:02:04] [INFO] BTC/USD: $70,612
[2026-03-21 12:02:05] [INFO] BTC 200W SMA (Kraken): $59,432 (651 weeks)
[2026-03-21 12:02:05] [INFO] Check complete. BTC $70,612 | -0.2% from anchor $70,752
[2026-03-21 12:17:05] [INFO] BTC/USD: $70,557
[2026-03-21 12:17:06] [INFO] BTC 200W SMA (Kraken): $59,432 (651 weeks)
[2026-03-21 12:17:06] [INFO] Check complete. BTC $70,557 | -0.3% from anchor $70,752
[2026-03-21 12:32:06] [INFO] BTC/USD: $70,405
[2026-03-21 12:32:06] [INFO] BTC 200W SMA (Kraken): $59,431 (651 weeks)
[2026-03-21 12:32:06] [INFO] Check complete. BTC $70,405 | -0.5% from anchor $70,752
[2026-03-21 12:47:07] [INFO] BTC/USD: $70,359
[2026-03-21 12:47:07] [INFO] BTC 200W SMA (Kraken): $59,431 (651 weeks)
[2026-03-21 12:47:07] [INFO] Check complete. BTC $70,359 | -0.6% from anchor $70,752
[2026-03-21 13:02:07] [INFO] BTC/USD: $70,292
[2026-03-21 13:02:08] [INFO] BTC 200W SMA (Kraken): $59,430 (651 weeks)
[2026-03-21 13:02:08] [INFO] Check complete. BTC $70,292 | -0.7% from anchor $70,752
[2026-03-21 13:17:08] [INFO] BTC/USD: $70,251
[2026-03-21 13:17:08] [INFO] BTC 200W SMA (Kraken): $59,430 (651 weeks)
[2026-03-21 13:17:08] [INFO] Check complete. BTC $70,251 | -0.7% from anchor $70,752
[2026-03-21 13:32:09] [INFO] BTC/USD: $70,355
[2026-03-21 13:32:09] [INFO] BTC 200W SMA (Kraken): $59,431 (651 weeks)
[2026-03-21 13:32:09] [INFO] Check complete. BTC $70,355 | -0.6% from anchor $70,752
[2026-03-21 13:47:09] [INFO] BTC/USD: $70,391
[2026-03-21 13:47:10] [INFO] BTC 200W SMA (Kraken): $59,431 (651 weeks)
[2026-03-21 13:47:10] [INFO] Check complete. BTC $70,391 | -0.5% from anchor $70,752
[2026-03-21 14:02:10] [INFO] BTC/USD: $70,305
[2026-03-21 14:02:10] [INFO] BTC 200W SMA (Kraken): $59,431 (651 weeks)
[2026-03-21 14:02:10] [INFO] Check complete. BTC $70,305 | -0.6% from anchor $70,752
[2026-03-21 14:17:11] [INFO] BTC/USD: $70,351
[2026-03-21 14:17:11] [INFO] BTC 200W SMA (Kraken): $59,431 (651 weeks)
[2026-03-21 14:17:11] [INFO] Check complete. BTC $70,351 | -0.6% from anchor $70,752
[2026-03-21 14:32:11] [INFO] BTC/USD: $70,400
[2026-03-21 14:32:12] [INFO] BTC 200W SMA (Kraken): $59,431 (651 weeks)
[2026-03-21 14:32:12] [INFO] Check complete. BTC $70,400 | -0.5% from anchor $70,752
[2026-03-21 14:47:12] [INFO] BTC/USD: $70,463
[2026-03-21 14:47:12] [INFO] BTC 200W SMA (Kraken): $59,431 (651 weeks)
[2026-03-21 14:47:12] [INFO] Check complete. BTC $70,463 | -0.4% from anchor $70,752
[2026-03-21 15:02:13] [INFO] BTC/USD: $70,398
[2026-03-21 15:02:13] [INFO] BTC 200W SMA (Kraken): $59,431 (651 weeks)
[2026-03-21 15:02:13] [INFO] Check complete. BTC $70,398 | -0.5% from anchor $70,752
[2026-03-21 15:17:14] [INFO] BTC/USD: $70,410
[2026-03-21 15:17:14] [INFO] BTC 200W SMA (Kraken): $59,431 (651 weeks)
[2026-03-21 15:17:14] [INFO] Check complete. BTC $70,410 | -0.5% from anchor $70,752
[2026-03-21 15:32:14] [INFO] BTC/USD: $70,403
[2026-03-21 15:32:15] [INFO] BTC 200W SMA (Kraken): $59,431 (651 weeks)
[2026-03-21 15:32:15] [INFO] Check complete. BTC $70,403 | -0.5% from anchor $70,752
[2026-03-21 15:47:15] [INFO] BTC/USD: $70,330
[2026-03-21 15:47:15] [INFO] BTC 200W SMA (Kraken): $59,431 (651 weeks)
[2026-03-21 15:47:15] [INFO] Check complete. BTC $70,330 | -0.6% from anchor $70,752
[2026-03-21 16:02:16] [INFO] BTC/USD: $70,377
[2026-03-21 16:02:16] [INFO] BTC 200W SMA (Kraken): $59,431 (651 weeks)
[2026-03-21 16:02:16] [INFO] Check complete. BTC $70,377 | -0.5% from anchor $70,752
[2026-03-21 16:17:16] [INFO] BTC/USD: $70,385
[2026-03-21 16:17:17] [INFO] BTC 200W SMA (Kraken): $59,431 (651 weeks)
[2026-03-21 16:17:17] [INFO] Check complete. BTC $70,385 | -0.5% from anchor $70,752
[2026-03-21 16:32:17] [INFO] BTC/USD: $70,442
[2026-03-21 16:32:18] [INFO] BTC 200W SMA (Kraken): $59,431 (651 weeks)
[2026-03-21 16:32:18] [INFO] Check complete. BTC $70,442 | -0.4% from anchor $70,752
[2026-03-21 16:47:18] [INFO] BTC/USD: $70,457
[2026-03-21 16:47:18] [INFO] BTC 200W SMA (Kraken): $59,431 (651 weeks)
[2026-03-21 16:47:18] [INFO] Check complete. BTC $70,457 | -0.4% from anchor $70,752
[2026-03-21 17:02:19] [INFO] BTC/USD: $70,445
[2026-03-21 17:02:19] [INFO] BTC 200W SMA (Kraken): $59,431 (651 weeks)
[2026-03-21 17:02:19] [INFO] Check complete. BTC $70,445 | -0.4% from anchor $70,752
[2026-03-21 17:17:19] [INFO] BTC/USD: $70,380
[2026-03-21 17:17:20] [INFO] BTC 200W SMA (Kraken): $59,431 (651 weeks)
[2026-03-21 17:17:20] [INFO] Check complete. BTC $70,380 | -0.5% from anchor $70,752
[2026-03-21 17:32:20] [INFO] BTC/USD: $70,342
[2026-03-21 17:32:20] [INFO] BTC 200W SMA (Kraken): $59,431 (651 weeks)
[2026-03-21 17:32:20] [INFO] Check complete. BTC $70,342 | -0.6% from anchor $70,752
[2026-03-21 17:47:21] [INFO] BTC/USD: $70,334
[2026-03-21 17:47:21] [INFO] BTC 200W SMA (Kraken): $59,431 (651 weeks)
[2026-03-21 17:47:21] [INFO] Check complete. BTC $70,334 | -0.6% from anchor $70,752
[2026-03-21 18:02:22] [INFO] BTC/USD: $70,333
[2026-03-21 18:02:22] [INFO] BTC 200W SMA (Kraken): $59,431 (651 weeks)
[2026-03-21 18:02:22] [INFO] Check complete. BTC $70,333 | -0.6% from anchor $70,752
[2026-03-21 18:17:22] [INFO] BTC/USD: $70,301
[2026-03-21 18:17:22] [INFO] BTC 200W SMA (Kraken): $59,431 (651 weeks)
[2026-03-21 18:17:22] [INFO] Check complete. BTC $70,301 | -0.6% from anchor $70,752
[2026-03-21 18:32:23] [INFO] BTC/USD: $70,267
[2026-03-21 18:32:23] [INFO] BTC 200W SMA (Kraken): $59,430 (651 weeks)
[2026-03-21 18:32:23] [INFO] Check complete. BTC $70,267 | -0.7% from anchor $70,752
[2026-03-21 18:47:23] [INFO] BTC/USD: $70,298
[2026-03-21 18:47:24] [INFO] BTC 200W SMA (Kraken): $59,430 (651 weeks)
[2026-03-21 18:47:24] [INFO] Check complete. BTC $70,298 | -0.6% from anchor $70,752
[2026-03-21 19:02:24] [INFO] BTC/USD: $70,276
[2026-03-21 19:02:25] [INFO] BTC 200W SMA (Kraken): $59,430 (651 weeks)
[2026-03-21 19:02:25] [INFO] Check complete. BTC $70,276 | -0.7% from anchor $70,752
[2026-03-21 19:17:25] [INFO] BTC/USD: $70,144
[2026-03-21 19:17:25] [INFO] BTC 200W SMA (Kraken): $59,430 (651 weeks)
[2026-03-21 19:17:25] [INFO] Check complete. BTC $70,144 | -0.9% from anchor $70,752
[2026-03-21 19:32:26] [INFO] BTC/USD: $70,101
[2026-03-21 19:32:26] [INFO] BTC 200W SMA (Kraken): $59,429 (651 weeks)
[2026-03-21 19:32:26] [INFO] Check complete. BTC $70,101 | -0.9% from anchor $70,752
[2026-03-21 19:47:26] [INFO] BTC/USD: $70,096
[2026-03-21 19:47:27] [INFO] BTC 200W SMA (Kraken): $59,428 (651 weeks)
[2026-03-21 19:47:27] [INFO] Check complete. BTC $70,096 | -0.9% from anchor $70,752
[2026-03-21 20:02:27] [INFO] BTC/USD: $68,685
[2026-03-21 20:02:28] [INFO] BTC 200W SMA (Kraken): $59,420 (651 weeks)
[2026-03-21 20:02:28] [INFO] Check complete. BTC $68,685 | -2.9% from anchor $70,752
[2026-03-21 20:17:28] [INFO] BTC/USD: $68,797
[2026-03-21 20:17:28] [INFO] BTC 200W SMA (Kraken): $59,424 (651 weeks)
[2026-03-21 20:17:28] [INFO] Check complete. BTC $68,797 | -2.8% from anchor $70,752
[2026-03-21 20:32:29] [INFO] BTC/USD: $68,959
[2026-03-21 20:32:29] [INFO] BTC 200W SMA (Kraken): $59,424 (651 weeks)
[2026-03-21 20:32:29] [INFO] Check complete. BTC $68,959 | -2.5% from anchor $70,752
[2026-03-21 20:47:30] [INFO] BTC/USD: $69,033
[2026-03-21 20:47:30] [INFO] BTC 200W SMA (Kraken): $59,424 (651 weeks)
[2026-03-21 20:47:30] [INFO] Check complete. BTC $69,033 | -2.4% from anchor $70,752
[2026-03-21 21:02:30] [INFO] BTC/USD: $68,970
[2026-03-21 21:02:31] [INFO] BTC 200W SMA (Kraken): $59,424 (651 weeks)
[2026-03-21 21:02:31] [INFO] Check complete. BTC $68,970 | -2.5% from anchor $70,752
[2026-03-21 21:17:31] [INFO] BTC/USD: $68,940
[2026-03-21 21:17:32] [INFO] BTC 200W SMA (Kraken): $59,423 (651 weeks)
[2026-03-21 21:17:32] [INFO] Check complete. BTC $68,940 | -2.6% from anchor $70,752
[2026-03-21 21:32:32] [INFO] BTC/USD: $69,004
[2026-03-21 21:32:32] [INFO] BTC 200W SMA (Kraken): $59,424 (651 weeks)
[2026-03-21 21:32:32] [INFO] Check complete. BTC $69,004 | -2.5% from anchor $70,752
[2026-03-21 21:47:33] [INFO] BTC/USD: $68,857
[2026-03-21 21:47:33] [INFO] BTC 200W SMA (Kraken): $59,423 (651 weeks)
[2026-03-21 21:47:33] [INFO] Check complete. BTC $68,857 | -2.7% from anchor $70,752
[2026-03-21 22:02:33] [INFO] BTC/USD: $68,967
[2026-03-21 22:02:33] [INFO] BTC 200W SMA (Kraken): $59,424 (651 weeks)
[2026-03-21 22:02:33] [INFO] Check complete. BTC $68,967 | -2.5% from anchor $70,752
[2026-03-21 22:17:34] [INFO] BTC/USD: $69,038
[2026-03-21 22:17:34] [INFO] BTC 200W SMA (Kraken): $59,424 (651 weeks)
[2026-03-21 22:17:34] [INFO] Check complete. BTC $69,038 | -2.4% from anchor $70,752
[2026-03-21 22:32:34] [INFO] BTC/USD: $69,308
[2026-03-21 22:32:35] [INFO] BTC 200W SMA (Kraken): $59,425 (651 weeks)
[2026-03-21 22:32:35] [INFO] Check complete. BTC $69,308 | -2.0% from anchor $70,752
[2026-03-21 22:47:35] [INFO] BTC/USD: $69,217
[2026-03-21 22:47:35] [INFO] BTC 200W SMA (Kraken): $59,425 (651 weeks)
[2026-03-21 22:47:35] [INFO] Check complete. BTC $69,217 | -2.2% from anchor $70,752
[2026-03-21 23:02:36] [INFO] BTC/USD: $69,240
[2026-03-21 23:02:36] [INFO] BTC 200W SMA (Kraken): $59,425 (651 weeks)
[2026-03-21 23:02:36] [INFO] Check complete. BTC $69,240 | -2.1% from anchor $70,752
[2026-03-21 23:17:36] [INFO] BTC/USD: $69,319
[2026-03-21 23:17:37] [INFO] BTC 200W SMA (Kraken): $59,425 (651 weeks)
[2026-03-21 23:17:37] [INFO] Check complete. BTC $69,319 | -2.0% from anchor $70,752
[2026-03-21 23:32:37] [INFO] BTC/USD: $69,448
[2026-03-21 23:32:37] [INFO] BTC 200W SMA (Kraken): $59,426 (651 weeks)
[2026-03-21 23:32:37] [INFO] Check complete. BTC $69,448 | -1.8% from anchor $70,752
[2026-03-21 23:47:38] [INFO] BTC/USD: $69,319
[2026-03-21 23:47:38] [INFO] BTC 200W SMA (Kraken): $59,425 (651 weeks)
[2026-03-21 23:47:38] [INFO] Check complete. BTC $69,319 | -2.0% from anchor $70,752
[2026-03-22 00:02:38] [INFO] BTC/USD: $69,327
[2026-03-22 00:02:39] [INFO] BTC 200W SMA (Kraken): $59,426 (651 weeks)
[2026-03-22 00:02:39] [INFO] Check complete. BTC $69,327 | -2.0% from anchor $70,752
[2026-03-22 00:17:39] [INFO] BTC/USD: $69,485
[2026-03-22 00:17:39] [INFO] BTC 200W SMA (Kraken): $59,426 (651 weeks)
[2026-03-22 00:17:39] [INFO] Check complete. BTC $69,485 | -1.8% from anchor $70,752
[2026-03-22 00:32:40] [INFO] BTC/USD: $69,244
[2026-03-22 00:32:40] [INFO] BTC 200W SMA (Kraken): $59,425 (651 weeks)
[2026-03-22 00:32:40] [INFO] Check complete. BTC $69,244 | -2.1% from anchor $70,752
[2026-03-22 00:47:40] [INFO] BTC/USD: $69,362
[2026-03-22 00:47:40] [INFO] BTC 200W SMA (Kraken): $59,426 (651 weeks)
[2026-03-22 00:47:40] [INFO] Check complete. BTC $69,362 | -2.0% from anchor $70,752
[2026-03-22 01:02:41] [INFO] BTC/USD: $69,293
[2026-03-22 01:02:41] [INFO] BTC 200W SMA (Kraken): $59,425 (651 weeks)
[2026-03-22 01:02:41] [INFO] Check complete. BTC $69,293 | -2.1% from anchor $70,752
[2026-03-22 01:17:41] [INFO] BTC/USD: $69,199
[2026-03-22 01:17:42] [INFO] BTC 200W SMA (Kraken): $59,425 (651 weeks)
[2026-03-22 01:17:42] [INFO] Check complete. BTC $69,199 | -2.2% from anchor $70,752
[2026-03-22 01:32:42] [INFO] BTC/USD: $69,198
[2026-03-22 01:32:42] [INFO] BTC 200W SMA (Kraken): $59,425 (651 weeks)
[2026-03-22 01:32:42] [INFO] Check complete. BTC $69,198 | -2.2% from anchor $70,752
[2026-03-22 01:47:43] [INFO] BTC/USD: $69,201
[2026-03-22 01:47:43] [INFO] BTC 200W SMA (Kraken): $59,425 (651 weeks)
[2026-03-22 01:47:43] [INFO] Check complete. BTC $69,201 | -2.2% from anchor $70,752
[2026-03-22 02:02:43] [INFO] BTC/USD: $69,110
[2026-03-22 02:02:43] [INFO] BTC 200W SMA (Kraken): $59,424 (651 weeks)
[2026-03-22 02:02:43] [INFO] Check complete. BTC $69,110 | -2.3% from anchor $70,752
[2026-03-22 02:17:44] [INFO] BTC/USD: $69,120
[2026-03-22 02:17:44] [INFO] BTC 200W SMA (Kraken): $59,425 (651 weeks)
[2026-03-22 02:17:44] [INFO] Check complete. BTC $69,120 | -2.3% from anchor $70,752
[2026-03-22 02:32:44] [INFO] BTC/USD: $69,172
[2026-03-22 02:32:45] [INFO] BTC 200W SMA (Kraken): $59,425 (651 weeks)
[2026-03-22 02:32:45] [INFO] Check complete. BTC $69,172 | -2.2% from anchor $70,752
[2026-03-22 02:47:45] [INFO] BTC/USD: $69,166
[2026-03-22 02:47:45] [INFO] BTC 200W SMA (Kraken): $59,425 (651 weeks)
[2026-03-22 02:47:45] [INFO] Check complete. BTC $69,166 | -2.2% from anchor $70,752
[2026-03-22 03:02:45] [INFO] BTC/USD: $69,162
[2026-03-22 03:02:46] [INFO] BTC 200W SMA (Kraken): $59,425 (651 weeks)
[2026-03-22 03:02:46] [INFO] Check complete. BTC $69,162 | -2.2% from anchor $70,752
[2026-03-22 03:17:46] [INFO] BTC/USD: $69,144
[2026-03-22 03:17:46] [INFO] BTC 200W SMA (Kraken): $59,425 (651 weeks)
[2026-03-22 03:17:46] [INFO] Check complete. BTC $69,144 | -2.3% from anchor $70,752
[2026-03-22 03:32:47] [INFO] BTC/USD: $69,160
[2026-03-22 03:32:47] [INFO] BTC 200W SMA (Kraken): $59,425 (651 weeks)
[2026-03-22 03:32:47] [INFO] Check complete. BTC $69,160 | -2.3% from anchor $70,752
[2026-03-22 03:47:47] [INFO] BTC/USD: $68,953
[2026-03-22 03:47:48] [INFO] BTC 200W SMA (Kraken): $59,424 (651 weeks)
[2026-03-22 03:47:48] [INFO] Check complete. BTC $68,953 | -2.5% from anchor $70,752
[2026-03-22 04:02:48] [INFO] BTC/USD: $68,888
[2026-03-22 04:02:48] [INFO] BTC 200W SMA (Kraken): $59,423 (651 weeks)
[2026-03-22 04:02:48] [INFO] Check complete. BTC $68,888 | -2.6% from anchor $70,752
[2026-03-22 04:17:49] [INFO] BTC/USD: $68,936
[2026-03-22 04:17:49] [INFO] BTC 200W SMA (Kraken): $59,423 (651 weeks)
[2026-03-22 04:17:49] [INFO] Check complete. BTC $68,936 | -2.6% from anchor $70,752
[2026-03-22 04:32:49] [INFO] BTC/USD: $68,632
[2026-03-22 04:32:49] [INFO] BTC 200W SMA (Kraken): $59,422 (651 weeks)
[2026-03-22 04:32:49] [INFO] Check complete. BTC $68,632 | -3.0% from anchor $70,752
[2026-03-22 04:47:50] [INFO] BTC/USD: $68,750
[2026-03-22 04:47:50] [INFO] BTC 200W SMA (Kraken): $59,423 (651 weeks)
[2026-03-22 04:47:50] [INFO] Check complete. BTC $68,750 | -2.8% from anchor $70,752
[2026-03-22 05:02:50] [INFO] BTC/USD: $68,807
[2026-03-22 05:02:51] [INFO] BTC 200W SMA (Kraken): $59,423 (651 weeks)
[2026-03-22 05:02:51] [INFO] Check complete. BTC $68,807 | -2.7% from anchor $70,752
[2026-03-22 05:17:51] [INFO] BTC/USD: $68,818
[2026-03-22 05:17:51] [INFO] BTC 200W SMA (Kraken): $59,423 (651 weeks)
[2026-03-22 05:17:51] [INFO] Check complete. BTC $68,818 | -2.7% from anchor $70,752
[2026-03-22 05:32:52] [INFO] BTC/USD: $68,657
[2026-03-22 05:32:52] [INFO] BTC 200W SMA (Kraken): $59,422 (651 weeks)
[2026-03-22 05:32:52] [INFO] Check complete. BTC $68,657 | -3.0% from anchor $70,752
[2026-03-22 05:47:52] [INFO] BTC/USD: $68,777
[2026-03-22 05:47:53] [INFO] BTC 200W SMA (Kraken): $59,423 (651 weeks)
[2026-03-22 05:47:53] [INFO] Check complete. BTC $68,777 | -2.8% from anchor $70,752
[2026-03-22 06:02:53] [INFO] BTC/USD: $68,774
[2026-03-22 06:02:53] [INFO] BTC 200W SMA (Kraken): $59,423 (651 weeks)
[2026-03-22 06:02:53] [INFO] Check complete. BTC $68,774 | -2.8% from anchor $70,752
[2026-03-22 06:17:54] [INFO] BTC/USD: $68,682
[2026-03-22 06:17:54] [INFO] BTC 200W SMA (Kraken): $59,422 (651 weeks)
[2026-03-22 06:17:54] [INFO] Check complete. BTC $68,682 | -2.9% from anchor $70,752
[2026-03-22 06:32:54] [INFO] BTC/USD: $68,747
[2026-03-22 06:32:54] [INFO] BTC 200W SMA (Kraken): $59,423 (651 weeks)
[2026-03-22 06:32:54] [INFO] Check complete. BTC $68,747 | -2.8% from anchor $70,752
[2026-03-22 06:47:55] [INFO] BTC/USD: $68,624
[2026-03-22 06:47:55] [INFO] BTC 200W SMA (Kraken): $59,422 (651 weeks)
[2026-03-22 06:47:55] [INFO] Check complete. BTC $68,624 | -3.0% from anchor $70,752
[2026-03-22 07:02:55] [INFO] BTC/USD: $68,633
[2026-03-22 07:02:56] [INFO] BTC 200W SMA (Kraken): $59,422 (651 weeks)
[2026-03-22 07:02:56] [INFO] Check complete. BTC $68,633 | -3.0% from anchor $70,752
[2026-03-22 07:17:56] [INFO] BTC/USD: $68,649
[2026-03-22 07:17:56] [INFO] BTC 200W SMA (Kraken): $59,422 (651 weeks)
[2026-03-22 07:17:56] [INFO] Check complete. BTC $68,649 | -3.0% from anchor $70,752
[2026-03-22 07:32:57] [INFO] BTC/USD: $68,412
[2026-03-22 07:32:57] [INFO] BTC 200W SMA (Kraken): $59,421 (651 weeks)
[2026-03-22 07:32:57] [INFO] Check complete. BTC $68,412 | -3.3% from anchor $70,752
[2026-03-22 07:47:57] [INFO] BTC/USD: $68,380
[2026-03-22 07:47:58] [INFO] BTC 200W SMA (Kraken): $59,421 (651 weeks)
[2026-03-22 07:47:58] [INFO] Check complete. BTC $68,380 | -3.4% from anchor $70,752
[2026-03-22 08:02:58] [INFO] BTC/USD: $68,254
[2026-03-22 08:02:58] [INFO] BTC 200W SMA (Kraken): $59,420 (651 weeks)
[2026-03-22 08:02:58] [INFO] Check complete. BTC $68,254 | -3.5% from anchor $70,752
[2026-03-22 08:17:59] [INFO] BTC/USD: $68,319
[2026-03-22 08:17:59] [INFO] BTC 200W SMA (Kraken): $59,421 (651 weeks)
[2026-03-22 08:17:59] [INFO] Check complete. BTC $68,319 | -3.4% from anchor $70,752
[2026-03-22 08:32:59] [INFO] BTC/USD: $68,630
[2026-03-22 08:33:00] [INFO] BTC 200W SMA (Kraken): $59,422 (651 weeks)
[2026-03-22 08:33:00] [INFO] Check complete. BTC $68,630 | -3.0% from anchor $70,752
[2026-03-22 08:48:00] [INFO] BTC/USD: $68,586
[2026-03-22 08:48:00] [INFO] BTC 200W SMA (Kraken): $59,422 (651 weeks)
[2026-03-22 08:48:00] [INFO] Check complete. BTC $68,586 | -3.1% from anchor $70,752
[2026-03-22 09:03:01] [INFO] BTC/USD: $68,685
[2026-03-22 09:03:01] [INFO] BTC 200W SMA (Kraken): $59,423 (651 weeks)
[2026-03-22 09:03:01] [INFO] Check complete. BTC $68,685 | -2.9% from anchor $70,752
[2026-03-22 09:18:01] [INFO] BTC/USD: $68,786
[2026-03-22 09:18:02] [INFO] BTC 200W SMA (Kraken): $59,423 (651 weeks)
[2026-03-22 09:18:02] [INFO] Check complete. BTC $68,786 | -2.8% from anchor $70,752
[2026-03-22 09:33:02] [INFO] BTC/USD: $68,819
[2026-03-22 09:33:02] [INFO] BTC 200W SMA (Kraken): $59,423 (651 weeks)
[2026-03-22 09:33:02] [INFO] Check complete. BTC $68,819 | -2.7% from anchor $70,752
[2026-03-22 09:48:03] [INFO] BTC/USD: $68,612
[2026-03-22 09:48:03] [INFO] BTC 200W SMA (Kraken): $59,422 (651 weeks)
[2026-03-22 09:48:03] [INFO] Check complete. BTC $68,612 | -3.0% from anchor $70,752
[2026-03-22 10:03:03] [INFO] BTC/USD: $68,713
[2026-03-22 10:03:04] [INFO] BTC 200W SMA (Kraken): $59,422 (651 weeks)
[2026-03-22 10:03:04] [INFO] Check complete. BTC $68,713 | -2.9% from anchor $70,752
[2026-03-22 10:18:04] [INFO] BTC/USD: $68,746
[2026-03-22 10:18:04] [INFO] BTC 200W SMA (Kraken): $59,423 (651 weeks)
[2026-03-22 10:18:04] [INFO] Check complete. BTC $68,746 | -2.8% from anchor $70,752
[2026-03-22 10:33:05] [INFO] BTC/USD: $68,831
[2026-03-22 10:33:05] [INFO] BTC 200W SMA (Kraken): $59,423 (651 weeks)
[2026-03-22 10:33:05] [INFO] Check complete. BTC $68,831 | -2.7% from anchor $70,752
[2026-03-22 10:48:05] [INFO] BTC/USD: $68,799
[2026-03-22 10:48:06] [INFO] BTC 200W SMA (Kraken): $59,423 (651 weeks)
[2026-03-22 10:48:06] [INFO] Check complete. BTC $68,799 | -2.8% from anchor $70,752
[2026-03-22 11:03:06] [INFO] BTC/USD: $68,764
[2026-03-22 11:03:06] [INFO] BTC 200W SMA (Kraken): $59,423 (651 weeks)
[2026-03-22 11:03:06] [INFO] Check complete. BTC $68,764 | -2.8% from anchor $70,752
[2026-03-22 11:18:07] [INFO] BTC/USD: $68,910
[2026-03-22 11:18:07] [INFO] BTC 200W SMA (Kraken): $59,423 (651 weeks)
[2026-03-22 11:18:07] [INFO] Check complete. BTC $68,910 | -2.6% from anchor $70,752
[2026-03-22 11:33:07] [INFO] BTC/USD: $68,862
[2026-03-22 11:33:08] [INFO] BTC 200W SMA (Kraken): $59,423 (651 weeks)
[2026-03-22 11:33:08] [INFO] Check complete. BTC $68,862 | -2.7% from anchor $70,752
[2026-03-22 11:48:08] [INFO] BTC/USD: $68,784
[2026-03-22 11:48:08] [INFO] BTC 200W SMA (Kraken): $59,423 (651 weeks)
[2026-03-22 11:48:08] [INFO] Check complete. BTC $68,784 | -2.8% from anchor $70,752
[2026-03-22 12:03:09] [INFO] BTC/USD: $68,824
[2026-03-22 12:03:09] [INFO] BTC 200W SMA (Kraken): $59,423 (651 weeks)
[2026-03-22 12:03:09] [INFO] Check complete. BTC $68,824 | -2.7% from anchor $70,752
[2026-03-22 12:18:10] [INFO] BTC/USD: $68,765
[2026-03-22 12:18:10] [INFO] BTC 200W SMA (Kraken): $59,423 (651 weeks)
[2026-03-22 12:18:10] [INFO] Check complete. BTC $68,765 | -2.8% from anchor $70,752
[2026-03-22 12:33:10] [INFO] BTC/USD: $68,684
[2026-03-22 12:33:10] [INFO] BTC 200W SMA (Kraken): $59,423 (651 weeks)
[2026-03-22 12:33:10] [INFO] Check complete. BTC $68,684 | -2.9% from anchor $70,752
[2026-03-22 12:48:11] [INFO] BTC/USD: $68,733
[2026-03-22 12:48:11] [INFO] BTC 200W SMA (Kraken): $59,423 (651 weeks)
[2026-03-22 12:48:11] [INFO] Check complete. BTC $68,733 | -2.9% from anchor $70,752
[2026-03-22 13:03:12] [INFO] BTC/USD: $68,762
[2026-03-22 13:03:12] [INFO] BTC 200W SMA (Kraken): $59,423 (651 weeks)
[2026-03-22 13:03:12] [INFO] Check complete. BTC $68,762 | -2.8% from anchor $70,752
[2026-03-22 13:18:12] [INFO] BTC/USD: $68,807
[2026-03-22 13:18:13] [INFO] BTC 200W SMA (Kraken): $59,423 (651 weeks)
[2026-03-22 13:18:13] [INFO] Check complete. BTC $68,807 | -2.7% from anchor $70,752
[2026-03-22 13:33:13] [INFO] BTC/USD: $68,784
[2026-03-22 13:33:13] [INFO] BTC 200W SMA (Kraken): $59,423 (651 weeks)
[2026-03-22 13:33:13] [INFO] Check complete. BTC $68,784 | -2.8% from anchor $70,752
[2026-03-22 13:48:14] [INFO] BTC/USD: $68,694
[2026-03-22 13:48:14] [INFO] BTC 200W SMA (Kraken): $59,422 (651 weeks)
[2026-03-22 13:48:14] [INFO] Check complete. BTC $68,694 | -2.9% from anchor $70,752
[2026-03-22 14:03:14] [INFO] BTC/USD: $68,623
[2026-03-22 14:03:15] [INFO] BTC 200W SMA (Kraken): $59,422 (651 weeks)
[2026-03-22 14:03:15] [INFO] Check complete. BTC $68,623 | -3.0% from anchor $70,752
[2026-03-22 14:18:15] [INFO] BTC/USD: $68,702
[2026-03-22 14:18:16] [INFO] BTC 200W SMA (Kraken): $59,422 (651 weeks)
[2026-03-22 14:18:16] [INFO] Check complete. BTC $68,702 | -2.9% from anchor $70,752
[2026-03-22 14:33:16] [INFO] BTC/USD: $68,706
[2026-03-22 14:33:16] [INFO] BTC 200W SMA (Kraken): $59,422 (651 weeks)
[2026-03-22 14:33:16] [INFO] Check complete. BTC $68,706 | -2.9% from anchor $70,752
[2026-03-22 14:48:17] [INFO] BTC/USD: $68,496
[2026-03-22 14:48:17] [INFO] BTC 200W SMA (Kraken): $59,422 (651 weeks)
[2026-03-22 14:48:17] [INFO] Check complete. BTC $68,496 | -3.2% from anchor $70,752
[2026-03-22 15:03:17] [INFO] BTC/USD: $68,569
[2026-03-22 15:03:18] [INFO] BTC 200W SMA (Kraken): $59,422 (651 weeks)
[2026-03-22 15:03:18] [INFO] Check complete. BTC $68,569 | -3.1% from anchor $70,752
[2026-03-22 15:18:18] [INFO] BTC/USD: $68,363
[2026-03-22 15:18:18] [INFO] BTC 200W SMA (Kraken): $59,421 (651 weeks)
[2026-03-22 15:18:18] [INFO] Check complete. BTC $68,363 | -3.4% from anchor $70,752
[2026-03-22 15:33:19] [INFO] BTC/USD: $68,277
[2026-03-22 15:33:19] [INFO] BTC 200W SMA (Kraken): $59,420 (651 weeks)
[2026-03-22 15:33:19] [INFO] Check complete. BTC $68,277 | -3.5% from anchor $70,752
[2026-03-22 15:48:19] [INFO] BTC/USD: $68,354
[2026-03-22 15:48:20] [INFO] BTC 200W SMA (Kraken): $59,420 (651 weeks)
[2026-03-22 15:48:20] [INFO] Check complete. BTC $68,354 | -3.4% from anchor $70,752
[2026-03-22 16:03:20] [INFO] BTC/USD: $68,272
[2026-03-22 16:03:20] [INFO] BTC 200W SMA (Kraken): $59,421 (651 weeks)
[2026-03-22 16:03:20] [INFO] Check complete. BTC $68,272 | -3.5% from anchor $70,752
[2026-03-22 16:18:21] [INFO] BTC/USD: $68,353
[2026-03-22 16:18:21] [INFO] BTC 200W SMA (Kraken): $59,421 (651 weeks)
[2026-03-22 16:18:21] [INFO] Check complete. BTC $68,353 | -3.4% from anchor $70,752
[2026-03-22 16:33:21] [INFO] BTC/USD: $68,319
[2026-03-22 16:33:22] [INFO] BTC 200W SMA (Kraken): $59,421 (651 weeks)
[2026-03-22 16:33:22] [INFO] Check complete. BTC $68,319 | -3.4% from anchor $70,752
[2026-03-22 16:48:22] [INFO] BTC/USD: $68,328
[2026-03-22 16:48:22] [INFO] BTC 200W SMA (Kraken): $59,421 (651 weeks)
[2026-03-22 16:48:22] [INFO] Check complete. BTC $68,328 | -3.4% from anchor $70,752
[2026-03-22 17:03:23] [INFO] BTC/USD: $68,196
[2026-03-22 17:03:23] [INFO] BTC 200W SMA (Kraken): $59,420 (651 weeks)
[2026-03-22 17:03:23] [INFO] Check complete. BTC $68,196 | -3.6% from anchor $70,752
[2026-03-22 17:18:23] [INFO] BTC/USD: $67,650
[2026-03-22 17:18:24] [INFO] BTC 200W SMA (Kraken): $59,417 (651 weeks)
[2026-03-22 17:18:24] [INFO] Check complete. BTC $67,650 | -4.4% from anchor $70,752
[2026-03-22 17:33:24] [INFO] BTC/USD: $67,769
[2026-03-22 17:33:25] [INFO] BTC 200W SMA (Kraken): $59,418 (651 weeks)
[2026-03-22 17:33:25] [INFO] Check complete. BTC $67,769 | -4.2% from anchor $70,752
[2026-03-22 17:48:25] [INFO] BTC/USD: $67,791
[2026-03-22 17:48:25] [INFO] BTC 200W SMA (Kraken): $59,418 (651 weeks)
[2026-03-22 17:48:25] [INFO] Check complete. BTC $67,791 | -4.2% from anchor $70,752
[2026-03-22 18:03:26] [INFO] BTC/USD: $67,675
[2026-03-22 18:03:26] [INFO] BTC 200W SMA (Kraken): $59,418 (651 weeks)
[2026-03-22 18:03:26] [INFO] Check complete. BTC $67,675 | -4.3% from anchor $70,752
[2026-03-22 18:18:26] [INFO] BTC/USD: $67,957
[2026-03-22 18:18:27] [INFO] BTC 200W SMA (Kraken): $59,419 (651 weeks)
[2026-03-22 18:18:27] [INFO] Check complete. BTC $67,957 | -4.0% from anchor $70,752
[2026-03-22 18:33:27] [INFO] BTC/USD: $68,293
[2026-03-22 18:33:28] [INFO] BTC 200W SMA (Kraken): $59,420 (651 weeks)
[2026-03-22 18:33:28] [INFO] Check complete. BTC $68,293 | -3.5% from anchor $70,752
[2026-03-22 18:48:28] [INFO] BTC/USD: $68,172
[2026-03-22 18:48:28] [INFO] BTC 200W SMA (Kraken): $59,420 (651 weeks)
[2026-03-22 18:48:28] [INFO] Check complete. BTC $68,172 | -3.6% from anchor $70,752
[2026-03-22 19:03:29] [INFO] BTC/USD: $68,277
[2026-03-22 19:03:29] [INFO] BTC 200W SMA (Kraken): $59,421 (651 weeks)
[2026-03-22 19:03:29] [INFO] Check complete. BTC $68,277 | -3.5% from anchor $70,752
[2026-03-22 19:18:29] [INFO] BTC/USD: $68,295
[2026-03-22 19:18:30] [INFO] BTC 200W SMA (Kraken): $59,420 (651 weeks)
[2026-03-22 19:18:30] [INFO] Check complete. BTC $68,295 | -3.5% from anchor $70,752
[2026-03-22 19:33:30] [INFO] BTC/USD: $68,105
[2026-03-22 19:33:30] [INFO] BTC 200W SMA (Kraken): $59,419 (651 weeks)
[2026-03-22 19:33:30] [INFO] Check complete. BTC $68,105 | -3.7% from anchor $70,752
[2026-03-22 19:48:31] [INFO] BTC/USD: $68,092
[2026-03-22 19:48:31] [INFO] BTC 200W SMA (Kraken): $59,419 (651 weeks)
[2026-03-22 19:48:31] [INFO] Check complete. BTC $68,092 | -3.8% from anchor $70,752
[2026-03-22 20:03:32] [INFO] BTC/USD: $67,893
[2026-03-22 20:03:32] [INFO] BTC 200W SMA (Kraken): $59,418 (651 weeks)
[2026-03-22 20:03:32] [INFO] Check complete. BTC $67,893 | -4.0% from anchor $70,752
[2026-03-22 20:18:32] [INFO] BTC/USD: $67,894
[2026-03-22 20:18:33] [INFO] BTC 200W SMA (Kraken): $59,418 (651 weeks)
[2026-03-22 20:18:33] [INFO] Check complete. BTC $67,894 | -4.0% from anchor $70,752
[2026-03-22 20:33:33] [INFO] BTC/USD: $67,909
[2026-03-22 20:33:33] [INFO] BTC 200W SMA (Kraken): $59,418 (651 weeks)
[2026-03-22 20:33:33] [INFO] Check complete. BTC $67,909 | -4.0% from anchor $70,752
[2026-03-22 20:48:34] [INFO] BTC/USD: $67,695
[2026-03-22 20:48:34] [INFO] BTC 200W SMA (Kraken): $59,418 (651 weeks)
[2026-03-22 20:48:34] [INFO] Check complete. BTC $67,695 | -4.3% from anchor $70,752
[2026-03-22 21:03:34] [INFO] BTC/USD: $67,599
[2026-03-22 21:03:35] [INFO] BTC 200W SMA (Kraken): $59,417 (651 weeks)
[2026-03-22 21:03:35] [INFO] Check complete. BTC $67,599 | -4.5% from anchor $70,752
[2026-03-22 21:18:35] [INFO] BTC/USD: $67,961
[2026-03-22 21:18:36] [INFO] BTC 200W SMA (Kraken): $59,418 (651 weeks)
[2026-03-22 21:18:36] [INFO] Check complete. BTC $67,961 | -3.9% from anchor $70,752
[2026-03-22 21:33:36] [INFO] BTC/USD: $68,092
[2026-03-22 21:33:36] [INFO] BTC 200W SMA (Kraken): $59,420 (651 weeks)
[2026-03-22 21:33:36] [INFO] Check complete. BTC $68,092 | -3.8% from anchor $70,752
[2026-03-22 21:48:37] [INFO] BTC/USD: $68,083
[2026-03-22 21:48:37] [INFO] BTC 200W SMA (Kraken): $59,419 (651 weeks)
[2026-03-22 21:48:37] [INFO] Check complete. BTC $68,083 | -3.8% from anchor $70,752
[2026-03-22 22:03:37] [INFO] BTC/USD: $67,936
[2026-03-22 22:03:38] [INFO] BTC 200W SMA (Kraken): $59,418 (651 weeks)
[2026-03-22 22:03:38] [INFO] Check complete. BTC $67,936 | -4.0% from anchor $70,752
[2026-03-22 22:18:38] [INFO] BTC/USD: $67,861
[2026-03-22 22:18:38] [INFO] BTC 200W SMA (Kraken): $59,418 (651 weeks)
[2026-03-22 22:18:38] [INFO] Check complete. BTC $67,861 | -4.1% from anchor $70,752
[2026-03-22 22:33:39] [INFO] BTC/USD: $68,222
[2026-03-22 22:33:39] [INFO] BTC 200W SMA (Kraken): $59,420 (651 weeks)
[2026-03-22 22:33:39] [INFO] Check complete. BTC $68,222 | -3.6% from anchor $70,752
[2026-03-22 22:48:40] [INFO] BTC/USD: $68,247
[2026-03-22 22:48:40] [INFO] BTC 200W SMA (Kraken): $59,420 (651 weeks)
[2026-03-22 22:48:40] [INFO] Check complete. BTC $68,247 | -3.5% from anchor $70,752
[2026-03-22 23:03:40] [INFO] BTC/USD: $68,426
[2026-03-22 23:03:41] [INFO] BTC 200W SMA (Kraken): $59,422 (651 weeks)
[2026-03-22 23:03:41] [INFO] Check complete. BTC $68,426 | -3.3% from anchor $70,752
[2026-03-22 23:18:41] [INFO] BTC/USD: $68,235
[2026-03-22 23:18:41] [INFO] BTC 200W SMA (Kraken): $59,420 (651 weeks)
[2026-03-22 23:18:41] [INFO] Check complete. BTC $68,235 | -3.6% from anchor $70,752
[2026-03-22 23:33:42] [INFO] BTC/USD: $68,200
[2026-03-22 23:33:42] [INFO] BTC 200W SMA (Kraken): $59,420 (651 weeks)
[2026-03-22 23:33:42] [INFO] Check complete. BTC $68,200 | -3.6% from anchor $70,752
[2026-03-22 23:48:43] [INFO] BTC/USD: $68,184
[2026-03-22 23:48:43] [INFO] BTC 200W SMA (Kraken): $59,420 (651 weeks)
[2026-03-22 23:48:43] [INFO] Check complete. BTC $68,184 | -3.6% from anchor $70,752
[2026-03-23 00:03:43] [INFO] BTC/USD: $68,080
[2026-03-23 00:03:44] [INFO] BTC 200W SMA (Kraken): $59,419 (651 weeks)
[2026-03-23 00:03:44] [INFO] Check complete. BTC $68,080 | -3.8% from anchor $70,752
[2026-03-23 00:18:44] [INFO] BTC/USD: $68,169
[2026-03-23 00:18:44] [INFO] BTC 200W SMA (Kraken): $59,420 (651 weeks)
[2026-03-23 00:18:44] [INFO] Check complete. BTC $68,169 | -3.7% from anchor $70,752
[2026-03-23 00:33:45] [INFO] BTC/USD: $68,235
[2026-03-23 00:33:45] [INFO] BTC 200W SMA (Kraken): $59,420 (651 weeks)
[2026-03-23 00:33:45] [INFO] Check complete. BTC $68,235 | -3.6% from anchor $70,752
[2026-03-23 00:48:46] [INFO] BTC/USD: $68,287
[2026-03-23 00:48:46] [INFO] BTC 200W SMA (Kraken): $59,421 (651 weeks)
[2026-03-23 00:48:46] [INFO] Check complete. BTC $68,287 | -3.5% from anchor $70,752
[2026-03-23 01:03:46] [INFO] BTC/USD: $68,628
[2026-03-23 01:03:47] [INFO] BTC 200W SMA (Kraken): $59,423 (651 weeks)
[2026-03-23 01:03:47] [INFO] Check complete. BTC $68,628 | -3.0% from anchor $70,752
[2026-03-23 01:18:47] [INFO] BTC/USD: $68,777
[2026-03-23 01:18:47] [INFO] BTC 200W SMA (Kraken): $59,423 (651 weeks)
[2026-03-23 01:18:47] [INFO] Check complete. BTC $68,777 | -2.8% from anchor $70,752
[2026-03-23 01:33:48] [INFO] BTC/USD: $68,615
[2026-03-23 01:33:48] [INFO] BTC 200W SMA (Kraken): $59,422 (651 weeks)
[2026-03-23 01:33:48] [INFO] Check complete. BTC $68,615 | -3.0% from anchor $70,752
[2026-03-23 01:48:49] [INFO] BTC/USD: $68,615
[2026-03-23 01:48:49] [INFO] BTC 200W SMA (Kraken): $59,422 (651 weeks)
[2026-03-23 01:48:49] [INFO] Check complete. BTC $68,615 | -3.0% from anchor $70,752
[2026-03-23 02:03:49] [INFO] BTC/USD: $68,769
[2026-03-23 02:03:50] [INFO] BTC 200W SMA (Kraken): $59,423 (651 weeks)
[2026-03-23 02:03:50] [INFO] Check complete. BTC $68,769 | -2.8% from anchor $70,752
[2026-03-23 02:18:50] [INFO] BTC/USD: $68,603
[2026-03-23 02:18:50] [INFO] BTC 200W SMA (Kraken): $59,422 (651 weeks)
[2026-03-23 02:18:50] [INFO] Check complete. BTC $68,603 | -3.0% from anchor $70,752
[2026-03-23 02:33:51] [INFO] BTC/USD: $68,476
[2026-03-23 02:33:51] [INFO] BTC 200W SMA (Kraken): $59,421 (651 weeks)
[2026-03-23 02:33:51] [INFO] Check complete. BTC $68,476 | -3.2% from anchor $70,752
[2026-03-23 02:48:51] [INFO] BTC/USD: $67,893
[2026-03-23 02:48:52] [INFO] BTC 200W SMA (Kraken): $59,418 (651 weeks)
[2026-03-23 02:48:52] [INFO] Check complete. BTC $67,893 | -4.0% from anchor $70,752
[2026-03-23 03:03:52] [INFO] BTC/USD: $67,736
[2026-03-23 03:03:53] [INFO] BTC 200W SMA (Kraken): $59,417 (651 weeks)
[2026-03-23 03:03:53] [INFO] Check complete. BTC $67,736 | -4.3% from anchor $70,752
[2026-03-23 03:18:53] [INFO] BTC/USD: $67,917
[2026-03-23 03:18:53] [INFO] BTC 200W SMA (Kraken): $59,419 (651 weeks)
[2026-03-23 03:18:53] [INFO] Check complete. BTC $67,917 | -4.0% from anchor $70,752
[2026-03-23 03:33:54] [INFO] BTC/USD: $67,873
[2026-03-23 03:33:54] [INFO] BTC 200W SMA (Kraken): $59,419 (651 weeks)
[2026-03-23 03:33:54] [INFO] Check complete. BTC $67,873 | -4.1% from anchor $70,752
[2026-03-23 03:48:54] [INFO] BTC/USD: $68,361
[2026-03-23 03:48:55] [INFO] BTC 200W SMA (Kraken): $59,421 (651 weeks)
[2026-03-23 03:48:55] [INFO] Check complete. BTC $68,361 | -3.4% from anchor $70,752
[2026-03-23 04:03:55] [INFO] BTC/USD: $68,376
[2026-03-23 04:03:55] [INFO] BTC 200W SMA (Kraken): $59,421 (651 weeks)
[2026-03-23 04:03:55] [INFO] Check complete. BTC $68,376 | -3.4% from anchor $70,752
[2026-03-23 04:18:56] [INFO] BTC/USD: $68,550
[2026-03-23 04:18:56] [INFO] BTC 200W SMA (Kraken): $59,421 (651 weeks)
[2026-03-23 04:18:56] [INFO] Check complete. BTC $68,550 | -3.1% from anchor $70,752
[2026-03-23 04:33:57] [INFO] BTC/USD: $68,518
[2026-03-23 04:33:57] [INFO] BTC 200W SMA (Kraken): $59,422 (651 weeks)
[2026-03-23 04:33:57] [INFO] Check complete. BTC $68,518 | -3.2% from anchor $70,752
[2026-03-23 04:48:57] [INFO] BTC/USD: $68,487
[2026-03-23 04:48:58] [INFO] BTC 200W SMA (Kraken): $59,421 (651 weeks)
[2026-03-23 04:48:58] [INFO] Check complete. BTC $68,487 | -3.2% from anchor $70,752
[2026-03-23 05:03:58] [INFO] BTC/USD: $68,380
[2026-03-23 05:03:58] [INFO] BTC 200W SMA (Kraken): $59,421 (651 weeks)
[2026-03-23 05:03:58] [INFO] Check complete. BTC $68,380 | -3.4% from anchor $70,752
[2026-03-23 05:18:59] [INFO] BTC/USD: $68,284
[2026-03-23 05:18:59] [INFO] BTC 200W SMA (Kraken): $59,420 (651 weeks)
[2026-03-23 05:18:59] [INFO] Check complete. BTC $68,284 | -3.5% from anchor $70,752
[2026-03-23 05:34:00] [INFO] BTC/USD: $68,172
[2026-03-23 05:34:00] [INFO] BTC 200W SMA (Kraken): $59,419 (651 weeks)
[2026-03-23 05:34:00] [INFO] Check complete. BTC $68,172 | -3.6% from anchor $70,752
[2026-03-23 05:49:01] [INFO] BTC/USD: $68,191
[2026-03-23 05:49:01] [INFO] BTC 200W SMA (Kraken): $59,420 (651 weeks)
[2026-03-23 05:49:01] [INFO] Check complete. BTC $68,191 | -3.6% from anchor $70,752
[2026-03-23 06:04:01] [INFO] BTC/USD: $68,296
[2026-03-23 06:04:02] [INFO] BTC 200W SMA (Kraken): $59,421 (651 weeks)
[2026-03-23 06:04:02] [INFO] Check complete. BTC $68,296 | -3.5% from anchor $70,752
[2026-03-23 06:19:02] [INFO] BTC/USD: $68,576
[2026-03-23 06:19:02] [INFO] BTC 200W SMA (Kraken): $59,422 (651 weeks)
[2026-03-23 06:19:02] [INFO] Check complete. BTC $68,576 | -3.1% from anchor $70,752
[2026-03-23 06:34:03] [INFO] BTC/USD: $68,408
[2026-03-23 06:34:03] [INFO] BTC 200W SMA (Kraken): $59,421 (651 weeks)
[2026-03-23 06:34:03] [INFO] Check complete. BTC $68,408 | -3.3% from anchor $70,752
[2026-03-23 06:49:03] [INFO] BTC/USD: $68,393
[2026-03-23 06:49:04] [INFO] BTC 200W SMA (Kraken): $59,421 (651 weeks)
[2026-03-23 06:49:04] [INFO] Check complete. BTC $68,393 | -3.3% from anchor $70,752
[2026-03-23 07:04:04] [INFO] BTC/USD: $68,602
[2026-03-23 07:04:04] [INFO] BTC 200W SMA (Kraken): $59,422 (651 weeks)
[2026-03-23 07:04:04] [INFO] Check complete. BTC $68,602 | -3.0% from anchor $70,752
[2026-03-23 07:19:05] [INFO] BTC/USD: $70,942
[2026-03-23 07:19:05] [INFO] BTC 200W SMA (Kraken): $59,433 (651 weeks)
[2026-03-23 07:19:05] [INFO] Check complete. BTC $70,942 | +0.3% from anchor $70,752
[2026-03-23 07:34:05] [INFO] BTC/USD: $70,906
[2026-03-23 07:34:06] [INFO] BTC 200W SMA (Kraken): $59,434 (651 weeks)
[2026-03-23 07:34:06] [INFO] Check complete. BTC $70,906 | +0.2% from anchor $70,752
[2026-03-23 07:49:06] [INFO] BTC/USD: $70,327
[2026-03-23 07:49:06] [INFO] BTC 200W SMA (Kraken): $59,430 (651 weeks)
[2026-03-23 07:49:06] [INFO] Check complete. BTC $70,327 | -0.6% from anchor $70,752
[2026-03-23 08:04:07] [INFO] BTC/USD: $69,837
[2026-03-23 08:04:07] [INFO] BTC 200W SMA (Kraken): $59,428 (651 weeks)
[2026-03-23 08:04:07] [INFO] Check complete. BTC $69,837 | -1.3% from anchor $70,752
[2026-03-23 08:19:08] [INFO] BTC/USD: $70,122
[2026-03-23 08:19:08] [INFO] BTC 200W SMA (Kraken): $59,430 (651 weeks)
[2026-03-23 08:19:08] [INFO] Check complete. BTC $70,122 | -0.9% from anchor $70,752
[2026-03-23 08:34:08] [INFO] BTC/USD: $70,263
[2026-03-23 08:34:09] [INFO] BTC 200W SMA (Kraken): $59,430 (651 weeks)
[2026-03-23 08:34:09] [INFO] Check complete. BTC $70,263 | -0.7% from anchor $70,752
[2026-03-23 08:49:09] [INFO] BTC/USD: $70,780
[2026-03-23 08:49:09] [INFO] BTC 200W SMA (Kraken): $59,433 (651 weeks)
[2026-03-23 08:49:09] [INFO] Check complete. BTC $70,780 | +0.0% from anchor $70,752
[2026-03-23 09:04:10] [INFO] BTC/USD: $70,686
[2026-03-23 09:04:10] [INFO] BTC 200W SMA (Kraken): $59,433 (651 weeks)
[2026-03-23 09:04:10] [INFO] Check complete. BTC $70,686 | -0.1% from anchor $70,752
[2026-03-23 09:19:10] [INFO] BTC/USD: $70,753
[2026-03-23 09:19:11] [INFO] BTC 200W SMA (Kraken): $59,433 (651 weeks)
[2026-03-23 09:19:11] [INFO] Check complete. BTC $70,753 | +0.0% from anchor $70,752
[2026-03-23 09:34:11] [INFO] Monday market open — resetting alert thresholds
[2026-03-23 09:34:11] [INFO] BTC/USD: $70,727
[2026-03-23 09:34:12] [INFO] BTC 200W SMA (Kraken): $59,433 (651 weeks)
[2026-03-23 09:34:12] [INFO] Telegram sent: 🚨🚨🚨 mNAV KILL SWITCH WARNING
Est. mNAV premium: 0.00x (threshold: 0.75x)
BTC: $7...
[2026-03-23 09:34:12] [INFO] KILL SWITCH WARNING: est. premium 0.00x
[2026-03-23 09:34:12] [INFO] Check complete. BTC $70,727 | -0.0% from anchor $70,752
[2026-03-23 09:49:13] [INFO] BTC/USD: $71,166
[2026-03-23 09:49:13] [INFO] BTC 200W SMA (Kraken): $59,434 (651 weeks)
[2026-03-23 09:49:13] [INFO] Check complete. BTC $71,166 | +0.6% from anchor $70,752
[2026-03-23 10:04:13] [INFO] BTC/USD: $71,557
[2026-03-23 10:04:14] [INFO] BTC 200W SMA (Kraken): $59,437 (651 weeks)
[2026-03-23 10:04:14] [INFO] Check complete. BTC $71,557 | +1.1% from anchor $70,752
[2026-03-23 10:19:14] [INFO] BTC/USD: $71,618
[2026-03-23 10:19:14] [INFO] BTC 200W SMA (Kraken): $59,437 (651 weeks)
[2026-03-23 10:19:14] [INFO] Check complete. BTC $71,618 | +1.2% from anchor $70,752
[2026-03-23 10:34:15] [INFO] BTC/USD: $71,332
[2026-03-23 10:34:15] [INFO] BTC 200W SMA (Kraken): $59,435 (651 weeks)
[2026-03-23 10:34:15] [INFO] Check complete. BTC $71,332 | +0.8% from anchor $70,752
[2026-03-23 10:49:15] [INFO] BTC/USD: $71,321
[2026-03-23 10:49:16] [INFO] BTC 200W SMA (Kraken): $59,435 (651 weeks)
[2026-03-23 10:49:16] [INFO] Check complete. BTC $71,321 | +0.8% from anchor $70,752
[2026-03-23 11:04:16] [INFO] BTC/USD: $71,561
[2026-03-23 11:04:17] [INFO] BTC 200W SMA (Kraken): $59,436 (651 weeks)
[2026-03-23 11:04:17] [INFO] Check complete. BTC $71,561 | +1.1% from anchor $70,752
[2026-03-23 11:19:17] [INFO] BTC/USD: $71,266
[2026-03-23 11:19:17] [INFO] BTC 200W SMA (Kraken): $59,435 (651 weeks)
[2026-03-23 11:19:17] [INFO] Check complete. BTC $71,266 | +0.7% from anchor $70,752
[2026-03-23 11:34:18] [INFO] BTC/USD: $70,879
[2026-03-23 11:34:18] [INFO] BTC 200W SMA (Kraken): $59,433 (651 weeks)
[2026-03-23 11:34:18] [INFO] Check complete. BTC $70,879 | +0.2% from anchor $70,752
[2026-03-23 11:49:19] [INFO] BTC/USD: $70,636
[2026-03-23 11:49:19] [INFO] BTC 200W SMA (Kraken): $59,433 (651 weeks)
[2026-03-23 11:49:19] [INFO] Check complete. BTC $70,636 | -0.2% from anchor $70,752
[2026-03-23 12:04:19] [INFO] BTC/USD: $70,257
[2026-03-23 12:04:20] [INFO] BTC 200W SMA (Kraken): $59,430 (651 weeks)
[2026-03-23 12:04:20] [INFO] Check complete. BTC $70,257 | -0.7% from anchor $70,752
[2026-03-23 12:19:20] [INFO] BTC/USD: $70,367
[2026-03-23 12:19:20] [INFO] BTC 200W SMA (Kraken): $59,431 (651 weeks)
[2026-03-23 12:19:20] [INFO] Check complete. BTC $70,367 | -0.5% from anchor $70,752
[2026-03-23 12:34:21] [INFO] BTC/USD: $70,274
[2026-03-23 12:34:21] [INFO] BTC 200W SMA (Kraken): $59,431 (651 weeks)
[2026-03-23 12:34:21] [INFO] Check complete. BTC $70,274 | -0.7% from anchor $70,752
[2026-03-23 12:49:21] [INFO] BTC/USD: $70,649
[2026-03-23 12:49:22] [INFO] BTC 200W SMA (Kraken): $59,432 (651 weeks)
[2026-03-23 12:49:22] [INFO] Check complete. BTC $70,649 | -0.1% from anchor $70,752
[2026-03-23 13:04:22] [INFO] BTC/USD: $70,512
[2026-03-23 13:04:23] [INFO] BTC 200W SMA (Kraken): $59,432 (651 weeks)
[2026-03-23 13:04:23] [INFO] Check complete. BTC $70,512 | -0.3% from anchor $70,752
[2026-03-23 13:19:23] [INFO] BTC/USD: $70,608
[2026-03-23 13:19:23] [INFO] BTC 200W SMA (Kraken): $59,432 (651 weeks)
[2026-03-23 13:19:23] [INFO] Check complete. BTC $70,608 | -0.2% from anchor $70,752
[2026-03-23 13:34:24] [INFO] BTC/USD: $70,596
[2026-03-23 13:34:24] [INFO] BTC 200W SMA (Kraken): $59,433 (651 weeks)
[2026-03-23 13:34:24] [INFO] Check complete. BTC $70,596 | -0.2% from anchor $70,752
[2026-03-23 13:49:24] [INFO] BTC/USD: $70,907
[2026-03-23 13:49:25] [INFO] BTC 200W SMA (Kraken): $59,434 (651 weeks)
[2026-03-23 13:49:25] [INFO] Check complete. BTC $70,907 | +0.2% from anchor $70,752
[2026-03-23 14:04:25] [INFO] BTC/USD: $71,098
[2026-03-23 14:04:25] [INFO] BTC 200W SMA (Kraken): $59,435 (651 weeks)
[2026-03-23 14:04:25] [INFO] Check complete. BTC $71,098 | +0.5% from anchor $70,752
[2026-03-23 14:19:26] [INFO] BTC/USD: $70,990
[2026-03-23 14:19:26] [INFO] BTC 200W SMA (Kraken): $59,434 (651 weeks)
[2026-03-23 14:19:26] [INFO] Check complete. BTC $70,990 | +0.3% from anchor $70,752
[2026-03-23 14:34:27] [INFO] BTC/USD: $70,968
[2026-03-23 14:34:27] [INFO] BTC 200W SMA (Kraken): $59,434 (651 weeks)
[2026-03-23 14:34:27] [INFO] Check complete. BTC $70,968 | +0.3% from anchor $70,752
[2026-03-23 14:49:27] [INFO] BTC/USD: $71,056
[2026-03-23 14:49:28] [INFO] BTC 200W SMA (Kraken): $59,434 (651 weeks)
[2026-03-23 14:49:28] [INFO] Check complete. BTC $71,056 | +0.4% from anchor $70,752
[2026-03-23 14:54:22] [INFO] PID lockfile created: /Users/eddiemae/rudy/data/btc_sentinel.pid (PID 70022)
[2026-03-23 14:54:22] [INFO] ==================================================
[2026-03-23 14:54:22] [INFO] BTC SENTINEL — Starting daemon loop
[2026-03-23 14:54:22] [INFO] Check interval: 900s (15 min)
[2026-03-23 14:54:22] [INFO] ==================================================
[2026-03-23 14:54:22] [INFO] BTC/USD: $70,985
[2026-03-23 14:54:22] [INFO] BTC 200W SMA (Kraken): $59,434 (651 weeks)
[2026-03-23 14:54:22] [INFO] Check complete. BTC $70,985 | +0.3% from anchor $70,752
[2026-03-23 15:09:23] [INFO] BTC/USD: $70,937
[2026-03-23 15:09:23] [INFO] BTC 200W SMA (Kraken): $59,434 (651 weeks)
[2026-03-23 15:09:23] [INFO] Check complete. BTC $70,937 | +0.3% from anchor $70,752
[2026-03-23 15:24:23] [INFO] BTC/USD: $70,935
[2026-03-23 15:24:24] [INFO] BTC 200W SMA (Kraken): $59,434 (651 weeks)
[2026-03-23 15:24:24] [INFO] Check complete. BTC $70,935 | +0.3% from anchor $70,752
[2026-03-23 15:39:24] [INFO] BTC/USD: $70,924
[2026-03-23 15:39:24] [INFO] BTC 200W SMA (Kraken): $59,434 (651 weeks)
[2026-03-23 15:39:24] [INFO] Check complete. BTC $70,924 | +0.2% from anchor $70,752
[2026-03-23 15:54:25] [INFO] BTC/USD: $70,734
[2026-03-23 15:54:25] [INFO] BTC 200W SMA (Kraken): $59,433 (651 weeks)
[2026-03-23 15:54:25] [INFO] Check complete. BTC $70,734 | -0.0% from anchor $70,752
[2026-03-23 16:09:25] [INFO] Market close anchor: BTC $70,610
[2026-03-23 16:24:26] [INFO] BTC/USD: $70,769
[2026-03-23 16:24:26] [INFO] BTC 200W SMA (Kraken): $59,433 (651 weeks)
[2026-03-23 16:24:26] [INFO] Check complete. BTC $70,769 | +0.2% from anchor $70,610
[2026-03-23 16:39:26] [INFO] BTC/USD: $70,931
[2026-03-23 16:39:27] [INFO] BTC 200W SMA (Kraken): $59,433 (651 weeks)
[2026-03-23 16:39:27] [INFO] Check complete. BTC $70,931 | +0.5% from anchor $70,610
[2026-03-23 16:54:27] [INFO] BTC/USD: $70,901
[2026-03-23 16:54:28] [INFO] BTC 200W SMA (Kraken): $59,433 (651 weeks)
[2026-03-23 16:54:28] [INFO] Check complete. BTC $70,901 | +0.4% from anchor $70,610
[2026-03-23 17:09:28] [INFO] BTC/USD: $70,900
[2026-03-23 17:09:28] [INFO] BTC 200W SMA (Kraken): $59,433 (651 weeks)
[2026-03-23 17:09:28] [INFO] Check complete. BTC $70,900 | +0.4% from anchor $70,610
[2026-03-23 17:24:29] [INFO] BTC/USD: $70,856
[2026-03-23 17:24:29] [INFO] BTC 200W SMA (Kraken): $59,433 (651 weeks)
[2026-03-23 17:24:29] [INFO] Check complete. BTC $70,856 | +0.3% from anchor $70,610
[2026-03-23 17:39:29] [INFO] BTC/USD: $70,941
[2026-03-23 17:39:30] [INFO] BTC 200W SMA (Kraken): $59,434 (651 weeks)
[2026-03-23 17:39:30] [INFO] Check complete. BTC $70,941 | +0.5% from anchor $70,610
[2026-03-23 17:54:30] [INFO] BTC/USD: $70,926
[2026-03-23 17:54:30] [INFO] BTC 200W SMA (Kraken): $59,434 (651 weeks)
[2026-03-23 17:54:30] [INFO] Check complete. BTC $70,926 | +0.4% from anchor $70,610
[2026-03-23 18:09:31] [INFO] BTC/USD: $70,654
[2026-03-23 18:09:31] [INFO] BTC 200W SMA (Kraken): $59,432 (651 weeks)
[2026-03-23 18:09:31] [INFO] Check complete. BTC $70,654 | +0.1% from anchor $70,610
[2026-03-23 18:24:32] [INFO] BTC/USD: $70,633
[2026-03-23 18:24:32] [INFO] BTC 200W SMA (Kraken): $59,432 (651 weeks)
[2026-03-23 18:24:32] [INFO] Check complete. BTC $70,633 | +0.0% from anchor $70,610
[2026-03-23 18:39:32] [INFO] BTC/USD: $70,631
[2026-03-23 18:39:32] [INFO] BTC 200W SMA (Kraken): $59,432 (651 weeks)
[2026-03-23 18:39:32] [INFO] Check complete. BTC $70,631 | +0.0% from anchor $70,610
[2026-03-23 18:54:33] [INFO] BTC/USD: $70,716
[2026-03-23 18:54:33] [INFO] BTC 200W SMA (Kraken): $59,433 (651 weeks)
[2026-03-23 18:54:33] [INFO] Check complete. BTC $70,716 | +0.2% from anchor $70,610
[2026-03-23 19:09:34] [INFO] BTC/USD: $70,667
[2026-03-23 19:09:34] [INFO] BTC 200W SMA (Kraken): $59,432 (651 weeks)
[2026-03-23 19:09:34] [INFO] Check complete. BTC $70,667 | +0.1% from anchor $70,610
[2026-03-23 19:24:34] [INFO] BTC/USD: $70,406
[2026-03-23 19:24:34] [INFO] BTC 200W SMA (Kraken): $59,431 (651 weeks)
[2026-03-23 19:24:35] [INFO] Telegram sent: 🚨🚨🚨 mNAV KILL SWITCH WARNING
Est. mNAV premium: 0.75x (threshold: 0.75x)
BTC: $7...
[2026-03-23 19:24:35] [INFO] KILL SWITCH WARNING: est. premium 0.75x
[2026-03-23 19:24:35] [INFO] Check complete. BTC $70,406 | -0.3% from anchor $70,610
[2026-03-23 19:39:36] [INFO] BTC/USD: $70,658
[2026-03-23 19:39:36] [INFO] BTC 200W SMA (Kraken): $59,432 (651 weeks)
[2026-03-23 19:39:36] [INFO] Check complete. BTC $70,658 | +0.1% from anchor $70,610
[2026-03-23 19:54:36] [INFO] BTC/USD: $70,798
[2026-03-23 19:54:37] [INFO] BTC 200W SMA (Kraken): $59,433 (651 weeks)
[2026-03-23 19:54:37] [INFO] Check complete. BTC $70,798 | +0.3% from anchor $70,610
[2026-03-23 20:09:37] [INFO] BTC/USD: $70,914
[2026-03-23 20:09:37] [INFO] BTC 200W SMA (Kraken): $59,433 (651 weeks)
[2026-03-23 20:09:37] [INFO] Check complete. BTC $70,914 | +0.4% from anchor $70,610
[2026-03-23 20:24:37] [INFO] BTC/USD: $70,722
[2026-03-23 20:24:38] [INFO] BTC 200W SMA (Kraken): $59,433 (651 weeks)
[2026-03-23 20:24:38] [INFO] Check complete. BTC $70,722 | +0.2% from anchor $70,610
[2026-03-23 20:39:38] [INFO] BTC/USD: $70,648
[2026-03-23 20:39:38] [INFO] BTC 200W SMA (Kraken): $59,431 (651 weeks)
[2026-03-23 20:39:38] [INFO] Check complete. BTC $70,648 | +0.1% from anchor $70,610
[2026-03-23 20:54:39] [INFO] BTC/USD: $70,692
[2026-03-23 20:54:39] [INFO] BTC 200W SMA (Kraken): $59,433 (651 weeks)
[2026-03-23 20:54:39] [INFO] Check complete. BTC $70,692 | +0.1% from anchor $70,610
[2026-03-23 21:09:39] [INFO] BTC/USD: $70,628
[2026-03-23 21:09:40] [INFO] BTC 200W SMA (Kraken): $59,432 (651 weeks)
[2026-03-23 21:09:40] [INFO] Check complete. BTC $70,628 | +0.0% from anchor $70,610
[2026-03-23 21:24:40] [INFO] BTC/USD: $70,743
[2026-03-23 21:24:40] [INFO] BTC 200W SMA (Kraken): $59,433 (651 weeks)
[2026-03-23 21:24:40] [INFO] Check complete. BTC $70,743 | +0.2% from anchor $70,610
[2026-03-23 21:39:41] [INFO] BTC/USD: $70,653
[2026-03-23 21:39:41] [INFO] BTC 200W SMA (Kraken): $59,432 (651 weeks)
[2026-03-23 21:39:41] [INFO] Check complete. BTC $70,653 | +0.1% from anchor $70,610
[2026-03-23 21:54:41] [INFO] BTC/USD: $70,532
[2026-03-23 21:54:41] [INFO] BTC 200W SMA (Kraken): $59,432 (651 weeks)
[2026-03-23 21:54:41] [INFO] Check complete. BTC $70,532 | -0.1% from anchor $70,610
[2026-03-23 22:09:42] [INFO] BTC/USD: $70,556
[2026-03-23 22:09:42] [INFO] BTC 200W SMA (Kraken): $59,432 (651 weeks)
[2026-03-23 22:09:42] [INFO] Check complete. BTC $70,556 | -0.1% from anchor $70,610
[2026-03-23 22:24:42] [INFO] BTC/USD: $70,570
[2026-03-23 22:24:43] [INFO] BTC 200W SMA (Kraken): $59,432 (651 weeks)
[2026-03-23 22:24:43] [INFO] Check complete. BTC $70,570 | -0.1% from anchor $70,610
