[2026-03-20 16:05:04] [INFO] ==================================================
[2026-03-20 16:05:04] [INFO] DAILY STATUS REPORTER — Running
[2026-03-20 16:05:04] [INFO] ==================================================
[2026-03-20 16:05:04] [INFO] Update type: close
[2026-03-20 16:05:05] [INFO] Telegram sent (354 chars)
[2026-03-20 16:05:05] [INFO] Done
[2026-03-23 09:35:00] [INFO] ==================================================
[2026-03-23 09:35:00] [INFO] DAILY STATUS REPORTER — Running
[2026-03-23 09:35:00] [INFO] ==================================================
[2026-03-23 09:35:00] [INFO] Update type: open
[2026-03-23 09:35:01] [INFO] Telegram sent (298 chars)
[2026-03-23 09:35:01] [INFO] Done
[2026-03-23 12:00:01] [INFO] ==================================================
[2026-03-23 12:00:01] [INFO] DAILY STATUS REPORTER — Running
[2026-03-23 12:00:01] [INFO] ==================================================
[2026-03-23 12:00:01] [INFO] Update type: midday
[2026-03-23 12:00:02] [INFO] Telegram sent (292 chars)
[2026-03-23 12:00:02] [INFO] Done
[2026-03-23 16:05:00] [INFO] ==================================================
[2026-03-23 16:05:00] [INFO] DAILY STATUS REPORTER — Running
[2026-03-23 16:05:00] [INFO] ==================================================
[2026-03-23 16:05:00] [INFO] Update type: close
[2026-03-23 16:05:01] [INFO] Telegram sent (357 chars)
[2026-03-23 16:05:01] [INFO] Done
