[Grok 2026-03-23 08:00:01] ==================================================
[Grok 2026-03-23 08:00:01] Starting Grok real-time X scan
[Grok 2026-03-23 08:00:25] Grok responded
[Grok 2026-03-23 08:00:25] Intel saved to /Users/eddiemae/rudy/data/grok_intel.json
[Grok 2026-03-23 08:00:25] GROK X INTELLIGENCE REPORT
Sentiment: MIXED

X is currently buzzing with discussions around Bitcoin and MicroStrategy (MSTR) due to recent price volatility in BTC, alongside macro concerns tied to DXY strength and Fed rate speculation. There’s notable chatter on BTC proxies like MARA and RIOT as miners react to crypto market moves. Unusual options activity is being flagged for SPY and MSTR, with some influencers pointing to potential whale m

HIGH CONFIDENCE SIGNALS:
  BTC -> WATCH (multiple)
    Heavy discussion on Bitcoin breaking key resistance at $70K, with mixed views on sustainability of the move amid macro h

MEDIUM SIGNALS:
  MSTR -> BUY — Multiple posts citing unusual call options activity for April expiries, suggesti
  DXY -> BUY — Strength in dollar index tied to hawkish Fed commentary circulating on X, with u
  MARA -> BUY — Positive sentiment as a BTC proxy, with users noting increased mining profitabil

Hot: MSTR, BTC, SPY, MARA, DXY

Catalysts: Potential Bitcoin ETF inflows for IBIT and GBTC as per @DeItaone post, Upcoming Fed minutes release impacting DXY, TLT, and SPY as mentioned in macro threads, MicroStrategy earnings in early April, with whispers of increased BTC holdings per general chatter

Risks: Rising VIX and TLT weakness signaling market fear over bond yield spikes, discussed widely, Bearish SPY options flow indicating potential downside for broader markets, per @optionsflow, High short interest in RIOT and CLSK could lead to volatility if BTC retraces, per user warnings

INFLUENCER ALERTS:
  @unusual_whales (bullish): Posted about unusual call volume in MSTR, with over 10K contracts traded for April $200 strikes.
    Tickers: MSTR
  @optionsflow (bearish): Highlighted bearish SPY put buying, suggesting institutional hedging ahead of Fed minutes.
    Tickers: SPY
  @CathieDWood (bullish): Shared optimism on Bitcoin’s long-term value as a hedge against inflation, reiterating ARK’s bullish
    Tickers: BTC
  @TikTokInvestors (bullish): Hyping JOBY as the next big thing in eVTOL, urging followers to get in early before certification ne
    Tickers: JOBY
[Grok 2026-03-23 08:00:26] Grok scan complete
[Grok 2026-03-23 08:00:26] ==================================================
