[2026-03-15 20:39:45] ─── Paper Monitor Check ───
[2026-03-15 20:39:46]   MSTR: $139.67 | 200W SMA: $149.55 (-6.6%)
[2026-03-15 20:39:46]   BTC: $72,643
[2026-03-15 20:39:46]   mNAV Premium: 0.87x | Dip flag: False | Green count: 0 | Armed: False
[2026-03-15 20:39:46]   🚨 ALERT [DIP_BELOW_200W]: INFO
[2026-03-16 09:00:00] ─── Paper Monitor Check ───
[2026-03-16 09:00:01]   MSTR: $139.67 | 200W SMA: $148.95 (-6.2%)
[2026-03-16 09:00:01]   BTC: $73,850
[2026-03-16 09:00:01]   mNAV Premium: 0.86x | Dip flag: True | Green count: 0 | Armed: False
[2026-03-16 09:00:01]   No new signals.
[2026-03-16 09:00:00] ─── Paper Monitor Check ───
[2026-03-16 09:00:01]   MSTR: $139.67 | 200W SMA: $148.95 (-6.2%)
[2026-03-16 09:00:01]   BTC: $73,850
[2026-03-16 09:00:01]   mNAV Premium: 0.86x | Dip flag: True | Green count: 0 | Armed: False
[2026-03-16 09:00:01]   No new signals.
[2026-03-16 09:05:00] ─── Paper Monitor Check ───
[2026-03-16 09:05:00]   MSTR: $139.67 | 200W SMA: $148.95 (-6.2%)
[2026-03-16 09:05:00]   BTC: $73,908
[2026-03-16 09:05:00]   mNAV Premium: 0.86x | Dip flag: True | Green count: 0 | Armed: False
[2026-03-16 09:05:00]   No new signals.
[2026-03-16 09:05:00] ─── Paper Monitor Check ───
[2026-03-16 09:05:00]   MSTR: $139.67 | 200W SMA: $148.95 (-6.2%)
[2026-03-16 09:05:00]   BTC: $73,908
[2026-03-16 09:05:00]   mNAV Premium: 0.86x | Dip flag: True | Green count: 0 | Armed: False
[2026-03-16 09:05:00]   No new signals.
[2026-03-16 09:10:00] ─── Paper Monitor Check ───
[2026-03-16 09:10:01]   MSTR: $139.67 | 200W SMA: $148.95 (-6.2%)
[2026-03-16 09:10:01]   BTC: $73,925
[2026-03-16 09:10:01]   mNAV Premium: 0.86x | Dip flag: True | Green count: 0 | Armed: False
[2026-03-16 09:10:01]   No new signals.
[2026-03-16 09:10:00] ─── Paper Monitor Check ───
[2026-03-16 09:10:01]   MSTR: $139.67 | 200W SMA: $148.95 (-6.2%)
[2026-03-16 09:10:01]   BTC: $73,925
[2026-03-16 09:10:01]   mNAV Premium: 0.86x | Dip flag: True | Green count: 0 | Armed: False
[2026-03-16 09:10:01]   No new signals.
[2026-03-16 09:15:00] ─── Paper Monitor Check ───
[2026-03-16 09:15:01]   MSTR: $139.67 | 200W SMA: $148.95 (-6.2%)
[2026-03-16 09:15:01]   BTC: $73,918
[2026-03-16 09:15:01]   mNAV Premium: 0.86x | Dip flag: True | Green count: 0 | Armed: False
[2026-03-16 09:15:01]   No new signals.
[2026-03-16 09:15:00] ─── Paper Monitor Check ───
[2026-03-16 09:15:01]   MSTR: $139.67 | 200W SMA: $148.95 (-6.2%)
[2026-03-16 09:15:01]   BTC: $73,918
[2026-03-16 09:15:01]   mNAV Premium: 0.86x | Dip flag: True | Green count: 0 | Armed: False
[2026-03-16 09:15:01]   No new signals.
[2026-03-16 09:20:00] ─── Paper Monitor Check ───
[2026-03-16 09:20:01]   MSTR: $139.67 | 200W SMA: $148.95 (-6.2%)
[2026-03-16 09:20:01]   BTC: $73,912
[2026-03-16 09:20:01]   mNAV Premium: 0.86x | Dip flag: True | Green count: 0 | Armed: False
[2026-03-16 09:20:01]   No new signals.
[2026-03-16 09:20:00] ─── Paper Monitor Check ───
[2026-03-16 09:20:01]   MSTR: $139.67 | 200W SMA: $148.95 (-6.2%)
[2026-03-16 09:20:01]   BTC: $73,912
[2026-03-16 09:20:01]   mNAV Premium: 0.86x | Dip flag: True | Green count: 0 | Armed: False
[2026-03-16 09:20:01]   No new signals.
[2026-03-16 09:25:00] ─── Paper Monitor Check ───
[2026-03-16 09:25:01]   MSTR: $139.67 | 200W SMA: $148.95 (-6.2%)
[2026-03-16 09:25:01]   BTC: $73,889
[2026-03-16 09:25:01]   mNAV Premium: 0.86x | Dip flag: True | Green count: 0 | Armed: False
[2026-03-16 09:25:01]   No new signals.
[2026-03-16 09:25:00] ─── Paper Monitor Check ───
[2026-03-16 09:25:01]   MSTR: $139.67 | 200W SMA: $148.95 (-6.2%)
[2026-03-16 09:25:01]   BTC: $73,889
[2026-03-16 09:25:01]   mNAV Premium: 0.86x | Dip flag: True | Green count: 0 | Armed: False
[2026-03-16 09:25:01]   No new signals.
[2026-03-16 09:30:01] ─── Paper Monitor Check ───
[2026-03-16 09:30:01]   MSTR: $139.67 | 200W SMA: $149.58 (-6.6%)
[2026-03-16 09:30:01]   BTC: $73,902
[2026-03-16 09:30:01]   mNAV Premium: 0.86x | Dip flag: True | Green count: 0 | Armed: False
[2026-03-16 09:30:01]   No new signals.
[2026-03-16 09:30:01] ─── Paper Monitor Check ───
[2026-03-16 09:30:01]   MSTR: $139.67 | 200W SMA: $149.58 (-6.6%)
[2026-03-16 09:30:01]   BTC: $73,902
[2026-03-16 09:30:01]   mNAV Premium: 0.86x | Dip flag: True | Green count: 0 | Armed: False
[2026-03-16 09:30:01]   No new signals.
[2026-03-16 09:35:00] ─── Paper Monitor Check ───
[2026-03-16 09:35:01]   MSTR: $146.98 | 200W SMA: $149.59 (-1.7%)
[2026-03-16 09:35:01]   BTC: $74,101
[2026-03-16 09:35:01]   mNAV Premium: 0.90x | Dip flag: True | Green count: 0 | Armed: False
[2026-03-16 09:35:01]   No new signals.
[2026-03-16 09:35:00] ─── Paper Monitor Check ───
[2026-03-16 09:35:01]   MSTR: $146.98 | 200W SMA: $149.59 (-1.7%)
[2026-03-16 09:35:01]   BTC: $74,101
[2026-03-16 09:35:01]   mNAV Premium: 0.90x | Dip flag: True | Green count: 0 | Armed: False
[2026-03-16 09:35:01]   No new signals.
[2026-03-16 09:40:00] ─── Paper Monitor Check ───
[2026-03-16 09:40:01]   MSTR: $146.66 | 200W SMA: $149.58 (-2.0%)
[2026-03-16 09:40:01]   BTC: $74,284
[2026-03-16 09:40:01]   mNAV Premium: 0.90x | Dip flag: True | Green count: 0 | Armed: False
[2026-03-16 09:40:01]   No new signals.
[2026-03-16 09:40:00] ─── Paper Monitor Check ───
[2026-03-16 09:40:01]   MSTR: $146.66 | 200W SMA: $149.58 (-2.0%)
[2026-03-16 09:40:01]   BTC: $74,284
[2026-03-16 09:40:01]   mNAV Premium: 0.90x | Dip flag: True | Green count: 0 | Armed: False
[2026-03-16 09:40:01]   No new signals.
[2026-03-16 09:45:00] ─── Paper Monitor Check ───
[2026-03-16 09:45:01]   MSTR: $146.38 | 200W SMA: $149.58 (-2.1%)
[2026-03-16 09:45:01]   BTC: $74,231
[2026-03-16 09:45:01]   mNAV Premium: 0.89x | Dip flag: True | Green count: 0 | Armed: False
[2026-03-16 09:45:01]   No new signals.
[2026-03-16 09:45:00] ─── Paper Monitor Check ───
[2026-03-16 09:45:01]   MSTR: $146.38 | 200W SMA: $149.58 (-2.1%)
[2026-03-16 09:45:01]   BTC: $74,231
[2026-03-16 09:45:01]   mNAV Premium: 0.89x | Dip flag: True | Green count: 0 | Armed: False
[2026-03-16 09:45:01]   No new signals.
[2026-03-16 09:50:01] ─── Paper Monitor Check ───
[2026-03-16 09:50:01]   MSTR: $146.31 | 200W SMA: $149.58 (-2.2%)
[2026-03-16 09:50:01]   BTC: $74,315
[2026-03-16 09:50:01]   mNAV Premium: 0.89x | Dip flag: True | Green count: 0 | Armed: False
[2026-03-16 09:50:01]   No new signals.
[2026-03-16 09:50:01] ─── Paper Monitor Check ───
[2026-03-16 09:50:01]   MSTR: $146.31 | 200W SMA: $149.58 (-2.2%)
[2026-03-16 09:50:01]   BTC: $74,315
[2026-03-16 09:50:01]   mNAV Premium: 0.89x | Dip flag: True | Green count: 0 | Armed: False
[2026-03-16 09:50:01]   No new signals.
[2026-03-16 09:55:00] ─── Paper Monitor Check ───
[2026-03-16 09:55:01]   MSTR: $144.23 | 200W SMA: $149.57 (-3.6%)
[2026-03-16 09:55:01]   BTC: $74,016
[2026-03-16 09:55:01]   mNAV Premium: 0.88x | Dip flag: True | Green count: 0 | Armed: False
[2026-03-16 09:55:01]   No new signals.
[2026-03-16 09:55:00] ─── Paper Monitor Check ───
[2026-03-16 09:55:01]   MSTR: $144.23 | 200W SMA: $149.57 (-3.6%)
[2026-03-16 09:55:01]   BTC: $74,016
[2026-03-16 09:55:01]   mNAV Premium: 0.88x | Dip flag: True | Green count: 0 | Armed: False
[2026-03-16 09:55:01]   No new signals.
[2026-03-16 10:00:00] ─── Paper Monitor Check ───
[2026-03-16 10:00:01]   MSTR: $146.68 | 200W SMA: $149.58 (-1.9%)
[2026-03-16 10:00:01]   BTC: $73,993
[2026-03-16 10:00:01]   mNAV Premium: 0.90x | Dip flag: True | Green count: 0 | Armed: False
[2026-03-16 10:00:01]   No new signals.
[2026-03-16 10:00:00] ─── Paper Monitor Check ───
[2026-03-16 10:00:01]   MSTR: $146.68 | 200W SMA: $149.58 (-1.9%)
[2026-03-16 10:00:01]   BTC: $73,993
[2026-03-16 10:00:01]   mNAV Premium: 0.90x | Dip flag: True | Green count: 0 | Armed: False
[2026-03-16 10:00:01]   No new signals.
[2026-03-16 10:05:01] ─── Paper Monitor Check ───
[2026-03-16 10:05:01]   MSTR: $146.96 | 200W SMA: $149.59 (-1.8%)
[2026-03-16 10:05:01]   BTC: $74,268
[2026-03-16 10:05:01]   mNAV Premium: 0.90x | Dip flag: True | Green count: 0 | Armed: False
[2026-03-16 10:05:01]   No new signals.
[2026-03-16 10:05:01] ─── Paper Monitor Check ───
[2026-03-16 10:05:01]   MSTR: $146.96 | 200W SMA: $149.59 (-1.8%)
[2026-03-16 10:05:01]   BTC: $74,268
[2026-03-16 10:05:01]   mNAV Premium: 0.90x | Dip flag: True | Green count: 0 | Armed: False
[2026-03-16 10:05:01]   No new signals.
[2026-03-16 10:10:00] ─── Paper Monitor Check ───
[2026-03-16 10:10:01]   MSTR: $147.78 | 200W SMA: $149.59 (-1.2%)
[2026-03-16 10:10:01]   BTC: $74,372
[2026-03-16 10:10:01]   mNAV Premium: 0.90x | Dip flag: True | Green count: 0 | Armed: False
[2026-03-16 10:10:01]   No new signals.
[2026-03-16 10:10:00] ─── Paper Monitor Check ───
[2026-03-16 10:10:01]   MSTR: $147.78 | 200W SMA: $149.59 (-1.2%)
[2026-03-16 10:10:01]   BTC: $74,372
[2026-03-16 10:10:01]   mNAV Premium: 0.90x | Dip flag: True | Green count: 0 | Armed: False
[2026-03-16 10:10:01]   No new signals.
[2026-03-16 10:15:00] ─── Paper Monitor Check ───
[2026-03-16 10:15:00]   MSTR: $147.74 | 200W SMA: $149.59 (-1.2%)
[2026-03-16 10:15:01]   BTC: $74,281
[2026-03-16 10:15:01]   mNAV Premium: 0.90x | Dip flag: True | Green count: 0 | Armed: False
[2026-03-16 10:15:01]   No new signals.
[2026-03-16 10:15:00] ─── Paper Monitor Check ───
[2026-03-16 10:15:00]   MSTR: $147.74 | 200W SMA: $149.59 (-1.2%)
[2026-03-16 10:15:01]   BTC: $74,281
[2026-03-16 10:15:01]   mNAV Premium: 0.90x | Dip flag: True | Green count: 0 | Armed: False
[2026-03-16 10:15:01]   No new signals.
[2026-03-16 10:20:00] ─── Paper Monitor Check ───
[2026-03-16 10:20:00]   MSTR: $147.60 | 200W SMA: $149.59 (-1.3%)
[2026-03-16 10:20:00]   BTC: $74,321
[2026-03-16 10:20:00]   mNAV Premium: 0.90x | Dip flag: True | Green count: 0 | Armed: False
[2026-03-16 10:20:00]   No new signals.
[2026-03-16 10:20:00] ─── Paper Monitor Check ───
[2026-03-16 10:20:00]   MSTR: $147.60 | 200W SMA: $149.59 (-1.3%)
[2026-03-16 10:20:00]   BTC: $74,321
[2026-03-16 10:20:00]   mNAV Premium: 0.90x | Dip flag: True | Green count: 0 | Armed: False
[2026-03-16 10:20:00]   No new signals.
[2026-03-16 10:25:00] ─── Paper Monitor Check ───
[2026-03-16 10:25:00]   MSTR: $147.59 | 200W SMA: $149.59 (-1.3%)
[2026-03-16 10:25:00]   BTC: $74,244
[2026-03-16 10:25:00]   mNAV Premium: 0.90x | Dip flag: True | Green count: 0 | Armed: False
[2026-03-16 10:25:00]   No new signals.
[2026-03-16 10:25:00] ─── Paper Monitor Check ───
[2026-03-16 10:25:00]   MSTR: $147.59 | 200W SMA: $149.59 (-1.3%)
[2026-03-16 10:25:00]   BTC: $74,244
[2026-03-16 10:25:00]   mNAV Premium: 0.90x | Dip flag: True | Green count: 0 | Armed: False
[2026-03-16 10:25:00]   No new signals.
[2026-03-16 10:30:00] ─── Paper Monitor Check ───
[2026-03-16 10:30:01]   MSTR: $145.87 | 200W SMA: $149.58 (-2.5%)
[2026-03-16 10:30:01]   BTC: $73,984
[2026-03-16 10:30:01]   mNAV Premium: 0.89x | Dip flag: True | Green count: 0 | Armed: False
[2026-03-16 10:30:01]   No new signals.
[2026-03-16 10:30:00] ─── Paper Monitor Check ───
[2026-03-16 10:30:01]   MSTR: $145.87 | 200W SMA: $149.58 (-2.5%)
[2026-03-16 10:30:01]   BTC: $73,984
[2026-03-16 10:30:01]   mNAV Premium: 0.89x | Dip flag: True | Green count: 0 | Armed: False
[2026-03-16 10:30:01]   No new signals.
[2026-03-16 10:35:00] ─── Paper Monitor Check ───
[2026-03-16 10:35:01]   MSTR: $145.78 | 200W SMA: $149.58 (-2.5%)
[2026-03-16 10:35:01]   BTC: $73,463
[2026-03-16 10:35:01]   mNAV Premium: 0.90x | Dip flag: True | Green count: 0 | Armed: False
[2026-03-16 10:35:01]   No new signals.
[2026-03-16 10:35:00] ─── Paper Monitor Check ───
[2026-03-16 10:35:01]   MSTR: $145.78 | 200W SMA: $149.58 (-2.5%)
[2026-03-16 10:35:01]   BTC: $73,463
[2026-03-16 10:35:01]   mNAV Premium: 0.90x | Dip flag: True | Green count: 0 | Armed: False
[2026-03-16 10:35:01]   No new signals.
[2026-03-16 10:40:00] ─── Paper Monitor Check ───
[2026-03-16 10:40:00]   MSTR: $145.19 | 200W SMA: $149.58 (-2.9%)
[2026-03-16 10:40:00]   BTC: $73,468
[2026-03-16 10:40:00]   mNAV Premium: 0.90x | Dip flag: True | Green count: 0 | Armed: False
[2026-03-16 10:40:00]   No new signals.
[2026-03-16 10:40:00] ─── Paper Monitor Check ───
[2026-03-16 10:40:00]   MSTR: $145.19 | 200W SMA: $149.58 (-2.9%)
[2026-03-16 10:40:00]   BTC: $73,468
[2026-03-16 10:40:00]   mNAV Premium: 0.90x | Dip flag: True | Green count: 0 | Armed: False
[2026-03-16 10:40:00]   No new signals.
[2026-03-16 10:45:00] ─── Paper Monitor Check ───
[2026-03-16 10:45:01]   MSTR: $145.04 | 200W SMA: $149.58 (-3.0%)
[2026-03-16 10:45:01]   BTC: $73,124
[2026-03-16 10:45:01]   mNAV Premium: 0.90x | Dip flag: True | Green count: 0 | Armed: False
[2026-03-16 10:45:01]   No new signals.
[2026-03-16 10:45:00] ─── Paper Monitor Check ───
[2026-03-16 10:45:01]   MSTR: $145.04 | 200W SMA: $149.58 (-3.0%)
[2026-03-16 10:45:01]   BTC: $73,124
[2026-03-16 10:45:01]   mNAV Premium: 0.90x | Dip flag: True | Green count: 0 | Armed: False
[2026-03-16 10:45:01]   No new signals.
[2026-03-16 10:50:00] ─── Paper Monitor Check ───
[2026-03-16 10:50:01]   MSTR: $144.40 | 200W SMA: $149.57 (-3.5%)
[2026-03-16 10:50:01]   BTC: $73,165
[2026-03-16 10:50:01]   mNAV Premium: 0.89x | Dip flag: True | Green count: 0 | Armed: False
[2026-03-16 10:50:01]   No new signals.
[2026-03-16 10:50:00] ─── Paper Monitor Check ───
[2026-03-16 10:50:01]   MSTR: $144.40 | 200W SMA: $149.57 (-3.5%)
[2026-03-16 10:50:01]   BTC: $73,165
[2026-03-16 10:50:01]   mNAV Premium: 0.89x | Dip flag: True | Green count: 0 | Armed: False
[2026-03-16 10:50:01]   No new signals.
[2026-03-16 10:55:00] ─── Paper Monitor Check ───
[2026-03-16 10:55:01]   MSTR: $145.16 | 200W SMA: $149.58 (-3.0%)
[2026-03-16 10:55:01]   BTC: $73,292
[2026-03-16 10:55:01]   mNAV Premium: 0.90x | Dip flag: True | Green count: 0 | Armed: False
[2026-03-16 10:55:01]   No new signals.
[2026-03-16 10:55:00] ─── Paper Monitor Check ───
[2026-03-16 10:55:01]   MSTR: $145.16 | 200W SMA: $149.58 (-3.0%)
[2026-03-16 10:55:01]   BTC: $73,292
[2026-03-16 10:55:01]   mNAV Premium: 0.90x | Dip flag: True | Green count: 0 | Armed: False
[2026-03-16 10:55:01]   No new signals.
[2026-03-16 11:00:00] ─── Paper Monitor Check ───
[2026-03-16 11:00:00]   MSTR: $145.87 | 200W SMA: $149.58 (-2.5%)
[2026-03-16 11:00:00]   BTC: $73,473
[2026-03-16 11:00:00]   mNAV Premium: 0.90x | Dip flag: True | Green count: 0 | Armed: False
[2026-03-16 11:00:00]   No new signals.
[2026-03-16 11:00:00] ─── Paper Monitor Check ───
[2026-03-16 11:00:00]   MSTR: $145.87 | 200W SMA: $149.58 (-2.5%)
[2026-03-16 11:00:00]   BTC: $73,473
[2026-03-16 11:00:00]   mNAV Premium: 0.90x | Dip flag: True | Green count: 0 | Armed: False
[2026-03-16 11:00:00]   No new signals.
[2026-03-16 11:05:00] ─── Paper Monitor Check ───
[2026-03-16 11:05:00]   MSTR: $145.52 | 200W SMA: $149.58 (-2.7%)
[2026-03-16 11:05:00]   BTC: $73,503
[2026-03-16 11:05:00]   mNAV Premium: 0.90x | Dip flag: True | Green count: 0 | Armed: False
[2026-03-16 11:05:00]   No new signals.
[2026-03-16 11:05:00] ─── Paper Monitor Check ───
[2026-03-16 11:05:00]   MSTR: $145.52 | 200W SMA: $149.58 (-2.7%)
[2026-03-16 11:05:00]   BTC: $73,503
[2026-03-16 11:05:00]   mNAV Premium: 0.90x | Dip flag: True | Green count: 0 | Armed: False
[2026-03-16 11:05:00]   No new signals.
[2026-03-16 11:10:00] ─── Paper Monitor Check ───
[2026-03-16 11:10:01]   MSTR: $145.85 | 200W SMA: $149.58 (-2.5%)
[2026-03-16 11:10:01]   BTC: $73,471
[2026-03-16 11:10:01]   mNAV Premium: 0.90x | Dip flag: True | Green count: 0 | Armed: False
[2026-03-16 11:10:01]   No new signals.
[2026-03-16 11:10:00] ─── Paper Monitor Check ───
[2026-03-16 11:10:01]   MSTR: $145.85 | 200W SMA: $149.58 (-2.5%)
[2026-03-16 11:10:01]   BTC: $73,471
[2026-03-16 11:10:01]   mNAV Premium: 0.90x | Dip flag: True | Green count: 0 | Armed: False
[2026-03-16 11:10:01]   No new signals.
[2026-03-16 11:15:00] ─── Paper Monitor Check ───
[2026-03-16 11:15:00]   MSTR: $145.77 | 200W SMA: $149.58 (-2.5%)
[2026-03-16 11:15:00]   BTC: $73,546
[2026-03-16 11:15:00]   mNAV Premium: 0.90x | Dip flag: True | Green count: 0 | Armed: False
[2026-03-16 11:15:00]   No new signals.
[2026-03-16 11:15:00] ─── Paper Monitor Check ───
[2026-03-16 11:15:00]   MSTR: $145.77 | 200W SMA: $149.58 (-2.5%)
[2026-03-16 11:15:00]   BTC: $73,546
[2026-03-16 11:15:00]   mNAV Premium: 0.90x | Dip flag: True | Green count: 0 | Armed: False
[2026-03-16 11:15:00]   No new signals.
[2026-03-16 11:20:01] ─── Paper Monitor Check ───
[2026-03-16 11:20:01]   MSTR: $146.25 | 200W SMA: $149.58 (-2.2%)
[2026-03-16 11:20:01]   BTC: $73,691
[2026-03-16 11:20:01]   mNAV Premium: 0.90x | Dip flag: True | Green count: 0 | Armed: False
[2026-03-16 11:20:01]   No new signals.
[2026-03-16 11:20:01] ─── Paper Monitor Check ───
[2026-03-16 11:20:01]   MSTR: $146.25 | 200W SMA: $149.58 (-2.2%)
[2026-03-16 11:20:01]   BTC: $73,691
[2026-03-16 11:20:01]   mNAV Premium: 0.90x | Dip flag: True | Green count: 0 | Armed: False
[2026-03-16 11:20:01]   No new signals.
[2026-03-16 11:25:00] ─── Paper Monitor Check ───
[2026-03-16 11:25:01]   MSTR: $145.91 | 200W SMA: $149.58 (-2.5%)
[2026-03-16 11:25:01]   BTC: $73,875
[2026-03-16 11:25:01]   mNAV Premium: 0.90x | Dip flag: True | Green count: 0 | Armed: False
[2026-03-16 11:25:01]   No new signals.
[2026-03-16 11:25:00] ─── Paper Monitor Check ───
[2026-03-16 11:25:01]   MSTR: $145.91 | 200W SMA: $149.58 (-2.5%)
[2026-03-16 11:25:01]   BTC: $73,875
[2026-03-16 11:25:01]   mNAV Premium: 0.90x | Dip flag: True | Green count: 0 | Armed: False
[2026-03-16 11:25:01]   No new signals.
[2026-03-16 11:30:01] ─── Paper Monitor Check ───
[2026-03-16 11:30:01]   MSTR: $145.87 | 200W SMA: $149.58 (-2.5%)
[2026-03-16 11:30:01]   BTC: $73,810
[2026-03-16 11:30:01]   mNAV Premium: 0.90x | Dip flag: True | Green count: 0 | Armed: False
[2026-03-16 11:30:01]   No new signals.
[2026-03-16 11:30:01] ─── Paper Monitor Check ───
[2026-03-16 11:30:01]   MSTR: $145.87 | 200W SMA: $149.58 (-2.5%)
[2026-03-16 11:30:01]   BTC: $73,810
[2026-03-16 11:30:01]   mNAV Premium: 0.90x | Dip flag: True | Green count: 0 | Armed: False
[2026-03-16 11:30:01]   No new signals.
[2026-03-16 11:35:01] ─── Paper Monitor Check ───
[2026-03-16 11:35:01]   MSTR: $146.09 | 200W SMA: $149.58 (-2.3%)
[2026-03-16 11:35:01]   BTC: $73,812
[2026-03-16 11:35:01]   mNAV Premium: 0.90x | Dip flag: True | Green count: 0 | Armed: False
[2026-03-16 11:35:01]   No new signals.
[2026-03-16 11:35:01] ─── Paper Monitor Check ───
[2026-03-16 11:35:01]   MSTR: $146.09 | 200W SMA: $149.58 (-2.3%)
[2026-03-16 11:35:01]   BTC: $73,812
[2026-03-16 11:35:01]   mNAV Premium: 0.90x | Dip flag: True | Green count: 0 | Armed: False
[2026-03-16 11:35:01]   No new signals.
[2026-03-16 11:40:00] ─── Paper Monitor Check ───
[2026-03-16 11:40:01]   MSTR: $145.44 | 200W SMA: $149.58 (-2.8%)
[2026-03-16 11:40:01]   BTC: $73,723
[2026-03-16 11:40:01]   mNAV Premium: 0.89x | Dip flag: True | Green count: 0 | Armed: False
[2026-03-16 11:40:01]   No new signals.
[2026-03-16 11:40:00] ─── Paper Monitor Check ───
[2026-03-16 11:40:01]   MSTR: $145.44 | 200W SMA: $149.58 (-2.8%)
[2026-03-16 11:40:01]   BTC: $73,723
[2026-03-16 11:40:01]   mNAV Premium: 0.89x | Dip flag: True | Green count: 0 | Armed: False
[2026-03-16 11:40:01]   No new signals.
[2026-03-16 11:45:00] ─── Paper Monitor Check ───
[2026-03-16 11:45:00]   MSTR: $144.78 | 200W SMA: $149.57 (-3.2%)
[2026-03-16 11:45:00]   BTC: $73,599
[2026-03-16 11:45:00]   mNAV Premium: 0.89x | Dip flag: True | Green count: 0 | Armed: False
[2026-03-16 11:45:00]   No new signals.
[2026-03-16 11:45:00] ─── Paper Monitor Check ───
[2026-03-16 11:45:00]   MSTR: $144.78 | 200W SMA: $149.57 (-3.2%)
[2026-03-16 11:45:00]   BTC: $73,599
[2026-03-16 11:45:00]   mNAV Premium: 0.89x | Dip flag: True | Green count: 0 | Armed: False
[2026-03-16 11:45:00]   No new signals.
[2026-03-16 11:50:00] ─── Paper Monitor Check ───
[2026-03-16 11:50:01]   MSTR: $144.79 | 200W SMA: $149.57 (-3.2%)
[2026-03-16 11:50:01]   BTC: $73,554
[2026-03-16 11:50:01]   mNAV Premium: 0.89x | Dip flag: True | Green count: 0 | Armed: False
[2026-03-16 11:50:01]   No new signals.
[2026-03-16 11:50:00] ─── Paper Monitor Check ───
[2026-03-16 11:50:01]   MSTR: $144.79 | 200W SMA: $149.57 (-3.2%)
[2026-03-16 11:50:01]   BTC: $73,554
[2026-03-16 11:50:01]   mNAV Premium: 0.89x | Dip flag: True | Green count: 0 | Armed: False
[2026-03-16 11:50:01]   No new signals.
[2026-03-16 11:55:01] ─── Paper Monitor Check ───
[2026-03-16 11:55:01]   MSTR: $144.19 | 200W SMA: $149.57 (-3.6%)
[2026-03-16 11:55:01]   BTC: $73,373
[2026-03-16 11:55:01]   mNAV Premium: 0.89x | Dip flag: True | Green count: 0 | Armed: False
[2026-03-16 11:55:01]   No new signals.
[2026-03-16 11:55:01] ─── Paper Monitor Check ───
[2026-03-16 11:55:01]   MSTR: $144.19 | 200W SMA: $149.57 (-3.6%)
[2026-03-16 11:55:01]   BTC: $73,373
[2026-03-16 11:55:01]   mNAV Premium: 0.89x | Dip flag: True | Green count: 0 | Armed: False
[2026-03-16 11:55:01]   No new signals.
[2026-03-16 12:00:00] ─── Paper Monitor Check ───
[2026-03-16 12:00:01]   MSTR: $143.79 | 200W SMA: $149.57 (-3.9%)
[2026-03-16 12:00:01]   BTC: $73,233
[2026-03-16 12:00:01]   mNAV Premium: 0.89x | Dip flag: True | Green count: 0 | Armed: False
[2026-03-16 12:00:01]   No new signals.
[2026-03-16 12:00:00] ─── Paper Monitor Check ───
[2026-03-16 12:00:01]   MSTR: $143.79 | 200W SMA: $149.57 (-3.9%)
[2026-03-16 12:00:01]   BTC: $73,233
[2026-03-16 12:00:01]   mNAV Premium: 0.89x | Dip flag: True | Green count: 0 | Armed: False
[2026-03-16 12:00:01]   No new signals.
[2026-03-16 12:05:00] ─── Paper Monitor Check ───
[2026-03-16 12:05:01]   MSTR: $144.36 | 200W SMA: $149.57 (-3.5%)
[2026-03-16 12:05:01]   BTC: $73,234
[2026-03-16 12:05:01]   mNAV Premium: 0.89x | Dip flag: True | Green count: 0 | Armed: False
[2026-03-16 12:05:01]   No new signals.
[2026-03-16 12:05:00] ─── Paper Monitor Check ───
[2026-03-16 12:05:01]   MSTR: $144.36 | 200W SMA: $149.57 (-3.5%)
[2026-03-16 12:05:01]   BTC: $73,234
[2026-03-16 12:05:01]   mNAV Premium: 0.89x | Dip flag: True | Green count: 0 | Armed: False
[2026-03-16 12:05:01]   No new signals.
[2026-03-16 12:10:00] ─── Paper Monitor Check ───
[2026-03-16 12:10:00]   MSTR: $144.50 | 200W SMA: $149.57 (-3.4%)
[2026-03-16 12:10:00]   BTC: $73,380
[2026-03-16 12:10:00]   mNAV Premium: 0.89x | Dip flag: True | Green count: 0 | Armed: False
[2026-03-16 12:10:00]   No new signals.
[2026-03-16 12:10:00] ─── Paper Monitor Check ───
[2026-03-16 12:10:00]   MSTR: $144.50 | 200W SMA: $149.57 (-3.4%)
[2026-03-16 12:10:00]   BTC: $73,380
[2026-03-16 12:10:00]   mNAV Premium: 0.89x | Dip flag: True | Green count: 0 | Armed: False
[2026-03-16 12:10:00]   No new signals.
[2026-03-16 12:15:00] ─── Paper Monitor Check ───
[2026-03-16 12:15:01]   MSTR: $144.30 | 200W SMA: $149.57 (-3.5%)
[2026-03-16 12:15:01]   BTC: $73,314
[2026-03-16 12:15:01]   mNAV Premium: 0.89x | Dip flag: True | Green count: 0 | Armed: False
[2026-03-16 12:15:01]   No new signals.
[2026-03-16 12:15:00] ─── Paper Monitor Check ───
[2026-03-16 12:15:01]   MSTR: $144.30 | 200W SMA: $149.57 (-3.5%)
[2026-03-16 12:15:01]   BTC: $73,314
[2026-03-16 12:15:01]   mNAV Premium: 0.89x | Dip flag: True | Green count: 0 | Armed: False
[2026-03-16 12:15:01]   No new signals.
[2026-03-16 12:20:00] ─── Paper Monitor Check ───
[2026-03-16 12:20:01]   MSTR: $144.12 | 200W SMA: $149.57 (-3.6%)
[2026-03-16 12:20:01]   BTC: $73,430
[2026-03-16 12:20:01]   mNAV Premium: 0.89x | Dip flag: True | Green count: 0 | Armed: False
[2026-03-16 12:20:01]   No new signals.
[2026-03-16 12:20:00] ─── Paper Monitor Check ───
[2026-03-16 12:20:01]   MSTR: $144.12 | 200W SMA: $149.57 (-3.6%)
[2026-03-16 12:20:01]   BTC: $73,430
[2026-03-16 12:20:01]   mNAV Premium: 0.89x | Dip flag: True | Green count: 0 | Armed: False
[2026-03-16 12:20:01]   No new signals.
[2026-03-16 12:25:01] ─── Paper Monitor Check ───
[2026-03-16 12:25:01]   MSTR: $143.72 | 200W SMA: $149.57 (-3.9%)
[2026-03-16 12:25:01]   BTC: $73,452
[2026-03-16 12:25:01]   mNAV Premium: 0.89x | Dip flag: True | Green count: 0 | Armed: False
[2026-03-16 12:25:01]   No new signals.
[2026-03-16 12:25:01] ─── Paper Monitor Check ───
[2026-03-16 12:25:01]   MSTR: $143.72 | 200W SMA: $149.57 (-3.9%)
[2026-03-16 12:25:01]   BTC: $73,452
[2026-03-16 12:25:01]   mNAV Premium: 0.89x | Dip flag: True | Green count: 0 | Armed: False
[2026-03-16 12:25:01]   No new signals.
[2026-03-16 12:30:01] ─── Paper Monitor Check ───
[2026-03-16 12:30:01]   MSTR: $143.75 | 200W SMA: $149.57 (-3.9%)
[2026-03-16 12:30:01]   BTC: $73,430
[2026-03-16 12:30:01]   mNAV Premium: 0.89x | Dip flag: True | Green count: 0 | Armed: False
[2026-03-16 12:30:01]   No new signals.
[2026-03-16 12:30:01] ─── Paper Monitor Check ───
[2026-03-16 12:30:01]   MSTR: $143.75 | 200W SMA: $149.57 (-3.9%)
[2026-03-16 12:30:01]   BTC: $73,430
[2026-03-16 12:30:01]   mNAV Premium: 0.89x | Dip flag: True | Green count: 0 | Armed: False
[2026-03-16 12:30:01]   No new signals.
[2026-03-16 12:35:01] ─── Paper Monitor Check ───
[2026-03-16 12:35:01]   MSTR: $143.90 | 200W SMA: $149.57 (-3.8%)
[2026-03-16 12:35:01]   BTC: $73,466
[2026-03-16 12:35:01]   mNAV Premium: 0.89x | Dip flag: True | Green count: 0 | Armed: False
[2026-03-16 12:35:01]   No new signals.
[2026-03-16 12:35:01] ─── Paper Monitor Check ───
[2026-03-16 12:35:01]   MSTR: $143.90 | 200W SMA: $149.57 (-3.8%)
[2026-03-16 12:35:01]   BTC: $73,466
[2026-03-16 12:35:01]   mNAV Premium: 0.89x | Dip flag: True | Green count: 0 | Armed: False
[2026-03-16 12:35:01]   No new signals.
[2026-03-16 12:40:00] ─── Paper Monitor Check ───
[2026-03-16 12:40:01]   MSTR: $144.49 | 200W SMA: $149.57 (-3.4%)
[2026-03-16 12:40:01]   BTC: $73,432
[2026-03-16 12:40:01]   mNAV Premium: 0.89x | Dip flag: True | Green count: 0 | Armed: False
[2026-03-16 12:40:01]   No new signals.
[2026-03-16 12:40:00] ─── Paper Monitor Check ───
[2026-03-16 12:40:01]   MSTR: $144.49 | 200W SMA: $149.57 (-3.4%)
[2026-03-16 12:40:01]   BTC: $73,432
[2026-03-16 12:40:01]   mNAV Premium: 0.89x | Dip flag: True | Green count: 0 | Armed: False
[2026-03-16 12:40:01]   No new signals.
[2026-03-16 12:45:01] ─── Paper Monitor Check ───
[2026-03-16 12:45:01]   MSTR: $145.00 | 200W SMA: $149.58 (-3.1%)
[2026-03-16 12:45:01]   BTC: $73,608
[2026-03-16 12:45:01]   mNAV Premium: 0.89x | Dip flag: True | Green count: 0 | Armed: False
[2026-03-16 12:45:01]   No new signals.
[2026-03-16 12:45:01] ─── Paper Monitor Check ───
[2026-03-16 12:45:01]   MSTR: $145.00 | 200W SMA: $149.58 (-3.1%)
[2026-03-16 12:45:01]   BTC: $73,608
[2026-03-16 12:45:01]   mNAV Premium: 0.89x | Dip flag: True | Green count: 0 | Armed: False
[2026-03-16 12:45:01]   No new signals.
[2026-03-16 12:50:00] ─── Paper Monitor Check ───
[2026-03-16 12:50:01]   MSTR: $145.09 | 200W SMA: $149.58 (-3.0%)
[2026-03-16 12:50:01]   BTC: $73,639
[2026-03-16 12:50:01]   mNAV Premium: 0.89x | Dip flag: True | Green count: 0 | Armed: False
[2026-03-16 12:50:01]   No new signals.
[2026-03-16 12:50:00] ─── Paper Monitor Check ───
[2026-03-16 12:50:01]   MSTR: $145.09 | 200W SMA: $149.58 (-3.0%)
[2026-03-16 12:50:01]   BTC: $73,639
[2026-03-16 12:50:01]   mNAV Premium: 0.89x | Dip flag: True | Green count: 0 | Armed: False
[2026-03-16 12:50:01]   No new signals.
[2026-03-16 12:55:00] ─── Paper Monitor Check ───
[2026-03-16 12:55:01]   MSTR: $145.84 | 200W SMA: $149.58 (-2.5%)
[2026-03-16 12:55:01]   BTC: $73,855
[2026-03-16 12:55:01]   mNAV Premium: 0.90x | Dip flag: True | Green count: 0 | Armed: False
[2026-03-16 12:55:01]   No new signals.
[2026-03-16 12:55:00] ─── Paper Monitor Check ───
[2026-03-16 12:55:01]   MSTR: $145.84 | 200W SMA: $149.58 (-2.5%)
[2026-03-16 12:55:01]   BTC: $73,855
[2026-03-16 12:55:01]   mNAV Premium: 0.90x | Dip flag: True | Green count: 0 | Armed: False
[2026-03-16 12:55:01]   No new signals.
[2026-03-16 13:00:01] ─── Paper Monitor Check ───
[2026-03-16 13:00:01]   MSTR: $145.69 | 200W SMA: $149.58 (-2.6%)
[2026-03-16 13:00:01]   BTC: $73,764
[2026-03-16 13:00:01]   mNAV Premium: 0.90x | Dip flag: True | Green count: 0 | Armed: False
[2026-03-16 13:00:01]   No new signals.
[2026-03-16 13:00:01] ─── Paper Monitor Check ───
[2026-03-16 13:00:01]   MSTR: $145.69 | 200W SMA: $149.58 (-2.6%)
[2026-03-16 13:00:01]   BTC: $73,764
[2026-03-16 13:00:01]   mNAV Premium: 0.90x | Dip flag: True | Green count: 0 | Armed: False
[2026-03-16 13:00:01]   No new signals.
[2026-03-16 13:05:00] ─── Paper Monitor Check ───
[2026-03-16 13:05:01]   MSTR: $145.78 | 200W SMA: $149.58 (-2.5%)
[2026-03-16 13:05:01]   BTC: $73,828
[2026-03-16 13:05:01]   mNAV Premium: 0.90x | Dip flag: True | Green count: 0 | Armed: False
[2026-03-16 13:05:01]   No new signals.
[2026-03-16 13:05:00] ─── Paper Monitor Check ───
[2026-03-16 13:05:01]   MSTR: $145.78 | 200W SMA: $149.58 (-2.5%)
[2026-03-16 13:05:01]   BTC: $73,828
[2026-03-16 13:05:01]   mNAV Premium: 0.90x | Dip flag: True | Green count: 0 | Armed: False
[2026-03-16 13:05:01]   No new signals.
[2026-03-16 13:10:01] ─── Paper Monitor Check ───
[2026-03-16 13:10:01]   MSTR: $145.50 | 200W SMA: $149.58 (-2.7%)
[2026-03-16 13:10:01]   BTC: $73,740
[2026-03-16 13:10:01]   mNAV Premium: 0.89x | Dip flag: True | Green count: 0 | Armed: False
[2026-03-16 13:10:01]   No new signals.
[2026-03-16 13:10:01] ─── Paper Monitor Check ───
[2026-03-16 13:10:01]   MSTR: $145.50 | 200W SMA: $149.58 (-2.7%)
[2026-03-16 13:10:01]   BTC: $73,740
[2026-03-16 13:10:01]   mNAV Premium: 0.89x | Dip flag: True | Green count: 0 | Armed: False
[2026-03-16 13:10:01]   No new signals.
[2026-03-16 13:15:00] ─── Paper Monitor Check ───
[2026-03-16 13:15:01]   MSTR: $145.73 | 200W SMA: $149.58 (-2.6%)
[2026-03-16 13:15:01]   BTC: $73,846
[2026-03-16 13:15:01]   mNAV Premium: 0.89x | Dip flag: True | Green count: 0 | Armed: False
[2026-03-16 13:15:01]   No new signals.
[2026-03-16 13:15:00] ─── Paper Monitor Check ───
[2026-03-16 13:15:01]   MSTR: $145.73 | 200W SMA: $149.58 (-2.6%)
[2026-03-16 13:15:01]   BTC: $73,846
[2026-03-16 13:15:01]   mNAV Premium: 0.89x | Dip flag: True | Green count: 0 | Armed: False
[2026-03-16 13:15:01]   No new signals.
[2026-03-16 13:20:00] ─── Paper Monitor Check ───
[2026-03-16 13:20:01]   MSTR: $145.88 | 200W SMA: $149.58 (-2.5%)
[2026-03-16 13:20:01]   BTC: $73,806
[2026-03-16 13:20:01]   mNAV Premium: 0.90x | Dip flag: True | Green count: 0 | Armed: False
[2026-03-16 13:20:01]   No new signals.
[2026-03-16 13:20:00] ─── Paper Monitor Check ───
[2026-03-16 13:20:01]   MSTR: $145.88 | 200W SMA: $149.58 (-2.5%)
[2026-03-16 13:20:01]   BTC: $73,806
[2026-03-16 13:20:01]   mNAV Premium: 0.90x | Dip flag: True | Green count: 0 | Armed: False
[2026-03-16 13:20:01]   No new signals.
[2026-03-16 13:25:00] ─── Paper Monitor Check ───
[2026-03-16 13:25:01]   MSTR: $145.95 | 200W SMA: $149.58 (-2.4%)
[2026-03-16 13:25:01]   BTC: $73,808
[2026-03-16 13:25:01]   mNAV Premium: 0.90x | Dip flag: True | Green count: 0 | Armed: False
[2026-03-16 13:25:01]   No new signals.
[2026-03-16 13:25:00] ─── Paper Monitor Check ───
[2026-03-16 13:25:01]   MSTR: $145.95 | 200W SMA: $149.58 (-2.4%)
[2026-03-16 13:25:01]   BTC: $73,808
[2026-03-16 13:25:01]   mNAV Premium: 0.90x | Dip flag: True | Green count: 0 | Armed: False
[2026-03-16 13:25:01]   No new signals.
[2026-03-16 13:30:00] ─── Paper Monitor Check ───
[2026-03-16 13:30:00]   MSTR: $145.65 | 200W SMA: $149.58 (-2.6%)
[2026-03-16 13:30:00]   BTC: $73,743
[2026-03-16 13:30:00]   mNAV Premium: 0.90x | Dip flag: True | Green count: 0 | Armed: False
[2026-03-16 13:30:00]   No new signals.
[2026-03-16 13:30:00] ─── Paper Monitor Check ───
[2026-03-16 13:30:00]   MSTR: $145.65 | 200W SMA: $149.58 (-2.6%)
[2026-03-16 13:30:00]   BTC: $73,743
[2026-03-16 13:30:00]   mNAV Premium: 0.90x | Dip flag: True | Green count: 0 | Armed: False
[2026-03-16 13:30:00]   No new signals.
[2026-03-16 13:35:00] ─── Paper Monitor Check ───
[2026-03-16 13:35:01]   MSTR: $145.62 | 200W SMA: $149.58 (-2.6%)
[2026-03-16 13:35:01]   BTC: $73,717
[2026-03-16 13:35:01]   mNAV Premium: 0.90x | Dip flag: True | Green count: 0 | Armed: False
[2026-03-16 13:35:01]   No new signals.
[2026-03-16 13:35:00] ─── Paper Monitor Check ───
[2026-03-16 13:35:01]   MSTR: $145.62 | 200W SMA: $149.58 (-2.6%)
[2026-03-16 13:35:01]   BTC: $73,717
[2026-03-16 13:35:01]   mNAV Premium: 0.90x | Dip flag: True | Green count: 0 | Armed: False
[2026-03-16 13:35:01]   No new signals.
[2026-03-16 13:40:01] ─── Paper Monitor Check ───
[2026-03-16 13:40:01]   MSTR: $146.03 | 200W SMA: $149.58 (-2.4%)
[2026-03-16 13:40:01]   BTC: $73,865
[2026-03-16 13:40:01]   mNAV Premium: 0.90x | Dip flag: True | Green count: 0 | Armed: False
[2026-03-16 13:40:01]   No new signals.
[2026-03-16 13:40:01] ─── Paper Monitor Check ───
[2026-03-16 13:40:01]   MSTR: $146.03 | 200W SMA: $149.58 (-2.4%)
[2026-03-16 13:40:01]   BTC: $73,865
[2026-03-16 13:40:01]   mNAV Premium: 0.90x | Dip flag: True | Green count: 0 | Armed: False
[2026-03-16 13:40:01]   No new signals.
[2026-03-16 13:45:01] ─── Paper Monitor Check ───
[2026-03-16 13:45:01]   MSTR: $145.94 | 200W SMA: $149.58 (-2.4%)
[2026-03-16 13:45:01]   BTC: $73,921
[2026-03-16 13:45:01]   mNAV Premium: 0.90x | Dip flag: True | Green count: 0 | Armed: False
[2026-03-16 13:45:01]   No new signals.
[2026-03-16 13:45:01] ─── Paper Monitor Check ───
[2026-03-16 13:45:01]   MSTR: $145.94 | 200W SMA: $149.58 (-2.4%)
[2026-03-16 13:45:01]   BTC: $73,921
[2026-03-16 13:45:01]   mNAV Premium: 0.90x | Dip flag: True | Green count: 0 | Armed: False
[2026-03-16 13:45:01]   No new signals.
[2026-03-16 13:50:00] ─── Paper Monitor Check ───
[2026-03-16 13:50:01]   MSTR: $146.23 | 200W SMA: $149.58 (-2.2%)
[2026-03-16 13:50:01]   BTC: $73,969
[2026-03-16 13:50:01]   mNAV Premium: 0.90x | Dip flag: True | Green count: 0 | Armed: False
[2026-03-16 13:50:01]   No new signals.
[2026-03-16 13:50:00] ─── Paper Monitor Check ───
[2026-03-16 13:50:01]   MSTR: $146.23 | 200W SMA: $149.58 (-2.2%)
[2026-03-16 13:50:01]   BTC: $73,969
[2026-03-16 13:50:01]   mNAV Premium: 0.90x | Dip flag: True | Green count: 0 | Armed: False
[2026-03-16 13:50:01]   No new signals.
[2026-03-16 13:55:00] ─── Paper Monitor Check ───
[2026-03-16 13:55:01]   MSTR: $146.00 | 200W SMA: $149.58 (-2.4%)
[2026-03-16 13:55:01]   BTC: $73,874
[2026-03-16 13:55:01]   mNAV Premium: 0.90x | Dip flag: True | Green count: 0 | Armed: False
[2026-03-16 13:55:01]   No new signals.
[2026-03-16 13:55:00] ─── Paper Monitor Check ───
[2026-03-16 13:55:01]   MSTR: $146.00 | 200W SMA: $149.58 (-2.4%)
[2026-03-16 13:55:01]   BTC: $73,874
[2026-03-16 13:55:01]   mNAV Premium: 0.90x | Dip flag: True | Green count: 0 | Armed: False
[2026-03-16 13:55:01]   No new signals.
[2026-03-16 14:00:00] ─── Paper Monitor Check ───
[2026-03-16 14:00:00]   MSTR: $146.25 | 200W SMA: $149.58 (-2.2%)
[2026-03-16 14:00:00]   BTC: $73,941
[2026-03-16 14:00:00]   mNAV Premium: 0.90x | Dip flag: True | Green count: 0 | Armed: False
[2026-03-16 14:00:00]   No new signals.
[2026-03-16 14:00:00] ─── Paper Monitor Check ───
[2026-03-16 14:00:00]   MSTR: $146.25 | 200W SMA: $149.58 (-2.2%)
[2026-03-16 14:00:00]   BTC: $73,941
[2026-03-16 14:00:00]   mNAV Premium: 0.90x | Dip flag: True | Green count: 0 | Armed: False
[2026-03-16 14:00:00]   No new signals.
[2026-03-16 14:05:01] ─── Paper Monitor Check ───
[2026-03-16 14:05:01]   MSTR: $146.64 | 200W SMA: $149.58 (-2.0%)
[2026-03-16 14:05:01]   BTC: $73,953
[2026-03-16 14:05:01]   mNAV Premium: 0.90x | Dip flag: True | Green count: 0 | Armed: False
[2026-03-16 14:05:01]   No new signals.
[2026-03-16 14:05:01] ─── Paper Monitor Check ───
[2026-03-16 14:05:01]   MSTR: $146.64 | 200W SMA: $149.58 (-2.0%)
[2026-03-16 14:05:01]   BTC: $73,953
[2026-03-16 14:05:01]   mNAV Premium: 0.90x | Dip flag: True | Green count: 0 | Armed: False
[2026-03-16 14:05:01]   No new signals.
[2026-03-16 14:10:00] ─── Paper Monitor Check ───
[2026-03-16 14:10:00]   MSTR: $147.24 | 200W SMA: $149.59 (-1.6%)
[2026-03-16 14:10:00]   BTC: $74,110
[2026-03-16 14:10:00]   mNAV Premium: 0.90x | Dip flag: True | Green count: 0 | Armed: False
[2026-03-16 14:10:00]   No new signals.
[2026-03-16 14:10:00] ─── Paper Monitor Check ───
[2026-03-16 14:10:00]   MSTR: $147.24 | 200W SMA: $149.59 (-1.6%)
[2026-03-16 14:10:00]   BTC: $74,110
[2026-03-16 14:10:00]   mNAV Premium: 0.90x | Dip flag: True | Green count: 0 | Armed: False
[2026-03-16 14:10:00]   No new signals.
[2026-03-16 14:15:00] ─── Paper Monitor Check ───
[2026-03-16 14:15:00]   MSTR: $147.34 | 200W SMA: $149.59 (-1.5%)
[2026-03-16 14:15:00]   BTC: $74,238
[2026-03-16 14:15:00]   mNAV Premium: 0.90x | Dip flag: True | Green count: 0 | Armed: False
[2026-03-16 14:15:00]   No new signals.
[2026-03-16 14:15:00] ─── Paper Monitor Check ───
[2026-03-16 14:15:00]   MSTR: $147.34 | 200W SMA: $149.59 (-1.5%)
[2026-03-16 14:15:00]   BTC: $74,238
[2026-03-16 14:15:00]   mNAV Premium: 0.90x | Dip flag: True | Green count: 0 | Armed: False
[2026-03-16 14:15:00]   No new signals.
[2026-03-16 14:20:00] ─── Paper Monitor Check ───
[2026-03-16 14:20:01]   MSTR: $147.37 | 200W SMA: $149.59 (-1.5%)
[2026-03-16 14:20:01]   BTC: $74,261
[2026-03-16 14:20:01]   mNAV Premium: 0.90x | Dip flag: True | Green count: 0 | Armed: False
[2026-03-16 14:20:01]   No new signals.
[2026-03-16 14:20:00] ─── Paper Monitor Check ───
[2026-03-16 14:20:01]   MSTR: $147.37 | 200W SMA: $149.59 (-1.5%)
[2026-03-16 14:20:01]   BTC: $74,261
[2026-03-16 14:20:01]   mNAV Premium: 0.90x | Dip flag: True | Green count: 0 | Armed: False
[2026-03-16 14:20:01]   No new signals.
[2026-03-16 14:25:00] ─── Paper Monitor Check ───
[2026-03-16 14:25:00]   MSTR: $147.61 | 200W SMA: $149.59 (-1.3%)
[2026-03-16 14:25:00]   BTC: $74,182
[2026-03-16 14:25:00]   mNAV Premium: 0.90x | Dip flag: True | Green count: 0 | Armed: False
[2026-03-16 14:25:00]   No new signals.
[2026-03-16 14:25:00] ─── Paper Monitor Check ───
[2026-03-16 14:25:00]   MSTR: $147.61 | 200W SMA: $149.59 (-1.3%)
[2026-03-16 14:25:00]   BTC: $74,182
[2026-03-16 14:25:00]   mNAV Premium: 0.90x | Dip flag: True | Green count: 0 | Armed: False
[2026-03-16 14:25:00]   No new signals.
[2026-03-16 14:30:01] ─── Paper Monitor Check ───
[2026-03-16 14:30:01]   MSTR: $147.82 | 200W SMA: $149.59 (-1.2%)
[2026-03-16 14:30:01]   BTC: $74,234
[2026-03-16 14:30:01]   mNAV Premium: 0.90x | Dip flag: True | Green count: 0 | Armed: False
[2026-03-16 14:30:01]   No new signals.
[2026-03-16 14:30:01] ─── Paper Monitor Check ───
[2026-03-16 14:30:01]   MSTR: $147.82 | 200W SMA: $149.59 (-1.2%)
[2026-03-16 14:30:01]   BTC: $74,234
[2026-03-16 14:30:01]   mNAV Premium: 0.90x | Dip flag: True | Green count: 0 | Armed: False
[2026-03-16 14:30:01]   No new signals.
[2026-03-16 14:35:00] ─── Paper Monitor Check ───
[2026-03-16 14:35:01]   MSTR: $147.81 | 200W SMA: $149.59 (-1.2%)
[2026-03-16 14:35:01]   BTC: $74,303
[2026-03-16 14:35:01]   mNAV Premium: 0.90x | Dip flag: True | Green count: 0 | Armed: False
[2026-03-16 14:35:01]   No new signals.
[2026-03-16 14:35:00] ─── Paper Monitor Check ───
[2026-03-16 14:35:01]   MSTR: $147.81 | 200W SMA: $149.59 (-1.2%)
[2026-03-16 14:35:01]   BTC: $74,303
[2026-03-16 14:35:01]   mNAV Premium: 0.90x | Dip flag: True | Green count: 0 | Armed: False
[2026-03-16 14:35:01]   No new signals.
[2026-03-16 14:40:00] ─── Paper Monitor Check ───
[2026-03-16 14:40:01]   MSTR: $147.24 | 200W SMA: $149.59 (-1.6%)
[2026-03-16 14:40:01]   BTC: $74,145
[2026-03-16 14:40:01]   mNAV Premium: 0.90x | Dip flag: True | Green count: 0 | Armed: False
[2026-03-16 14:40:01]   No new signals.
[2026-03-16 14:40:00] ─── Paper Monitor Check ───
[2026-03-16 14:40:01]   MSTR: $147.24 | 200W SMA: $149.59 (-1.6%)
[2026-03-16 14:40:01]   BTC: $74,145
[2026-03-16 14:40:01]   mNAV Premium: 0.90x | Dip flag: True | Green count: 0 | Armed: False
[2026-03-16 14:40:01]   No new signals.
[2026-03-16 14:45:00] ─── Paper Monitor Check ───
[2026-03-16 14:45:01]   MSTR: $147.44 | 200W SMA: $149.59 (-1.4%)
[2026-03-16 14:45:01]   BTC: $74,219
[2026-03-16 14:45:01]   mNAV Premium: 0.90x | Dip flag: True | Green count: 0 | Armed: False
[2026-03-16 14:45:01]   No new signals.
[2026-03-16 14:45:00] ─── Paper Monitor Check ───
[2026-03-16 14:45:01]   MSTR: $147.44 | 200W SMA: $149.59 (-1.4%)
[2026-03-16 14:45:01]   BTC: $74,219
[2026-03-16 14:45:01]   mNAV Premium: 0.90x | Dip flag: True | Green count: 0 | Armed: False
[2026-03-16 14:45:01]   No new signals.
[2026-03-16 14:50:00] ─── Paper Monitor Check ───
[2026-03-16 14:50:01]   MSTR: $147.10 | 200W SMA: $149.59 (-1.7%)
[2026-03-16 14:50:01]   BTC: $74,122
[2026-03-16 14:50:01]   mNAV Premium: 0.90x | Dip flag: True | Green count: 0 | Armed: False
[2026-03-16 14:50:01]   No new signals.
[2026-03-16 14:50:00] ─── Paper Monitor Check ───
[2026-03-16 14:50:01]   MSTR: $147.10 | 200W SMA: $149.59 (-1.7%)
[2026-03-16 14:50:01]   BTC: $74,122
[2026-03-16 14:50:01]   mNAV Premium: 0.90x | Dip flag: True | Green count: 0 | Armed: False
[2026-03-16 14:50:01]   No new signals.
[2026-03-16 14:55:00] ─── Paper Monitor Check ───
[2026-03-16 14:55:01]   MSTR: $146.76 | 200W SMA: $149.58 (-1.9%)
[2026-03-16 14:55:01]   BTC: $74,041
[2026-03-16 14:55:01]   mNAV Premium: 0.90x | Dip flag: True | Green count: 0 | Armed: False
[2026-03-16 14:55:01]   No new signals.
[2026-03-16 14:55:00] ─── Paper Monitor Check ───
[2026-03-16 14:55:01]   MSTR: $146.76 | 200W SMA: $149.58 (-1.9%)
[2026-03-16 14:55:01]   BTC: $74,041
[2026-03-16 14:55:01]   mNAV Premium: 0.90x | Dip flag: True | Green count: 0 | Armed: False
[2026-03-16 14:55:01]   No new signals.
[2026-03-16 15:00:00] ─── Paper Monitor Check ───
[2026-03-16 15:00:00]   MSTR: $146.39 | 200W SMA: $149.58 (-2.1%)
[2026-03-16 15:00:00]   BTC: $73,958
[2026-03-16 15:00:00]   mNAV Premium: 0.90x | Dip flag: True | Green count: 0 | Armed: False
[2026-03-16 15:00:00]   No new signals.
[2026-03-16 15:00:00] ─── Paper Monitor Check ───
[2026-03-16 15:00:00]   MSTR: $146.39 | 200W SMA: $149.58 (-2.1%)
[2026-03-16 15:00:00]   BTC: $73,958
[2026-03-16 15:00:00]   mNAV Premium: 0.90x | Dip flag: True | Green count: 0 | Armed: False
[2026-03-16 15:00:00]   No new signals.
[2026-03-16 15:05:00] ─── Paper Monitor Check ───
[2026-03-16 15:05:00]   MSTR: $146.28 | 200W SMA: $149.58 (-2.2%)
[2026-03-16 15:05:00]   BTC: $73,916
[2026-03-16 15:05:00]   mNAV Premium: 0.90x | Dip flag: True | Green count: 0 | Armed: False
[2026-03-16 15:05:00]   No new signals.
[2026-03-16 15:05:00] ─── Paper Monitor Check ───
[2026-03-16 15:05:00]   MSTR: $146.28 | 200W SMA: $149.58 (-2.2%)
[2026-03-16 15:05:00]   BTC: $73,916
[2026-03-16 15:05:00]   mNAV Premium: 0.90x | Dip flag: True | Green count: 0 | Armed: False
[2026-03-16 15:05:00]   No new signals.
[2026-03-16 15:10:00] ─── Paper Monitor Check ───
[2026-03-16 15:10:01]   MSTR: $147.75 | 200W SMA: $149.59 (-1.2%)
[2026-03-16 15:10:01]   BTC: $74,034
[2026-03-16 15:10:01]   mNAV Premium: 0.91x | Dip flag: True | Green count: 0 | Armed: False
[2026-03-16 15:10:01]   No new signals.
[2026-03-16 15:10:00] ─── Paper Monitor Check ───
[2026-03-16 15:10:01]   MSTR: $147.75 | 200W SMA: $149.59 (-1.2%)
[2026-03-16 15:10:01]   BTC: $74,034
[2026-03-16 15:10:01]   mNAV Premium: 0.91x | Dip flag: True | Green count: 0 | Armed: False
[2026-03-16 15:10:01]   No new signals.
[2026-03-16 15:15:01] ─── Paper Monitor Check ───
[2026-03-16 15:15:01]   MSTR: $147.50 | 200W SMA: $149.59 (-1.4%)
[2026-03-16 15:15:01]   BTC: $74,123
[2026-03-16 15:15:01]   mNAV Premium: 0.90x | Dip flag: True | Green count: 0 | Armed: False
[2026-03-16 15:15:01]   No new signals.
[2026-03-16 15:15:01] ─── Paper Monitor Check ───
[2026-03-16 15:15:01]   MSTR: $147.50 | 200W SMA: $149.59 (-1.4%)
[2026-03-16 15:15:01]   BTC: $74,123
[2026-03-16 15:15:01]   mNAV Premium: 0.90x | Dip flag: True | Green count: 0 | Armed: False
[2026-03-16 15:15:01]   No new signals.
[2026-03-16 15:20:01] ─── Paper Monitor Check ───
[2026-03-16 15:20:01]   MSTR: $147.18 | 200W SMA: $149.59 (-1.6%)
[2026-03-16 15:20:01]   BTC: $74,206
[2026-03-16 15:20:01]   mNAV Premium: 0.90x | Dip flag: True | Green count: 0 | Armed: False
[2026-03-16 15:20:01]   No new signals.
[2026-03-16 15:20:01] ─── Paper Monitor Check ───
[2026-03-16 15:20:01]   MSTR: $147.18 | 200W SMA: $149.59 (-1.6%)
[2026-03-16 15:20:01]   BTC: $74,206
[2026-03-16 15:20:01]   mNAV Premium: 0.90x | Dip flag: True | Green count: 0 | Armed: False
[2026-03-16 15:20:01]   No new signals.
[2026-03-16 15:25:01] ─── Paper Monitor Check ───
[2026-03-16 15:25:01]   MSTR: $147.75 | 200W SMA: $149.59 (-1.2%)
[2026-03-16 15:25:01]   BTC: $74,097
[2026-03-16 15:25:01]   mNAV Premium: 0.90x | Dip flag: True | Green count: 0 | Armed: False
[2026-03-16 15:25:01]   No new signals.
[2026-03-16 15:25:01] ─── Paper Monitor Check ───
[2026-03-16 15:25:01]   MSTR: $147.75 | 200W SMA: $149.59 (-1.2%)
[2026-03-16 15:25:01]   BTC: $74,097
[2026-03-16 15:25:01]   mNAV Premium: 0.90x | Dip flag: True | Green count: 0 | Armed: False
[2026-03-16 15:25:01]   No new signals.
[2026-03-16 15:30:00] ─── Paper Monitor Check ───
[2026-03-16 15:30:01]   MSTR: $147.51 | 200W SMA: $149.59 (-1.4%)
[2026-03-16 15:30:01]   BTC: $74,032
[2026-03-16 15:30:01]   mNAV Premium: 0.90x | Dip flag: True | Green count: 0 | Armed: False
[2026-03-16 15:30:01]   No new signals.
[2026-03-16 15:30:00] ─── Paper Monitor Check ───
[2026-03-16 15:30:01]   MSTR: $147.51 | 200W SMA: $149.59 (-1.4%)
[2026-03-16 15:30:01]   BTC: $74,032
[2026-03-16 15:30:01]   mNAV Premium: 0.90x | Dip flag: True | Green count: 0 | Armed: False
[2026-03-16 15:30:01]   No new signals.
[2026-03-16 15:35:00] ─── Paper Monitor Check ───
[2026-03-16 15:35:01]   MSTR: $147.45 | 200W SMA: $149.59 (-1.4%)
[2026-03-16 15:35:01]   BTC: $74,178
[2026-03-16 15:35:01]   mNAV Premium: 0.90x | Dip flag: True | Green count: 0 | Armed: False
[2026-03-16 15:35:01]   No new signals.
[2026-03-16 15:35:00] ─── Paper Monitor Check ───
[2026-03-16 15:35:01]   MSTR: $147.45 | 200W SMA: $149.59 (-1.4%)
[2026-03-16 15:35:01]   BTC: $74,178
[2026-03-16 15:35:01]   mNAV Premium: 0.90x | Dip flag: True | Green count: 0 | Armed: False
[2026-03-16 15:35:01]   No new signals.
[2026-03-16 15:40:00] ─── Paper Monitor Check ───
[2026-03-16 15:40:01]   MSTR: $147.51 | 200W SMA: $149.59 (-1.4%)
[2026-03-16 15:40:01]   BTC: $74,143
[2026-03-16 15:40:01]   mNAV Premium: 0.90x | Dip flag: True | Green count: 0 | Armed: False
[2026-03-16 15:40:01]   No new signals.
[2026-03-16 15:40:00] ─── Paper Monitor Check ───
[2026-03-16 15:40:01]   MSTR: $147.51 | 200W SMA: $149.59 (-1.4%)
[2026-03-16 15:40:01]   BTC: $74,143
[2026-03-16 15:40:01]   mNAV Premium: 0.90x | Dip flag: True | Green count: 0 | Armed: False
[2026-03-16 15:40:01]   No new signals.
[2026-03-16 15:45:01] ─── Paper Monitor Check ───
[2026-03-16 15:45:01]   MSTR: $147.39 | 200W SMA: $149.59 (-1.5%)
[2026-03-16 15:45:01]   BTC: $74,178
[2026-03-16 15:45:01]   mNAV Premium: 0.90x | Dip flag: True | Green count: 0 | Armed: False
[2026-03-16 15:45:01]   No new signals.
[2026-03-16 15:45:01] ─── Paper Monitor Check ───
[2026-03-16 15:45:01]   MSTR: $147.39 | 200W SMA: $149.59 (-1.5%)
[2026-03-16 15:45:01]   BTC: $74,178
[2026-03-16 15:45:01]   mNAV Premium: 0.90x | Dip flag: True | Green count: 0 | Armed: False
[2026-03-16 15:45:01]   No new signals.
[2026-03-16 15:50:01] ─── Paper Monitor Check ───
[2026-03-16 15:50:01]   MSTR: $147.49 | 200W SMA: $149.59 (-1.4%)
[2026-03-16 15:50:01]   BTC: $73,977
[2026-03-16 15:50:01]   mNAV Premium: 0.90x | Dip flag: True | Green count: 0 | Armed: False
[2026-03-16 15:50:01]   No new signals.
[2026-03-16 15:50:01] ─── Paper Monitor Check ───
[2026-03-16 15:50:01]   MSTR: $147.49 | 200W SMA: $149.59 (-1.4%)
[2026-03-16 15:50:01]   BTC: $73,977
[2026-03-16 15:50:01]   mNAV Premium: 0.90x | Dip flag: True | Green count: 0 | Armed: False
[2026-03-16 15:50:01]   No new signals.
[2026-03-16 15:55:00] ─── Paper Monitor Check ───
[2026-03-16 15:55:01]   MSTR: $147.63 | 200W SMA: $149.59 (-1.3%)
[2026-03-16 15:55:01]   BTC: $73,919
[2026-03-16 15:55:01]   mNAV Premium: 0.91x | Dip flag: True | Green count: 0 | Armed: False
[2026-03-16 15:55:01]   No new signals.
[2026-03-16 15:55:00] ─── Paper Monitor Check ───
[2026-03-16 15:55:01]   MSTR: $147.63 | 200W SMA: $149.59 (-1.3%)
[2026-03-16 15:55:01]   BTC: $73,919
[2026-03-16 15:55:01]   mNAV Premium: 0.91x | Dip flag: True | Green count: 0 | Armed: False
[2026-03-16 15:55:01]   No new signals.
[2026-03-16 16:00:00] ─── Paper Monitor Check ───
[2026-03-16 16:00:01]   MSTR: $147.56 | 200W SMA: $149.59 (-1.4%)
[2026-03-16 16:00:01]   BTC: $73,957
[2026-03-16 16:00:01]   mNAV Premium: 0.90x | Dip flag: True | Green count: 0 | Armed: False
[2026-03-16 16:00:01]   No new signals.
[2026-03-16 16:00:00] ─── Paper Monitor Check ───
[2026-03-16 16:00:01]   MSTR: $147.56 | 200W SMA: $149.59 (-1.4%)
[2026-03-16 16:00:01]   BTC: $73,957
[2026-03-16 16:00:01]   mNAV Premium: 0.90x | Dip flag: True | Green count: 0 | Armed: False
[2026-03-16 16:00:01]   No new signals.
[2026-03-16 16:05:00] ─── Paper Monitor Check ───
[2026-03-16 16:05:01]   MSTR: $147.52 | 200W SMA: $149.59 (-1.4%)
[2026-03-16 16:05:01]   BTC: $73,942
[2026-03-16 16:05:01]   mNAV Premium: 0.90x | Dip flag: True | Green count: 0 | Armed: False
[2026-03-16 16:05:01]   No new signals.
[2026-03-16 16:05:00] ─── Paper Monitor Check ───
[2026-03-16 16:05:01]   MSTR: $147.52 | 200W SMA: $149.59 (-1.4%)
[2026-03-16 16:05:01]   BTC: $73,942
[2026-03-16 16:05:01]   mNAV Premium: 0.90x | Dip flag: True | Green count: 0 | Armed: False
[2026-03-16 16:05:01]   No new signals.
[2026-03-16 16:10:01] ─── Paper Monitor Check ───
[2026-03-16 16:10:01]   MSTR: $147.52 | 200W SMA: $149.59 (-1.4%)
[2026-03-16 16:10:01]   BTC: $73,912
[2026-03-16 16:10:01]   mNAV Premium: 0.91x | Dip flag: True | Green count: 0 | Armed: False
[2026-03-16 16:10:01]   No new signals.
[2026-03-16 16:10:01] ─── Paper Monitor Check ───
[2026-03-16 16:10:01]   MSTR: $147.52 | 200W SMA: $149.59 (-1.4%)
[2026-03-16 16:10:01]   BTC: $73,912
[2026-03-16 16:10:01]   mNAV Premium: 0.91x | Dip flag: True | Green count: 0 | Armed: False
[2026-03-16 16:10:01]   No new signals.
[2026-03-16 16:15:00] ─── Paper Monitor Check ───
[2026-03-16 16:15:01]   MSTR: $147.52 | 200W SMA: $149.59 (-1.4%)
[2026-03-16 16:15:01]   BTC: $73,889
[2026-03-16 16:15:01]   mNAV Premium: 0.91x | Dip flag: True | Green count: 0 | Armed: False
[2026-03-16 16:15:01]   No new signals.
[2026-03-16 16:15:00] ─── Paper Monitor Check ───
[2026-03-16 16:15:01]   MSTR: $147.52 | 200W SMA: $149.59 (-1.4%)
[2026-03-16 16:15:01]   BTC: $73,889
[2026-03-16 16:15:01]   mNAV Premium: 0.91x | Dip flag: True | Green count: 0 | Armed: False
[2026-03-16 16:15:01]   No new signals.
[2026-03-16 16:20:00] ─── Paper Monitor Check ───
[2026-03-16 16:20:01]   MSTR: $147.52 | 200W SMA: $149.59 (-1.4%)
[2026-03-16 16:20:01]   BTC: $73,946
[2026-03-16 16:20:01]   mNAV Premium: 0.90x | Dip flag: True | Green count: 0 | Armed: False
[2026-03-16 16:20:01]   No new signals.
[2026-03-16 16:20:00] ─── Paper Monitor Check ───
[2026-03-16 16:20:01]   MSTR: $147.52 | 200W SMA: $149.59 (-1.4%)
[2026-03-16 16:20:01]   BTC: $73,946
[2026-03-16 16:20:01]   mNAV Premium: 0.90x | Dip flag: True | Green count: 0 | Armed: False
[2026-03-16 16:20:01]   No new signals.
[2026-03-16 16:25:00] ─── Paper Monitor Check ───
[2026-03-16 16:25:00]   MSTR: $147.52 | 200W SMA: $149.59 (-1.4%)
[2026-03-16 16:25:00]   BTC: $73,955
[2026-03-16 16:25:00]   mNAV Premium: 0.90x | Dip flag: True | Green count: 0 | Armed: False
[2026-03-16 16:25:00]   No new signals.
[2026-03-16 16:25:00] ─── Paper Monitor Check ───
[2026-03-16 16:25:00]   MSTR: $147.52 | 200W SMA: $149.59 (-1.4%)
[2026-03-16 16:25:00]   BTC: $73,955
[2026-03-16 16:25:00]   mNAV Premium: 0.90x | Dip flag: True | Green count: 0 | Armed: False
[2026-03-16 16:25:00]   No new signals.
[2026-03-16 16:30:00] ─── Paper Monitor Check ───
[2026-03-16 16:30:01]   MSTR: $147.52 | 200W SMA: $149.59 (-1.4%)
[2026-03-16 16:30:01]   BTC: $74,005
[2026-03-16 16:30:01]   mNAV Premium: 0.90x | Dip flag: True | Green count: 0 | Armed: False
[2026-03-16 16:30:01]   No new signals.
[2026-03-16 16:30:00] ─── Paper Monitor Check ───
[2026-03-16 16:30:01]   MSTR: $147.52 | 200W SMA: $149.59 (-1.4%)
[2026-03-16 16:30:01]   BTC: $74,005
[2026-03-16 16:30:01]   mNAV Premium: 0.90x | Dip flag: True | Green count: 0 | Armed: False
[2026-03-16 16:30:01]   No new signals.
[2026-03-16 16:35:00] ─── Paper Monitor Check ───
[2026-03-16 16:35:01]   MSTR: $147.52 | 200W SMA: $149.59 (-1.4%)
[2026-03-16 16:35:01]   BTC: $74,018
[2026-03-16 16:35:01]   mNAV Premium: 0.90x | Dip flag: True | Green count: 0 | Armed: False
[2026-03-16 16:35:01]   No new signals.
[2026-03-16 16:35:00] ─── Paper Monitor Check ───
[2026-03-16 16:35:01]   MSTR: $147.52 | 200W SMA: $149.59 (-1.4%)
[2026-03-16 16:35:01]   BTC: $74,018
[2026-03-16 16:35:01]   mNAV Premium: 0.90x | Dip flag: True | Green count: 0 | Armed: False
[2026-03-16 16:35:01]   No new signals.
[2026-03-16 16:40:00] ─── Paper Monitor Check ───
[2026-03-16 16:40:00]   MSTR: $147.52 | 200W SMA: $149.59 (-1.4%)
[2026-03-16 16:40:00]   BTC: $74,040
[2026-03-16 16:40:00]   mNAV Premium: 0.90x | Dip flag: True | Green count: 0 | Armed: False
[2026-03-16 16:40:00]   No new signals.
[2026-03-16 16:40:00] ─── Paper Monitor Check ───
[2026-03-16 16:40:00]   MSTR: $147.52 | 200W SMA: $149.59 (-1.4%)
[2026-03-16 16:40:00]   BTC: $74,040
[2026-03-16 16:40:00]   mNAV Premium: 0.90x | Dip flag: True | Green count: 0 | Armed: False
[2026-03-16 16:40:00]   No new signals.
[2026-03-16 16:45:00] ─── Paper Monitor Check ───
[2026-03-16 16:45:01]   MSTR: $147.52 | 200W SMA: $149.59 (-1.4%)
[2026-03-16 16:45:01]   BTC: $74,051
[2026-03-16 16:45:01]   mNAV Premium: 0.90x | Dip flag: True | Green count: 0 | Armed: False
[2026-03-16 16:45:01]   No new signals.
[2026-03-16 16:45:00] ─── Paper Monitor Check ───
[2026-03-16 16:45:01]   MSTR: $147.52 | 200W SMA: $149.59 (-1.4%)
[2026-03-16 16:45:01]   BTC: $74,051
[2026-03-16 16:45:01]   mNAV Premium: 0.90x | Dip flag: True | Green count: 0 | Armed: False
[2026-03-16 16:45:01]   No new signals.
[2026-03-16 16:50:01] ─── Paper Monitor Check ───
[2026-03-16 16:50:02]   MSTR: $147.52 | 200W SMA: $149.59 (-1.4%)
[2026-03-16 16:50:02]   BTC: $74,077
[2026-03-16 16:50:02]   mNAV Premium: 0.90x | Dip flag: True | Green count: 0 | Armed: False
[2026-03-16 16:50:02]   No new signals.
[2026-03-16 16:50:01] ─── Paper Monitor Check ───
[2026-03-16 16:50:02]   MSTR: $147.52 | 200W SMA: $149.59 (-1.4%)
[2026-03-16 16:50:02]   BTC: $74,077
[2026-03-16 16:50:02]   mNAV Premium: 0.90x | Dip flag: True | Green count: 0 | Armed: False
[2026-03-16 16:50:02]   No new signals.
[2026-03-16 16:55:00] ─── Paper Monitor Check ───
[2026-03-16 16:55:01]   MSTR: $147.52 | 200W SMA: $149.59 (-1.4%)
[2026-03-16 16:55:01]   BTC: $74,215
[2026-03-16 16:55:01]   mNAV Premium: 0.90x | Dip flag: True | Green count: 0 | Armed: False
[2026-03-16 16:55:01]   No new signals.
[2026-03-16 16:55:00] ─── Paper Monitor Check ───
[2026-03-16 16:55:01]   MSTR: $147.52 | 200W SMA: $149.59 (-1.4%)
[2026-03-16 16:55:01]   BTC: $74,215
[2026-03-16 16:55:01]   mNAV Premium: 0.90x | Dip flag: True | Green count: 0 | Armed: False
[2026-03-16 16:55:01]   No new signals.
[2026-03-17 09:00:01] ─── Paper Monitor Check ───
[2026-03-17 09:00:01]   MSTR: $147.52 | 200W SMA: $150.22 (-1.8%)
[2026-03-17 09:00:01]   BTC: $73,737
[2026-03-17 09:00:01]   mNAV Premium: 0.91x | Dip flag: True | Green count: 0 | Armed: False
[2026-03-17 09:00:01]   No new signals.
[2026-03-17 09:00:01] ─── Paper Monitor Check ───
[2026-03-17 09:00:01]   MSTR: $147.52 | 200W SMA: $150.22 (-1.8%)
[2026-03-17 09:00:01]   BTC: $73,737
[2026-03-17 09:00:01]   mNAV Premium: 0.91x | Dip flag: True | Green count: 0 | Armed: False
[2026-03-17 09:00:01]   No new signals.
[2026-03-17 09:05:00] ─── Paper Monitor Check ───
[2026-03-17 09:05:00]   MSTR: $147.52 | 200W SMA: $150.22 (-1.8%)
[2026-03-17 09:05:00]   BTC: $73,731
[2026-03-17 09:05:00]   mNAV Premium: 0.91x | Dip flag: True | Green count: 0 | Armed: False
[2026-03-17 09:05:00]   No new signals.
[2026-03-17 09:05:00] ─── Paper Monitor Check ───
[2026-03-17 09:05:00]   MSTR: $147.52 | 200W SMA: $150.22 (-1.8%)
[2026-03-17 09:05:00]   BTC: $73,731
[2026-03-17 09:05:00]   mNAV Premium: 0.91x | Dip flag: True | Green count: 0 | Armed: False
[2026-03-17 09:05:00]   No new signals.
[2026-03-17 09:10:00] ─── Paper Monitor Check ───
[2026-03-17 09:10:01]   MSTR: $147.52 | 200W SMA: $150.22 (-1.8%)
[2026-03-17 09:10:01]   BTC: $73,786
[2026-03-17 09:10:01]   mNAV Premium: 0.91x | Dip flag: True | Green count: 0 | Armed: False
[2026-03-17 09:10:01]   No new signals.
[2026-03-17 09:10:00] ─── Paper Monitor Check ───
[2026-03-17 09:10:01]   MSTR: $147.52 | 200W SMA: $150.22 (-1.8%)
[2026-03-17 09:10:01]   BTC: $73,786
[2026-03-17 09:10:01]   mNAV Premium: 0.91x | Dip flag: True | Green count: 0 | Armed: False
[2026-03-17 09:10:01]   No new signals.
[2026-03-17 09:15:00] ─── Paper Monitor Check ───
[2026-03-17 09:15:01]   MSTR: $147.52 | 200W SMA: $150.22 (-1.8%)
[2026-03-17 09:15:01]   BTC: $73,816
[2026-03-17 09:15:01]   mNAV Premium: 0.91x | Dip flag: True | Green count: 0 | Armed: False
[2026-03-17 09:15:01]   No new signals.
[2026-03-17 09:15:00] ─── Paper Monitor Check ───
[2026-03-17 09:15:01]   MSTR: $147.52 | 200W SMA: $150.22 (-1.8%)
[2026-03-17 09:15:01]   BTC: $73,816
[2026-03-17 09:15:01]   mNAV Premium: 0.91x | Dip flag: True | Green count: 0 | Armed: False
[2026-03-17 09:15:01]   No new signals.
[2026-03-17 09:20:01] ─── Paper Monitor Check ───
[2026-03-17 09:20:01]   MSTR: $147.52 | 200W SMA: $150.22 (-1.8%)
[2026-03-17 09:20:01]   BTC: $73,742
[2026-03-17 09:20:01]   mNAV Premium: 0.91x | Dip flag: True | Green count: 0 | Armed: False
[2026-03-17 09:20:01]   No new signals.
[2026-03-17 09:20:01] ─── Paper Monitor Check ───
[2026-03-17 09:20:01]   MSTR: $147.52 | 200W SMA: $150.22 (-1.8%)
[2026-03-17 09:20:01]   BTC: $73,742
[2026-03-17 09:20:01]   mNAV Premium: 0.91x | Dip flag: True | Green count: 0 | Armed: False
[2026-03-17 09:20:01]   No new signals.
[2026-03-17 09:25:00] ─── Paper Monitor Check ───
[2026-03-17 09:25:01]   MSTR: $147.52 | 200W SMA: $150.22 (-1.8%)
[2026-03-17 09:25:01]   BTC: $73,780
[2026-03-17 09:25:01]   mNAV Premium: 0.91x | Dip flag: True | Green count: 0 | Armed: False
[2026-03-17 09:25:01]   No new signals.
[2026-03-17 09:25:00] ─── Paper Monitor Check ───
[2026-03-17 09:25:01]   MSTR: $147.52 | 200W SMA: $150.22 (-1.8%)
[2026-03-17 09:25:01]   BTC: $73,780
[2026-03-17 09:25:01]   mNAV Premium: 0.91x | Dip flag: True | Green count: 0 | Armed: False
[2026-03-17 09:25:01]   No new signals.
[2026-03-17 09:30:00] ─── Paper Monitor Check ───
[2026-03-17 09:30:01]   MSTR: $147.52 | 200W SMA: $150.22 (-1.8%)
[2026-03-17 09:30:01]   BTC: $73,700
[2026-03-17 09:30:01]   mNAV Premium: 0.91x | Dip flag: True | Green count: 0 | Armed: False
[2026-03-17 09:30:01]   No new signals.
[2026-03-17 09:30:00] ─── Paper Monitor Check ───
[2026-03-17 09:30:01]   MSTR: $147.52 | 200W SMA: $150.22 (-1.8%)
[2026-03-17 09:30:01]   BTC: $73,700
[2026-03-17 09:30:01]   mNAV Premium: 0.91x | Dip flag: True | Green count: 0 | Armed: False
[2026-03-17 09:30:01]   No new signals.
[2026-03-17 09:35:00] ─── Paper Monitor Check ───
[2026-03-17 09:35:01]   MSTR: $147.74 | 200W SMA: $150.22 (-1.6%)
[2026-03-17 09:35:01]   BTC: $73,977
[2026-03-17 09:35:01]   mNAV Premium: 0.91x | Dip flag: True | Green count: 0 | Armed: False
[2026-03-17 09:35:01]   No new signals.
[2026-03-17 09:35:00] ─── Paper Monitor Check ───
[2026-03-17 09:35:01]   MSTR: $147.74 | 200W SMA: $150.22 (-1.6%)
[2026-03-17 09:35:01]   BTC: $73,977
[2026-03-17 09:35:01]   mNAV Premium: 0.91x | Dip flag: True | Green count: 0 | Armed: False
[2026-03-17 09:35:01]   No new signals.
[2026-03-17 09:40:00] ─── Paper Monitor Check ───
[2026-03-17 09:40:01]   MSTR: $148.52 | 200W SMA: $150.22 (-1.1%)
[2026-03-17 09:40:01]   BTC: $73,864
[2026-03-17 09:40:01]   mNAV Premium: 0.91x | Dip flag: True | Green count: 0 | Armed: False
[2026-03-17 09:40:01]   No new signals.
[2026-03-17 09:40:00] ─── Paper Monitor Check ───
[2026-03-17 09:40:01]   MSTR: $148.52 | 200W SMA: $150.22 (-1.1%)
[2026-03-17 09:40:01]   BTC: $73,864
[2026-03-17 09:40:01]   mNAV Premium: 0.91x | Dip flag: True | Green count: 0 | Armed: False
[2026-03-17 09:40:01]   No new signals.
[2026-03-17 09:45:01] ─── Paper Monitor Check ───
[2026-03-17 09:45:01]   MSTR: $147.85 | 200W SMA: $150.22 (-1.6%)
[2026-03-17 09:45:01]   BTC: $73,890
[2026-03-17 09:45:01]   mNAV Premium: 0.91x | Dip flag: True | Green count: 0 | Armed: False
[2026-03-17 09:45:01]   No new signals.
[2026-03-17 09:45:01] ─── Paper Monitor Check ───
[2026-03-17 09:45:01]   MSTR: $147.85 | 200W SMA: $150.22 (-1.6%)
[2026-03-17 09:45:01]   BTC: $73,890
[2026-03-17 09:45:01]   mNAV Premium: 0.91x | Dip flag: True | Green count: 0 | Armed: False
[2026-03-17 09:45:01]   No new signals.
[2026-03-17 09:50:00] ─── Paper Monitor Check ───
[2026-03-17 09:50:01]   MSTR: $148.38 | 200W SMA: $150.22 (-1.2%)
[2026-03-17 09:50:01]   BTC: $73,830
[2026-03-17 09:50:01]   mNAV Premium: 0.91x | Dip flag: True | Green count: 0 | Armed: False
[2026-03-17 09:50:01]   No new signals.
[2026-03-17 09:50:00] ─── Paper Monitor Check ───
[2026-03-17 09:50:01]   MSTR: $148.38 | 200W SMA: $150.22 (-1.2%)
[2026-03-17 09:50:01]   BTC: $73,830
[2026-03-17 09:50:01]   mNAV Premium: 0.91x | Dip flag: True | Green count: 0 | Armed: False
[2026-03-17 09:50:01]   No new signals.
[2026-03-17 09:55:01] ─── Paper Monitor Check ───
[2026-03-17 09:55:01]   MSTR: $147.77 | 200W SMA: $150.22 (-1.6%)
[2026-03-17 09:55:01]   BTC: $73,500
[2026-03-17 09:55:01]   mNAV Premium: 0.91x | Dip flag: True | Green count: 0 | Armed: False
[2026-03-17 09:55:01]   No new signals.
[2026-03-17 09:55:01] ─── Paper Monitor Check ───
[2026-03-17 09:55:01]   MSTR: $147.77 | 200W SMA: $150.22 (-1.6%)
[2026-03-17 09:55:01]   BTC: $73,500
[2026-03-17 09:55:01]   mNAV Premium: 0.91x | Dip flag: True | Green count: 0 | Armed: False
[2026-03-17 09:55:01]   No new signals.
[2026-03-17 10:00:00] ─── Paper Monitor Check ───
[2026-03-17 10:00:01]   MSTR: $148.00 | 200W SMA: $150.22 (-1.5%)
[2026-03-17 10:00:01]   BTC: $73,642
[2026-03-17 10:00:01]   mNAV Premium: 0.91x | Dip flag: True | Green count: 0 | Armed: False
[2026-03-17 10:00:01]   No new signals.
[2026-03-17 10:00:00] ─── Paper Monitor Check ───
[2026-03-17 10:00:01]   MSTR: $148.00 | 200W SMA: $150.22 (-1.5%)
[2026-03-17 10:00:01]   BTC: $73,642
[2026-03-17 10:00:01]   mNAV Premium: 0.91x | Dip flag: True | Green count: 0 | Armed: False
[2026-03-17 10:00:01]   No new signals.
[2026-03-17 10:05:00] ─── Paper Monitor Check ───
[2026-03-17 10:05:01]   MSTR: $147.76 | 200W SMA: $150.22 (-1.6%)
[2026-03-17 10:05:01]   BTC: $73,601
[2026-03-17 10:05:01]   mNAV Premium: 0.91x | Dip flag: True | Green count: 0 | Armed: False
[2026-03-17 10:05:01]   No new signals.
[2026-03-17 10:05:00] ─── Paper Monitor Check ───
[2026-03-17 10:05:01]   MSTR: $147.76 | 200W SMA: $150.22 (-1.6%)
[2026-03-17 10:05:01]   BTC: $73,601
[2026-03-17 10:05:01]   mNAV Premium: 0.91x | Dip flag: True | Green count: 0 | Armed: False
[2026-03-17 10:05:01]   No new signals.
[2026-03-17 10:10:01] ─── Paper Monitor Check ───
[2026-03-17 10:10:01]   MSTR: $148.57 | 200W SMA: $150.22 (-1.1%)
[2026-03-17 10:10:01]   BTC: $73,729
[2026-03-17 10:10:01]   mNAV Premium: 0.91x | Dip flag: True | Green count: 0 | Armed: False
[2026-03-17 10:10:01]   No new signals.
[2026-03-17 10:10:01] ─── Paper Monitor Check ───
[2026-03-17 10:10:01]   MSTR: $148.57 | 200W SMA: $150.22 (-1.1%)
[2026-03-17 10:10:01]   BTC: $73,729
[2026-03-17 10:10:01]   mNAV Premium: 0.91x | Dip flag: True | Green count: 0 | Armed: False
[2026-03-17 10:10:01]   No new signals.
[2026-03-17 10:15:00] ─── Paper Monitor Check ───
[2026-03-17 10:15:01]   MSTR: $148.12 | 200W SMA: $150.22 (-1.4%)
[2026-03-17 10:15:01]   BTC: $73,693
[2026-03-17 10:15:01]   mNAV Premium: 0.91x | Dip flag: True | Green count: 0 | Armed: False
[2026-03-17 10:15:01]   No new signals.
[2026-03-17 10:15:00] ─── Paper Monitor Check ───
[2026-03-17 10:15:01]   MSTR: $148.12 | 200W SMA: $150.22 (-1.4%)
[2026-03-17 10:15:01]   BTC: $73,693
[2026-03-17 10:15:01]   mNAV Premium: 0.91x | Dip flag: True | Green count: 0 | Armed: False
[2026-03-17 10:15:01]   No new signals.
[2026-03-17 10:20:00] ─── Paper Monitor Check ───
[2026-03-17 10:20:01]   MSTR: $148.46 | 200W SMA: $150.22 (-1.2%)
[2026-03-17 10:20:01]   BTC: $73,647
[2026-03-17 10:20:01]   mNAV Premium: 0.91x | Dip flag: True | Green count: 0 | Armed: False
[2026-03-17 10:20:01]   No new signals.
[2026-03-17 10:20:00] ─── Paper Monitor Check ───
[2026-03-17 10:20:01]   MSTR: $148.46 | 200W SMA: $150.22 (-1.2%)
[2026-03-17 10:20:01]   BTC: $73,647
[2026-03-17 10:20:01]   mNAV Premium: 0.91x | Dip flag: True | Green count: 0 | Armed: False
[2026-03-17 10:20:01]   No new signals.
[2026-03-17 10:25:00] ─── Paper Monitor Check ───
[2026-03-17 10:25:00]   MSTR: $148.25 | 200W SMA: $150.22 (-1.3%)
[2026-03-17 10:25:00]   BTC: $73,765
[2026-03-17 10:25:00]   mNAV Premium: 0.91x | Dip flag: True | Green count: 0 | Armed: False
[2026-03-17 10:25:00]   No new signals.
[2026-03-17 10:25:00] ─── Paper Monitor Check ───
[2026-03-17 10:25:00]   MSTR: $148.25 | 200W SMA: $150.22 (-1.3%)
[2026-03-17 10:25:00]   BTC: $73,765
[2026-03-17 10:25:00]   mNAV Premium: 0.91x | Dip flag: True | Green count: 0 | Armed: False
[2026-03-17 10:25:00]   No new signals.
[2026-03-17 10:30:00] ─── Paper Monitor Check ───
[2026-03-17 10:30:01]   MSTR: $148.41 | 200W SMA: $150.22 (-1.2%)
[2026-03-17 10:30:01]   BTC: $73,784
[2026-03-17 10:30:01]   mNAV Premium: 0.91x | Dip flag: True | Green count: 0 | Armed: False
[2026-03-17 10:30:01]   No new signals.
[2026-03-17 10:30:00] ─── Paper Monitor Check ───
[2026-03-17 10:30:01]   MSTR: $148.41 | 200W SMA: $150.22 (-1.2%)
[2026-03-17 10:30:01]   BTC: $73,784
[2026-03-17 10:30:01]   mNAV Premium: 0.91x | Dip flag: True | Green count: 0 | Armed: False
[2026-03-17 10:30:01]   No new signals.
[2026-03-17 10:35:01] ─── Paper Monitor Check ───
[2026-03-17 10:35:01]   MSTR: $149.48 | 200W SMA: $150.23 (-0.5%)
[2026-03-17 10:35:01]   BTC: $73,960
[2026-03-17 10:35:01]   mNAV Premium: 0.92x | Dip flag: True | Green count: 0 | Armed: False
[2026-03-17 10:35:01]   No new signals.
[2026-03-17 10:35:01] ─── Paper Monitor Check ───
[2026-03-17 10:35:01]   MSTR: $149.48 | 200W SMA: $150.23 (-0.5%)
[2026-03-17 10:35:01]   BTC: $73,960
[2026-03-17 10:35:01]   mNAV Premium: 0.92x | Dip flag: True | Green count: 0 | Armed: False
[2026-03-17 10:35:01]   No new signals.
[2026-03-17 10:40:00] ─── Paper Monitor Check ───
[2026-03-17 10:40:01]   MSTR: $149.56 | 200W SMA: $150.23 (-0.4%)
[2026-03-17 10:40:01]   BTC: $74,142
[2026-03-17 10:40:01]   mNAV Premium: 0.91x | Dip flag: True | Green count: 0 | Armed: False
[2026-03-17 10:40:01]   No new signals.
[2026-03-17 10:40:00] ─── Paper Monitor Check ───
[2026-03-17 10:40:01]   MSTR: $149.56 | 200W SMA: $150.23 (-0.4%)
[2026-03-17 10:40:01]   BTC: $74,142
[2026-03-17 10:40:01]   mNAV Premium: 0.91x | Dip flag: True | Green count: 0 | Armed: False
[2026-03-17 10:40:01]   No new signals.
[2026-03-17 10:45:00] ─── Paper Monitor Check ───
[2026-03-17 10:45:01]   MSTR: $149.68 | 200W SMA: $150.23 (-0.4%)
[2026-03-17 10:45:01]   BTC: $74,232
[2026-03-17 10:45:01]   mNAV Premium: 0.91x | Dip flag: True | Green count: 0 | Armed: False
[2026-03-17 10:45:01]   No new signals.
[2026-03-17 10:45:00] ─── Paper Monitor Check ───
[2026-03-17 10:45:01]   MSTR: $149.68 | 200W SMA: $150.23 (-0.4%)
[2026-03-17 10:45:01]   BTC: $74,232
[2026-03-17 10:45:01]   mNAV Premium: 0.91x | Dip flag: True | Green count: 0 | Armed: False
[2026-03-17 10:45:01]   No new signals.
[2026-03-17 10:50:00] ─── Paper Monitor Check ───
[2026-03-17 10:50:01]   MSTR: $149.62 | 200W SMA: $150.23 (-0.4%)
[2026-03-17 10:50:01]   BTC: $74,364
[2026-03-17 10:50:01]   mNAV Premium: 0.91x | Dip flag: True | Green count: 0 | Armed: False
[2026-03-17 10:50:01]   No new signals.
[2026-03-17 10:50:00] ─── Paper Monitor Check ───
[2026-03-17 10:50:01]   MSTR: $149.62 | 200W SMA: $150.23 (-0.4%)
[2026-03-17 10:50:01]   BTC: $74,364
[2026-03-17 10:50:01]   mNAV Premium: 0.91x | Dip flag: True | Green count: 0 | Armed: False
[2026-03-17 10:50:01]   No new signals.
[2026-03-17 10:55:01] ─── Paper Monitor Check ───
[2026-03-17 10:55:01]   MSTR: $150.08 | 200W SMA: $150.23 (-0.1%)
[2026-03-17 10:55:01]   BTC: $74,218
[2026-03-17 10:55:01]   mNAV Premium: 0.92x | Dip flag: True | Green count: 0 | Armed: False
[2026-03-17 10:55:01]   No new signals.
[2026-03-17 10:55:01] ─── Paper Monitor Check ───
[2026-03-17 10:55:01]   MSTR: $150.08 | 200W SMA: $150.23 (-0.1%)
[2026-03-17 10:55:01]   BTC: $74,218
[2026-03-17 10:55:01]   mNAV Premium: 0.92x | Dip flag: True | Green count: 0 | Armed: False
[2026-03-17 10:55:01]   No new signals.
[2026-03-17 11:00:00] ─── Paper Monitor Check ───
[2026-03-17 11:00:01]   MSTR: $150.51 | 200W SMA: $150.23 (+0.2%)
[2026-03-17 11:00:01]   BTC: $74,373
[2026-03-17 11:00:01]   mNAV Premium: 0.92x | Dip flag: True | Green count: 0 | Armed: False
[2026-03-17 11:00:01]   🚨 ALERT [RECLAIM_START]: INFO
/Users/eddiemae/Library/Python/3.9/lib/python/site-packages/urllib3/__init__.py:35: NotOpenSSLWarning: urllib3 v2 only supports OpenSSL 1.1.1+, currently the 'ssl' module is compiled with 'LibreSSL 2.8.3'. See: https://github.com/urllib3/urllib3/issues/3020
  warnings.warn(
[2026-03-17 11:00:00] ─── Paper Monitor Check ───
[2026-03-17 11:00:01]   MSTR: $150.51 | 200W SMA: $150.23 (+0.2%)
[2026-03-17 11:00:01]   BTC: $74,373
[2026-03-17 11:00:01]   mNAV Premium: 0.92x | Dip flag: True | Green count: 0 | Armed: False
[2026-03-17 11:00:01]   🚨 ALERT [RECLAIM_START]: INFO
[2026-03-17 11:05:00] ─── Paper Monitor Check ───
[2026-03-17 11:05:01]   MSTR: $151.10 | 200W SMA: $150.23 (+0.6%)
[2026-03-17 11:05:01]   BTC: $74,793
[2026-03-17 11:05:01]   mNAV Premium: 0.92x | Dip flag: True | Green count: 1 | Armed: False
[2026-03-17 11:05:01]   🚨 ALERT [ARMED]: CRITICAL
/Users/eddiemae/Library/Python/3.9/lib/python/site-packages/urllib3/__init__.py:35: NotOpenSSLWarning: urllib3 v2 only supports OpenSSL 1.1.1+, currently the 'ssl' module is compiled with 'LibreSSL 2.8.3'. See: https://github.com/urllib3/urllib3/issues/3020
  warnings.warn(
[2026-03-17 11:05:02]   🚨 ALERT [ENTRY_SIGNAL]: CRITICAL
[2026-03-17 11:05:00] ─── Paper Monitor Check ───
[2026-03-17 11:05:01]   MSTR: $151.10 | 200W SMA: $150.23 (+0.6%)
[2026-03-17 11:05:01]   BTC: $74,793
[2026-03-17 11:05:01]   mNAV Premium: 0.92x | Dip flag: True | Green count: 1 | Armed: False
[2026-03-17 11:05:01]   🚨 ALERT [ARMED]: CRITICAL
[2026-03-17 11:05:02]   🚨 ALERT [ENTRY_SIGNAL]: CRITICAL
[2026-03-17 11:10:01] ─── Paper Monitor Check ───
[2026-03-17 11:10:01]   MSTR: $150.39 | 200W SMA: $150.23 (+0.1%)
[2026-03-17 11:10:01]   BTC: $74,516
[2026-03-17 11:10:01]   mNAV Premium: 0.92x | Dip flag: True | Green count: 2 | Armed: True
[2026-03-17 11:10:01]   No new signals.
[2026-03-17 11:10:01] ─── Paper Monitor Check ───
[2026-03-17 11:10:01]   MSTR: $150.39 | 200W SMA: $150.23 (+0.1%)
[2026-03-17 11:10:01]   BTC: $74,516
[2026-03-17 11:10:01]   mNAV Premium: 0.92x | Dip flag: True | Green count: 2 | Armed: True
[2026-03-17 11:10:01]   No new signals.
[2026-03-17 11:15:00] ─── Paper Monitor Check ───
[2026-03-17 11:15:01]   MSTR: $149.81 | 200W SMA: $150.23 (-0.3%)
[2026-03-17 11:15:01]   BTC: $74,214
[2026-03-17 11:15:01]   mNAV Premium: 0.92x | Dip flag: True | Green count: 3 | Armed: True
[2026-03-17 11:15:01]   No new signals.
[2026-03-17 11:15:00] ─── Paper Monitor Check ───
[2026-03-17 11:15:01]   MSTR: $149.81 | 200W SMA: $150.23 (-0.3%)
[2026-03-17 11:15:01]   BTC: $74,214
[2026-03-17 11:15:01]   mNAV Premium: 0.92x | Dip flag: True | Green count: 3 | Armed: True
[2026-03-17 11:15:01]   No new signals.
[2026-03-17 11:20:00] ─── Paper Monitor Check ───
[2026-03-17 11:20:01]   MSTR: $150.00 | 200W SMA: $150.23 (-0.2%)
[2026-03-17 11:20:01]   BTC: $74,215
[2026-03-17 11:20:01]   mNAV Premium: 0.92x | Dip flag: True | Green count: 3 | Armed: True
[2026-03-17 11:20:01]   No new signals.
[2026-03-17 11:20:00] ─── Paper Monitor Check ───
[2026-03-17 11:20:01]   MSTR: $150.00 | 200W SMA: $150.23 (-0.2%)
[2026-03-17 11:20:01]   BTC: $74,215
[2026-03-17 11:20:01]   mNAV Premium: 0.92x | Dip flag: True | Green count: 3 | Armed: True
[2026-03-17 11:20:01]   No new signals.
[2026-03-17 11:25:00] ─── Paper Monitor Check ───
[2026-03-17 11:25:01]   MSTR: $148.83 | 200W SMA: $150.22 (-0.9%)
[2026-03-17 11:25:01]   BTC: $74,095
[2026-03-17 11:25:01]   mNAV Premium: 0.91x | Dip flag: True | Green count: 3 | Armed: True
[2026-03-17 11:25:01]   No new signals.
[2026-03-17 11:25:00] ─── Paper Monitor Check ───
[2026-03-17 11:25:01]   MSTR: $148.83 | 200W SMA: $150.22 (-0.9%)
[2026-03-17 11:25:01]   BTC: $74,095
[2026-03-17 11:25:01]   mNAV Premium: 0.91x | Dip flag: True | Green count: 3 | Armed: True
[2026-03-17 11:25:01]   No new signals.
[2026-03-17 11:30:00] ─── Paper Monitor Check ───
[2026-03-17 11:30:01]   MSTR: $148.77 | 200W SMA: $150.22 (-1.0%)
[2026-03-17 11:30:01]   BTC: $74,105
[2026-03-17 11:30:01]   mNAV Premium: 0.91x | Dip flag: True | Green count: 3 | Armed: True
[2026-03-17 11:30:01]   No new signals.
[2026-03-17 11:30:00] ─── Paper Monitor Check ───
[2026-03-17 11:30:01]   MSTR: $148.77 | 200W SMA: $150.22 (-1.0%)
[2026-03-17 11:30:01]   BTC: $74,105
[2026-03-17 11:30:01]   mNAV Premium: 0.91x | Dip flag: True | Green count: 3 | Armed: True
[2026-03-17 11:30:01]   No new signals.
[2026-03-17 11:35:00] ─── Paper Monitor Check ───
[2026-03-17 11:35:00]   MSTR: $148.37 | 200W SMA: $150.22 (-1.2%)
[2026-03-17 11:35:00]   BTC: $74,077
[2026-03-17 11:35:00]   mNAV Premium: 0.91x | Dip flag: True | Green count: 3 | Armed: True
[2026-03-17 11:35:00]   No new signals.
[2026-03-17 11:35:00] ─── Paper Monitor Check ───
[2026-03-17 11:35:00]   MSTR: $148.37 | 200W SMA: $150.22 (-1.2%)
[2026-03-17 11:35:00]   BTC: $74,077
[2026-03-17 11:35:00]   mNAV Premium: 0.91x | Dip flag: True | Green count: 3 | Armed: True
[2026-03-17 11:35:00]   No new signals.
[2026-03-17 11:40:00] ─── Paper Monitor Check ───
[2026-03-17 11:40:01]   MSTR: $148.09 | 200W SMA: $150.22 (-1.4%)
[2026-03-17 11:40:01]   BTC: $73,741
[2026-03-17 11:40:01]   mNAV Premium: 0.91x | Dip flag: True | Green count: 3 | Armed: True
[2026-03-17 11:40:01]   No new signals.
[2026-03-17 11:40:00] ─── Paper Monitor Check ───
[2026-03-17 11:40:01]   MSTR: $148.09 | 200W SMA: $150.22 (-1.4%)
[2026-03-17 11:40:01]   BTC: $73,741
[2026-03-17 11:40:01]   mNAV Premium: 0.91x | Dip flag: True | Green count: 3 | Armed: True
[2026-03-17 11:40:01]   No new signals.
