[2026-03-17 20:11:00,320] [INFO] ============================================================
[2026-03-17 20:11:00,321] [INFO] 📋 POSITION AUDIT STARTING
[2026-03-17 20:11:00,321] [INFO] ============================================================
[2026-03-17 20:11:00,427] [INFO] Connecting to 127.0.0.1:7497 with clientId 56...
[2026-03-17 20:11:00,427] [INFO] Connected
[2026-03-17 20:11:00,434] [INFO] Logged on to server version 176
[2026-03-17 20:11:00,436] [INFO] Warning 2104, reqId -1: Market data farm connection is OK:usfarm.nj
[2026-03-17 20:11:00,436] [INFO] Warning 2104, reqId -1: Market data farm connection is OK:usopt.nj
[2026-03-17 20:11:00,436] [INFO] Warning 2104, reqId -1: Market data farm connection is OK:cashfarm
[2026-03-17 20:11:00,436] [INFO] Warning 2104, reqId -1: Market data farm connection is OK:usopt
[2026-03-17 20:11:00,436] [INFO] Warning 2104, reqId -1: Market data farm connection is OK:usfarm
[2026-03-17 20:11:00,436] [INFO] Warning 2106, reqId -1: HMDS data farm connection is OK:ushmds
[2026-03-17 20:11:00,436] [INFO] Warning 2158, reqId -1: Sec-def data farm connection is OK:secdefil
[2026-03-17 20:11:00,436] [INFO] API connection ready
[2026-03-17 20:11:00,437] [INFO] position: Position(account='DUA724990', contract=Option(conId=852270751, symbol='GME', lastTradeDateOrContractMonth='20260327', strike=25.5, right='C', multiplier='100', currency='USD', localSymbol='GME   260327C00025500', tradingClass='GME'), position=-8.0, avgCost=34.72876)
[2026-03-17 20:11:00,437] [INFO] position: Position(account='DUA724990', contract=Option(conId=863437604, symbol='NEM', lastTradeDateOrContractMonth='20260501', strike=113.0, right='C', multiplier='100', currency='USD', localSymbol='NEM   260501C00113000', tradingClass='NEM'), position=-1.0, avgCost=669.22876)
[2026-03-17 20:11:00,437] [INFO] position: Position(account='DUA724990', contract=Option(conId=823206916, symbol='DNA', lastTradeDateOrContractMonth='20260618', strike=6.0, right='C', multiplier='100', currency='USD', localSymbol='DNA   260618C00006000', tradingClass='DNA'), position=-3.0, avgCost=115.29876)
[2026-03-17 20:11:00,437] [INFO] position: Position(account='DUA724990', contract=Option(conId=815267660, symbol='BKSY', lastTradeDateOrContractMonth='20260515', strike=25.0, right='C', multiplier='100', currency='USD', localSymbol='BKSY  260515C00025000', tradingClass='BKSY'), position=-1.0, avgCost=429.59876)
[2026-03-17 20:11:00,437] [INFO] position: Position(account='DUA724990', contract=Option(conId=809330724, symbol='OXY', lastTradeDateOrContractMonth='20260417', strike=60.0, right='C', multiplier='100', currency='USD', localSymbol='OXY   260417C00060000', tradingClass='OXY'), position=-4.0, avgCost=164.55626)
[2026-03-17 20:11:00,437] [INFO] position: Position(account='DUA724990', contract=Option(conId=807304220, symbol='XOM', lastTradeDateOrContractMonth='20260417', strike=160.0, right='C', multiplier='100', currency='USD', localSymbol='XOM   260417C00160000', tradingClass='XOM'), position=-1.0, avgCost=564.22876)
[2026-03-17 20:11:00,437] [INFO] position: Position(account='DUA724990', contract=Option(conId=852253389, symbol='COIN', lastTradeDateOrContractMonth='20260327', strike=210.0, right='C', multiplier='100', currency='USD', localSymbol='COIN  260327C00210000', tradingClass='COIN'), position=-1.0, avgCost=719.22876)
[2026-03-17 20:11:00,437] [INFO] position: Position(account='DUA724990', contract=Option(conId=817343408, symbol='GLD', lastTradeDateOrContractMonth='20260515', strike=485.0, right='C', multiplier='100', currency='USD', localSymbol='GLD   260515C00485000', tradingClass='GLD'), position=-1.0, avgCost=1048.94876)
[2026-03-17 20:11:00,437] [INFO] position: Position(account='DUA724990', contract=Option(conId=859565950, symbol='RKLB', lastTradeDateOrContractMonth='20260515', strike=70.0, right='C', multiplier='100', currency='USD', localSymbol='RKLB  260515C00070000', tradingClass='RKLB'), position=-1.0, avgCost=1329.22876)
[2026-03-17 20:11:00,437] [INFO] position: Position(account='DUA724990', contract=Option(conId=862015976, symbol='LUNR', lastTradeDateOrContractMonth='20260515', strike=19.0, right='C', multiplier='100', currency='USD', localSymbol='LUNR  260515C00019000', tradingClass='LUNR'), position=0.0, avgCost=0.0)
[2026-03-17 20:11:00,437] [INFO] position: Position(account='DUA724990', contract=Option(conId=852297660, symbol='MARA', lastTradeDateOrContractMonth='20260327', strike=10.5, right='C', multiplier='100', currency='USD', localSymbol='MARA  260327C00010500', tradingClass='MARA'), position=-9.0, avgCost=14.29876)
[2026-03-17 20:11:00,437] [INFO] position: Position(account='DUA724990', contract=Option(conId=862984196, symbol='SOUN', lastTradeDateOrContractMonth='20260515', strike=7.0, right='P', multiplier='100', currency='USD', localSymbol='SOUN  260515P00007000', tradingClass='SOUN'), position=-3.0, avgCost=60.57876)
[2026-03-17 20:11:00,437] [INFO] position: Position(account='DUA724990', contract=Option(conId=863426444, symbol='GDX', lastTradeDateOrContractMonth='20260501', strike=95.5, right='C', multiplier='100', currency='USD', localSymbol='GDX   260501C00095500', tradingClass='GDX'), position=-1.0, avgCost=529.22876)
[2026-03-17 20:11:00,437] [INFO] position: Position(account='DUA724990', contract=Option(conId=845403354, symbol='CVX', lastTradeDateOrContractMonth='20260417', strike=200.0, right='C', multiplier='100', currency='USD', localSymbol='CVX   260417C00200000', tradingClass='CVX'), position=-1.0, avgCost=634.22876)
[2026-03-17 20:11:00,437] [INFO] position: Position(account='DUA724990', contract=Option(conId=835691313, symbol='AG', lastTradeDateOrContractMonth='20260717', strike=26.0, right='C', multiplier='100', currency='USD', localSymbol='AG    260717C00026000', tradingClass='AG'), position=-1.0, avgCost=252.22876)
[2026-03-17 20:11:00,437] [INFO] position: Position(account='DUA724990', contract=Option(conId=856173226, symbol='FANG', lastTradeDateOrContractMonth='20260417', strike=180.0, right='C', multiplier='100', currency='USD', localSymbol='FANG  260417C00180000', tradingClass='FANG'), position=-2.0, avgCost=1189.59876)
[2026-03-17 20:11:00,437] [INFO] position: Position(account='DUA724990', contract=Option(conId=862592457, symbol='MSFT', lastTradeDateOrContractMonth='20260325', strike=385.0, right='P', multiplier='100', currency='USD', localSymbol='MSFT  260325P00385000', tradingClass='MSFT'), position=-1.0, avgCost=193.94876)
[2026-03-17 20:11:00,437] [INFO] position: Position(account='DUA724990', contract=Option(conId=823208305, symbol='DNA', lastTradeDateOrContractMonth='20260618', strike=6.0, right='P', multiplier='100', currency='USD', localSymbol='DNA   260618P00006000', tradingClass='DNA'), position=-3.0, avgCost=59.94876)
[2026-03-17 20:11:00,437] [INFO] position: Position(account='DUA724990', contract=Option(conId=848470322, symbol='GDX', lastTradeDateOrContractMonth='20260515', strike=103.0, right='C', multiplier='100', currency='USD', localSymbol='GDX   260515C00103000', tradingClass='GDX'), position=-1.0, avgCost=404.22876)
[2026-03-17 20:11:00,437] [INFO] position: Position(account='DUA724990', contract=Option(conId=833271371, symbol='BFLY', lastTradeDateOrContractMonth='20260717', strike=4.0, right='C', multiplier='100', currency='USD', localSymbol='BFLY  260717C00004000', tradingClass='BFLY'), position=-3.0, avgCost=94.94876)
[2026-03-17 20:11:00,438] [INFO] position: Position(account='DUA724990', contract=Option(conId=859566173, symbol='RKLB', lastTradeDateOrContractMonth='20260515', strike=70.0, right='P', multiplier='100', currency='USD', localSymbol='RKLB  260515P00070000', tradingClass='RKLB'), position=-1.0, avgCost=704.22876)
[2026-03-17 20:11:00,438] [INFO] position: Position(account='DUA724990', contract=Option(conId=841935179, symbol='GOLD', lastTradeDateOrContractMonth='20260515', strike=50.0, right='C', multiplier='100', currency='USD', localSymbol='GOLD  260515C00050000', tradingClass='GOLD'), position=-1.0, avgCost=349.59876)
[2026-03-17 20:11:00,438] [INFO] position: Position(account='DUA724990', contract=Option(conId=862590725, symbol='AAPL', lastTradeDateOrContractMonth='20260325', strike=250.0, right='P', multiplier='100', currency='USD', localSymbol='AAPL  260325P00250000', tradingClass='AAPL'), position=-1.0, avgCost=220.22876)
[2026-03-17 20:11:00,637] [INFO] updatePortfolio: PortfolioItem(contract=Option(conId=862590725, symbol='AAPL', lastTradeDateOrContractMonth='20260325', strike=250.0, right='P', multiplier='100', primaryExchange='AMEX', currency='USD', localSymbol='AAPL  260325P00250000', tradingClass='AAPL'), position=-1.0, marketPrice=2.08443595, marketValue=-208.44, averageCost=220.22876, unrealizedPNL=11.79, realizedPNL=0.0, account='DUA724990')
[2026-03-17 20:11:00,637] [INFO] updatePortfolio: PortfolioItem(contract=Option(conId=835691313, symbol='AG', lastTradeDateOrContractMonth='20260717', strike=26.0, right='C', multiplier='100', primaryExchange='AMEX', currency='USD', localSymbol='AG    260717C00026000', tradingClass='AG'), position=-1.0, marketPrice=2.69747045, marketValue=-269.75, averageCost=252.22876, unrealizedPNL=-17.52, realizedPNL=0.0, account='DUA724990')
[2026-03-17 20:11:00,637] [INFO] updatePortfolio: PortfolioItem(contract=Option(conId=833271371, symbol='BFLY', lastTradeDateOrContractMonth='20260717', strike=4.0, right='C', multiplier='100', primaryExchange='AMEX', currency='USD', localSymbol='BFLY  260717C00004000', tradingClass='BFLY'), position=-3.0, marketPrice=1.1478343, marketValue=-344.35, averageCost=94.94876, unrealizedPNL=-59.5, realizedPNL=0.0, account='DUA724990')
[2026-03-17 20:11:00,637] [INFO] updatePortfolio: PortfolioItem(contract=Option(conId=815267660, symbol='BKSY', lastTradeDateOrContractMonth='20260515', strike=25.0, right='C', multiplier='100', primaryExchange='AMEX', currency='USD', localSymbol='BKSY  260515C00025000', tradingClass='BKSY'), position=-1.0, marketPrice=5.31779575, marketValue=-531.78, averageCost=429.59876, unrealizedPNL=-102.18, realizedPNL=0.0, account='DUA724990')
[2026-03-17 20:11:00,637] [INFO] updatePortfolio: PortfolioItem(contract=Option(conId=852253389, symbol='COIN', lastTradeDateOrContractMonth='20260327', strike=210.0, right='C', multiplier='100', primaryExchange='AMEX', currency='USD', localSymbol='COIN  260327C00210000', tradingClass='COIN'), position=-1.0, marketPrice=9.58411215, marketValue=-958.41, averageCost=719.22876, unrealizedPNL=-239.18, realizedPNL=0.0, account='DUA724990')
[2026-03-17 20:11:00,637] [INFO] updatePortfolio: PortfolioItem(contract=Option(conId=845403354, symbol='CVX', lastTradeDateOrContractMonth='20260417', strike=200.0, right='C', multiplier='100', primaryExchange='AMEX', currency='USD', localSymbol='CVX   260417C00200000', tradingClass='CVX'), position=-1.0, marketPrice=5.48714875, marketValue=-548.71, averageCost=634.22876, unrealizedPNL=85.51, realizedPNL=0.0, account='DUA724990')
[2026-03-17 20:11:00,637] [INFO] updatePortfolio: PortfolioItem(contract=Option(conId=823206916, symbol='DNA', lastTradeDateOrContractMonth='20260618', strike=6.0, right='C', multiplier='100', primaryExchange='AMEX', currency='USD', localSymbol='DNA   260618C00006000', tradingClass='DNA'), position=-3.0, marketPrice=1.72607995, marketValue=-517.82, averageCost=115.29876, unrealizedPNL=-171.93, realizedPNL=0.0, account='DUA724990')
[2026-03-17 20:11:00,637] [INFO] updatePortfolio: PortfolioItem(contract=Option(conId=823208305, symbol='DNA', lastTradeDateOrContractMonth='20260618', strike=6.0, right='P', multiplier='100', primaryExchange='AMEX', currency='USD', localSymbol='DNA   260618P00006000', tradingClass='DNA'), position=-3.0, marketPrice=0.8770296, marketValue=-263.11, averageCost=59.94876, unrealizedPNL=-83.26, realizedPNL=0.0, account='DUA724990')
[2026-03-17 20:11:00,637] [INFO] updatePortfolio: PortfolioItem(contract=Option(conId=856173226, symbol='FANG', lastTradeDateOrContractMonth='20260417', strike=180.0, right='C', multiplier='100', primaryExchange='AMEX', currency='USD', localSymbol='FANG  260417C00180000', tradingClass='FANG'), position=-2.0, marketPrice=12.6061268, marketValue=-2521.23, averageCost=1189.59876, unrealizedPNL=-142.03, realizedPNL=0.0, account='DUA724990')
[2026-03-17 20:11:00,637] [INFO] updatePortfolio: PortfolioItem(contract=Option(conId=863426444, symbol='GDX', lastTradeDateOrContractMonth='20260501', strike=95.5, right='C', multiplier='100', primaryExchange='AMEX', currency='USD', localSymbol='GDX   260501C00095500', tradingClass='GDX'), position=-1.0, marketPrice=5.88735055, marketValue=-588.74, averageCost=529.22876, unrealizedPNL=-59.51, realizedPNL=0.0, account='DUA724990')
[2026-03-17 20:11:00,637] [INFO] updatePortfolio: PortfolioItem(contract=Option(conId=848470322, symbol='GDX', lastTradeDateOrContractMonth='20260515', strike=103.0, right='C', multiplier='100', primaryExchange='AMEX', currency='USD', localSymbol='GDX   260515C00103000', tradingClass='GDX'), position=-1.0, marketPrice=3.9677303, marketValue=-396.77, averageCost=404.2288, unrealizedPNL=7.46, realizedPNL=0.0, account='DUA724990')
[2026-03-17 20:11:00,637] [INFO] updatePortfolio: PortfolioItem(contract=Option(conId=817343408, symbol='GLD', lastTradeDateOrContractMonth='20260515', strike=485.0, right='C', multiplier='100', primaryExchange='AMEX', currency='USD', localSymbol='GLD   260515C00485000', tradingClass='GLD'), position=-1.0, marketPrice=10.55573655, marketValue=-1055.57, averageCost=1048.94876, unrealizedPNL=-6.62, realizedPNL=0.0, account='DUA724990')
[2026-03-17 20:11:00,637] [INFO] updatePortfolio: PortfolioItem(contract=Option(conId=852270751, symbol='GME', lastTradeDateOrContractMonth='20260327', strike=25.5, right='C', multiplier='100', primaryExchange='AMEX', currency='USD', localSymbol='GME   260327C00025500', tradingClass='GME'), position=-8.0, marketPrice=0.28543445, marketValue=-228.35, averageCost=34.72876, unrealizedPNL=49.48, realizedPNL=0.0, account='DUA724990')
[2026-03-17 20:11:00,637] [INFO] updatePortfolio: PortfolioItem(contract=Option(conId=841935179, symbol='GOLD', lastTradeDateOrContractMonth='20260515', strike=50.0, right='C', multiplier='100', primaryExchange='AMEX', currency='USD', localSymbol='GOLD  260515C00050000', tradingClass='GOLD'), position=-1.0, marketPrice=4.05897905, marketValue=-405.9, averageCost=349.59876, unrealizedPNL=-56.3, realizedPNL=0.0, account='DUA724990')
[2026-03-17 20:11:00,637] [INFO] updatePortfolio: PortfolioItem(contract=Option(conId=862015976, symbol='LUNR', lastTradeDateOrContractMonth='20260515', strike=19.0, right='C', multiplier='100', primaryExchange='AMEX', currency='USD', localSymbol='LUNR  260515C00019000', tradingClass='LUNR'), position=0.0, marketPrice=3.1519375, marketValue=0.0, averageCost=0.0, unrealizedPNL=0.0, realizedPNL=-121.54, account='DUA724990')
[2026-03-17 20:11:00,637] [INFO] updatePortfolio: PortfolioItem(contract=Option(conId=852297660, symbol='MARA', lastTradeDateOrContractMonth='20260327', strike=10.5, right='C', multiplier='100', primaryExchange='AMEX', currency='USD', localSymbol='MARA  260327C00010500', tradingClass='MARA'), position=-9.0, marketPrice=0.16527485, marketValue=-148.75, averageCost=14.29876, unrealizedPNL=-20.06, realizedPNL=0.0, account='DUA724990')
[2026-03-17 20:11:00,637] [INFO] updatePortfolio: PortfolioItem(contract=Option(conId=862592457, symbol='MSFT', lastTradeDateOrContractMonth='20260325', strike=385.0, right='P', multiplier='100', primaryExchange='AMEX', currency='USD', localSymbol='MSFT  260325P00385000', tradingClass='MSFT'), position=-1.0, marketPrice=1.68011, marketValue=-168.01, averageCost=193.94876, unrealizedPNL=25.94, realizedPNL=0.0, account='DUA724990')
[2026-03-17 20:11:00,637] [INFO] updatePortfolio: PortfolioItem(contract=Option(conId=863437604, symbol='NEM', lastTradeDateOrContractMonth='20260501', strike=113.0, right='C', multiplier='100', primaryExchange='AMEX', currency='USD', localSymbol='NEM   260501C00113000', tradingClass='NEM'), position=-1.0, marketPrice=7.51299765, marketValue=-751.3, averageCost=669.22876, unrealizedPNL=-82.07, realizedPNL=0.0, account='DUA724990')
[2026-03-17 20:11:00,638] [INFO] updatePortfolio: PortfolioItem(contract=Option(conId=809330724, symbol='OXY', lastTradeDateOrContractMonth='20260417', strike=60.0, right='C', multiplier='100', primaryExchange='AMEX', currency='USD', localSymbol='OXY   260417C00060000', tradingClass='OXY'), position=-4.0, marketPrice=1.5569558, marketValue=-622.78, averageCost=164.55626, unrealizedPNL=35.44, realizedPNL=0.0, account='DUA724990')
[2026-03-17 20:11:00,638] [INFO] updatePortfolio: PortfolioItem(contract=Option(conId=859565950, symbol='RKLB', lastTradeDateOrContractMonth='20260515', strike=70.0, right='C', multiplier='100', primaryExchange='AMEX', currency='USD', localSymbol='RKLB  260515C00070000', tradingClass='RKLB'), position=-1.0, marketPrice=13.0275469, marketValue=-1302.75, averageCost=1329.22876, unrealizedPNL=26.47, realizedPNL=0.0, account='DUA724990')
[2026-03-17 20:11:00,638] [INFO] updatePortfolio: PortfolioItem(contract=Option(conId=859566173, symbol='RKLB', lastTradeDateOrContractMonth='20260515', strike=70.0, right='P', multiplier='100', primaryExchange='AMEX', currency='USD', localSymbol='RKLB  260515P00070000', tradingClass='RKLB'), position=-1.0, marketPrice=7.86592435, marketValue=-786.59, averageCost=704.22876, unrealizedPNL=-82.36, realizedPNL=0.0, account='DUA724990')
[2026-03-17 20:11:00,638] [INFO] updatePortfolio: PortfolioItem(contract=Option(conId=862984196, symbol='SOUN', lastTradeDateOrContractMonth='20260515', strike=7.0, right='P', multiplier='100', primaryExchange='AMEX', currency='USD', localSymbol='SOUN  260515P00007000', tradingClass='SOUN'), position=-3.0, marketPrice=0.6328731, marketValue=-189.86, averageCost=60.57876, unrealizedPNL=-8.13, realizedPNL=0.0, account='DUA724990')
[2026-03-17 20:11:00,638] [INFO] updatePortfolio: PortfolioItem(contract=Option(conId=807304220, symbol='XOM', lastTradeDateOrContractMonth='20260417', strike=160.0, right='C', multiplier='100', primaryExchange='AMEX', currency='USD', localSymbol='XOM   260417C00160000', tradingClass='XOM'), position=-1.0, marketPrice=5.0141816, marketValue=-501.42, averageCost=564.22876, unrealizedPNL=62.81, realizedPNL=0.0, account='DUA724990')
[2026-03-17 20:11:00,742] [INFO] execDetails Execution(execId='0000e22a.69b8d6fe.01.01', time=datetime.datetime(2026, 3, 17, 14, 50, 5, tzinfo=datetime.timezone.utc), acctNumber='DUA724990', exchange='SAPPHIRE', side='BOT', shares=1.0, price=3.4, permId=1733879075, clientId=79, orderId=176, liquidation=0, cumQty=1.0, avgPrice=3.4, orderRef='', evRule='', evMultiplier=0.0, modelCode='', lastLiquidity=1)
[2026-03-17 20:11:00,743] [INFO] execDetails Execution(execId='0001938c.69b8d7ef.01.01', time=datetime.datetime(2026, 3, 17, 15, 40, 7, tzinfo=datetime.timezone.utc), acctNumber='DUA724990', exchange='SAPPHIRE', side='SLD', shares=1.0, price=6.35, permId=1733879145, clientId=99, orderId=37, liquidation=0, cumQty=1.0, avgPrice=6.35, orderRef='', evRule='', evMultiplier=0.0, modelCode='', lastLiquidity=1)
[2026-03-17 20:11:00,743] [INFO] execDetails Execution(execId='0001938d.69b8d83d.01.01', time=datetime.datetime(2026, 3, 17, 15, 40, 9, tzinfo=datetime.timezone.utc), acctNumber='DUA724990', exchange='SAPPHIRE', side='SLD', shares=1.0, price=5.65, permId=1733879146, clientId=99, orderId=39, liquidation=0, cumQty=1.0, avgPrice=5.65, orderRef='', evRule='', evMultiplier=0.0, modelCode='', lastLiquidity=1)
[2026-03-17 20:11:00,743] [INFO] execDetails Execution(execId='000182d0.69b8d67f.01.01', time=datetime.datetime(2026, 3, 17, 15, 40, 13, tzinfo=datetime.timezone.utc), acctNumber='DUA724990', exchange='PSE', side='SLD', shares=1.0, price=1.61, permId=1733879144, clientId=99, orderId=35, liquidation=0, cumQty=1.0, avgPrice=1.61, orderRef='', evRule='', evMultiplier=0.0, modelCode='', lastLiquidity=1)
[2026-03-17 20:11:00,743] [INFO] execDetails Execution(execId='00020056.69b8da1c.01.01', time=datetime.datetime(2026, 3, 17, 15, 40, 15, tzinfo=datetime.timezone.utc), acctNumber='DUA724990', exchange='AMEX', side='SLD', shares=9.0, price=0.15, permId=1733879147, clientId=99, orderId=41, liquidation=0, cumQty=9.0, avgPrice=0.15, orderRef='', evRule='', evMultiplier=0.0, modelCode='', lastLiquidity=1)
[2026-03-17 20:11:00,743] [INFO] execDetails Execution(execId='0001938c.69b8d7f0.01.01', time=datetime.datetime(2026, 3, 17, 15, 40, 17, tzinfo=datetime.timezone.utc), acctNumber='DUA724990', exchange='SAPPHIRE', side='SLD', shares=1.0, price=7.2, permId=1733879148, clientId=99, orderId=43, liquidation=0, cumQty=1.0, avgPrice=7.2, orderRef='', evRule='', evMultiplier=0.0, modelCode='', lastLiquidity=1)
[2026-03-17 20:11:00,743] [INFO] execDetails Execution(execId='0000e22a.69b8d8e4.01.01', time=datetime.datetime(2026, 3, 17, 15, 40, 21, tzinfo=datetime.timezone.utc), acctNumber='DUA724990', exchange='EMERALD', side='SLD', shares=5.0, price=0.35, permId=1733879149, clientId=99, orderId=45, liquidation=0, cumQty=5.0, avgPrice=0.35, orderRef='', evRule='', evMultiplier=0.0, modelCode='', lastLiquidity=1)
[2026-03-17 20:11:00,743] [INFO] execDetails Execution(execId='000182d0.69b8d680.01.01', time=datetime.datetime(2026, 3, 17, 15, 40, 23, tzinfo=datetime.timezone.utc), acctNumber='DUA724990', exchange='SAPPHIRE', side='SLD', shares=1.0, price=1.65, permId=1733879144, clientId=99, orderId=35, liquidation=0, cumQty=2.0, avgPrice=1.63, orderRef='', evRule='', evMultiplier=0.0, modelCode='', lastLiquidity=1)
[2026-03-17 20:11:00,744] [INFO] execDetails Execution(execId='0000e183.69b8e427.01.01', time=datetime.datetime(2026, 3, 17, 15, 40, 24, tzinfo=datetime.timezone.utc), acctNumber='DUA724990', exchange='SAPPHIRE', side='SLD', shares=1.0, price=2.21, permId=1733879150, clientId=99, orderId=47, liquidation=0, cumQty=1.0, avgPrice=2.21, orderRef='', evRule='', evMultiplier=0.0, modelCode='', lastLiquidity=1)
[2026-03-17 20:11:00,744] [INFO] execDetails Execution(execId='00020056.69b8da22.01.01', time=datetime.datetime(2026, 3, 17, 15, 40, 28, tzinfo=datetime.timezone.utc), acctNumber='DUA724990', exchange='ISE', side='SLD', shares=1.0, price=1.95, permId=1733879151, clientId=99, orderId=49, liquidation=0, cumQty=1.0, avgPrice=1.95, orderRef='', evRule='', evMultiplier=0.0, modelCode='', lastLiquidity=1)
[2026-03-17 20:11:00,744] [INFO] execDetails Execution(execId='0000e22a.69b8d8eb.01.01', time=datetime.datetime(2026, 3, 17, 15, 40, 30, tzinfo=datetime.timezone.utc), acctNumber='DUA724990', exchange='SAPPHIRE', side='SLD', shares=1.0, price=3.5, permId=1733879152, clientId=99, orderId=51, liquidation=0, cumQty=1.0, avgPrice=3.5, orderRef='', evRule='', evMultiplier=0.0, modelCode='', lastLiquidity=1)
[2026-03-17 20:11:00,744] [INFO] execDetails Execution(execId='0000e22a.69b8d8df.01.01', time=datetime.datetime(2026, 3, 17, 15, 40, 32, tzinfo=datetime.timezone.utc), acctNumber='DUA724990', exchange='SAPPHIRE', side='SLD', shares=1.0, price=11.9, permId=1733879142, clientId=99, orderId=33, liquidation=0, cumQty=1.0, avgPrice=11.9, orderRef='', evRule='', evMultiplier=0.0, modelCode='', lastLiquidity=1)
[2026-03-17 20:11:00,744] [INFO] execDetails Execution(execId='0000e183.69b8e428.01.01', time=datetime.datetime(2026, 3, 17, 15, 40, 33, tzinfo=datetime.timezone.utc), acctNumber='DUA724990', exchange='SAPPHIRE', side='SLD', shares=1.0, price=2.53, permId=1733879153, clientId=99, orderId=53, liquidation=0, cumQty=1.0, avgPrice=2.53, orderRef='', evRule='', evMultiplier=0.0, modelCode='', lastLiquidity=1)
[2026-03-17 20:11:00,744] [INFO] execDetails Execution(execId='0000e22a.69b8d8ec.01.01', time=datetime.datetime(2026, 3, 17, 15, 40, 38, tzinfo=datetime.timezone.utc), acctNumber='DUA724990', exchange='ISE', side='SLD', shares=1.0, price=10.5, permId=1733879154, clientId=99, orderId=55, liquidation=0, cumQty=1.0, avgPrice=10.5, orderRef='', evRule='', evMultiplier=0.0, modelCode='', lastLiquidity=1)
[2026-03-17 20:11:00,744] [INFO] execDetails Execution(execId='0000e242.69b8e0b5.01.01', time=datetime.datetime(2026, 3, 17, 15, 40, 40, tzinfo=datetime.timezone.utc), acctNumber='DUA724990', exchange='SAPPHIRE', side='SLD', shares=1.0, price=6.7, permId=1733879155, clientId=99, orderId=57, liquidation=0, cumQty=1.0, avgPrice=6.7, orderRef='', evRule='', evMultiplier=0.0, modelCode='', lastLiquidity=1)
[2026-03-17 20:11:00,744] [INFO] execDetails Execution(execId='0000e22a.69b8d8ee.01.01', time=datetime.datetime(2026, 3, 17, 15, 40, 44, tzinfo=datetime.timezone.utc), acctNumber='DUA724990', exchange='SAPPHIRE', side='SLD', shares=1.0, price=5.3, permId=1733879159, clientId=99, orderId=59, liquidation=0, cumQty=1.0, avgPrice=5.3, orderRef='', evRule='', evMultiplier=0.0, modelCode='', lastLiquidity=1)
[2026-03-17 20:11:00,745] [INFO] execDetails Execution(execId='0000e22a.69b8d8ef.01.01', time=datetime.datetime(2026, 3, 17, 15, 40, 50, tzinfo=datetime.timezone.utc), acctNumber='DUA724990', exchange='SAPPHIRE', side='SLD', shares=1.0, price=4.3, permId=1733879161, clientId=99, orderId=63, liquidation=0, cumQty=1.0, avgPrice=4.3, orderRef='', evRule='', evMultiplier=0.0, modelCode='', lastLiquidity=1)
[2026-03-17 20:11:00,745] [INFO] execDetails Execution(execId='00020057.69b9b5cc.01.01', time=datetime.datetime(2026, 3, 17, 15, 40, 56, tzinfo=datetime.timezone.utc), acctNumber='DUA724990', exchange='SAPPHIRE', side='SLD', shares=3.0, price=0.61, permId=1733879163, clientId=99, orderId=67, liquidation=0, cumQty=3.0, avgPrice=0.61, orderRef='', evRule='', evMultiplier=0.0, modelCode='', lastLiquidity=1)
[2026-03-17 20:11:00,745] [INFO] execDetails Execution(execId='0000e22a.69b8d8f1.01.01', time=datetime.datetime(2026, 3, 17, 15, 41, tzinfo=datetime.timezone.utc), acctNumber='DUA724990', exchange='SAPPHIRE', side='SLD', shares=3.0, price=0.95, permId=1733879164, clientId=99, orderId=69, liquidation=0, cumQty=3.0, avgPrice=0.95, orderRef='', evRule='', evMultiplier=0.0, modelCode='', lastLiquidity=1)
[2026-03-17 20:11:00,745] [INFO] execDetails Execution(execId='000182ce.69b8d26f.01.01', time=datetime.datetime(2026, 3, 17, 15, 41, 5, tzinfo=datetime.timezone.utc), acctNumber='DUA724990', exchange='SAPPHIRE', side='SLD', shares=1.0, price=7.05, permId=1733879160, clientId=99, orderId=61, liquidation=0, cumQty=1.0, avgPrice=7.05, orderRef='', evRule='', evMultiplier=0.0, modelCode='', lastLiquidity=1)
[2026-03-17 20:11:00,745] [INFO] execDetails Execution(execId='0000e22a.69b8d8fe.01.01', time=datetime.datetime(2026, 3, 17, 15, 42, 19, tzinfo=datetime.timezone.utc), acctNumber='DUA724990', exchange='EMERALD', side='SLD', shares=3.0, price=0.35, permId=1733879149, clientId=99, orderId=45, liquidation=0, cumQty=8.0, avgPrice=0.35, orderRef='', evRule='', evMultiplier=0.0, modelCode='', lastLiquidity=1)
[2026-03-17 20:11:00,745] [INFO] execDetails Execution(execId='0000e22a.69b8d903.01.01', time=datetime.datetime(2026, 3, 17, 15, 42, 50, tzinfo=datetime.timezone.utc), acctNumber='DUA724990', exchange='SAPPHIRE', side='SLD', shares=1.0, price=11.9, permId=1733879224, clientId=98, orderId=4, liquidation=0, cumQty=1.0, avgPrice=11.9, orderRef='', evRule='', evMultiplier=0.0, modelCode='', lastLiquidity=1)
[2026-03-17 20:11:00,745] [INFO] execDetails Execution(execId='000182d0.69b8d6a4.01.01', time=datetime.datetime(2026, 3, 17, 15, 42, 55, tzinfo=datetime.timezone.utc), acctNumber='DUA724990', exchange='PSE', side='SLD', shares=2.0, price=1.67, permId=1733879225, clientId=98, orderId=6, liquidation=0, cumQty=2.0, avgPrice=1.67, orderRef='', evRule='', evMultiplier=0.0, modelCode='', lastLiquidity=1)
[2026-03-17 20:11:00,745] [INFO] execDetails Execution(execId='000182ce.69b8d272.01.01', time=datetime.datetime(2026, 3, 17, 15, 43, 1, tzinfo=datetime.timezone.utc), acctNumber='DUA724990', exchange='SAPPHIRE', side='SLD', shares=1.0, price=13.3, permId=1733879226, clientId=98, orderId=8, liquidation=0, cumQty=1.0, avgPrice=13.3, orderRef='', evRule='', evMultiplier=0.0, modelCode='', lastLiquidity=1)
[2026-03-17 20:11:00,745] [INFO] execDetails Execution(execId='0001938d.69b8d873.01.01', time=datetime.datetime(2026, 3, 17, 15, 43, 8, tzinfo=datetime.timezone.utc), acctNumber='DUA724990', exchange='ISE', side='SLD', shares=3.0, price=1.15, permId=1733879227, clientId=98, orderId=10, liquidation=0, cumQty=3.0, avgPrice=1.15, orderRef='', evRule='', evMultiplier=0.0, modelCode='', lastLiquidity=1)
[2026-03-17 20:11:00,746] [INFO] execDetails Execution(execId='0001938d.69b8dad1.01.01', time=datetime.datetime(2026, 3, 17, 16, 17, 4, tzinfo=datetime.timezone.utc), acctNumber='DUA724990', exchange='SAPPHIRE', side='SLD', shares=3.0, price=0.6, permId=1733879162, clientId=99, orderId=65, liquidation=0, cumQty=3.0, avgPrice=0.6, orderRef='', evRule='', evMultiplier=0.0, modelCode='', lastLiquidity=1)
[2026-03-17 20:11:00,746] [INFO] commissionReport: CommissionReport(execId='0000e22a.69b8d6fe.01.01', commission=0.76795, currency='USD', realizedPNL=-121.53915, yield_=0.0, yieldRedemptionDate=0)
[2026-03-17 20:11:00,746] [INFO] commissionReport: CommissionReport(execId='0001938c.69b8d7ef.01.01', commission=0.77124, currency='USD', realizedPNL=0.0, yield_=0.0, yieldRedemptionDate=0)
[2026-03-17 20:11:00,746] [INFO] commissionReport: CommissionReport(execId='0001938d.69b8d83d.01.01', commission=0.77124, currency='USD', realizedPNL=0.0, yield_=0.0, yieldRedemptionDate=0)
[2026-03-17 20:11:00,746] [INFO] commissionReport: CommissionReport(execId='000182d0.69b8d67f.01.01', commission=0.80124, currency='USD', realizedPNL=0.0, yield_=0.0, yieldRedemptionDate=0)
[2026-03-17 20:11:00,746] [INFO] commissionReport: CommissionReport(execId='00020056.69b8da1c.01.01', commission=6.31116, currency='USD', realizedPNL=0.0, yield_=0.0, yieldRedemptionDate=0)
[2026-03-17 20:11:00,746] [INFO] commissionReport: CommissionReport(execId='0001938c.69b8d7f0.01.01', commission=0.77124, currency='USD', realizedPNL=0.0, yield_=0.0, yieldRedemptionDate=0)
[2026-03-17 20:11:00,746] [INFO] commissionReport: CommissionReport(execId='0000e22a.69b8d8e4.01.01', commission=1.3562, currency='USD', realizedPNL=0.0, yield_=0.0, yieldRedemptionDate=0)
[2026-03-17 20:11:00,746] [INFO] commissionReport: CommissionReport(execId='000182d0.69b8d680.01.01', commission=0.07124, currency='USD', realizedPNL=0.0, yield_=0.0, yieldRedemptionDate=0)
[2026-03-17 20:11:00,746] [INFO] commissionReport: CommissionReport(execId='0000e183.69b8e427.01.01', commission=0.77124, currency='USD', realizedPNL=0.0, yield_=0.0, yieldRedemptionDate=0)
[2026-03-17 20:11:00,746] [INFO] commissionReport: CommissionReport(execId='00020056.69b8da22.01.01', commission=1.05124, currency='USD', realizedPNL=0.0, yield_=0.0, yieldRedemptionDate=0)
[2026-03-17 20:11:00,746] [INFO] commissionReport: CommissionReport(execId='0000e22a.69b8d8eb.01.01', commission=0.40124, currency='USD', realizedPNL=0.0, yield_=0.0, yieldRedemptionDate=0)
[2026-03-17 20:11:00,746] [INFO] commissionReport: CommissionReport(execId='0000e22a.69b8d8df.01.01', commission=0.40124, currency='USD', realizedPNL=0.0, yield_=0.0, yieldRedemptionDate=0)
[2026-03-17 20:11:00,746] [INFO] commissionReport: CommissionReport(execId='0000e183.69b8e428.01.01', commission=0.77124, currency='USD', realizedPNL=0.0, yield_=0.0, yieldRedemptionDate=0)
[2026-03-17 20:11:00,746] [INFO] commissionReport: CommissionReport(execId='0000e22a.69b8d8ec.01.01', commission=1.05124, currency='USD', realizedPNL=0.0, yield_=0.0, yieldRedemptionDate=0)
[2026-03-17 20:11:00,746] [INFO] commissionReport: CommissionReport(execId='0000e242.69b8e0b5.01.01', commission=0.77124, currency='USD', realizedPNL=0.0, yield_=0.0, yieldRedemptionDate=0)
[2026-03-17 20:11:00,747] [INFO] commissionReport: CommissionReport(execId='0000e22a.69b8d8ee.01.01', commission=0.77124, currency='USD', realizedPNL=0.0, yield_=0.0, yieldRedemptionDate=0)
[2026-03-17 20:11:00,747] [INFO] commissionReport: CommissionReport(execId='0000e22a.69b8d8ef.01.01', commission=0.40124, currency='USD', realizedPNL=0.0, yield_=0.0, yieldRedemptionDate=0)
[2026-03-17 20:11:00,747] [INFO] commissionReport: CommissionReport(execId='00020057.69b9b5cc.01.01', commission=1.26372, currency='USD', realizedPNL=0.0, yield_=0.0, yieldRedemptionDate=0)
[2026-03-17 20:11:00,747] [INFO] commissionReport: CommissionReport(execId='0000e22a.69b8d8f1.01.01', commission=0.15372, currency='USD', realizedPNL=0.0, yield_=0.0, yieldRedemptionDate=0)
[2026-03-17 20:11:00,747] [INFO] commissionReport: CommissionReport(execId='000182ce.69b8d26f.01.01', commission=0.77124, currency='USD', realizedPNL=0.0, yield_=0.0, yieldRedemptionDate=0)
[2026-03-17 20:11:00,747] [INFO] commissionReport: CommissionReport(execId='0000e22a.69b8d8fe.01.01', commission=0.81372, currency='USD', realizedPNL=0.0, yield_=0.0, yieldRedemptionDate=0)
[2026-03-17 20:11:00,747] [INFO] commissionReport: CommissionReport(execId='0000e22a.69b8d903.01.01', commission=0.40124, currency='USD', realizedPNL=0.0, yield_=0.0, yieldRedemptionDate=0)
[2026-03-17 20:11:00,747] [INFO] commissionReport: CommissionReport(execId='000182d0.69b8d6a4.01.01', commission=0.90248, currency='USD', realizedPNL=0.0, yield_=0.0, yieldRedemptionDate=0)
[2026-03-17 20:11:00,747] [INFO] commissionReport: CommissionReport(execId='000182ce.69b8d272.01.01', commission=0.77124, currency='USD', realizedPNL=0.0, yield_=0.0, yieldRedemptionDate=0)
[2026-03-17 20:11:00,747] [INFO] commissionReport: CommissionReport(execId='0001938d.69b8d873.01.01', commission=-0.89628, currency='USD', realizedPNL=0.0, yield_=0.0, yieldRedemptionDate=0)
[2026-03-17 20:11:00,747] [INFO] commissionReport: CommissionReport(execId='0001938d.69b8dad1.01.01', commission=0.15372, currency='USD', realizedPNL=0.0, yield_=0.0, yieldRedemptionDate=0)
[2026-03-17 20:11:00,747] [INFO] Synchronization complete
[2026-03-17 20:11:00,797] [INFO] Disconnecting from 127.0.0.1:7497, 711 B sent in 9 messages, 70.0 kB received in 836 messages, session time 371 ms.
[2026-03-17 20:11:00,797] [INFO] Disconnecting
[2026-03-17 20:11:00,801] [INFO] Report saved: /Users/eddiemae/rudy/logs/audit_2026-03-17.json
[2026-03-17 20:11:00,801] [INFO] Account: NLV=$248,987.68 | Cash=$261,362.63 | UnrealizedPnL=$-825.75
[2026-03-17 20:11:00,801] [INFO] IBKR positions: 22 | Rudy positions: 0 | Open orders: 0
[2026-03-17 20:11:00,801] [INFO] Status: ⚠️ 22 MISMATCHES
[2026-03-17 20:11:00,801] [WARNING]   [ORPHAN] GME: In IBKR (OPT qty=-8.0) but NOT tracked by Rudy
[2026-03-17 20:11:00,801] [WARNING]   [ORPHAN] NEM: In IBKR (OPT qty=-1.0) but NOT tracked by Rudy
[2026-03-17 20:11:00,801] [WARNING]   [ORPHAN] DNA: In IBKR (OPT qty=-3.0) but NOT tracked by Rudy
[2026-03-17 20:11:00,801] [WARNING]   [ORPHAN] DNA: In IBKR (OPT qty=-3.0) but NOT tracked by Rudy
[2026-03-17 20:11:00,801] [WARNING]   [ORPHAN] BKSY: In IBKR (OPT qty=-1.0) but NOT tracked by Rudy
[2026-03-17 20:11:00,801] [WARNING]   [ORPHAN] OXY: In IBKR (OPT qty=-4.0) but NOT tracked by Rudy
[2026-03-17 20:11:00,801] [WARNING]   [ORPHAN] XOM: In IBKR (OPT qty=-1.0) but NOT tracked by Rudy
[2026-03-17 20:11:00,801] [WARNING]   [ORPHAN] COIN: In IBKR (OPT qty=-1.0) but NOT tracked by Rudy
[2026-03-17 20:11:00,801] [WARNING]   [ORPHAN] GLD: In IBKR (OPT qty=-1.0) but NOT tracked by Rudy
[2026-03-17 20:11:00,801] [WARNING]   [ORPHAN] RKLB: In IBKR (OPT qty=-1.0) but NOT tracked by Rudy
[2026-03-17 20:11:00,801] [WARNING]   [ORPHAN] RKLB: In IBKR (OPT qty=-1.0) but NOT tracked by Rudy
[2026-03-17 20:11:00,801] [WARNING]   [ORPHAN] MARA: In IBKR (OPT qty=-9.0) but NOT tracked by Rudy
[2026-03-17 20:11:00,801] [WARNING]   [ORPHAN] SOUN: In IBKR (OPT qty=-3.0) but NOT tracked by Rudy
[2026-03-17 20:11:00,801] [WARNING]   [ORPHAN] GDX: In IBKR (OPT qty=-1.0) but NOT tracked by Rudy
[2026-03-17 20:11:00,801] [WARNING]   [ORPHAN] GDX: In IBKR (OPT qty=-1.0) but NOT tracked by Rudy
[2026-03-17 20:11:00,801] [WARNING]   [ORPHAN] CVX: In IBKR (OPT qty=-1.0) but NOT tracked by Rudy
[2026-03-17 20:11:00,801] [WARNING]   [ORPHAN] AG: In IBKR (OPT qty=-1.0) but NOT tracked by Rudy
[2026-03-17 20:11:00,801] [WARNING]   [ORPHAN] FANG: In IBKR (OPT qty=-2.0) but NOT tracked by Rudy
[2026-03-17 20:11:00,801] [WARNING]   [ORPHAN] MSFT: In IBKR (OPT qty=-1.0) but NOT tracked by Rudy
[2026-03-17 20:11:00,801] [WARNING]   [ORPHAN] BFLY: In IBKR (OPT qty=-3.0) but NOT tracked by Rudy
[2026-03-17 20:11:00,801] [WARNING]   [ORPHAN] GOLD: In IBKR (OPT qty=-1.0) but NOT tracked by Rudy
[2026-03-17 20:11:00,801] [WARNING]   [ORPHAN] AAPL: In IBKR (OPT qty=-1.0) but NOT tracked by Rudy
[2026-03-17 20:11:00,801] [WARNING] Telegram error: [Errno 2] No such file or directory: '/Users/eddiemae/rudy/config/config.json'
[2026-03-17 20:11:00,801] [INFO] Audit complete
[2026-03-18 12:00:00,885] [INFO] ============================================================
[2026-03-18 12:00:00,886] [INFO] 📋 POSITION AUDIT STARTING
[2026-03-18 12:00:00,887] [INFO] ============================================================
[2026-03-18 12:00:01,109] [INFO] Connecting to 127.0.0.1:7497 with clientId 56...
[2026-03-18 12:00:01,109] [INFO] Disconnecting
[2026-03-18 12:00:01,110] [ERROR] API connection failed: ConnectionRefusedError(61, "Connect call failed ('127.0.0.1', 7497)")
[2026-03-18 12:00:01,110] [ERROR] Make sure API port on TWS/IBG is open
[2026-03-18 12:00:01,110] [ERROR] ❌ Position audit FAILED — cannot connect to TWS: [Errno 61] Connect call failed ('127.0.0.1', 7497)
[2026-03-18 12:00:01,110] [WARNING] Telegram error: [Errno 2] No such file or directory: '/Users/eddiemae/rudy/config/config.json'
[2026-03-19 12:00:00,997] [INFO] ============================================================
[2026-03-19 12:00:00,999] [INFO] 📋 POSITION AUDIT STARTING
[2026-03-19 12:00:00,999] [INFO] ============================================================
[2026-03-19 12:00:01,390] [INFO] Connecting to 127.0.0.1:7497 with clientId 56...
[2026-03-19 12:00:01,399] [INFO] Disconnecting
[2026-03-19 12:00:01,399] [ERROR] API connection failed: ConnectionRefusedError(61, "Connect call failed ('127.0.0.1', 7497)")
[2026-03-19 12:00:01,399] [ERROR] Make sure API port on TWS/IBG is open
[2026-03-19 12:00:01,399] [ERROR] ❌ Position audit FAILED — cannot connect to TWS: [Errno 61] Connect call failed ('127.0.0.1', 7497)
[2026-03-19 12:00:01,400] [WARNING] Telegram error: [Errno 2] No such file or directory: '/Users/eddiemae/rudy/config/config.json'
[2026-03-20 12:00:00,711] [INFO] ============================================================
[2026-03-20 12:00:00,713] [INFO] 📋 POSITION AUDIT STARTING
[2026-03-20 12:00:00,713] [INFO] ============================================================
[2026-03-20 12:00:00,975] [INFO] Connecting to 127.0.0.1:7496 with clientId 56...
[2026-03-20 12:00:00,977] [INFO] Connected
[2026-03-20 12:00:00,984] [INFO] Logged on to server version 176
[2026-03-20 12:00:00,985] [INFO] Warning 2104, reqId -1: Market data farm connection is OK:cashfarm
[2026-03-20 12:00:00,985] [INFO] Warning 2104, reqId -1: Market data farm connection is OK:usfarm.nj
[2026-03-20 12:00:00,985] [INFO] Warning 2104, reqId -1: Market data farm connection is OK:usopt
[2026-03-20 12:00:00,985] [INFO] Warning 2104, reqId -1: Market data farm connection is OK:usfarm
[2026-03-20 12:00:00,985] [INFO] Warning 2106, reqId -1: HMDS data farm connection is OK:euhmds
[2026-03-20 12:00:00,985] [INFO] Warning 2106, reqId -1: HMDS data farm connection is OK:fundfarm
[2026-03-20 12:00:00,985] [INFO] Warning 2106, reqId -1: HMDS data farm connection is OK:ushmds
[2026-03-20 12:00:00,985] [INFO] Warning 2158, reqId -1: Sec-def data farm connection is OK:secdefil
[2026-03-20 12:00:00,985] [INFO] API connection ready
[2026-03-20 12:00:00,986] [INFO] position: Position(account='U15746102', contract=Option(conId=816983615, symbol='MSTR', lastTradeDateOrContractMonth='20280121', strike=50.0, right='P', multiplier='100', currency='USD', localSymbol='MSTR  280121P00050000', tradingClass='MSTR'), position=1.0, avgCost=1253.0513)
[2026-03-20 12:00:00,986] [INFO] position: Position(account='U15746102', contract=Option(conId=730443288, symbol='SPY', lastTradeDateOrContractMonth='20270115', strike=430.0, right='P', multiplier='100', currency='USD', localSymbol='SPY   270115P00430000', tradingClass='SPY'), position=1.0, avgCost=494.9888)
[2026-03-20 12:00:01,188] [INFO] updatePortfolio: PortfolioItem(contract=Option(conId=816983615, symbol='MSTR', lastTradeDateOrContractMonth='20280121', strike=50.0, right='P', multiplier='100', primaryExchange='AMEX', currency='USD', localSymbol='MSTR  280121P00050000', tradingClass='MSTR'), position=1.0, marketPrice=9.8291807, marketValue=982.92, averageCost=1253.0513, unrealizedPNL=-270.13, realizedPNL=0.0, account='U15746102')
[2026-03-20 12:00:01,188] [INFO] updatePortfolio: PortfolioItem(contract=Option(conId=730443288, symbol='SPY', lastTradeDateOrContractMonth='20270115', strike=430.0, right='P', multiplier='100', primaryExchange='AMEX', currency='USD', localSymbol='SPY   270115P00430000', tradingClass='SPY'), position=1.0, marketPrice=6.1441622, marketValue=614.42, averageCost=494.9888, unrealizedPNL=119.43, realizedPNL=0.0, account='U15746102')
[2026-03-20 12:00:01,289] [INFO] Synchronization complete
[2026-03-20 12:00:01,341] [INFO] Disconnecting from 127.0.0.1:7496, 711 B sent in 9 messages, 32.6 kB received in 731 messages, session time 366 ms.
[2026-03-20 12:00:01,341] [INFO] Disconnecting
[2026-03-20 12:00:01,349] [INFO] Report saved: /Users/eddiemae/rudy/logs/audit_2026-03-20.json
[2026-03-20 12:00:01,350] [INFO] Account: NLV=$7,902.90 | Cash=$6,305.57 | UnrealizedPnL=$-150.71
[2026-03-20 12:00:01,350] [INFO] IBKR positions: 2 | Rudy positions: 0 | Open orders: 0
[2026-03-20 12:00:01,350] [INFO] Status: ⚠️ 2 MISMATCHES
[2026-03-20 12:00:01,350] [WARNING]   [ORPHAN] MSTR: In IBKR (OPT qty=1.0) but NOT tracked by Rudy
[2026-03-20 12:00:01,350] [WARNING]   [ORPHAN] SPY: In IBKR (OPT qty=1.0) but NOT tracked by Rudy
[2026-03-20 12:00:01,350] [WARNING] Telegram error: [Errno 2] No such file or directory: '/Users/eddiemae/rudy/config/config.json'
[2026-03-20 12:00:01,350] [INFO] Audit complete
[2026-03-23 12:00:01,169] [INFO] ============================================================
[2026-03-23 12:00:01,171] [INFO] 📋 POSITION AUDIT STARTING
[2026-03-23 12:00:01,171] [INFO] ============================================================
[2026-03-23 12:00:01,529] [INFO] Connecting to 127.0.0.1:7496 with clientId 56...
[2026-03-23 12:00:01,530] [INFO] Connected
[2026-03-23 12:00:01,548] [INFO] Logged on to server version 176
[2026-03-23 12:00:01,550] [INFO] Warning 2104, reqId -1: Market data farm connection is OK:cashfarm
[2026-03-23 12:00:01,550] [INFO] Warning 2104, reqId -1: Market data farm connection is OK:usopt.nj
[2026-03-23 12:00:01,550] [INFO] Warning 2104, reqId -1: Market data farm connection is OK:usfarm.nj
[2026-03-23 12:00:01,550] [INFO] Warning 2104, reqId -1: Market data farm connection is OK:usopt
[2026-03-23 12:00:01,550] [INFO] Warning 2104, reqId -1: Market data farm connection is OK:usfarm
[2026-03-23 12:00:01,550] [INFO] Warning 2106, reqId -1: HMDS data farm connection is OK:euhmds
[2026-03-23 12:00:01,550] [INFO] Warning 2106, reqId -1: HMDS data farm connection is OK:fundfarm
[2026-03-23 12:00:01,550] [INFO] Warning 2106, reqId -1: HMDS data farm connection is OK:ushmds
[2026-03-23 12:00:01,550] [INFO] Warning 2158, reqId -1: Sec-def data farm connection is OK:secdefil
[2026-03-23 12:00:01,550] [INFO] API connection ready
[2026-03-23 12:00:01,552] [INFO] position: Position(account='U15746102', contract=Option(conId=816983615, symbol='MSTR', lastTradeDateOrContractMonth='20280121', strike=50.0, right='P', multiplier='100', currency='USD', localSymbol='MSTR  280121P00050000', tradingClass='MSTR'), position=1.0, avgCost=1253.0513)
[2026-03-23 12:00:01,552] [INFO] position: Position(account='U15746102', contract=Option(conId=730443288, symbol='SPY', lastTradeDateOrContractMonth='20270115', strike=430.0, right='P', multiplier='100', currency='USD', localSymbol='SPY   270115P00430000', tradingClass='SPY'), position=1.0, avgCost=494.9888)
[2026-03-23 12:00:01,861] [INFO] updatePortfolio: PortfolioItem(contract=Option(conId=816983615, symbol='MSTR', lastTradeDateOrContractMonth='20280121', strike=50.0, right='P', multiplier='100', primaryExchange='AMEX', currency='USD', localSymbol='MSTR  280121P00050000', tradingClass='MSTR'), position=1.0, marketPrice=9.6367922, marketValue=963.68, averageCost=1253.0513, unrealizedPNL=-289.37, realizedPNL=0.0, account='U15746102')
[2026-03-23 12:00:01,861] [INFO] updatePortfolio: PortfolioItem(contract=Option(conId=730443288, symbol='SPY', lastTradeDateOrContractMonth='20270115', strike=430.0, right='P', multiplier='100', primaryExchange='AMEX', currency='USD', localSymbol='SPY   270115P00430000', tradingClass='SPY'), position=1.0, marketPrice=5.87798595, marketValue=587.8, averageCost=494.9888, unrealizedPNL=92.81, realizedPNL=0.0, account='U15746102')
[2026-03-23 12:00:01,955] [INFO] Synchronization complete
[2026-03-23 12:00:02,012] [INFO] Disconnecting from 127.0.0.1:7496, 711 B sent in 9 messages, 32.7 kB received in 732 messages, session time 484 ms.
[2026-03-23 12:00:02,013] [INFO] Disconnecting
[2026-03-23 12:00:02,018] [INFO] Report saved: /Users/eddiemae/rudy/logs/audit_2026-03-23.json
[2026-03-23 12:00:02,018] [INFO] Account: NLV=$7,857.05 | Cash=$6,305.58 | UnrealizedPnL=$-196.56
[2026-03-23 12:00:02,018] [INFO] IBKR positions: 2 | Rudy positions: 0 | Open orders: 0
[2026-03-23 12:00:02,018] [INFO] Status: ⚠️ 2 MISMATCHES
[2026-03-23 12:00:02,019] [WARNING]   [ORPHAN] MSTR: In IBKR (OPT qty=1.0) but NOT tracked by Rudy
[2026-03-23 12:00:02,019] [WARNING]   [ORPHAN] SPY: In IBKR (OPT qty=1.0) but NOT tracked by Rudy
[2026-03-23 12:00:02,019] [WARNING] Telegram error: [Errno 2] No such file or directory: '/Users/eddiemae/rudy/config/config.json'
[2026-03-23 12:00:02,019] [INFO] Audit complete
