[2026-03-09 16:52:06] Searching: options momentum trading strategy
[2026-03-09 16:52:08]   [1] Option momentum (2023)
[2026-03-09 16:52:08]   [2] Profitable momentum trading strategies for individual investors (2015)
[2026-03-09 16:52:08]   [3] Choosing the right options trading strategy: Risk-return trade-off and performan (2022)
[2026-03-09 16:52:08] Found 3 results
[2026-03-10 00:17:43] Searching: iron condor options strategy returns backtest performance
[2026-03-10 00:17:45]   [1] Higher Returns, Lower Risks: Empirical Evidence from US Options Markets (2024)
[2026-03-10 00:17:45]   [2] Maximizing returns under capped risks: An optimization framework for options tra (2025)
[2026-03-10 00:17:45]   [3] The iron condor strategy in financial risk management (2020)
[2026-03-10 00:17:45] Found 3 results
[2026-03-10 00:18:03] Searching: iron condor options strategy returns backtest
[2026-03-10 00:18:05]   [1] Higher Returns, Lower Risks: Empirical Evidence from US Options Markets (2024)
[2026-03-10 00:18:05]   [2] Option strategies for directionless markets: trading with butterflies, iron butt (2008)
[2026-03-10 00:18:05]   [3] The iron condor strategy in financial risk management (2020)
[2026-03-10 00:18:05] Found 3 results
[2026-03-10 00:18:05] Searching: credit spread put selling systematic strategy
[2026-03-10 00:18:07]   [1] Strategic actions and credit spreads: An empirical investigation (2007)
[2026-03-10 00:18:07]   [2] A better criterion for forced selling in bond markets: Credit ratings versus cre (2020)
[2026-03-10 00:18:07]   [3] Put-call-put: an alternative options selling strategy (2021)
[2026-03-10 00:18:07] Found 3 results
[2026-03-10 00:18:07] Searching: wheel strategy covered call cash secured put performance
[2026-03-10 00:18:09]   [1] The cash-secured putwrite strategy and performance of related benchmark indexes (2009)
[2026-03-10 00:18:09]   [2] Put-call-put: an alternative options selling strategy (2021)
[2026-03-10 00:18:09]   [3] Master the Art of Greeks, Covered Calls and Cash-Secured Puts (The Option Trader (NA)
[2026-03-10 00:18:09] Found 3 results
[2026-03-10 00:18:09] Searching: options momentum strategy risk adjusted returns empirical
[2026-03-10 00:18:10]   [1] Tail risk in momentum strategy returns (2012)
[2026-03-10 00:18:10]   [2] Option momentum (2023)
[2026-03-10 00:18:10]   [3] Testing the growth option theory: the profitability of enhanced momentum strateg (2012)
[2026-03-10 00:18:10] Found 3 results
[2026-03-10 00:18:10] Searching: short put premium selling strategy stock market returns
[2026-03-10 00:18:12]   [1] Optimization of Corporate Buybacks, utilizing a Structured Short Put Strategy to (2018)
[2026-03-10 00:18:12]   [2] Short selling: strategies, risks, and rewards (2004)
[2026-03-10 00:18:12]   [3] Teaching comparative risk of put buying vs. short selling (2015)
[2026-03-10 00:18:12] Found 3 results
[2026-03-10 00:18:12] Searching: butterfly spread options strategy performance backtest
[2026-03-10 00:18:14]   [1] Quantifying backtest overfitting in alternative beta strategies (2017)
[2026-03-10 00:18:14]   [2] Forecasting Optimal Parameters of the Broken Wing Butterfly Option Strategy Usin (2021)
[2026-03-10 00:18:14]   [3] Forecasting Optimal Parameters of the Broken Wing Butterfly Option Strategy usin (2020)
[2026-03-10 00:18:14] Found 3 results
[2026-03-10 00:18:14] Searching: iron condor options empirical evidence performance trading strategy options
[2026-03-10 00:18:15]   [1] Higher Returns, Lower Risks: Empirical Evidence from US Options Markets (2024)
[2026-03-10 00:18:15]   [2] Maximizing returns under capped risks: An optimization framework for options tra (2025)
[2026-03-10 00:18:15]   [3] Estudio de una estrategia de inversión con opciones financieras: Short Iron Cond (2020)
[2026-03-10 00:18:15] Found 3 results
[2026-03-10 00:18:15] Searching: credit spread options strategy annual returns data trading strategy options
[2026-03-10 00:18:17]   [1] Option spread trading: A comprehensive guide to strategies and tactics (2011)
[2026-03-10 00:18:17]   [2] Options on futures: New trading strategies (2002)
[2026-03-10 00:18:17]   [3] Choosing the right options trading strategy: Risk-return trade-off and performan (2022)
[2026-03-10 00:18:17] Found 3 results
[2026-03-10 00:18:17] Searching: the wheel options strategy covered call put selling results trading strategy options
[2026-03-10 00:18:19]   [1] The bible of options strategies: the definitive guide for practical trading stra (2005)
[2026-03-10 00:18:19]   [2] Put-call-put: an alternative options selling strategy (2021)
[2026-03-10 00:18:19]   [3] Put and call options: A theoretical and market analysis (1956)
[2026-03-10 00:18:19] Found 3 results
[2026-03-10 00:25:15] Searching: iron condor SPX 16 delta 45 DTE options selling backtest annual return
[2026-03-10 00:25:17]   [1] Trading and Technical Analysis (2020)
[2026-03-10 00:25:17]   [2] Unleash the Power of Advanced Income Strategies (The Option Trader's Income Blue (NA)
[2026-03-10 00:25:17]   [3] Trade Options with an Edge (2017)
[2026-03-10 00:25:17] Found 3 results
[2026-03-10 00:25:17] Searching: CBOE PUT BXM index options selling benchmark performance
[2026-03-10 00:25:19]   [1] Performance analysis of options-based equity mutual funds, closed-end funds, and (2015)
[2026-03-10 00:25:19]   [2] 35-Year Performance Analysis of Cboe S&P 500 Option-Selling Indices. (2022)
[2026-03-10 00:25:19]   [3] Options‐based benchmark indices—A review of performance and (in) appropriate mea (2018)
[2026-03-10 00:25:19] Found 3 results
[2026-03-10 00:25:19] Searching: wheel strategy options empirical 30 delta cash secured put results
[2026-03-10 00:25:20]   [1] Optimal delta hedging for options (2017)
[2026-03-10 00:25:20]   [2] The cash-secured put-write strategy and the variance risk premium: Patel et al. (2024)
[2026-03-10 00:25:20]   [3] The cash-secured putwrite strategy and performance of related benchmark indexes (2009)
[2026-03-10 00:25:20] Found 3 results
[2026-03-10 00:25:20] Searching: tastytrade options research iron condor strangle performance data
[2026-03-10 00:25:22]   [1] Trading and Technical Analysis (2020)
[2026-03-10 00:25:22]   [2] Trade Options with an Edge (2017)
[2026-03-10 00:25:22]   [3] Higher Returns, Lower Risks: Empirical Evidence from US Options Markets (2024)
[2026-03-10 00:25:22] Found 3 results
