[2026-03-10 09:33:33] Signal check: MSTR @ $140.91 | RSI: 60.0 | SMA50: 145.96 | SMA200: 275.09 | MACD: -1.61/-3.95
[2026-03-10 09:33:34] Signal check: IBIT @ $39.98 | RSI: 57.2 | SMA50: 44.87 | SMA200: 57.08 | MACD: -1.30/-1.95
[2026-03-10 10:33:35] Signal check: MSTR @ $137.20 | RSI: 57.7 | SMA50: 145.89 | SMA200: 275.07 | MACD: -1.90/-4.00
[2026-03-10 10:33:35] Signal check: IBIT @ $39.60 | RSI: 56.2 | SMA50: 44.87 | SMA200: 57.08 | MACD: -1.33/-1.95
[2026-03-10 11:33:36] Signal check: MSTR @ $140.95 | RSI: 60.0 | SMA50: 145.96 | SMA200: 275.09 | MACD: -1.60/-3.94
[2026-03-10 11:33:36] Signal check: IBIT @ $40.63 | RSI: 58.8 | SMA50: 44.89 | SMA200: 57.09 | MACD: -1.25/-1.93
[2026-03-10 12:33:37] Signal check: MSTR @ $140.89 | RSI: 60.0 | SMA50: 145.96 | SMA200: 275.09 | MACD: -1.61/-3.95
[2026-03-10 12:33:37] Signal check: IBIT @ $40.46 | RSI: 58.4 | SMA50: 44.88 | SMA200: 57.09 | MACD: -1.26/-1.94
[2026-03-10 13:33:38] Signal check: MSTR @ $140.77 | RSI: 59.9 | SMA50: 145.96 | SMA200: 275.09 | MACD: -1.62/-3.95
[2026-03-10 13:33:38] Signal check: IBIT @ $40.40 | RSI: 58.2 | SMA50: 44.88 | SMA200: 57.09 | MACD: -1.27/-1.94
[2026-03-10 14:33:39] Signal check: MSTR @ $139.46 | RSI: 59.2 | SMA50: 145.93 | SMA200: 275.08 | MACD: -1.73/-3.97
[2026-03-10 14:33:39] Signal check: IBIT @ $39.88 | RSI: 56.9 | SMA50: 44.87 | SMA200: 57.08 | MACD: -1.31/-1.95
[2026-03-10 15:33:40] Signal check: MSTR @ $138.62 | RSI: 58.7 | SMA50: 145.92 | SMA200: 275.08 | MACD: -1.79/-3.98
[2026-03-10 15:33:40] Signal check: IBIT @ $39.62 | RSI: 56.3 | SMA50: 44.87 | SMA200: 57.08 | MACD: -1.33/-1.95
[2026-03-12 09:35:21] EXECUTING System 1 v8: MSTR @ $320.50
[2026-03-12 09:35:22] Selected expiry: 20270115
[2026-03-12 09:35:28] PRIMARY: 108x 420.0C @ $5.00 | Cost: $54,000
[2026-03-12 09:35:38] HEDGE: 90x 270.0P @ $2.00
[2026-03-12 09:35:38] 10x/20x monitor started
[2026-03-12 09:37:01] EXECUTING System 1 v8: MSTR @ $320.50
[2026-03-12 09:37:01] Selected expiry: 20270115
[2026-03-12 09:37:11] 10x/20x monitor started
[2026-03-12 10:02:23] EXECUTING System 1 v8: MSTR @ $320.50
[2026-03-12 10:02:23] Selected expiry: 20270115
[2026-03-12 10:02:29] PRIMARY: 108x 420.0C @ $5.00 | Cost: $54,000
[2026-03-12 10:02:35] SECONDARY: 90x 500.0C @ $3.00 | Cost: $27,000
[2026-03-12 10:02:42] HEDGE: 22x 270.0P @ $2.00
[2026-03-12 10:02:42] 10x/20x monitor started
