[2026-03-11 09:11:56] Quick scan: JOBY
[2026-03-11 09:12:00] Intel saved to /Users/eddiemae/rudy/data/tiktok_intel.json
[2026-03-11 09:30:06] ==================================================
[2026-03-11 09:30:06] Starting TikTok/FinTok intelligence scan
[2026-03-11 09:30:06] Searching: tiktok stock picks 2026
[2026-03-11 09:30:06] No TAVILY_API_KEY set
[2026-03-11 09:30:06] Searching: tiktok 10x stock moonshot
[2026-03-11 09:30:06] No TAVILY_API_KEY set
[2026-03-11 09:30:06] Searching: tiktok best stock to buy now
[2026-03-11 09:30:06] No TAVILY_API_KEY set
[2026-03-11 09:30:06] Searching: fintok trending stocks
[2026-03-11 09:30:06] No TAVILY_API_KEY set
[2026-03-11 09:30:06] Searching: tiktok penny stock going viral
[2026-03-11 09:30:06] No TAVILY_API_KEY set
[2026-03-11 09:30:06] Searching: tiktok JOBY stock eVTOL
[2026-03-11 09:30:06] No TAVILY_API_KEY set
[2026-03-11 09:30:06] Searching: tiktok quantum computing stock
[2026-03-11 09:30:06] No TAVILY_API_KEY set
[2026-03-11 09:30:06] Searching: tiktok AI stock small cap
[2026-03-11 09:30:06] No TAVILY_API_KEY set
[2026-03-11 09:30:06] Searching: tiktok meme stock next squeeze
[2026-03-11 09:30:06] No TAVILY_API_KEY set
[2026-03-11 09:30:06] Searching: tiktok nuclear energy stock SMR
[2026-03-11 09:30:06] No TAVILY_API_KEY set
[2026-03-11 09:30:06] Searching: tiktok space stock RKLB LUNR
[2026-03-11 09:30:06] No TAVILY_API_KEY set
[2026-03-11 09:30:06] No TAVILY_API_KEY set
[2026-03-11 09:30:06] No TAVILY_API_KEY set
[2026-03-11 09:30:06] No TAVILY_API_KEY set
[2026-03-11 09:30:06] No TAVILY_API_KEY set
[2026-03-11 09:30:06] No TAVILY_API_KEY set
[2026-03-11 09:30:06] No TAVILY_API_KEY set
[2026-03-11 09:30:06] No TAVILY_API_KEY set
[2026-03-11 09:30:06] No TAVILY_API_KEY set
[2026-03-11 09:30:06] No TikTok/social results found
[2026-03-11 10:30:05] ==================================================
[2026-03-11 10:30:05] Starting TikTok/FinTok intelligence scan
[2026-03-11 10:30:05] Searching: tiktok stock picks 2026
[2026-03-11 10:30:05] No TAVILY_API_KEY set
[2026-03-11 10:30:05] Searching: tiktok 10x stock moonshot
[2026-03-11 10:30:05] No TAVILY_API_KEY set
[2026-03-11 10:30:05] Searching: tiktok best stock to buy now
[2026-03-11 10:30:05] No TAVILY_API_KEY set
[2026-03-11 10:30:05] Searching: fintok trending stocks
[2026-03-11 10:30:05] No TAVILY_API_KEY set
[2026-03-11 10:30:05] Searching: tiktok penny stock going viral
[2026-03-11 10:30:05] No TAVILY_API_KEY set
[2026-03-11 10:30:05] Searching: tiktok JOBY stock eVTOL
[2026-03-11 10:30:05] No TAVILY_API_KEY set
[2026-03-11 10:30:05] Searching: tiktok quantum computing stock
[2026-03-11 10:30:05] No TAVILY_API_KEY set
[2026-03-11 10:30:05] Searching: tiktok AI stock small cap
[2026-03-11 10:30:05] No TAVILY_API_KEY set
[2026-03-11 10:30:05] Searching: tiktok meme stock next squeeze
[2026-03-11 10:30:05] No TAVILY_API_KEY set
[2026-03-11 10:30:05] Searching: tiktok nuclear energy stock SMR
[2026-03-11 10:30:05] No TAVILY_API_KEY set
[2026-03-11 10:30:05] Searching: tiktok space stock RKLB LUNR
[2026-03-11 10:30:05] No TAVILY_API_KEY set
[2026-03-11 10:30:05] No TAVILY_API_KEY set
[2026-03-11 10:30:05] No TAVILY_API_KEY set
[2026-03-11 10:30:05] No TAVILY_API_KEY set
[2026-03-11 10:30:05] No TAVILY_API_KEY set
[2026-03-11 10:30:05] No TAVILY_API_KEY set
[2026-03-11 10:30:05] No TAVILY_API_KEY set
[2026-03-11 10:30:05] No TAVILY_API_KEY set
[2026-03-11 10:30:05] No TAVILY_API_KEY set
[2026-03-11 10:30:05] No TikTok/social results found
[2026-03-11 11:30:07] ==================================================
[2026-03-11 11:30:07] Starting TikTok/FinTok intelligence scan
[2026-03-11 11:30:07] Searching: tiktok stock picks 2026
[2026-03-11 11:30:07] No TAVILY_API_KEY set
[2026-03-11 11:30:07] Searching: tiktok 10x stock moonshot
[2026-03-11 11:30:07] No TAVILY_API_KEY set
[2026-03-11 11:30:07] Searching: tiktok best stock to buy now
[2026-03-11 11:30:07] No TAVILY_API_KEY set
[2026-03-11 11:30:07] Searching: fintok trending stocks
[2026-03-11 11:30:07] No TAVILY_API_KEY set
[2026-03-11 11:30:07] Searching: tiktok penny stock going viral
[2026-03-11 11:30:07] No TAVILY_API_KEY set
[2026-03-11 11:30:07] Searching: tiktok JOBY stock eVTOL
[2026-03-11 11:30:07] No TAVILY_API_KEY set
[2026-03-11 11:30:07] Searching: tiktok quantum computing stock
[2026-03-11 11:30:07] No TAVILY_API_KEY set
[2026-03-11 11:30:07] Searching: tiktok AI stock small cap
[2026-03-11 11:30:07] No TAVILY_API_KEY set
[2026-03-11 11:30:07] Searching: tiktok meme stock next squeeze
[2026-03-11 11:30:07] No TAVILY_API_KEY set
[2026-03-11 11:30:07] Searching: tiktok nuclear energy stock SMR
[2026-03-11 11:30:07] No TAVILY_API_KEY set
[2026-03-11 11:30:07] Searching: tiktok space stock RKLB LUNR
[2026-03-11 11:30:07] No TAVILY_API_KEY set
[2026-03-11 11:30:07] No TAVILY_API_KEY set
[2026-03-11 11:30:07] No TAVILY_API_KEY set
[2026-03-11 11:30:07] No TAVILY_API_KEY set
[2026-03-11 11:30:07] No TAVILY_API_KEY set
[2026-03-11 11:30:07] No TAVILY_API_KEY set
[2026-03-11 11:30:07] No TAVILY_API_KEY set
[2026-03-11 11:30:07] No TAVILY_API_KEY set
[2026-03-11 11:30:07] No TAVILY_API_KEY set
[2026-03-11 11:30:07] No TikTok/social results found
[2026-03-11 12:32:05] ==================================================
[2026-03-11 12:32:05] Starting TikTok/FinTok intelligence scan
[2026-03-11 12:32:05] Searching: tiktok stock picks 2026
[2026-03-11 12:32:05] No TAVILY_API_KEY set
[2026-03-11 12:32:05] Searching: tiktok 10x stock moonshot
[2026-03-11 12:32:05] No TAVILY_API_KEY set
[2026-03-11 12:32:05] Searching: tiktok best stock to buy now
[2026-03-11 12:32:05] No TAVILY_API_KEY set
[2026-03-11 12:32:05] Searching: fintok trending stocks
[2026-03-11 12:32:05] No TAVILY_API_KEY set
[2026-03-11 12:32:05] Searching: tiktok penny stock going viral
[2026-03-11 12:32:05] No TAVILY_API_KEY set
[2026-03-11 12:32:05] Searching: tiktok JOBY stock eVTOL
[2026-03-11 12:32:05] No TAVILY_API_KEY set
[2026-03-11 12:32:05] Searching: tiktok quantum computing stock
[2026-03-11 12:32:05] No TAVILY_API_KEY set
[2026-03-11 12:32:05] Searching: tiktok AI stock small cap
[2026-03-11 12:32:05] No TAVILY_API_KEY set
[2026-03-11 12:32:05] Searching: tiktok meme stock next squeeze
[2026-03-11 12:32:05] No TAVILY_API_KEY set
[2026-03-11 12:32:05] Searching: tiktok nuclear energy stock SMR
[2026-03-11 12:32:05] No TAVILY_API_KEY set
[2026-03-11 12:32:05] Searching: tiktok space stock RKLB LUNR
[2026-03-11 12:32:05] No TAVILY_API_KEY set
[2026-03-11 12:32:05] No TAVILY_API_KEY set
[2026-03-11 12:32:05] No TAVILY_API_KEY set
[2026-03-11 12:32:05] No TAVILY_API_KEY set
[2026-03-11 12:32:05] No TAVILY_API_KEY set
[2026-03-11 12:32:05] No TAVILY_API_KEY set
[2026-03-11 12:32:05] No TAVILY_API_KEY set
[2026-03-11 12:32:05] No TAVILY_API_KEY set
[2026-03-11 12:32:05] No TAVILY_API_KEY set
[2026-03-11 12:32:05] No TikTok/social results found
[2026-03-11 13:31:00] ==================================================
[2026-03-11 13:31:00] Starting TikTok/FinTok intelligence scan
[2026-03-11 13:31:00] Searching: tiktok stock picks 2026
[2026-03-11 13:31:00] No TAVILY_API_KEY set
[2026-03-11 13:31:00] Searching: tiktok 10x stock moonshot
[2026-03-11 13:31:00] No TAVILY_API_KEY set
[2026-03-11 13:31:00] Searching: tiktok best stock to buy now
[2026-03-11 13:31:00] No TAVILY_API_KEY set
[2026-03-11 13:31:00] Searching: fintok trending stocks
[2026-03-11 13:31:00] No TAVILY_API_KEY set
[2026-03-11 13:31:00] Searching: tiktok penny stock going viral
[2026-03-11 13:31:00] No TAVILY_API_KEY set
[2026-03-11 13:31:00] Searching: tiktok JOBY stock eVTOL
[2026-03-11 13:31:00] No TAVILY_API_KEY set
[2026-03-11 13:31:00] Searching: tiktok quantum computing stock
[2026-03-11 13:31:00] No TAVILY_API_KEY set
[2026-03-11 13:31:00] Searching: tiktok AI stock small cap
[2026-03-11 13:31:00] No TAVILY_API_KEY set
[2026-03-11 13:31:00] Searching: tiktok meme stock next squeeze
[2026-03-11 13:31:00] No TAVILY_API_KEY set
[2026-03-11 13:31:00] Searching: tiktok nuclear energy stock SMR
[2026-03-11 13:31:00] No TAVILY_API_KEY set
[2026-03-11 13:31:00] Searching: tiktok space stock RKLB LUNR
[2026-03-11 13:31:00] No TAVILY_API_KEY set
[2026-03-11 13:31:00] No TAVILY_API_KEY set
[2026-03-11 13:31:00] No TAVILY_API_KEY set
[2026-03-11 13:31:00] No TAVILY_API_KEY set
[2026-03-11 13:31:00] No TAVILY_API_KEY set
[2026-03-11 13:31:00] No TAVILY_API_KEY set
[2026-03-11 13:31:00] No TAVILY_API_KEY set
[2026-03-11 13:31:00] No TAVILY_API_KEY set
[2026-03-11 13:31:00] No TAVILY_API_KEY set
[2026-03-11 13:31:00] No TikTok/social results found
[2026-03-11 14:37:10] ==================================================
[2026-03-11 14:37:10] Starting TikTok/FinTok intelligence scan
[2026-03-11 14:37:10] Searching: tiktok stock picks 2026
[2026-03-11 14:37:11] Searching: tiktok 10x stock moonshot
[2026-03-11 14:37:12] Searching: tiktok best stock to buy now
[2026-03-11 14:37:14] Searching: fintok trending stocks
[2026-03-11 14:37:15] Searching: tiktok penny stock going viral
[2026-03-11 14:37:16] Searching: tiktok JOBY stock eVTOL
[2026-03-11 14:37:17] Searching: tiktok quantum computing stock
[2026-03-11 14:37:18] Searching: tiktok AI stock small cap
[2026-03-11 14:37:20] Searching: tiktok meme stock next squeeze
[2026-03-11 14:37:21] Searching: tiktok nuclear energy stock SMR
[2026-03-11 14:37:22] Searching: tiktok space stock RKLB LUNR
[2026-03-11 14:37:32] Found 45 results (45 from TikTok)
[2026-03-11 14:37:43] Intel saved to /Users/eddiemae/rudy/data/tiktok_intel.json
[2026-03-11 14:37:43] TIKTOK / FINTOK INTELLIGENCE
Sentiment: EUPHORIC
Posts scanned: 45

FinTok is buzzing about potential 10X moonshot stocks, with a strong focus on emerging technologies like eVTOL, quantum computing, and AI. There's significant interest in identifying undervalued companies with high growth potential, often discussed in the context of future market predictions and diversification strategies. The platform also highlights the impact of geopolitical events, such as the

10X MOONSHOT PICKS:
  $JOBY [eVTOL] — VIRAL
    Joby Aviation is highlighted as a leader in the eVTOL sector with strong year-to-date performance an
    ⚠ Regulatory hurdles in FAA certification, competition, and the nascent nature of 
  $QUBT [Quantum] — VIRAL
    Mentioned with massive gains (+2,370%), indicating significant investor interest and perceived high 
    ⚠ The quantum computing sector is highly speculative, with long development cycles
  $QBTS [Quantum] — VIRAL
    Similar to QUBT, it's cited for substantial gains (+1,729%), positioning it as a key player in the s
    ⚠ Similar to QUBT, high risk due to speculative nature, long development timelines

WATCHLIST (medium potential):
  $YEXT [AI] — Identified as a promising small-cap AI company with potential for growth.
  $RISKIFIED [AI] — Highlighted as a promising small-cap AI company with growth potential.
  $AGORA [AI] — Mentioned as a small-cap AI company with insights into AI agents in the stock ma

CONFIRMED (TikTok + X agree): QBTS, JOBY
DIVERGENCES (TikTok vs X): QUBT, RISKIFIED, YEXT

Hot on FinTok: JOBY, QUBT, QBTS, YEXT, RISKIFIED, AGORA, MARA, RIOT, COIN
Meme alert: stocks getting meme treatment

Risks: High speculative nature of emerging technologies (eVTOL, Quantum), Intense competition in AI and other growth sectors, Regulatory uncertainty for crypto
[2026-03-11 14:37:43] TikTok scan complete
[2026-03-11 14:37:43] ==================================================
[2026-03-11 14:52:07] ==================================================
[2026-03-11 14:52:07] Starting TikTok/FinTok intelligence scan
[2026-03-11 14:52:07] Searching: tiktok stock picks 2026
[2026-03-11 14:52:07] No TAVILY_API_KEY set
[2026-03-11 14:52:07] Searching: tiktok 10x stock moonshot
[2026-03-11 14:52:07] No TAVILY_API_KEY set
[2026-03-11 14:52:07] Searching: tiktok best stock to buy now
[2026-03-11 14:52:07] No TAVILY_API_KEY set
[2026-03-11 14:52:07] Searching: fintok trending stocks
[2026-03-11 14:52:07] No TAVILY_API_KEY set
[2026-03-11 14:52:07] Searching: tiktok penny stock going viral
[2026-03-11 14:52:07] No TAVILY_API_KEY set
[2026-03-11 14:52:07] Searching: tiktok JOBY stock eVTOL
[2026-03-11 14:52:07] No TAVILY_API_KEY set
[2026-03-11 14:52:07] Searching: tiktok quantum computing stock
[2026-03-11 14:52:07] No TAVILY_API_KEY set
[2026-03-11 14:52:07] Searching: tiktok AI stock small cap
[2026-03-11 14:52:07] No TAVILY_API_KEY set
[2026-03-11 14:52:07] Searching: tiktok meme stock next squeeze
[2026-03-11 14:52:07] No TAVILY_API_KEY set
[2026-03-11 14:52:07] Searching: tiktok nuclear energy stock SMR
[2026-03-11 14:52:07] No TAVILY_API_KEY set
[2026-03-11 14:52:07] Searching: tiktok space stock RKLB LUNR
[2026-03-11 14:52:07] No TAVILY_API_KEY set
[2026-03-11 14:52:07] No TAVILY_API_KEY set
[2026-03-11 14:52:07] No TAVILY_API_KEY set
[2026-03-11 14:52:07] No TAVILY_API_KEY set
[2026-03-11 14:52:07] No TAVILY_API_KEY set
[2026-03-11 14:52:07] No TAVILY_API_KEY set
[2026-03-11 14:52:07] No TAVILY_API_KEY set
[2026-03-11 14:52:07] No TAVILY_API_KEY set
[2026-03-11 14:52:07] No TAVILY_API_KEY set
[2026-03-11 14:52:07] No TikTok/social results found
[2026-03-11 15:36:39] ==================================================
[2026-03-11 15:36:39] Starting TikTok/FinTok intelligence scan
[2026-03-11 15:36:39] Searching: tiktok stock picks 2026
[2026-03-11 15:36:40] Searching: tiktok 10x stock moonshot
[2026-03-11 15:36:42] Searching: tiktok best stock to buy now
[2026-03-11 15:36:43] Searching: fintok trending stocks
[2026-03-11 15:36:44] Searching: tiktok penny stock going viral
[2026-03-11 15:36:46] Searching: tiktok JOBY stock eVTOL
[2026-03-11 15:36:47] Searching: tiktok quantum computing stock
[2026-03-11 15:36:48] Searching: tiktok AI stock small cap
[2026-03-11 15:36:49] Searching: tiktok meme stock next squeeze
[2026-03-11 15:36:51] Searching: tiktok nuclear energy stock SMR
[2026-03-11 15:36:52] Searching: tiktok space stock RKLB LUNR
[2026-03-11 15:37:03] Found 43 results (43 from TikTok)
[2026-03-11 15:37:13] Intel saved to /Users/eddiemae/rudy/data/tiktok_intel.json
[2026-03-11 15:37:13] TIKTOK / FINTOK INTELLIGENCE
Sentiment: EUPHORIC
Posts scanned: 43

FinTok is buzzing with excitement around high-growth potential stocks, particularly those in emerging technology sectors like eVTOL, Quantum Computing, and AI. There's a strong emphasis on 'moonshot' opportunities, with investors actively seeking out companies that could deliver 10x or more returns by 2026. Penny stocks and potential short squeezes are also a recurring theme, indicating a speculat

10X MOONSHOT PICKS:
  $JOBY [eVTOL] — VIRAL
    Joby Aviation is positioned as a leader in the eVTOL sector, with significant progress towards FAA c
    ⚠ Regulatory hurdles, competition, and the inherent risks of pioneering new transp
  $QUBT [Quantum] — VIRAL
    Quantum Computing Inc. (QUBT) has demonstrated massive gains, with over 2,400% in a year, highlighti
    ⚠ The quantum computing sector is still nascent and highly speculative. Valuation 
  $OKLO [Nuclear] — EMERGING
    Oklo's unique approach to Small Modular Reactor (SMR) technology is generating interest in the nucle
    ⚠ Nuclear energy projects face significant regulatory, safety, and public percepti

WATCHLIST (medium potential):
  $MARA [Crypto] — As a major Bitcoin miner, Marathon Digital Holdings (MARA) is seen as a direct p
  $RIOT [Crypto] — Riot Platforms (RIOT) is another prominent Bitcoin miner, benefiting from the sa

CONFIRMED (TikTok + X agree): MARA, RIOT, OKLO
DIVERGENCES (TikTok vs X): JOBY, QUBT

Hot on FinTok: JOBY, QUBT, MARA, RIOT, OKLO
Meme alert: Stocks mentioned in the context of 'stock squeeze' and 'meme stocks' are likely candidates, though specific tickers are not consistently named.

Risks: The speculative nature of 'moonshot' stocks means high potential for significant losses., Overvaluation driven by hype and FOMO rather than fundamental analysis., Regulatory uncertainties in emerging sectors like eVTOL and nuclear energy.
[2026-03-11 15:37:14] TikTok scan complete
[2026-03-11 15:37:14] ==================================================
[2026-03-11 16:10:11] ==================================================
[2026-03-11 16:10:11] Starting TikTok/FinTok intelligence scan
[2026-03-11 16:10:11] Searching: tiktok stock picks 2026
[2026-03-11 16:10:13] Searching: tiktok 10x stock moonshot
[2026-03-11 16:10:14] Searching: tiktok best stock to buy now
[2026-03-11 16:10:15] Searching: fintok trending stocks
[2026-03-11 16:10:16] Searching: tiktok penny stock going viral
[2026-03-11 16:10:17] Searching: tiktok JOBY stock eVTOL
[2026-03-11 16:10:18] Searching: tiktok quantum computing stock
[2026-03-11 16:10:19] Searching: tiktok AI stock small cap
[2026-03-11 16:10:21] Searching: tiktok meme stock next squeeze
[2026-03-11 16:10:23] Searching: tiktok nuclear energy stock SMR
[2026-03-11 16:10:25] Searching: tiktok space stock RKLB LUNR
[2026-03-11 16:10:34] Found 46 results (43 from TikTok)
[2026-03-11 16:10:48] Intel saved to /Users/eddiemae/rudy/data/tiktok_intel.json
[2026-03-11 16:10:48] TIKTOK / FINTOK INTELLIGENCE
Sentiment: EUPHORIC
Posts scanned: 46

FinTok is buzzing with excitement about potential 10X moonshot stocks, particularly focusing on emerging technologies like eVTOL, quantum computing, and AI. There's a strong emphasis on identifying undervalued or under-the-radar companies with significant growth potential, often targeting 2025-2026 timelines. The sentiment leans heavily towards bullishness, with a significant portion of content de

10X MOONSHOT PICKS:
  $JOBY [eVTOL] — VIRAL
    Joby Aviation is a leader in the eVTOL sector, with significant progress towards FAA certification a
    ⚠ Regulatory hurdles, competition, and the long development cycle for eVTOL techno
  $IONQ [quantum] — TRENDING
    IonQ is a prominent player in the quantum computing space, a sector with immense long-term growth po
    ⚠ Quantum computing is still in its nascent stages, and widespread commercial adop
  $VERI [AI] — EMERGING
    Veri (VERI) is a small-cap AI stock that has secured a U.S. Air Force contract, leading to a signifi
    ⚠ Small-cap stocks are inherently volatile, and reliance on government contracts c

WATCHLIST (medium potential):
  $HIMS [meme] — Hims & Hers Health (HIMS) is being discussed as a potential meme stock due to hi

CONFIRMED (TikTok + X agree): VERI, IONQ, JOBY
DIVERGENCES (TikTok vs X): HIMS, RGTI

Hot on FinTok: JOBY, IONQ, RGTI, VERI, HIMS, SMRT, VLD
Meme alert: HIMS, HTZ, BYND

Risks: High-risk, high-reward nature of moonshot stocks, Volatility of penny stocks and small-cap companies, Regulatory hurdles and long development cycles in emerging tech (eVTOL, quantum)
[2026-03-11 16:10:48] TikTok scan complete
[2026-03-11 16:10:48] ==================================================
[2026-03-11 19:05:14] ==================================================
[2026-03-11 19:05:14] Starting TikTok/FinTok intelligence scan
[2026-03-11 19:05:14] Searching: tiktok stock picks 2026
[2026-03-11 19:05:15] Searching: tiktok 10x stock moonshot
[2026-03-11 19:05:16] Searching: tiktok best stock to buy now
[2026-03-11 19:05:17] Searching: fintok trending stocks
[2026-03-11 19:05:18] Searching: tiktok penny stock going viral
[2026-03-11 19:05:19] Searching: tiktok JOBY stock eVTOL
[2026-03-11 19:05:20] Searching: tiktok quantum computing stock
[2026-03-11 19:05:22] Searching: tiktok AI stock small cap
[2026-03-11 19:05:23] Searching: tiktok meme stock next squeeze
[2026-03-11 19:05:24] Searching: tiktok nuclear energy stock SMR
[2026-03-11 19:05:25] Searching: tiktok space stock RKLB LUNR
[2026-03-11 19:05:34] Found 43 results (43 from TikTok)
[2026-03-11 19:05:43] Intel saved to /Users/eddiemae/rudy/data/tiktok_intel.json
[2026-03-11 19:05:43] TIKTOK / FINTOK INTELLIGENCE
Sentiment: EUPHORIC
Posts scanned: 43

FinTok is buzzing about potential 10X moonshot stocks for 2026, with a strong focus on emerging technologies like eVTOL, quantum computing, and AI. There's significant interest in identifying 'moonshot' stocks, often associated with high-risk, high-reward plays. Penny stocks and potential short squeezes are also generating considerable discussion, indicating a speculative appetite among some creat

10X MOONSHOT PICKS:
  $JOBY [eVTOL] — VIRAL
    TikTok creators are highlighting Joby Aviation's innovative flying car technology (eVTOL) and its po
    ⚠ Regulatory hurdles, competition, technological feasibility at scale, and executi
  $IONQ [quantum] — TRENDING
    Quantum computing is presented as a transformative technology, and IonQ is frequently mentioned as a
    ⚠ Quantum computing is still in its nascent stages, with significant technological
  $SMR [nuclear] — EMERGING
    Small Modular Reactors (SMRs) are being discussed as a potential solution for future energy needs, w
    ⚠ Nuclear energy faces significant regulatory, public perception, and high upfront

WATCHLIST (medium potential):
  $YEXT [AI] — Yext is mentioned as a promising small-cap AI company, suggesting potential for 
  $MARA [Crypto] — Marathon Digital Holdings (MARA) is frequently cited in discussions about crypto

CONFIRMED (TikTok + X agree): IONQ, MARA, SMR
DIVERGENCES (TikTok vs X): JOBY, YEXT

Hot on FinTok: JOBY, IONQ, SMR, YEXT, MARA, SMRT, VLD, RKLB, LUNR, ASTS
Meme alert: Grifin (mentioned in context of penny stocks and potential takedowns)

Risks: High volatility and speculative nature of 'moonshot' and penny stocks, Uncertainty and long development timelines for emerging technologies (eVTOL, quantum), Regulatory challenges and public perception issues (nuclear energy)
[2026-03-11 19:05:44] TikTok scan complete
[2026-03-11 19:05:44] ==================================================
[2026-03-12 07:12:59] Quick scan: MSTR
[2026-03-12 07:12:59] No TAVILY_API_KEY set
[2026-03-12 07:12:59] No TikTok results for MSTR
[2026-03-12 07:26:44] Quick scan: IONQ
[2026-03-12 07:26:44] No TAVILY_API_KEY set
[2026-03-12 07:26:44] No TikTok results for IONQ
[2026-03-12 07:50:34] Quick scan: TSLA
[2026-03-12 07:50:38] Intel saved to /Users/eddiemae/rudy/data/tiktok_intel.json
[2026-03-12 08:07:32] ==================================================
[2026-03-12 08:07:32] Starting TikTok/FinTok intelligence scan
[2026-03-12 08:07:32] Searching: tiktok stock picks 2026
[2026-03-12 08:07:34] Searching: tiktok 10x stock moonshot
[2026-03-12 08:07:35] Searching: tiktok best stock to buy now
[2026-03-12 08:07:36] Searching: fintok trending stocks
[2026-03-12 08:07:38] Searching: tiktok penny stock going viral
[2026-03-12 08:07:39] Searching: tiktok JOBY stock eVTOL
[2026-03-12 08:07:40] Searching: tiktok quantum computing stock
[2026-03-12 08:07:42] Searching: tiktok AI stock small cap
[2026-03-12 08:07:43] Searching: tiktok meme stock next squeeze
[2026-03-12 08:07:45] Searching: tiktok nuclear energy stock SMR
[2026-03-12 08:07:46] Searching: tiktok space stock RKLB LUNR
[2026-03-12 08:07:56] Found 45 results (45 from TikTok)
[2026-03-12 08:08:06] Intel saved to /Users/eddiemae/rudy/data/tiktok_intel.json
[2026-03-12 08:08:06] TIKTOK / FINTOK INTELLIGENCE
Sentiment: EUPHORIC
Posts scanned: 45

FinTok is heavily focused on identifying 'moonshot' stocks with 10X or greater return potential, particularly for 2026. Key sectors generating buzz include eVTOL, quantum computing, nuclear energy, and biotech. There's a strong emphasis on disruptive technologies and high-growth potential, with a recognition that these investments carry significant risk.

10X MOONSHOT PICKS:
  $JOBY [eVTOL] — VIRAL
    Joby Aviation is positioned as a leader in the eVTOL sector, with plans for commercial flights and s
    ⚠ Regulatory hurdles, competition, and the long timeline for widespread adoption o
  $QUBT [quantum] — VIRAL
    Quantum computing stocks are seen as the next frontier, with QUBT showing massive percentage gains, 
    ⚠ Quantum computing is still in its nascent stages, with significant technological
  $SMRT [other] — EMERGING
    Smart rent real estate technology company with reported 60% revenue growth, suggesting strong operat
    ⚠ The real estate technology sector can be cyclical and competitive. Growth sustai
  $VERI [AI] — EMERGING
    A small-cap AI stock that secured a U.S. Air Force contract, leading to a significant spike in call 
    ⚠ Reliance on government contracts can be volatile. Small-cap stocks are inherentl

CONFIRMED (TikTok + X agree): QUBT, QBTS, JOBY
DIVERGENCES (TikTok vs X): VERI, SMRT

Hot on FinTok: JOBY, QUBT, QBTS, SMRT, VERI, MARA, RIOT, COIN, IONQ, RGTI
Meme alert: Tesla

Risks: High volatility and speculative nature of moonshot stocks, Regulatory hurdles for new technologies (e.g., eVTOL), Long development timelines for disruptive technologies (e.g., quantum computing)
[2026-03-12 08:08:07] TikTok scan complete
[2026-03-12 08:08:07] ==================================================
[2026-03-12 08:35:52] Quick scan: MSTR
[2026-03-12 08:35:55] Intel saved to /Users/eddiemae/rudy/data/tiktok_intel.json
[2026-03-12 09:38:53] ==================================================
[2026-03-12 09:38:53] Starting TikTok/FinTok intelligence scan
[2026-03-12 09:38:53] Searching: tiktok stock picks 2026
[2026-03-12 09:38:55] Searching: tiktok 10x stock moonshot
[2026-03-12 09:38:56] Searching: tiktok best stock to buy now
[2026-03-12 09:38:57] Searching: fintok trending stocks
[2026-03-12 09:38:59] Searching: tiktok penny stock going viral
[2026-03-12 09:39:00] Searching: tiktok JOBY stock eVTOL
[2026-03-12 09:39:01] Searching: tiktok quantum computing stock
[2026-03-12 09:39:02] Searching: tiktok AI stock small cap
[2026-03-12 09:39:04] Searching: tiktok meme stock next squeeze
[2026-03-12 09:39:05] Searching: tiktok nuclear energy stock SMR
[2026-03-12 09:39:06] Searching: tiktok space stock RKLB LUNR
[2026-03-12 09:39:15] Found 45 results (45 from TikTok)
[2026-03-12 09:39:27] Intel saved to /Users/eddiemae/rudy/data/tiktok_intel.json
[2026-03-12 09:39:27] TIKTOK / FINTOK INTELLIGENCE
Sentiment: EUPHORIC
Posts scanned: 45

FinTok is buzzing with anticipation for 2026, with a strong focus on 'moonshot' stocks promising high returns. Key themes include emerging technologies like quantum computing and AI, alongside speculative plays in sectors like nuclear energy, eVTOL, and space. There's a clear emphasis on identifying early-stage companies with significant growth potential, often driven by AI-powered insights and in

10X MOONSHOT PICKS:
  $JOBY [eVTOL] — VIRAL
    Joby Aviation is positioned as a leader in the eVTOL sector, with significant manufacturing expansio
    ⚠ Regulatory hurdles, intense competition, and the long timeline for widespread ad
  $IONQ [quantum] — TRENDING
    IonQ is frequently mentioned as a leading player in quantum computing, a sector seen as having immen
    ⚠ Quantum computing is still in its nascent stages, with significant technological
  $RKLB [space] — TRENDING
    Rocket Lab is highlighted as a key player in the space sector, with potential for significant return
    ⚠ The space industry is capital-intensive and subject to project delays, launch fa
  $SMR [nuclear] — EMERGING
    Small Modular Reactors (SMRs) are being touted as a clean tech boom with significant growth opportun
    ⚠ Regulatory approval, public perception, high upfront costs, and long development
  $ESLG [AI] — EMERGING
    Eshallgo is presented as a small-cap company leveraging enterprise AI for growth, suggesting it's an
    ⚠ As a small-cap, it carries higher risk. Success is dependent on effective AI imp

CONFIRMED (TikTok + X agree): RKLB, SMR
DIVERGENCES (TikTok vs X): ESLG, JOBY, IONQ

Hot on FinTok: JOBY, IONQ, RKLB, SMR, ESLG, SMRT, VLD, HIMS, MARA, RIOT
Meme alert: Tesla

Risks: High-risk, high-reward nature of moonshot stocks, Speculative nature of penny stocks and their potential for rapid declines, Regulatory uncertainties in emerging industries (eVTOL, nuclear, quantum)
[2026-03-12 09:39:28] TikTok scan complete
[2026-03-12 09:39:28] ==================================================
[2026-03-12 10:17:52] Quick scan: JOBY
[2026-03-12 10:17:54] No TikTok results for JOBY
[2026-03-12 10:18:09] Quick scan: NFLX
[2026-03-12 10:18:12] Intel saved to /Users/eddiemae/rudy/data/tiktok_intel.json
[2026-03-12 10:35:42] ==================================================
[2026-03-12 10:35:42] Starting TikTok/FinTok intelligence scan
[2026-03-12 10:35:42] Searching: tiktok stock picks 2026
[2026-03-12 10:35:42] Searching: tiktok 10x stock moonshot
[2026-03-12 10:35:42] Searching: tiktok best stock to buy now
[2026-03-12 10:35:43] Searching: fintok trending stocks
[2026-03-12 10:35:43] Searching: tiktok penny stock going viral
[2026-03-12 10:35:43] Searching: tiktok JOBY stock eVTOL
[2026-03-12 10:35:43] Searching: tiktok quantum computing stock
[2026-03-12 10:35:44] Searching: tiktok AI stock small cap
[2026-03-12 10:35:44] Searching: tiktok meme stock next squeeze
[2026-03-12 10:35:44] Searching: tiktok nuclear energy stock SMR
[2026-03-12 10:35:44] Searching: tiktok space stock RKLB LUNR
[2026-03-12 10:35:46] No TikTok/social results found
[2026-03-12 11:31:27] ==================================================
[2026-03-12 11:31:27] Starting TikTok/FinTok intelligence scan
[2026-03-12 11:31:27] Searching: tiktok stock picks 2026
[2026-03-12 11:31:27] Searching: tiktok 10x stock moonshot
[2026-03-12 11:31:28] Searching: tiktok best stock to buy now
[2026-03-12 11:31:28] Searching: fintok trending stocks
[2026-03-12 11:31:28] Searching: tiktok penny stock going viral
[2026-03-12 11:31:28] Searching: tiktok JOBY stock eVTOL
[2026-03-12 11:31:28] Searching: tiktok quantum computing stock
[2026-03-12 11:31:28] Searching: tiktok AI stock small cap
[2026-03-12 11:31:29] Searching: tiktok meme stock next squeeze
[2026-03-12 11:31:29] Searching: tiktok nuclear energy stock SMR
[2026-03-12 11:31:29] Searching: tiktok space stock RKLB LUNR
[2026-03-12 11:31:31] No TikTok/social results found
[2026-03-12 12:33:45] ==================================================
[2026-03-12 12:33:45] Starting TikTok/FinTok intelligence scan
[2026-03-12 12:33:45] Searching: tiktok stock picks 2026
[2026-03-12 12:33:45] Searching: tiktok 10x stock moonshot
[2026-03-12 12:33:45] Searching: tiktok best stock to buy now
[2026-03-12 12:33:46] Searching: fintok trending stocks
[2026-03-12 12:33:46] Searching: tiktok penny stock going viral
[2026-03-12 12:33:46] Searching: tiktok JOBY stock eVTOL
[2026-03-12 12:33:46] Searching: tiktok quantum computing stock
[2026-03-12 12:33:46] Searching: tiktok AI stock small cap
[2026-03-12 12:33:46] Searching: tiktok meme stock next squeeze
[2026-03-12 12:33:47] Searching: tiktok nuclear energy stock SMR
[2026-03-12 12:33:47] Searching: tiktok space stock RKLB LUNR
[2026-03-12 12:33:48] No TikTok/social results found
[2026-03-12 13:32:27] ==================================================
[2026-03-12 13:32:27] Starting TikTok/FinTok intelligence scan
[2026-03-12 13:32:27] Searching: tiktok stock picks 2026
[2026-03-12 13:32:27] Searching: tiktok 10x stock moonshot
[2026-03-12 13:32:27] Searching: tiktok best stock to buy now
[2026-03-12 13:32:27] Searching: fintok trending stocks
[2026-03-12 13:32:27] Searching: tiktok penny stock going viral
[2026-03-12 13:32:28] Searching: tiktok JOBY stock eVTOL
[2026-03-12 13:32:28] Searching: tiktok quantum computing stock
[2026-03-12 13:32:28] Searching: tiktok AI stock small cap
[2026-03-12 13:32:28] Searching: tiktok meme stock next squeeze
[2026-03-12 13:32:28] Searching: tiktok nuclear energy stock SMR
[2026-03-12 13:32:29] Searching: tiktok space stock RKLB LUNR
[2026-03-12 13:32:30] No TikTok/social results found
[2026-03-12 14:32:31] ==================================================
[2026-03-12 14:32:31] Starting TikTok/FinTok intelligence scan
[2026-03-12 14:32:31] Searching: tiktok stock picks 2026
[2026-03-12 14:32:31] Searching: tiktok 10x stock moonshot
[2026-03-12 14:32:31] Searching: tiktok best stock to buy now
[2026-03-12 14:32:31] Searching: fintok trending stocks
[2026-03-12 14:32:31] Searching: tiktok penny stock going viral
[2026-03-12 14:32:31] Searching: tiktok JOBY stock eVTOL
[2026-03-12 14:32:32] Searching: tiktok quantum computing stock
[2026-03-12 14:32:32] Searching: tiktok AI stock small cap
[2026-03-12 14:32:32] Searching: tiktok meme stock next squeeze
[2026-03-12 14:32:32] Searching: tiktok nuclear energy stock SMR
[2026-03-12 14:32:32] Searching: tiktok space stock RKLB LUNR
[2026-03-12 14:32:34] No TikTok/social results found
[2026-03-12 15:32:32] ==================================================
[2026-03-12 15:32:32] Starting TikTok/FinTok intelligence scan
[2026-03-12 15:32:32] Searching: tiktok stock picks 2026
[2026-03-12 15:32:32] Searching: tiktok 10x stock moonshot
[2026-03-12 15:32:32] Searching: tiktok best stock to buy now
[2026-03-12 15:32:32] Searching: fintok trending stocks
[2026-03-12 15:32:32] Searching: tiktok penny stock going viral
[2026-03-12 15:32:32] Searching: tiktok JOBY stock eVTOL
[2026-03-12 15:32:33] Searching: tiktok quantum computing stock
[2026-03-12 15:32:33] Searching: tiktok AI stock small cap
[2026-03-12 15:32:33] Searching: tiktok meme stock next squeeze
[2026-03-12 15:32:33] Searching: tiktok nuclear energy stock SMR
[2026-03-12 15:32:33] Searching: tiktok space stock RKLB LUNR
[2026-03-12 15:32:35] No TikTok/social results found
[2026-03-12 16:06:16] ==================================================
[2026-03-12 16:06:16] Starting TikTok/FinTok intelligence scan
[2026-03-12 16:06:16] Searching: tiktok stock picks 2026
[2026-03-12 16:06:17] Searching: tiktok 10x stock moonshot
[2026-03-12 16:06:17] Searching: tiktok best stock to buy now
[2026-03-12 16:06:17] Searching: fintok trending stocks
[2026-03-12 16:06:17] Searching: tiktok penny stock going viral
[2026-03-12 16:06:17] Searching: tiktok JOBY stock eVTOL
[2026-03-12 16:06:17] Searching: tiktok quantum computing stock
[2026-03-12 16:06:18] Searching: tiktok AI stock small cap
[2026-03-12 16:06:18] Searching: tiktok meme stock next squeeze
[2026-03-12 16:06:18] Searching: tiktok nuclear energy stock SMR
[2026-03-12 16:06:18] Searching: tiktok space stock RKLB LUNR
[2026-03-12 16:06:20] No TikTok/social results found
[2026-03-12 19:01:09] ==================================================
[2026-03-12 19:01:09] Starting TikTok/FinTok intelligence scan
[2026-03-12 19:01:09] Searching: tiktok stock picks 2026
[2026-03-12 19:01:09] Searching: tiktok 10x stock moonshot
[2026-03-12 19:01:10] Searching: tiktok best stock to buy now
[2026-03-12 19:01:10] Searching: fintok trending stocks
[2026-03-12 19:01:10] Searching: tiktok penny stock going viral
[2026-03-12 19:01:10] Searching: tiktok JOBY stock eVTOL
[2026-03-12 19:01:10] Searching: tiktok quantum computing stock
[2026-03-12 19:01:11] Searching: tiktok AI stock small cap
[2026-03-12 19:01:11] Searching: tiktok meme stock next squeeze
[2026-03-12 19:01:11] Searching: tiktok nuclear energy stock SMR
[2026-03-12 19:01:11] Searching: tiktok space stock RKLB LUNR
[2026-03-12 19:01:13] No TikTok/social results found
[2026-03-13 08:01:33] ==================================================
[2026-03-13 08:01:33] Starting TikTok/FinTok intelligence scan
[2026-03-13 08:01:33] Searching: tiktok stock picks 2026
[2026-03-13 08:01:33] Searching: tiktok 10x stock moonshot
[2026-03-13 08:01:34] Searching: tiktok best stock to buy now
[2026-03-13 08:01:34] Searching: fintok trending stocks
[2026-03-13 08:01:34] Searching: tiktok penny stock going viral
[2026-03-13 08:01:34] Searching: tiktok JOBY stock eVTOL
[2026-03-13 08:01:34] Searching: tiktok quantum computing stock
[2026-03-13 08:01:34] Searching: tiktok AI stock small cap
[2026-03-13 08:01:35] Searching: tiktok meme stock next squeeze
[2026-03-13 08:01:35] Searching: tiktok nuclear energy stock SMR
[2026-03-13 08:01:35] Searching: tiktok space stock RKLB LUNR
[2026-03-13 08:01:37] No TikTok/social results found
[2026-03-13 09:35:53] ==================================================
[2026-03-13 09:35:53] Starting TikTok/FinTok intelligence scan
[2026-03-13 09:35:53] Searching: tiktok stock picks 2026
[2026-03-13 09:35:53] Searching: tiktok 10x stock moonshot
[2026-03-13 09:35:54] Searching: tiktok best stock to buy now
[2026-03-13 09:35:54] Searching: fintok trending stocks
[2026-03-13 09:35:54] Searching: tiktok penny stock going viral
[2026-03-13 09:35:54] Searching: tiktok JOBY stock eVTOL
[2026-03-13 09:35:54] Searching: tiktok quantum computing stock
[2026-03-13 09:35:54] Searching: tiktok AI stock small cap
[2026-03-13 09:35:55] Searching: tiktok meme stock next squeeze
[2026-03-13 09:35:55] Searching: tiktok nuclear energy stock SMR
[2026-03-13 09:35:55] Searching: tiktok space stock RKLB LUNR
[2026-03-13 09:35:56] No TikTok/social results found
[2026-03-13 10:48:31] ==================================================
[2026-03-13 10:48:31] Starting TikTok/FinTok intelligence scan
[2026-03-13 10:48:31] Searching: tiktok stock picks 2026
[2026-03-13 10:48:31] Searching: tiktok 10x stock moonshot
[2026-03-13 10:48:31] Searching: tiktok best stock to buy now
[2026-03-13 10:48:31] Searching: fintok trending stocks
[2026-03-13 10:48:32] Searching: tiktok penny stock going viral
[2026-03-13 10:48:32] Searching: tiktok JOBY stock eVTOL
[2026-03-13 10:48:32] Searching: tiktok quantum computing stock
[2026-03-13 10:48:32] Searching: tiktok AI stock small cap
[2026-03-13 10:48:32] Searching: tiktok meme stock next squeeze
[2026-03-13 10:48:32] Searching: tiktok nuclear energy stock SMR
[2026-03-13 10:48:33] Searching: tiktok space stock RKLB LUNR
[2026-03-13 10:48:34] No TikTok/social results found
[2026-03-13 11:35:28] ==================================================
[2026-03-13 11:35:28] Starting TikTok/FinTok intelligence scan
[2026-03-13 11:35:28] Searching: tiktok stock picks 2026
[2026-03-13 11:35:28] Searching: tiktok 10x stock moonshot
[2026-03-13 11:35:28] Searching: tiktok best stock to buy now
[2026-03-13 11:35:28] Searching: fintok trending stocks
[2026-03-13 11:35:28] Searching: tiktok penny stock going viral
[2026-03-13 11:35:29] Searching: tiktok JOBY stock eVTOL
[2026-03-13 11:35:29] Searching: tiktok quantum computing stock
[2026-03-13 11:35:29] Searching: tiktok AI stock small cap
[2026-03-13 11:35:29] Searching: tiktok meme stock next squeeze
[2026-03-13 11:35:29] Searching: tiktok nuclear energy stock SMR
[2026-03-13 11:35:29] Searching: tiktok space stock RKLB LUNR
[2026-03-13 11:35:31] No TikTok/social results found
[2026-03-13 12:31:47] ==================================================
[2026-03-13 12:31:47] Starting TikTok/FinTok intelligence scan
[2026-03-13 12:31:47] Searching: tiktok stock picks 2026
[2026-03-13 12:31:48] Searching: tiktok 10x stock moonshot
[2026-03-13 12:31:48] Searching: tiktok best stock to buy now
[2026-03-13 12:31:48] Searching: fintok trending stocks
[2026-03-13 12:31:48] Searching: tiktok penny stock going viral
[2026-03-13 12:31:48] Searching: tiktok JOBY stock eVTOL
[2026-03-13 12:31:48] Searching: tiktok quantum computing stock
[2026-03-13 12:31:49] Searching: tiktok AI stock small cap
[2026-03-13 12:31:49] Searching: tiktok meme stock next squeeze
[2026-03-13 12:31:49] Searching: tiktok nuclear energy stock SMR
[2026-03-13 12:31:49] Searching: tiktok space stock RKLB LUNR
[2026-03-13 12:31:51] No TikTok/social results found
[2026-03-13 13:34:44] ==================================================
[2026-03-13 13:34:44] Starting TikTok/FinTok intelligence scan
[2026-03-13 13:34:44] Searching: tiktok stock picks 2026
[2026-03-13 13:34:44] Searching: tiktok 10x stock moonshot
[2026-03-13 13:34:45] Searching: tiktok best stock to buy now
[2026-03-13 13:34:45] Searching: fintok trending stocks
[2026-03-13 13:34:45] Searching: tiktok penny stock going viral
[2026-03-13 13:34:45] Searching: tiktok JOBY stock eVTOL
[2026-03-13 13:34:45] Searching: tiktok quantum computing stock
[2026-03-13 13:34:45] Searching: tiktok AI stock small cap
[2026-03-13 13:34:46] Searching: tiktok meme stock next squeeze
[2026-03-13 13:34:46] Searching: tiktok nuclear energy stock SMR
[2026-03-13 13:34:46] Searching: tiktok space stock RKLB LUNR
[2026-03-13 13:34:48] No TikTok/social results found
[2026-03-13 14:33:50] ==================================================
[2026-03-13 14:33:50] Starting TikTok/FinTok intelligence scan
[2026-03-13 14:33:50] Searching: tiktok stock picks 2026
[2026-03-13 14:33:50] Searching: tiktok 10x stock moonshot
[2026-03-13 14:33:50] Searching: tiktok best stock to buy now
[2026-03-13 14:33:51] Searching: fintok trending stocks
[2026-03-13 14:33:51] Searching: tiktok penny stock going viral
[2026-03-13 14:33:51] Searching: tiktok JOBY stock eVTOL
[2026-03-13 14:33:51] Searching: tiktok quantum computing stock
[2026-03-13 14:33:51] Searching: tiktok AI stock small cap
[2026-03-13 14:33:51] Searching: tiktok meme stock next squeeze
[2026-03-13 14:33:52] Searching: tiktok nuclear energy stock SMR
[2026-03-13 14:33:52] Searching: tiktok space stock RKLB LUNR
[2026-03-13 14:33:53] No TikTok/social results found
[2026-03-13 15:33:08] ==================================================
[2026-03-13 15:33:08] Starting TikTok/FinTok intelligence scan
[2026-03-13 15:33:08] Searching: tiktok stock picks 2026
[2026-03-13 15:33:08] Searching: tiktok 10x stock moonshot
[2026-03-13 15:33:08] Searching: tiktok best stock to buy now
[2026-03-13 15:33:08] Searching: fintok trending stocks
[2026-03-13 15:33:08] Searching: tiktok penny stock going viral
[2026-03-13 15:33:08] Searching: tiktok JOBY stock eVTOL
[2026-03-13 15:33:09] Searching: tiktok quantum computing stock
[2026-03-13 15:33:09] Searching: tiktok AI stock small cap
[2026-03-13 15:33:09] Searching: tiktok meme stock next squeeze
[2026-03-13 15:33:09] Searching: tiktok nuclear energy stock SMR
[2026-03-13 15:33:09] Searching: tiktok space stock RKLB LUNR
[2026-03-13 15:33:11] No TikTok/social results found
[2026-03-13 16:06:20] ==================================================
[2026-03-13 16:06:20] Starting TikTok/FinTok intelligence scan
[2026-03-13 16:06:20] Searching: tiktok stock picks 2026
[2026-03-13 16:06:21] Searching: tiktok 10x stock moonshot
[2026-03-13 16:06:21] Searching: tiktok best stock to buy now
[2026-03-13 16:06:21] Searching: fintok trending stocks
[2026-03-13 16:06:21] Searching: tiktok penny stock going viral
[2026-03-13 16:06:21] Searching: tiktok JOBY stock eVTOL
[2026-03-13 16:06:21] Searching: tiktok quantum computing stock
[2026-03-13 16:06:22] Searching: tiktok AI stock small cap
[2026-03-13 16:06:22] Searching: tiktok meme stock next squeeze
[2026-03-13 16:06:22] Searching: tiktok nuclear energy stock SMR
[2026-03-13 16:06:22] Searching: tiktok space stock RKLB LUNR
[2026-03-13 16:06:24] No TikTok/social results found
[2026-03-13 19:01:31] ==================================================
[2026-03-13 19:01:31] Starting TikTok/FinTok intelligence scan
[2026-03-13 19:01:31] Searching: tiktok stock picks 2026
[2026-03-13 19:01:31] Searching: tiktok 10x stock moonshot
[2026-03-13 19:01:31] Searching: tiktok best stock to buy now
[2026-03-13 19:01:31] Searching: fintok trending stocks
[2026-03-13 19:01:32] Searching: tiktok penny stock going viral
[2026-03-13 19:01:32] Searching: tiktok JOBY stock eVTOL
[2026-03-13 19:01:32] Searching: tiktok quantum computing stock
[2026-03-13 19:01:32] Searching: tiktok AI stock small cap
[2026-03-13 19:01:32] Searching: tiktok meme stock next squeeze
[2026-03-13 19:01:33] Searching: tiktok nuclear energy stock SMR
[2026-03-13 19:01:33] Searching: tiktok space stock RKLB LUNR
[2026-03-13 19:01:35] No TikTok/social results found
[2026-03-14 10:01:47] ==================================================
[2026-03-14 10:01:47] Starting TikTok/FinTok intelligence scan
[2026-03-14 10:01:47] Searching: tiktok stock picks 2026
[2026-03-14 10:01:47] Searching: tiktok 10x stock moonshot
[2026-03-14 10:01:47] Searching: tiktok best stock to buy now
[2026-03-14 10:01:47] Searching: fintok trending stocks
[2026-03-14 10:01:48] Searching: tiktok penny stock going viral
[2026-03-14 10:01:48] Searching: tiktok JOBY stock eVTOL
[2026-03-14 10:01:48] Searching: tiktok quantum computing stock
[2026-03-14 10:01:48] Searching: tiktok AI stock small cap
[2026-03-14 10:01:48] Searching: tiktok meme stock next squeeze
[2026-03-14 10:01:49] Searching: tiktok nuclear energy stock SMR
[2026-03-14 10:01:49] Searching: tiktok space stock RKLB LUNR
[2026-03-14 10:01:51] No TikTok/social results found
[2026-03-15 10:02:02] ==================================================
[2026-03-15 10:02:02] Starting TikTok/FinTok intelligence scan
[2026-03-15 10:02:02] Searching: tiktok stock picks 2026
[2026-03-15 10:02:02] Searching: tiktok 10x stock moonshot
[2026-03-15 10:02:02] Searching: tiktok best stock to buy now
[2026-03-15 10:02:02] Searching: fintok trending stocks
[2026-03-15 10:02:02] Searching: tiktok penny stock going viral
[2026-03-15 10:02:03] Searching: tiktok JOBY stock eVTOL
[2026-03-15 10:02:03] Searching: tiktok quantum computing stock
[2026-03-15 10:02:03] Searching: tiktok AI stock small cap
[2026-03-15 10:02:03] Searching: tiktok meme stock next squeeze
[2026-03-15 10:02:03] Searching: tiktok nuclear energy stock SMR
[2026-03-15 10:02:04] Searching: tiktok space stock RKLB LUNR
[2026-03-15 10:02:05] No TikTok/social results found
[2026-03-16 08:01:51] ==================================================
[2026-03-16 08:01:51] Starting TikTok/FinTok intelligence scan
[2026-03-16 08:01:51] Searching: tiktok stock picks 2026
[2026-03-16 08:01:51] Searching: tiktok 10x stock moonshot
[2026-03-16 08:01:51] Searching: tiktok best stock to buy now
[2026-03-16 08:01:51] Searching: fintok trending stocks
[2026-03-16 08:01:52] Searching: tiktok penny stock going viral
[2026-03-16 08:01:52] Searching: tiktok JOBY stock eVTOL
[2026-03-16 08:01:52] Searching: tiktok quantum computing stock
[2026-03-16 08:01:52] Searching: tiktok AI stock small cap
[2026-03-16 08:01:53] Searching: tiktok meme stock next squeeze
[2026-03-16 08:01:53] Searching: tiktok nuclear energy stock SMR
[2026-03-16 08:01:53] Searching: tiktok space stock RKLB LUNR
[2026-03-16 08:01:55] No TikTok/social results found
[2026-03-16 09:31:40] ==================================================
[2026-03-16 09:31:40] Starting TikTok/FinTok intelligence scan
[2026-03-16 09:31:40] Searching: tiktok stock picks 2026
[2026-03-16 09:31:40] Searching: tiktok 10x stock moonshot
[2026-03-16 09:31:40] Searching: tiktok best stock to buy now
[2026-03-16 09:31:40] Searching: fintok trending stocks
[2026-03-16 09:31:40] Searching: tiktok penny stock going viral
[2026-03-16 09:31:41] Searching: tiktok JOBY stock eVTOL
[2026-03-16 09:31:41] Searching: tiktok quantum computing stock
[2026-03-16 09:31:41] Searching: tiktok AI stock small cap
[2026-03-16 09:31:41] Searching: tiktok meme stock next squeeze
[2026-03-16 09:31:42] Searching: tiktok nuclear energy stock SMR
[2026-03-16 09:31:42] Searching: tiktok space stock RKLB LUNR
[2026-03-16 09:31:44] No TikTok/social results found
[2026-03-16 10:32:04] ==================================================
[2026-03-16 10:32:04] Starting TikTok/FinTok intelligence scan
[2026-03-16 10:32:04] Searching: tiktok stock picks 2026
[2026-03-16 10:32:04] Searching: tiktok 10x stock moonshot
[2026-03-16 10:32:05] Searching: tiktok best stock to buy now
[2026-03-16 10:32:05] Searching: fintok trending stocks
[2026-03-16 10:32:05] Searching: tiktok penny stock going viral
[2026-03-16 10:32:05] Searching: tiktok JOBY stock eVTOL
[2026-03-16 10:32:06] Searching: tiktok quantum computing stock
[2026-03-16 10:32:06] Searching: tiktok AI stock small cap
[2026-03-16 10:32:06] Searching: tiktok meme stock next squeeze
[2026-03-16 10:32:06] Searching: tiktok nuclear energy stock SMR
[2026-03-16 10:32:06] Searching: tiktok space stock RKLB LUNR
[2026-03-16 10:32:08] No TikTok/social results found
[2026-03-16 11:35:34] ==================================================
[2026-03-16 11:35:34] Starting TikTok/FinTok intelligence scan
[2026-03-16 11:35:34] Searching: tiktok stock picks 2026
[2026-03-16 11:35:34] Searching: tiktok 10x stock moonshot
[2026-03-16 11:35:35] Searching: tiktok best stock to buy now
[2026-03-16 11:35:35] Searching: fintok trending stocks
[2026-03-16 11:35:35] Searching: tiktok penny stock going viral
[2026-03-16 11:35:35] Searching: tiktok JOBY stock eVTOL
[2026-03-16 11:35:36] Searching: tiktok quantum computing stock
[2026-03-16 11:35:36] Searching: tiktok AI stock small cap
[2026-03-16 11:35:36] Searching: tiktok meme stock next squeeze
[2026-03-16 11:35:36] Searching: tiktok nuclear energy stock SMR
[2026-03-16 11:35:36] Searching: tiktok space stock RKLB LUNR
[2026-03-16 11:35:38] No TikTok/social results found
[2026-03-16 16:07:32] ==================================================
[2026-03-16 16:07:32] Starting TikTok/FinTok intelligence scan
[2026-03-16 16:07:32] Searching: tiktok stock picks 2026
[2026-03-16 16:07:32] Searching: tiktok 10x stock moonshot
[2026-03-16 16:07:32] Searching: tiktok best stock to buy now
[2026-03-16 16:07:32] Searching: fintok trending stocks
[2026-03-16 16:07:33] Searching: tiktok penny stock going viral
[2026-03-16 16:07:33] Searching: tiktok JOBY stock eVTOL
[2026-03-16 16:07:33] Searching: tiktok quantum computing stock
[2026-03-16 16:07:33] Searching: tiktok AI stock small cap
[2026-03-16 16:07:33] Searching: tiktok meme stock next squeeze
[2026-03-16 16:07:34] Searching: tiktok nuclear energy stock SMR
[2026-03-16 16:07:34] Searching: tiktok space stock RKLB LUNR
[2026-03-16 16:07:36] No TikTok/social results found
[2026-03-16 19:02:40] ==================================================
[2026-03-16 19:02:40] Starting TikTok/FinTok intelligence scan
[2026-03-16 19:02:40] Searching: tiktok stock picks 2026
[2026-03-16 19:02:40] Searching: tiktok 10x stock moonshot
[2026-03-16 19:02:41] Searching: tiktok best stock to buy now
[2026-03-16 19:02:41] Searching: fintok trending stocks
[2026-03-16 19:02:41] Searching: tiktok penny stock going viral
[2026-03-16 19:02:41] Searching: tiktok JOBY stock eVTOL
[2026-03-16 19:02:41] Searching: tiktok quantum computing stock
[2026-03-16 19:02:42] Searching: tiktok AI stock small cap
[2026-03-16 19:02:42] Searching: tiktok meme stock next squeeze
[2026-03-16 19:02:42] Searching: tiktok nuclear energy stock SMR
[2026-03-16 19:02:42] Searching: tiktok space stock RKLB LUNR
[2026-03-16 19:02:44] No TikTok/social results found
[2026-03-17 08:01:40] ==================================================
[2026-03-17 08:01:40] Starting TikTok/FinTok intelligence scan
[2026-03-17 08:01:40] Searching: tiktok stock picks 2026
[2026-03-17 08:01:40] Searching: tiktok 10x stock moonshot
[2026-03-17 08:01:41] Searching: tiktok best stock to buy now
[2026-03-17 08:01:41] Searching: fintok trending stocks
[2026-03-17 08:01:41] Searching: tiktok penny stock going viral
[2026-03-17 08:01:41] Searching: tiktok JOBY stock eVTOL
[2026-03-17 08:01:41] Searching: tiktok quantum computing stock
[2026-03-17 08:01:42] Searching: tiktok AI stock small cap
[2026-03-17 08:01:42] Searching: tiktok meme stock next squeeze
[2026-03-17 08:01:42] Searching: tiktok nuclear energy stock SMR
[2026-03-17 08:01:42] Searching: tiktok space stock RKLB LUNR
[2026-03-17 08:01:44] No TikTok/social results found
[2026-03-23 14:49:03] ==================================================
[2026-03-23 14:49:03] Starting TikTok/FinTok intelligence scan
[2026-03-23 14:49:03] Searching: tiktok stock picks 2026
[2026-03-23 14:49:03] Searching: tiktok 10x stock moonshot
[2026-03-23 14:49:03] Searching: tiktok best stock to buy now
[2026-03-23 14:49:04] Searching: fintok trending stocks
[2026-03-23 14:49:04] Searching: tiktok penny stock going viral
[2026-03-23 14:49:04] Searching: tiktok JOBY stock eVTOL
[2026-03-23 14:49:05] Searching: tiktok quantum computing stock
[2026-03-23 14:49:05] Searching: tiktok AI stock small cap
[2026-03-23 14:49:05] Searching: tiktok meme stock next squeeze
[2026-03-23 14:49:05] Searching: tiktok nuclear energy stock SMR
[2026-03-23 14:49:06] Searching: tiktok space stock RKLB LUNR
[2026-03-23 14:49:08] No TikTok/social results found
