[2026-03-19 10:35:30] [INFO] 
============================================================
[2026-03-19 10:35:30] [INFO] TRADER2 — MSTR $50 Put Ladder Monitor STARTED
[2026-03-19 10:35:30] [INFO] Activation: +150% gain
[2026-03-19 10:35:30] [INFO] Cost Basis: $1253.05
[2026-03-19 10:35:30] [INFO] ============================================================

[2026-03-19 10:35:30] [WARN] Telegram not configured
[2026-03-19 10:35:30] [INFO] Scheduled: Every 5 min, Mon-Fri 9:30 AM - 4:00 PM ET
[2026-03-19 10:35:31] [INFO] Connected to TWS on port 7496
[2026-03-19 10:35:35] [INFO] MSTR $50P Jan28 | Mid: $9.05 | Value: $905.00 | Cost: $1253.05 | Gain: -27.8% | Contracts: 1
[2026-03-19 10:35:35] [INFO] Not activated yet. Need +177.8% more to reach +150%
[2026-03-19 10:40:09] [INFO] MSTR $50P Jan28 | Mid: $9.05 | Value: $905.00 | Cost: $1253.05 | Gain: -27.8% | Contracts: 1
[2026-03-19 10:40:09] [INFO] Not activated yet. Need +177.8% more to reach +150%
[2026-03-19 10:45:13] [INFO] MSTR $50P Jan28 | Mid: $9.05 | Value: $905.00 | Cost: $1253.05 | Gain: -27.8% | Contracts: 1
[2026-03-19 10:45:13] [INFO] Not activated yet. Need +177.8% more to reach +150%
[2026-03-19 10:50:03] [INFO] MSTR $50P Jan28 | Mid: $9.05 | Value: $905.00 | Cost: $1253.05 | Gain: -27.8% | Contracts: 1
[2026-03-19 10:50:03] [INFO] Not activated yet. Need +177.8% more to reach +150%
[2026-03-19 10:55:07] [INFO] MSTR $50P Jan28 | Mid: $9.05 | Value: $905.00 | Cost: $1253.05 | Gain: -27.8% | Contracts: 1
[2026-03-19 10:55:07] [INFO] Not activated yet. Need +177.8% more to reach +150%
[2026-03-19 11:00:12] [INFO] MSTR $50P Jan28 | Mid: $9.05 | Value: $905.00 | Cost: $1253.05 | Gain: -27.8% | Contracts: 1
[2026-03-19 11:00:12] [INFO] Not activated yet. Need +177.8% more to reach +150%
[2026-03-19 11:05:17] [INFO] MSTR $50P Jan28 | Mid: $9.05 | Value: $905.00 | Cost: $1253.05 | Gain: -27.8% | Contracts: 1
[2026-03-19 11:05:17] [INFO] Not activated yet. Need +177.8% more to reach +150%
[2026-03-19 11:10:08] [INFO] MSTR $50P Jan28 | Mid: $9.05 | Value: $905.00 | Cost: $1253.05 | Gain: -27.8% | Contracts: 1
[2026-03-19 11:10:08] [INFO] Not activated yet. Need +177.8% more to reach +150%
[2026-03-19 11:15:14] [INFO] MSTR $50P Jan28 | Mid: $9.05 | Value: $905.00 | Cost: $1253.05 | Gain: -27.8% | Contracts: 1
[2026-03-19 11:15:14] [INFO] Not activated yet. Need +177.8% more to reach +150%
[2026-03-19 11:20:04] [INFO] MSTR $50P Jan28 | Mid: $9.05 | Value: $905.00 | Cost: $1253.05 | Gain: -27.8% | Contracts: 1
[2026-03-19 11:20:04] [INFO] Not activated yet. Need +177.8% more to reach +150%
[2026-03-19 11:25:59] [INFO] MSTR $50P Jan28 | Mid: $9.05 | Value: $905.00 | Cost: $1253.05 | Gain: -27.8% | Contracts: 1
[2026-03-19 11:25:59] [INFO] Not activated yet. Need +177.8% more to reach +150%
[2026-03-19 11:30:03] [INFO] MSTR $50P Jan28 | Mid: $9.05 | Value: $905.00 | Cost: $1253.05 | Gain: -27.8% | Contracts: 1
[2026-03-19 11:30:03] [INFO] Not activated yet. Need +177.8% more to reach +150%
[2026-03-19 11:35:08] [INFO] MSTR $50P Jan28 | Mid: $9.05 | Value: $905.00 | Cost: $1253.05 | Gain: -27.8% | Contracts: 1
[2026-03-19 11:35:08] [INFO] Not activated yet. Need +177.8% more to reach +150%
[2026-03-19 11:40:13] [INFO] MSTR $50P Jan28 | Mid: $9.05 | Value: $905.00 | Cost: $1253.05 | Gain: -27.8% | Contracts: 1
[2026-03-19 11:40:13] [INFO] Not activated yet. Need +177.8% more to reach +150%
[2026-03-19 11:45:17] [INFO] MSTR $50P Jan28 | Mid: $9.05 | Value: $905.00 | Cost: $1253.05 | Gain: -27.8% | Contracts: 1
[2026-03-19 11:45:17] [INFO] Not activated yet. Need +177.8% more to reach +150%
[2026-03-19 11:50:07] [INFO] MSTR $50P Jan28 | Mid: $9.05 | Value: $905.00 | Cost: $1253.05 | Gain: -27.8% | Contracts: 1
[2026-03-19 11:50:07] [INFO] Not activated yet. Need +177.8% more to reach +150%
[2026-03-19 11:55:14] [INFO] MSTR $50P Jan28 | Mid: $9.05 | Value: $905.00 | Cost: $1253.05 | Gain: -27.8% | Contracts: 1
[2026-03-19 11:55:14] [INFO] Not activated yet. Need +177.8% more to reach +150%
[2026-03-19 12:00:04] [INFO] MSTR $50P Jan28 | Mid: $9.05 | Value: $905.00 | Cost: $1253.05 | Gain: -27.8% | Contracts: 1
[2026-03-19 12:00:04] [INFO] Not activated yet. Need +177.8% more to reach +150%
[2026-03-19 12:05:10] [INFO] MSTR $50P Jan28 | Mid: $9.05 | Value: $905.00 | Cost: $1253.05 | Gain: -27.8% | Contracts: 1
[2026-03-19 12:05:10] [INFO] Not activated yet. Need +177.8% more to reach +150%
[2026-03-19 12:10:15] [INFO] MSTR $50P Jan28 | Mid: $9.05 | Value: $905.00 | Cost: $1253.05 | Gain: -27.8% | Contracts: 1
[2026-03-19 12:10:15] [INFO] Not activated yet. Need +177.8% more to reach +150%
[2026-03-19 12:15:05] [INFO] MSTR $50P Jan28 | Mid: $9.05 | Value: $905.00 | Cost: $1253.05 | Gain: -27.8% | Contracts: 1
[2026-03-19 12:15:05] [INFO] Not activated yet. Need +177.8% more to reach +150%
[2026-03-19 12:20:09] [INFO] MSTR $50P Jan28 | Mid: $9.05 | Value: $905.00 | Cost: $1253.05 | Gain: -27.8% | Contracts: 1
[2026-03-19 12:20:09] [INFO] Not activated yet. Need +177.8% more to reach +150%
[2026-03-19 12:25:15] [INFO] MSTR $50P Jan28 | Mid: $9.05 | Value: $905.00 | Cost: $1253.05 | Gain: -27.8% | Contracts: 1
[2026-03-19 12:25:15] [INFO] Not activated yet. Need +177.8% more to reach +150%
[2026-03-19 12:30:05] [INFO] MSTR $50P Jan28 | Mid: $9.05 | Value: $905.00 | Cost: $1253.05 | Gain: -27.8% | Contracts: 1
[2026-03-19 12:30:05] [INFO] Not activated yet. Need +177.8% more to reach +150%
[2026-03-19 12:35:11] [INFO] MSTR $50P Jan28 | Mid: $9.05 | Value: $905.00 | Cost: $1253.05 | Gain: -27.8% | Contracts: 1
[2026-03-19 12:35:11] [INFO] Not activated yet. Need +177.8% more to reach +150%
[2026-03-19 12:40:17] [INFO] MSTR $50P Jan28 | Mid: $9.05 | Value: $905.00 | Cost: $1253.05 | Gain: -27.8% | Contracts: 1
[2026-03-19 12:40:17] [INFO] Not activated yet. Need +177.8% more to reach +150%
[2026-03-19 12:45:08] [INFO] MSTR $50P Jan28 | Mid: $9.05 | Value: $905.00 | Cost: $1253.05 | Gain: -27.8% | Contracts: 1
[2026-03-19 12:45:08] [INFO] Not activated yet. Need +177.8% more to reach +150%
[2026-03-19 12:50:14] [INFO] MSTR $50P Jan28 | Mid: $9.05 | Value: $905.00 | Cost: $1253.05 | Gain: -27.8% | Contracts: 1
[2026-03-19 12:50:14] [INFO] Not activated yet. Need +177.8% more to reach +150%
[2026-03-19 12:55:05] [INFO] MSTR $50P Jan28 | Mid: $9.05 | Value: $905.00 | Cost: $1253.05 | Gain: -27.8% | Contracts: 1
[2026-03-19 12:55:05] [INFO] Not activated yet. Need +177.8% more to reach +150%
[2026-03-19 13:00:11] [INFO] MSTR $50P Jan28 | Mid: $9.05 | Value: $905.00 | Cost: $1253.05 | Gain: -27.8% | Contracts: 1
[2026-03-19 13:00:11] [INFO] Not activated yet. Need +177.8% more to reach +150%
[2026-03-19 13:05:17] [INFO] MSTR $50P Jan28 | Mid: $9.05 | Value: $905.00 | Cost: $1253.05 | Gain: -27.8% | Contracts: 1
[2026-03-19 13:05:17] [INFO] Not activated yet. Need +177.8% more to reach +150%
[2026-03-19 13:10:08] [INFO] MSTR $50P Jan28 | Mid: $9.05 | Value: $905.00 | Cost: $1253.05 | Gain: -27.8% | Contracts: 1
[2026-03-19 13:10:08] [INFO] Not activated yet. Need +177.8% more to reach +150%
[2026-03-19 13:15:14] [INFO] MSTR $50P Jan28 | Mid: $9.05 | Value: $905.00 | Cost: $1253.05 | Gain: -27.8% | Contracts: 1
[2026-03-19 13:15:14] [INFO] Not activated yet. Need +177.8% more to reach +150%
[2026-03-19 13:20:03] [INFO] MSTR $50P Jan28 | Mid: $9.05 | Value: $905.00 | Cost: $1253.05 | Gain: -27.8% | Contracts: 1
[2026-03-19 13:20:03] [INFO] Not activated yet. Need +177.8% more to reach +150%
[2026-03-19 13:25:09] [INFO] MSTR $50P Jan28 | Mid: $9.05 | Value: $905.00 | Cost: $1253.05 | Gain: -27.8% | Contracts: 1
[2026-03-19 13:25:09] [INFO] Not activated yet. Need +177.8% more to reach +150%
[2026-03-19 13:30:15] [INFO] MSTR $50P Jan28 | Mid: $9.05 | Value: $905.00 | Cost: $1253.05 | Gain: -27.8% | Contracts: 1
[2026-03-19 13:30:15] [INFO] Not activated yet. Need +177.8% more to reach +150%
[2026-03-19 13:35:06] [INFO] MSTR $50P Jan28 | Mid: $9.05 | Value: $905.00 | Cost: $1253.05 | Gain: -27.8% | Contracts: 1
[2026-03-19 13:35:06] [INFO] Not activated yet. Need +177.8% more to reach +150%
[2026-03-19 13:40:12] [INFO] MSTR $50P Jan28 | Mid: $9.05 | Value: $905.00 | Cost: $1253.05 | Gain: -27.8% | Contracts: 1
[2026-03-19 13:40:12] [INFO] Not activated yet. Need +177.8% more to reach +150%
[2026-03-19 13:45:18] [INFO] MSTR $50P Jan28 | Mid: $9.05 | Value: $905.00 | Cost: $1253.05 | Gain: -27.8% | Contracts: 1
[2026-03-19 13:45:18] [INFO] Not activated yet. Need +177.8% more to reach +150%
[2026-03-19 13:50:08] [INFO] MSTR $50P Jan28 | Mid: $9.05 | Value: $905.00 | Cost: $1253.05 | Gain: -27.8% | Contracts: 1
[2026-03-19 13:50:08] [INFO] Not activated yet. Need +177.8% more to reach +150%
[2026-03-19 13:55:14] [INFO] MSTR $50P Jan28 | Mid: $9.05 | Value: $905.00 | Cost: $1253.05 | Gain: -27.8% | Contracts: 1
[2026-03-19 13:55:14] [INFO] Not activated yet. Need +177.8% more to reach +150%
[2026-03-19 14:00:05] [INFO] MSTR $50P Jan28 | Mid: $9.05 | Value: $905.00 | Cost: $1253.05 | Gain: -27.8% | Contracts: 1
[2026-03-19 14:00:05] [INFO] Not activated yet. Need +177.8% more to reach +150%
[2026-03-19 14:05:11] [INFO] MSTR $50P Jan28 | Mid: $9.05 | Value: $905.00 | Cost: $1253.05 | Gain: -27.8% | Contracts: 1
[2026-03-19 14:05:11] [INFO] Not activated yet. Need +177.8% more to reach +150%
[2026-03-19 14:10:17] [INFO] MSTR $50P Jan28 | Mid: $9.05 | Value: $905.00 | Cost: $1253.05 | Gain: -27.8% | Contracts: 1
[2026-03-19 14:10:17] [INFO] Not activated yet. Need +177.8% more to reach +150%
[2026-03-19 14:15:08] [INFO] MSTR $50P Jan28 | Mid: $9.05 | Value: $905.00 | Cost: $1253.05 | Gain: -27.8% | Contracts: 1
[2026-03-19 14:15:08] [INFO] Not activated yet. Need +177.8% more to reach +150%
[2026-03-19 14:20:14] [INFO] MSTR $50P Jan28 | Mid: $9.05 | Value: $905.00 | Cost: $1253.05 | Gain: -27.8% | Contracts: 1
[2026-03-19 14:20:14] [INFO] Not activated yet. Need +177.8% more to reach +150%
[2026-03-19 14:25:05] [INFO] MSTR $50P Jan28 | Mid: $9.05 | Value: $905.00 | Cost: $1253.05 | Gain: -27.8% | Contracts: 1
[2026-03-19 14:25:05] [INFO] Not activated yet. Need +177.8% more to reach +150%
[2026-03-19 14:30:11] [INFO] MSTR $50P Jan28 | Mid: $9.05 | Value: $905.00 | Cost: $1253.05 | Gain: -27.8% | Contracts: 1
[2026-03-19 14:30:11] [INFO] Not activated yet. Need +177.8% more to reach +150%
[2026-03-19 14:35:16] [INFO] MSTR $50P Jan28 | Mid: $9.05 | Value: $905.00 | Cost: $1253.05 | Gain: -27.8% | Contracts: 1
[2026-03-19 14:35:16] [INFO] Not activated yet. Need +177.8% more to reach +150%
[2026-03-19 14:40:07] [INFO] MSTR $50P Jan28 | Mid: $9.05 | Value: $905.00 | Cost: $1253.05 | Gain: -27.8% | Contracts: 1
[2026-03-19 14:40:07] [INFO] Not activated yet. Need +177.8% more to reach +150%
[2026-03-19 14:45:13] [INFO] MSTR $50P Jan28 | Mid: $9.05 | Value: $905.00 | Cost: $1253.05 | Gain: -27.8% | Contracts: 1
[2026-03-19 14:45:13] [INFO] Not activated yet. Need +177.8% more to reach +150%
[2026-03-19 14:50:04] [INFO] MSTR $50P Jan28 | Mid: $9.05 | Value: $905.00 | Cost: $1253.05 | Gain: -27.8% | Contracts: 1
[2026-03-19 14:50:04] [INFO] Not activated yet. Need +177.8% more to reach +150%
[2026-03-19 14:55:10] [INFO] MSTR $50P Jan28 | Mid: $9.05 | Value: $905.00 | Cost: $1253.05 | Gain: -27.8% | Contracts: 1
[2026-03-19 14:55:10] [INFO] Not activated yet. Need +177.8% more to reach +150%
[2026-03-19 15:00:16] [INFO] MSTR $50P Jan28 | Mid: $9.05 | Value: $905.00 | Cost: $1253.05 | Gain: -27.8% | Contracts: 1
[2026-03-19 15:00:16] [INFO] Not activated yet. Need +177.8% more to reach +150%
[2026-03-19 15:05:07] [INFO] MSTR $50P Jan28 | Mid: $9.05 | Value: $905.00 | Cost: $1253.05 | Gain: -27.8% | Contracts: 1
[2026-03-19 15:05:07] [INFO] Not activated yet. Need +177.8% more to reach +150%
[2026-03-19 15:10:13] [INFO] MSTR $50P Jan28 | Mid: $9.05 | Value: $905.00 | Cost: $1253.05 | Gain: -27.8% | Contracts: 1
[2026-03-19 15:10:13] [INFO] Not activated yet. Need +177.8% more to reach +150%
[2026-03-19 15:15:03] [INFO] MSTR $50P Jan28 | Mid: $9.05 | Value: $905.00 | Cost: $1253.05 | Gain: -27.8% | Contracts: 1
[2026-03-19 15:15:03] [INFO] Not activated yet. Need +177.8% more to reach +150%
[2026-03-19 15:20:09] [INFO] MSTR $50P Jan28 | Mid: $9.05 | Value: $905.00 | Cost: $1253.05 | Gain: -27.8% | Contracts: 1
[2026-03-19 15:20:09] [INFO] Not activated yet. Need +177.8% more to reach +150%
[2026-03-19 15:25:15] [INFO] MSTR $50P Jan28 | Mid: $9.05 | Value: $905.00 | Cost: $1253.05 | Gain: -27.8% | Contracts: 1
[2026-03-19 15:25:15] [INFO] Not activated yet. Need +177.8% more to reach +150%
[2026-03-19 15:30:06] [INFO] MSTR $50P Jan28 | Mid: $9.05 | Value: $905.00 | Cost: $1253.05 | Gain: -27.8% | Contracts: 1
[2026-03-19 15:30:06] [INFO] Not activated yet. Need +177.8% more to reach +150%
[2026-03-19 15:35:12] [INFO] MSTR $50P Jan28 | Mid: $9.05 | Value: $905.00 | Cost: $1253.05 | Gain: -27.8% | Contracts: 1
[2026-03-19 15:35:12] [INFO] Not activated yet. Need +177.8% more to reach +150%
[2026-03-19 15:40:03] [INFO] MSTR $50P Jan28 | Mid: $9.05 | Value: $905.00 | Cost: $1253.05 | Gain: -27.8% | Contracts: 1
[2026-03-19 15:40:03] [INFO] Not activated yet. Need +177.8% more to reach +150%
[2026-03-19 15:45:09] [INFO] MSTR $50P Jan28 | Mid: $9.05 | Value: $905.00 | Cost: $1253.05 | Gain: -27.8% | Contracts: 1
[2026-03-19 15:45:09] [INFO] Not activated yet. Need +177.8% more to reach +150%
[2026-03-19 15:50:15] [INFO] MSTR $50P Jan28 | Mid: $10.45 | Value: $1045.00 | Cost: $1253.05 | Gain: -16.6% | Contracts: 1
[2026-03-19 15:50:15] [INFO] Not activated yet. Need +166.6% more to reach +150%
[2026-03-19 15:55:06] [INFO] MSTR $50P Jan28 | Mid: $8.05 | Value: $805.00 | Cost: $1253.05 | Gain: -35.8% | Contracts: 1
[2026-03-19 15:55:06] [INFO] Not activated yet. Need +185.8% more to reach +150%
[2026-03-19 16:00:12] [ERROR] Could not get market data for MSTR put
[2026-03-20 09:30:12] [ERROR] Scheduler error: Socket disconnect
[2026-03-20 09:31:13] [INFO] Connected to TWS on port 7496
[2026-03-20 09:31:16] [INFO] MSTR $50P Jan28 | Mid: $10.97 | Value: $1097.50 | Cost: $1253.05 | Gain: -12.4% | Contracts: 1
[2026-03-20 09:31:16] [INFO] Not activated yet. Need +162.4% more to reach +150%
[2026-03-20 09:35:06] [INFO] MSTR $50P Jan28 | Mid: $9.77 | Value: $977.50 | Cost: $1253.05 | Gain: -22.0% | Contracts: 1
[2026-03-20 09:35:06] [INFO] Not activated yet. Need +172.0% more to reach +150%
[2026-03-20 09:40:11] [INFO] MSTR $50P Jan28 | Mid: $9.77 | Value: $977.50 | Cost: $1253.05 | Gain: -22.0% | Contracts: 1
[2026-03-20 09:40:11] [INFO] Not activated yet. Need +172.0% more to reach +150%
[2026-03-20 09:45:16] [INFO] MSTR $50P Jan28 | Mid: $9.77 | Value: $977.50 | Cost: $1253.05 | Gain: -22.0% | Contracts: 1
[2026-03-20 09:45:16] [INFO] Not activated yet. Need +172.0% more to reach +150%
[2026-03-20 09:50:05] [INFO] MSTR $50P Jan28 | Mid: $9.77 | Value: $977.50 | Cost: $1253.05 | Gain: -22.0% | Contracts: 1
[2026-03-20 09:50:05] [INFO] Not activated yet. Need +172.0% more to reach +150%
[2026-03-20 09:55:10] [INFO] MSTR $50P Jan28 | Mid: $7.53 | Value: $752.50 | Cost: $1253.05 | Gain: -39.9% | Contracts: 1
[2026-03-20 09:55:10] [INFO] Not activated yet. Need +189.9% more to reach +150%
[2026-03-20 10:01:31] [INFO] MSTR $50P Jan28 | Mid: $7.53 | Value: $752.50 | Cost: $1253.05 | Gain: -39.9% | Contracts: 1
[2026-03-20 10:01:31] [INFO] Not activated yet. Need +189.9% more to reach +150%
[2026-03-20 10:05:05] [INFO] MSTR $50P Jan28 | Mid: $7.53 | Value: $752.50 | Cost: $1253.05 | Gain: -39.9% | Contracts: 1
[2026-03-20 10:05:05] [INFO] Not activated yet. Need +189.9% more to reach +150%
[2026-03-20 10:10:09] [INFO] MSTR $50P Jan28 | Mid: $7.53 | Value: $752.50 | Cost: $1253.05 | Gain: -39.9% | Contracts: 1
[2026-03-20 10:10:09] [INFO] Not activated yet. Need +189.9% more to reach +150%
[2026-03-20 10:15:14] [INFO] MSTR $50P Jan28 | Mid: $7.53 | Value: $752.50 | Cost: $1253.05 | Gain: -39.9% | Contracts: 1
[2026-03-20 10:15:14] [INFO] Not activated yet. Need +189.9% more to reach +150%
[2026-03-20 10:20:04] [INFO] MSTR $50P Jan28 | Mid: $7.53 | Value: $752.50 | Cost: $1253.05 | Gain: -39.9% | Contracts: 1
[2026-03-20 10:20:04] [INFO] Not activated yet. Need +189.9% more to reach +150%
[2026-03-20 10:25:10] [INFO] MSTR $50P Jan28 | Mid: $7.53 | Value: $752.50 | Cost: $1253.05 | Gain: -39.9% | Contracts: 1
[2026-03-20 11:42:39] [INFO] PID lockfile created: /Users/eddiemae/rudy/scripts/../data/trader2.pid (PID 59468)
[2026-03-20 11:42:39] [INFO] 
============================================================
[2026-03-20 11:42:39] [INFO] TRADER2 — MSTR $50 Put Ladder Monitor STARTED
[2026-03-20 11:42:39] [INFO] Activation: +150% gain
[2026-03-20 11:42:39] [INFO] Cost Basis: $1253.05
[2026-03-20 11:42:39] [INFO] ============================================================

[2026-03-20 11:42:39] [WARN] Telegram not configured
[2026-03-20 11:42:39] [INFO] Scheduled: Every 5 min, Mon-Fri 9:30 AM - 4:00 PM ET
[2026-03-20 11:42:40] [INFO] Connected to TWS on port 7496
[2026-03-20 11:42:40] [INFO] Using IBKR portfolio value: $978.00 (mid $9.78)
[2026-03-20 11:42:40] [INFO] MSTR $50P Jan28 | Mid: $9.78 | Value: $978.00 | Cost: $1253.05 | Gain: -22.0% | Contracts: 1
[2026-03-20 11:42:40] [INFO] Not activated yet. Need +172.0% more to reach +150%
[2026-03-20 11:45:10] [INFO] Using IBKR portfolio value: $978.00 (mid $9.78)
[2026-03-20 11:45:10] [INFO] MSTR $50P Jan28 | Mid: $9.78 | Value: $978.00 | Cost: $1253.05 | Gain: -22.0% | Contracts: 1
[2026-03-20 11:45:10] [INFO] Not activated yet. Need +172.0% more to reach +150%
[2026-03-20 11:50:12] [INFO] Using IBKR portfolio value: $978.00 (mid $9.78)
[2026-03-20 11:50:12] [INFO] MSTR $50P Jan28 | Mid: $9.78 | Value: $978.00 | Cost: $1253.05 | Gain: -22.0% | Contracts: 1
[2026-03-20 11:50:12] [INFO] Not activated yet. Need +172.0% more to reach +150%
[2026-03-20 11:55:14] [INFO] Using IBKR portfolio value: $978.00 (mid $9.78)
[2026-03-20 11:55:14] [INFO] MSTR $50P Jan28 | Mid: $9.78 | Value: $978.00 | Cost: $1253.05 | Gain: -22.0% | Contracts: 1
[2026-03-20 11:55:14] [INFO] Not activated yet. Need +172.0% more to reach +150%
[2026-03-20 12:00:01] [INFO] Using IBKR portfolio value: $978.00 (mid $9.78)
[2026-03-20 12:00:01] [INFO] MSTR $50P Jan28 | Mid: $9.78 | Value: $978.00 | Cost: $1253.05 | Gain: -22.0% | Contracts: 1
[2026-03-20 12:00:01] [INFO] Not activated yet. Need +172.0% more to reach +150%
[2026-03-20 12:05:04] [INFO] Using IBKR portfolio value: $978.00 (mid $9.78)
[2026-03-20 12:05:04] [INFO] MSTR $50P Jan28 | Mid: $9.78 | Value: $978.00 | Cost: $1253.05 | Gain: -22.0% | Contracts: 1
[2026-03-20 12:05:04] [INFO] Not activated yet. Need +172.0% more to reach +150%
[2026-03-20 12:10:07] [INFO] Using IBKR portfolio value: $978.00 (mid $9.78)
[2026-03-20 12:10:07] [INFO] MSTR $50P Jan28 | Mid: $9.78 | Value: $978.00 | Cost: $1253.05 | Gain: -22.0% | Contracts: 1
[2026-03-20 12:10:07] [INFO] Not activated yet. Need +172.0% more to reach +150%
[2026-03-20 12:15:09] [INFO] Using IBKR portfolio value: $978.00 (mid $9.78)
[2026-03-20 12:15:09] [INFO] MSTR $50P Jan28 | Mid: $9.78 | Value: $978.00 | Cost: $1253.05 | Gain: -22.0% | Contracts: 1
[2026-03-20 12:15:09] [INFO] Not activated yet. Need +172.0% more to reach +150%
[2026-03-20 12:20:12] [INFO] Using IBKR portfolio value: $978.00 (mid $9.78)
[2026-03-20 12:20:12] [INFO] MSTR $50P Jan28 | Mid: $9.78 | Value: $978.00 | Cost: $1253.05 | Gain: -22.0% | Contracts: 1
[2026-03-20 12:20:12] [INFO] Not activated yet. Need +172.0% more to reach +150%
[2026-03-20 12:25:14] [INFO] Using IBKR portfolio value: $978.00 (mid $9.78)
[2026-03-20 12:25:14] [INFO] MSTR $50P Jan28 | Mid: $9.78 | Value: $978.00 | Cost: $1253.05 | Gain: -22.0% | Contracts: 1
[2026-03-20 12:25:14] [INFO] Not activated yet. Need +172.0% more to reach +150%
[2026-03-20 12:30:00] [INFO] Using IBKR portfolio value: $978.00 (mid $9.78)
[2026-03-20 12:30:00] [INFO] MSTR $50P Jan28 | Mid: $9.78 | Value: $978.00 | Cost: $1253.05 | Gain: -22.0% | Contracts: 1
[2026-03-20 12:30:00] [INFO] Not activated yet. Need +172.0% more to reach +150%
[2026-03-20 12:35:01] [INFO] Using IBKR portfolio value: $978.00 (mid $9.78)
[2026-03-20 12:35:01] [INFO] MSTR $50P Jan28 | Mid: $9.78 | Value: $978.00 | Cost: $1253.05 | Gain: -22.0% | Contracts: 1
[2026-03-20 12:35:01] [INFO] Not activated yet. Need +172.0% more to reach +150%
[2026-03-20 12:40:03] [INFO] Using IBKR portfolio value: $978.00 (mid $9.78)
[2026-03-20 12:40:03] [INFO] MSTR $50P Jan28 | Mid: $9.78 | Value: $978.00 | Cost: $1253.05 | Gain: -22.0% | Contracts: 1
[2026-03-20 12:40:03] [INFO] Not activated yet. Need +172.0% more to reach +150%
[2026-03-20 12:45:04] [INFO] Using IBKR portfolio value: $978.00 (mid $9.78)
[2026-03-20 12:45:04] [INFO] MSTR $50P Jan28 | Mid: $9.78 | Value: $978.00 | Cost: $1253.05 | Gain: -22.0% | Contracts: 1
[2026-03-20 12:45:04] [INFO] Not activated yet. Need +172.0% more to reach +150%
[2026-03-20 12:50:05] [INFO] Using IBKR portfolio value: $978.00 (mid $9.78)
[2026-03-20 12:50:05] [INFO] MSTR $50P Jan28 | Mid: $9.78 | Value: $978.00 | Cost: $1253.05 | Gain: -22.0% | Contracts: 1
[2026-03-20 12:50:05] [INFO] Not activated yet. Need +172.0% more to reach +150%
[2026-03-20 12:55:07] [INFO] Using IBKR portfolio value: $978.00 (mid $9.78)
[2026-03-20 12:55:07] [INFO] MSTR $50P Jan28 | Mid: $9.78 | Value: $978.00 | Cost: $1253.05 | Gain: -22.0% | Contracts: 1
[2026-03-20 12:55:07] [INFO] Not activated yet. Need +172.0% more to reach +150%
[2026-03-20 13:00:08] [INFO] Using IBKR portfolio value: $978.00 (mid $9.78)
[2026-03-20 13:00:08] [INFO] MSTR $50P Jan28 | Mid: $9.78 | Value: $978.00 | Cost: $1253.05 | Gain: -22.0% | Contracts: 1
[2026-03-20 13:00:08] [INFO] Not activated yet. Need +172.0% more to reach +150%
[2026-03-20 13:05:09] [INFO] Using IBKR portfolio value: $978.00 (mid $9.78)
[2026-03-20 13:05:09] [INFO] MSTR $50P Jan28 | Mid: $9.78 | Value: $978.00 | Cost: $1253.05 | Gain: -22.0% | Contracts: 1
[2026-03-20 13:05:09] [INFO] Not activated yet. Need +172.0% more to reach +150%
[2026-03-20 13:10:11] [INFO] Using IBKR portfolio value: $978.00 (mid $9.78)
[2026-03-20 13:10:11] [INFO] MSTR $50P Jan28 | Mid: $9.78 | Value: $978.00 | Cost: $1253.05 | Gain: -22.0% | Contracts: 1
[2026-03-20 13:10:11] [INFO] Not activated yet. Need +172.0% more to reach +150%
[2026-03-20 13:15:12] [INFO] Using IBKR portfolio value: $978.00 (mid $9.78)
[2026-03-20 13:15:12] [INFO] MSTR $50P Jan28 | Mid: $9.78 | Value: $978.00 | Cost: $1253.05 | Gain: -22.0% | Contracts: 1
[2026-03-20 13:15:12] [INFO] Not activated yet. Need +172.0% more to reach +150%
[2026-03-20 13:20:13] [INFO] Using IBKR portfolio value: $978.00 (mid $9.78)
[2026-03-20 13:20:13] [INFO] MSTR $50P Jan28 | Mid: $9.78 | Value: $978.00 | Cost: $1253.05 | Gain: -22.0% | Contracts: 1
[2026-03-20 13:20:13] [INFO] Not activated yet. Need +172.0% more to reach +150%
[2026-03-20 13:25:00] [INFO] Using IBKR portfolio value: $978.00 (mid $9.78)
[2026-03-20 13:25:00] [INFO] MSTR $50P Jan28 | Mid: $9.78 | Value: $978.00 | Cost: $1253.05 | Gain: -22.0% | Contracts: 1
[2026-03-20 13:25:00] [INFO] Not activated yet. Need +172.0% more to reach +150%
[2026-03-20 13:30:01] [INFO] Using IBKR portfolio value: $978.00 (mid $9.78)
[2026-03-20 13:30:01] [INFO] MSTR $50P Jan28 | Mid: $9.78 | Value: $978.00 | Cost: $1253.05 | Gain: -22.0% | Contracts: 1
[2026-03-20 13:30:01] [INFO] Not activated yet. Need +172.0% more to reach +150%
[2026-03-20 13:35:02] [INFO] Using IBKR portfolio value: $978.00 (mid $9.78)
[2026-03-20 13:35:02] [INFO] MSTR $50P Jan28 | Mid: $9.78 | Value: $978.00 | Cost: $1253.05 | Gain: -22.0% | Contracts: 1
[2026-03-20 13:35:02] [INFO] Not activated yet. Need +172.0% more to reach +150%
[2026-03-20 13:40:04] [INFO] Using IBKR portfolio value: $978.00 (mid $9.78)
[2026-03-20 13:40:04] [INFO] MSTR $50P Jan28 | Mid: $9.78 | Value: $978.00 | Cost: $1253.05 | Gain: -22.0% | Contracts: 1
[2026-03-20 13:40:04] [INFO] Not activated yet. Need +172.0% more to reach +150%
[2026-03-20 13:45:05] [INFO] Using IBKR portfolio value: $978.00 (mid $9.78)
[2026-03-20 13:45:05] [INFO] MSTR $50P Jan28 | Mid: $9.78 | Value: $978.00 | Cost: $1253.05 | Gain: -22.0% | Contracts: 1
[2026-03-20 13:45:05] [INFO] Not activated yet. Need +172.0% more to reach +150%
[2026-03-20 13:50:07] [INFO] Using IBKR portfolio value: $978.00 (mid $9.78)
[2026-03-20 13:50:07] [INFO] MSTR $50P Jan28 | Mid: $9.78 | Value: $978.00 | Cost: $1253.05 | Gain: -22.0% | Contracts: 1
[2026-03-21 01:46:32] [INFO] PID lockfile created: /Users/eddiemae/rudy/scripts/../data/trader2.pid (PID 78755)
[2026-03-21 01:46:32] [INFO] 
============================================================
[2026-03-21 01:46:32] [INFO] TRADER2 — MSTR $50 Put Ladder Monitor STARTED
[2026-03-21 01:46:32] [INFO] Activation: +150% gain
[2026-03-21 01:46:32] [INFO] Cost Basis: $1253.05
[2026-03-21 01:46:32] [INFO] ============================================================

[2026-03-21 01:46:32] [INFO] Scheduled: Every 5 min, Mon-Fri 9:30 AM - 4:00 PM ET
[2026-03-21 01:46:33] [INFO] Connected to TWS on port 7496
[2026-03-21 01:46:33] [INFO] Using IBKR portfolio value: $987.01 (mid $9.87)
[2026-03-21 01:46:33] [INFO] MSTR $50P Jan28 | Mid: $9.87 | Value: $987.01 | Cost: $1253.05 | Gain: -21.2% | Contracts: 1
[2026-03-21 01:46:33] [INFO] Not activated yet. Need +171.2% more to reach +150%
[2026-03-23 09:30:10] [INFO] Using IBKR portfolio value: $987.01 (mid $9.87)
[2026-03-23 09:30:10] [INFO] MSTR $50P Jan28 | Mid: $9.87 | Value: $987.01 | Cost: $1253.05 | Gain: -21.2% | Contracts: 1
[2026-03-23 09:30:10] [INFO] Not activated yet. Need +171.2% more to reach +150%
[2026-03-23 09:35:13] [INFO] Using IBKR portfolio value: $987.01 (mid $9.87)
[2026-03-23 09:35:13] [INFO] MSTR $50P Jan28 | Mid: $9.87 | Value: $987.01 | Cost: $1253.05 | Gain: -21.2% | Contracts: 1
[2026-03-23 09:35:13] [INFO] Not activated yet. Need +171.2% more to reach +150%
[2026-03-23 09:40:00] [INFO] Using IBKR portfolio value: $987.01 (mid $9.87)
[2026-03-23 09:40:00] [INFO] MSTR $50P Jan28 | Mid: $9.87 | Value: $987.01 | Cost: $1253.05 | Gain: -21.2% | Contracts: 1
[2026-03-23 09:40:00] [INFO] Not activated yet. Need +171.2% more to reach +150%
[2026-03-23 09:45:03] [INFO] Using IBKR portfolio value: $987.01 (mid $9.87)
[2026-03-23 09:45:03] [INFO] MSTR $50P Jan28 | Mid: $9.87 | Value: $987.01 | Cost: $1253.05 | Gain: -21.2% | Contracts: 1
[2026-03-23 09:45:03] [INFO] Not activated yet. Need +171.2% more to reach +150%
[2026-03-23 09:50:05] [INFO] Using IBKR portfolio value: $987.01 (mid $9.87)
[2026-03-23 09:50:05] [INFO] MSTR $50P Jan28 | Mid: $9.87 | Value: $987.01 | Cost: $1253.05 | Gain: -21.2% | Contracts: 1
[2026-03-23 09:50:05] [INFO] Not activated yet. Need +171.2% more to reach +150%
[2026-03-23 09:55:08] [INFO] Using IBKR portfolio value: $987.01 (mid $9.87)
[2026-03-23 09:55:08] [INFO] MSTR $50P Jan28 | Mid: $9.87 | Value: $987.01 | Cost: $1253.05 | Gain: -21.2% | Contracts: 1
[2026-03-23 09:55:08] [INFO] Not activated yet. Need +171.2% more to reach +150%
[2026-03-23 10:00:10] [INFO] Using IBKR portfolio value: $987.01 (mid $9.87)
[2026-03-23 10:00:10] [INFO] MSTR $50P Jan28 | Mid: $9.87 | Value: $987.01 | Cost: $1253.05 | Gain: -21.2% | Contracts: 1
[2026-03-23 10:00:10] [INFO] Not activated yet. Need +171.2% more to reach +150%
[2026-03-23 10:05:13] [INFO] Using IBKR portfolio value: $987.01 (mid $9.87)
[2026-03-23 10:05:13] [INFO] MSTR $50P Jan28 | Mid: $9.87 | Value: $987.01 | Cost: $1253.05 | Gain: -21.2% | Contracts: 1
[2026-03-23 10:05:13] [INFO] Not activated yet. Need +171.2% more to reach +150%
[2026-03-23 10:10:01] [INFO] Using IBKR portfolio value: $987.01 (mid $9.87)
[2026-03-23 10:10:01] [INFO] MSTR $50P Jan28 | Mid: $9.87 | Value: $987.01 | Cost: $1253.05 | Gain: -21.2% | Contracts: 1
[2026-03-23 10:10:01] [INFO] Not activated yet. Need +171.2% more to reach +150%
[2026-03-23 10:15:04] [INFO] Using IBKR portfolio value: $987.01 (mid $9.87)
[2026-03-23 10:15:04] [INFO] MSTR $50P Jan28 | Mid: $9.87 | Value: $987.01 | Cost: $1253.05 | Gain: -21.2% | Contracts: 1
[2026-03-23 10:15:04] [INFO] Not activated yet. Need +171.2% more to reach +150%
[2026-03-23 10:20:07] [INFO] Using IBKR portfolio value: $987.01 (mid $9.87)
[2026-03-23 10:20:07] [INFO] MSTR $50P Jan28 | Mid: $9.87 | Value: $987.01 | Cost: $1253.05 | Gain: -21.2% | Contracts: 1
[2026-03-23 10:20:07] [INFO] Not activated yet. Need +171.2% more to reach +150%
[2026-03-23 10:25:10] [INFO] Using IBKR portfolio value: $987.01 (mid $9.87)
[2026-03-23 10:25:10] [INFO] MSTR $50P Jan28 | Mid: $9.87 | Value: $987.01 | Cost: $1253.05 | Gain: -21.2% | Contracts: 1
[2026-03-23 10:25:10] [INFO] Not activated yet. Need +171.2% more to reach +150%
[2026-03-23 10:30:13] [INFO] Using IBKR portfolio value: $987.01 (mid $9.87)
[2026-03-23 10:30:13] [INFO] MSTR $50P Jan28 | Mid: $9.87 | Value: $987.01 | Cost: $1253.05 | Gain: -21.2% | Contracts: 1
[2026-03-23 10:30:13] [INFO] Not activated yet. Need +171.2% more to reach +150%
[2026-03-23 10:35:01] [INFO] Using IBKR portfolio value: $987.01 (mid $9.87)
[2026-03-23 10:35:01] [INFO] MSTR $50P Jan28 | Mid: $9.87 | Value: $987.01 | Cost: $1253.05 | Gain: -21.2% | Contracts: 1
[2026-03-23 10:35:01] [INFO] Not activated yet. Need +171.2% more to reach +150%
[2026-03-23 10:40:04] [INFO] Using IBKR portfolio value: $987.01 (mid $9.87)
[2026-03-23 10:40:04] [INFO] MSTR $50P Jan28 | Mid: $9.87 | Value: $987.01 | Cost: $1253.05 | Gain: -21.2% | Contracts: 1
[2026-03-23 10:40:04] [INFO] Not activated yet. Need +171.2% more to reach +150%
[2026-03-23 10:45:07] [INFO] Using IBKR portfolio value: $987.01 (mid $9.87)
[2026-03-23 10:45:07] [INFO] MSTR $50P Jan28 | Mid: $9.87 | Value: $987.01 | Cost: $1253.05 | Gain: -21.2% | Contracts: 1
[2026-03-23 10:45:07] [INFO] Not activated yet. Need +171.2% more to reach +150%
[2026-03-23 10:50:08] [INFO] Using IBKR portfolio value: $987.01 (mid $9.87)
[2026-03-23 10:50:08] [INFO] MSTR $50P Jan28 | Mid: $9.87 | Value: $987.01 | Cost: $1253.05 | Gain: -21.2% | Contracts: 1
[2026-03-23 10:50:08] [INFO] Not activated yet. Need +171.2% more to reach +150%
[2026-03-23 10:55:11] [INFO] Using IBKR portfolio value: $987.01 (mid $9.87)
[2026-03-23 10:55:11] [INFO] MSTR $50P Jan28 | Mid: $9.87 | Value: $987.01 | Cost: $1253.05 | Gain: -21.2% | Contracts: 1
[2026-03-23 10:55:11] [INFO] Not activated yet. Need +171.2% more to reach +150%
[2026-03-23 11:00:14] [INFO] Using IBKR portfolio value: $987.01 (mid $9.87)
[2026-03-23 11:00:14] [INFO] MSTR $50P Jan28 | Mid: $9.87 | Value: $987.01 | Cost: $1253.05 | Gain: -21.2% | Contracts: 1
[2026-03-23 11:00:14] [INFO] Not activated yet. Need +171.2% more to reach +150%
[2026-03-23 11:05:02] [INFO] Using IBKR portfolio value: $987.01 (mid $9.87)
[2026-03-23 11:05:02] [INFO] MSTR $50P Jan28 | Mid: $9.87 | Value: $987.01 | Cost: $1253.05 | Gain: -21.2% | Contracts: 1
[2026-03-23 11:05:02] [INFO] Not activated yet. Need +171.2% more to reach +150%
[2026-03-23 11:10:05] [INFO] Using IBKR portfolio value: $987.01 (mid $9.87)
[2026-03-23 11:10:05] [INFO] MSTR $50P Jan28 | Mid: $9.87 | Value: $987.01 | Cost: $1253.05 | Gain: -21.2% | Contracts: 1
[2026-03-23 11:10:05] [INFO] Not activated yet. Need +171.2% more to reach +150%
[2026-03-23 11:15:08] [INFO] Using IBKR portfolio value: $987.01 (mid $9.87)
[2026-03-23 11:15:08] [INFO] MSTR $50P Jan28 | Mid: $9.87 | Value: $987.01 | Cost: $1253.05 | Gain: -21.2% | Contracts: 1
[2026-03-23 11:15:08] [INFO] Not activated yet. Need +171.2% more to reach +150%
[2026-03-23 11:20:11] [INFO] Using IBKR portfolio value: $987.01 (mid $9.87)
[2026-03-23 11:20:11] [INFO] MSTR $50P Jan28 | Mid: $9.87 | Value: $987.01 | Cost: $1253.05 | Gain: -21.2% | Contracts: 1
[2026-03-23 11:20:11] [INFO] Not activated yet. Need +171.2% more to reach +150%
[2026-03-23 11:25:13] [INFO] Using IBKR portfolio value: $987.01 (mid $9.87)
[2026-03-23 11:25:13] [INFO] MSTR $50P Jan28 | Mid: $9.87 | Value: $987.01 | Cost: $1253.05 | Gain: -21.2% | Contracts: 1
[2026-03-23 11:25:13] [INFO] Not activated yet. Need +171.2% more to reach +150%
[2026-03-23 11:30:01] [INFO] Using IBKR portfolio value: $987.01 (mid $9.87)
[2026-03-23 11:30:01] [INFO] MSTR $50P Jan28 | Mid: $9.87 | Value: $987.01 | Cost: $1253.05 | Gain: -21.2% | Contracts: 1
[2026-03-23 11:30:01] [INFO] Not activated yet. Need +171.2% more to reach +150%
[2026-03-23 11:35:04] [INFO] Using IBKR portfolio value: $987.01 (mid $9.87)
[2026-03-23 11:35:04] [INFO] MSTR $50P Jan28 | Mid: $9.87 | Value: $987.01 | Cost: $1253.05 | Gain: -21.2% | Contracts: 1
[2026-03-23 11:35:04] [INFO] Not activated yet. Need +171.2% more to reach +150%
[2026-03-23 11:40:07] [INFO] Using IBKR portfolio value: $987.01 (mid $9.87)
[2026-03-23 11:40:07] [INFO] MSTR $50P Jan28 | Mid: $9.87 | Value: $987.01 | Cost: $1253.05 | Gain: -21.2% | Contracts: 1
[2026-03-23 11:40:07] [INFO] Not activated yet. Need +171.2% more to reach +150%
[2026-03-23 11:45:10] [INFO] Using IBKR portfolio value: $987.01 (mid $9.87)
[2026-03-23 11:45:10] [INFO] MSTR $50P Jan28 | Mid: $9.87 | Value: $987.01 | Cost: $1253.05 | Gain: -21.2% | Contracts: 1
[2026-03-23 11:45:10] [INFO] Not activated yet. Need +171.2% more to reach +150%
[2026-03-23 11:50:13] [INFO] Using IBKR portfolio value: $987.01 (mid $9.87)
[2026-03-23 11:50:13] [INFO] MSTR $50P Jan28 | Mid: $9.87 | Value: $987.01 | Cost: $1253.05 | Gain: -21.2% | Contracts: 1
[2026-03-23 11:50:13] [INFO] Not activated yet. Need +171.2% more to reach +150%
[2026-03-23 11:55:01] [INFO] Using IBKR portfolio value: $987.01 (mid $9.87)
[2026-03-23 11:55:01] [INFO] MSTR $50P Jan28 | Mid: $9.87 | Value: $987.01 | Cost: $1253.05 | Gain: -21.2% | Contracts: 1
[2026-03-23 11:55:01] [INFO] Not activated yet. Need +171.2% more to reach +150%
[2026-03-23 12:00:04] [INFO] Using IBKR portfolio value: $987.01 (mid $9.87)
[2026-03-23 12:00:04] [INFO] MSTR $50P Jan28 | Mid: $9.87 | Value: $987.01 | Cost: $1253.05 | Gain: -21.2% | Contracts: 1
[2026-03-23 12:00:04] [INFO] Not activated yet. Need +171.2% more to reach +150%
[2026-03-23 12:05:07] [INFO] Using IBKR portfolio value: $987.01 (mid $9.87)
[2026-03-23 12:05:07] [INFO] MSTR $50P Jan28 | Mid: $9.87 | Value: $987.01 | Cost: $1253.05 | Gain: -21.2% | Contracts: 1
[2026-03-23 12:05:07] [INFO] Not activated yet. Need +171.2% more to reach +150%
[2026-03-23 12:10:10] [INFO] Using IBKR portfolio value: $987.01 (mid $9.87)
[2026-03-23 12:10:10] [INFO] MSTR $50P Jan28 | Mid: $9.87 | Value: $987.01 | Cost: $1253.05 | Gain: -21.2% | Contracts: 1
[2026-03-23 12:10:10] [INFO] Not activated yet. Need +171.2% more to reach +150%
[2026-03-23 12:15:13] [INFO] Using IBKR portfolio value: $987.01 (mid $9.87)
[2026-03-23 12:15:13] [INFO] MSTR $50P Jan28 | Mid: $9.87 | Value: $987.01 | Cost: $1253.05 | Gain: -21.2% | Contracts: 1
[2026-03-23 12:15:13] [INFO] Not activated yet. Need +171.2% more to reach +150%
[2026-03-23 12:20:00] [INFO] Using IBKR portfolio value: $987.01 (mid $9.87)
[2026-03-23 12:20:00] [INFO] MSTR $50P Jan28 | Mid: $9.87 | Value: $987.01 | Cost: $1253.05 | Gain: -21.2% | Contracts: 1
[2026-03-23 12:20:00] [INFO] Not activated yet. Need +171.2% more to reach +150%
[2026-03-23 12:25:03] [INFO] Using IBKR portfolio value: $987.01 (mid $9.87)
[2026-03-23 12:25:03] [INFO] MSTR $50P Jan28 | Mid: $9.87 | Value: $987.01 | Cost: $1253.05 | Gain: -21.2% | Contracts: 1
[2026-03-23 12:25:03] [INFO] Not activated yet. Need +171.2% more to reach +150%
[2026-03-23 12:30:06] [INFO] Using IBKR portfolio value: $987.01 (mid $9.87)
[2026-03-23 12:30:06] [INFO] MSTR $50P Jan28 | Mid: $9.87 | Value: $987.01 | Cost: $1253.05 | Gain: -21.2% | Contracts: 1
[2026-03-23 12:30:06] [INFO] Not activated yet. Need +171.2% more to reach +150%
[2026-03-23 12:35:09] [INFO] Using IBKR portfolio value: $987.01 (mid $9.87)
[2026-03-23 12:35:09] [INFO] MSTR $50P Jan28 | Mid: $9.87 | Value: $987.01 | Cost: $1253.05 | Gain: -21.2% | Contracts: 1
[2026-03-23 12:35:09] [INFO] Not activated yet. Need +171.2% more to reach +150%
[2026-03-23 12:40:10] [INFO] Using IBKR portfolio value: $987.01 (mid $9.87)
[2026-03-23 12:40:10] [INFO] MSTR $50P Jan28 | Mid: $9.87 | Value: $987.01 | Cost: $1253.05 | Gain: -21.2% | Contracts: 1
[2026-03-23 12:40:10] [INFO] Not activated yet. Need +171.2% more to reach +150%
[2026-03-23 12:45:12] [INFO] Using IBKR portfolio value: $987.01 (mid $9.87)
[2026-03-23 12:45:12] [INFO] MSTR $50P Jan28 | Mid: $9.87 | Value: $987.01 | Cost: $1253.05 | Gain: -21.2% | Contracts: 1
[2026-03-23 12:45:12] [INFO] Not activated yet. Need +171.2% more to reach +150%
[2026-03-23 12:50:14] [INFO] Using IBKR portfolio value: $987.01 (mid $9.87)
[2026-03-23 12:50:14] [INFO] MSTR $50P Jan28 | Mid: $9.87 | Value: $987.01 | Cost: $1253.05 | Gain: -21.2% | Contracts: 1
[2026-03-23 12:50:14] [INFO] Not activated yet. Need +171.2% more to reach +150%
[2026-03-23 12:55:02] [INFO] Using IBKR portfolio value: $987.01 (mid $9.87)
[2026-03-23 12:55:02] [INFO] MSTR $50P Jan28 | Mid: $9.87 | Value: $987.01 | Cost: $1253.05 | Gain: -21.2% | Contracts: 1
[2026-03-23 12:55:02] [INFO] Not activated yet. Need +171.2% more to reach +150%
[2026-03-23 13:00:05] [INFO] Using IBKR portfolio value: $987.01 (mid $9.87)
[2026-03-23 13:00:05] [INFO] MSTR $50P Jan28 | Mid: $9.87 | Value: $987.01 | Cost: $1253.05 | Gain: -21.2% | Contracts: 1
[2026-03-23 13:00:05] [INFO] Not activated yet. Need +171.2% more to reach +150%
[2026-03-23 13:05:08] [INFO] Using IBKR portfolio value: $987.01 (mid $9.87)
[2026-03-23 13:05:08] [INFO] MSTR $50P Jan28 | Mid: $9.87 | Value: $987.01 | Cost: $1253.05 | Gain: -21.2% | Contracts: 1
[2026-03-23 13:05:08] [INFO] Not activated yet. Need +171.2% more to reach +150%
[2026-03-23 13:10:10] [INFO] Using IBKR portfolio value: $987.01 (mid $9.87)
[2026-03-23 13:10:10] [INFO] MSTR $50P Jan28 | Mid: $9.87 | Value: $987.01 | Cost: $1253.05 | Gain: -21.2% | Contracts: 1
[2026-03-23 13:10:10] [INFO] Not activated yet. Need +171.2% more to reach +150%
[2026-03-23 13:15:13] [INFO] Using IBKR portfolio value: $987.01 (mid $9.87)
[2026-03-23 13:15:13] [INFO] MSTR $50P Jan28 | Mid: $9.87 | Value: $987.01 | Cost: $1253.05 | Gain: -21.2% | Contracts: 1
[2026-03-23 13:15:13] [INFO] Not activated yet. Need +171.2% more to reach +150%
[2026-03-23 13:20:01] [INFO] Using IBKR portfolio value: $987.01 (mid $9.87)
[2026-03-23 13:20:01] [INFO] MSTR $50P Jan28 | Mid: $9.87 | Value: $987.01 | Cost: $1253.05 | Gain: -21.2% | Contracts: 1
[2026-03-23 13:20:01] [INFO] Not activated yet. Need +171.2% more to reach +150%
[2026-03-23 13:25:04] [INFO] Using IBKR portfolio value: $987.01 (mid $9.87)
[2026-03-23 13:25:04] [INFO] MSTR $50P Jan28 | Mid: $9.87 | Value: $987.01 | Cost: $1253.05 | Gain: -21.2% | Contracts: 1
[2026-03-23 13:25:04] [INFO] Not activated yet. Need +171.2% more to reach +150%
[2026-03-23 13:30:07] [INFO] Using IBKR portfolio value: $987.01 (mid $9.87)
[2026-03-23 13:30:07] [INFO] MSTR $50P Jan28 | Mid: $9.87 | Value: $987.01 | Cost: $1253.05 | Gain: -21.2% | Contracts: 1
[2026-03-23 13:30:07] [INFO] Not activated yet. Need +171.2% more to reach +150%
[2026-03-23 13:35:10] [INFO] Using IBKR portfolio value: $987.01 (mid $9.87)
[2026-03-23 13:35:10] [INFO] MSTR $50P Jan28 | Mid: $9.87 | Value: $987.01 | Cost: $1253.05 | Gain: -21.2% | Contracts: 1
[2026-03-23 13:35:10] [INFO] Not activated yet. Need +171.2% more to reach +150%
[2026-03-23 13:40:13] [INFO] Using IBKR portfolio value: $987.01 (mid $9.87)
[2026-03-23 13:40:13] [INFO] MSTR $50P Jan28 | Mid: $9.87 | Value: $987.01 | Cost: $1253.05 | Gain: -21.2% | Contracts: 1
[2026-03-23 13:40:13] [INFO] Not activated yet. Need +171.2% more to reach +150%
[2026-03-23 13:45:00] [INFO] Using IBKR portfolio value: $987.01 (mid $9.87)
[2026-03-23 13:45:00] [INFO] MSTR $50P Jan28 | Mid: $9.87 | Value: $987.01 | Cost: $1253.05 | Gain: -21.2% | Contracts: 1
[2026-03-23 13:45:00] [INFO] Not activated yet. Need +171.2% more to reach +150%
[2026-03-23 13:50:02] [INFO] Using IBKR portfolio value: $987.01 (mid $9.87)
[2026-03-23 13:50:02] [INFO] MSTR $50P Jan28 | Mid: $9.87 | Value: $987.01 | Cost: $1253.05 | Gain: -21.2% | Contracts: 1
[2026-03-23 13:50:02] [INFO] Not activated yet. Need +171.2% more to reach +150%
[2026-03-23 13:55:05] [INFO] Using IBKR portfolio value: $987.01 (mid $9.87)
[2026-03-23 13:55:05] [INFO] MSTR $50P Jan28 | Mid: $9.87 | Value: $987.01 | Cost: $1253.05 | Gain: -21.2% | Contracts: 1
[2026-03-23 13:55:05] [INFO] Not activated yet. Need +171.2% more to reach +150%
[2026-03-23 14:00:08] [INFO] Using IBKR portfolio value: $987.01 (mid $9.87)
[2026-03-23 14:00:08] [INFO] MSTR $50P Jan28 | Mid: $9.87 | Value: $987.01 | Cost: $1253.05 | Gain: -21.2% | Contracts: 1
[2026-03-23 14:00:08] [INFO] Not activated yet. Need +171.2% more to reach +150%
