/Users/eddiemae/Library/Python/3.9/lib/python/site-packages/urllib3/__init__.py:35: NotOpenSSLWarning: urllib3 v2 only supports OpenSSL 1.1.1+, currently the 'ssl' module is compiled with 'LibreSSL 2.8.3'. See: https://github.com/urllib3/urllib3/issues/3020
  warnings.warn(
[2026-03-17 20:50:33] [INFO] Loaded state from /Users/eddiemae/rudy/data/trader_v28_state.json
[2026-03-17 20:50:33] [INFO] 
============================================================
[2026-03-17 20:50:33] [INFO] RUDY v2.8 DYNAMIC BLEND — STANDALONE DAEMON
[2026-03-17 20:50:33] [INFO] Mode: PAPER | Resolution: daily
[2026-03-17 20:50:33] [INFO] Port: 7497 | State: /Users/eddiemae/rudy/data/trader_v28_state.json
[2026-03-17 20:50:33] [INFO] ============================================================

[2026-03-17 20:50:33] [INFO] Scheduled: Every weekday at 15:45 ET
[2026-03-17 20:50:33] [INFO] Running initial evaluation...
[2026-03-17 20:50:33] [INFO] 
============================================================
[2026-03-17 20:50:33] [INFO] RUDY v2.8 EVALUATE (DAILY) — 2026-03-17 20:50
[2026-03-17 20:50:33] [INFO] ============================================================
[2026-03-17 20:50:33] [INFO] Reconnecting to TWS...
[2026-03-17 20:50:34] [INFO] Connected to TWS port 7497 | Accounts: ['DUA724990']
[2026-03-17 20:50:36] [INFO] MSTR: $149.75 | BTC: $73,809
[2026-03-17 20:50:36] [INFO] Fetched 522 weekly MSTR bars (oldest: 2016-03-24)
[2026-03-17 20:50:37] [INFO] Fetched 251 daily MSTR bars
[2026-03-17 20:50:37] [INFO] Fetched 472 BTC weekly closes via GBTC proxy
[2026-03-17 20:50:37] [INFO] FILTERS: Armed=True | BTC200W=True | StRSI=78(False) | Prem=1.03x(True) | PremExp=True | NoDiv=True | ATR=True | ALL=False | TV=none
[2026-03-17 20:50:37] [ERROR] Evaluation error: type str doesn't define __round__ method
[2026-03-17 20:50:37] [ERROR] Traceback (most recent call last):
  File "/Users/eddiemae/rudy/scripts/trader_v28.py", line 1197, in evaluate
    self.state["last_premium"] = round(filters.get("premium", 0), 4)
TypeError: type str doesn't define __round__ method

