[2026-03-11 09:30:04]   No signal: JOBY [eVTOL]
[2026-03-11 09:30:05]   No signal: ACHR [eVTOL]
[2026-03-11 09:30:05]   No data: LILM
[2026-03-11 09:30:05]   No signal: IONQ [quantum]
[2026-03-11 09:30:05]   No signal: RGTI [quantum]
[2026-03-11 09:30:05]   No signal: QUBT [quantum]
[2026-03-11 09:30:05]   BEAR SIGNAL: SMR [nuclear] — score 3 — EMA stack bearish (10<21<50), 1M momentum -28%
[2026-03-11 09:30:05]   No signal: OKLO [nuclear]
[2026-03-11 09:30:05]   No signal: RKLB [space]
[2026-03-11 09:30:05]   No signal: LUNR [space]
[2026-03-11 09:30:05]   No signal: ASTS [space]
[2026-03-11 09:30:05]   BEAR SIGNAL: DNA [biotech] — score 3 — EMA stack bearish (10<21<50), 1M momentum -38%
[2026-03-11 09:30:06]   BULL SIGNAL: CRSP [biotech] — score 3 — EMA stack aligned (10>21>50), RSI recovering (49)
[2026-03-11 09:30:06]   No signal: BEAM [biotech]
[2026-03-11 09:30:06]   No signal: BBAI [AI_smallcap]
[2026-03-11 09:30:06]   No signal: SOUN [AI_smallcap]
[2026-03-11 09:30:06]   No signal: BFLY [AI_smallcap]
[2026-03-11 10:30:04]   No signal: JOBY [eVTOL]
[2026-03-11 10:30:04]   No signal: ACHR [eVTOL]
[2026-03-11 10:30:04]   No data: LILM
[2026-03-11 10:30:04]   No signal: IONQ [quantum]
[2026-03-11 10:30:04]   No signal: RGTI [quantum]
[2026-03-11 10:30:04]   No signal: QUBT [quantum]
[2026-03-11 10:30:04]   BEAR SIGNAL: SMR [nuclear] — score 3 — EMA stack bearish (10<21<50), 1M momentum -26%
[2026-03-11 10:30:05]   No signal: OKLO [nuclear]
[2026-03-11 10:30:05]   No signal: RKLB [space]
[2026-03-11 10:30:05]   No signal: LUNR [space]
[2026-03-11 10:30:05]   No signal: ASTS [space]
[2026-03-11 10:30:05]   BEAR SIGNAL: DNA [biotech] — score 3 — EMA stack bearish (10<21<50), 1M momentum -26%
[2026-03-11 10:30:05]   BULL SIGNAL: CRSP [biotech] — score 3 — EMA stack aligned (10>21>50), RSI recovering (45)
[2026-03-11 10:30:05]   No signal: BEAM [biotech]
[2026-03-11 10:30:05]   No signal: BBAI [AI_smallcap]
[2026-03-11 10:30:05]   No signal: SOUN [AI_smallcap]
[2026-03-11 10:30:05]   No signal: BFLY [AI_smallcap]
[2026-03-11 11:30:04]   No signal: JOBY [eVTOL]
[2026-03-11 11:30:04]   No signal: ACHR [eVTOL]
[2026-03-11 11:30:04]   No data: LILM
[2026-03-11 11:30:04]   No signal: IONQ [quantum]
[2026-03-11 11:30:05]   No signal: RGTI [quantum]
[2026-03-11 11:30:05]   No signal: QUBT [quantum]
[2026-03-11 11:30:05]   BEAR SIGNAL: SMR [nuclear] — score 3 — EMA stack bearish (10<21<50), 1M momentum -27%
[2026-03-11 11:30:05]   No signal: OKLO [nuclear]
[2026-03-11 11:30:05]   No signal: RKLB [space]
[2026-03-11 11:30:05]   No signal: LUNR [space]
[2026-03-11 11:30:05]   No signal: ASTS [space]
[2026-03-11 11:30:05]   BEAR SIGNAL: DNA [biotech] — score 3 — EMA stack bearish (10<21<50), 1M momentum -28%
[2026-03-11 11:30:05]   BULL SIGNAL: CRSP [biotech] — score 3 — EMA stack aligned (10>21>50), RSI recovering (45)
[2026-03-11 11:30:05]   No signal: BEAM [biotech]
[2026-03-11 11:30:05]   No signal: BBAI [AI_smallcap]
[2026-03-11 11:30:06]   No signal: SOUN [AI_smallcap]
[2026-03-11 11:30:06]   No signal: BFLY [AI_smallcap]
[2026-03-11 12:31:52]   No signal: JOBY [eVTOL]
[2026-03-11 12:31:52]   No signal: ACHR [eVTOL]
[2026-03-11 12:31:52]   No data: LILM
[2026-03-11 12:31:52]   No signal: IONQ [quantum]
[2026-03-11 12:31:53]   No signal: RGTI [quantum]
[2026-03-11 12:31:53]   No signal: QUBT [quantum]
[2026-03-11 12:31:53]   BEAR SIGNAL: SMR [nuclear] — score 3 — EMA stack bearish (10<21<50), 1M momentum -27%
[2026-03-11 12:31:53]   No signal: OKLO [nuclear]
[2026-03-11 12:31:53]   No signal: RKLB [space]
[2026-03-11 12:31:53]   No signal: LUNR [space]
[2026-03-11 12:31:53]   No signal: ASTS [space]
[2026-03-11 12:31:53]   BEAR SIGNAL: DNA [biotech] — score 3 — EMA stack bearish (10<21<50), 1M momentum -27%
[2026-03-11 12:31:53]   BULL SIGNAL: CRSP [biotech] — score 3 — EMA stack aligned (10>21>50), RSI recovering (44)
[2026-03-11 12:31:53]   No signal: BEAM [biotech]
[2026-03-11 12:31:54]   No signal: BBAI [AI_smallcap]
[2026-03-11 12:31:54]   No signal: SOUN [AI_smallcap]
[2026-03-11 12:31:54]   No signal: BFLY [AI_smallcap]
[2026-03-11 12:31:54] Connected (client 80)
[2026-03-11 12:31:55]   Could not qualify option SMR 20260515 11.5P
[2026-03-11 12:31:55]   No suitable option found for SMR
[2026-03-11 12:31:55] Connected (client 80)
[2026-03-11 12:31:56]   Found option: DNA 20260618 $6.0P (99 DTE)
[2026-03-11 12:31:59] ENTERING DNA [biotech]: 3x 20260618 $6.0P @ $0.88 ($264)
[2026-03-11 12:32:03]   FILLED: 3x DNA 20260618 $6.0P @ $1.25
[2026-03-11 12:32:03] Connected (client 80)
[2026-03-11 12:32:04]   Could not qualify option CRSP 20260618 54.0C
[2026-03-11 12:32:04]   No suitable option found for CRSP
[2026-03-11 13:30:53] Connected (client 81)
[2026-03-11 13:30:56]   No signal: JOBY [eVTOL]
[2026-03-11 13:30:56]   No signal: ACHR [eVTOL]
[2026-03-11 13:30:56]   No data: LILM
[2026-03-11 13:30:56]   No signal: IONQ [quantum]
[2026-03-11 13:30:56]   No signal: RGTI [quantum]
[2026-03-11 13:30:56]   No signal: QUBT [quantum]
[2026-03-11 13:30:57]   BEAR SIGNAL: SMR [nuclear] — score 3 — EMA stack bearish (10<21<50), 1M momentum -27%
[2026-03-11 13:30:57]   No signal: OKLO [nuclear]
[2026-03-11 13:30:57]   No signal: RKLB [space]
[2026-03-11 13:30:57]   No signal: LUNR [space]
[2026-03-11 13:30:57]   No signal: ASTS [space]
[2026-03-11 13:30:57]   No signal: DNA [biotech]
[2026-03-11 13:30:57]   BULL SIGNAL: CRSP [biotech] — score 4 — EMA stack aligned (10>21>50), RSI recovering (44), Volume spike (2.1x)
[2026-03-11 13:30:57]   No signal: BEAM [biotech]
[2026-03-11 13:30:57]   No signal: BBAI [AI_smallcap]
[2026-03-11 13:30:57]   No signal: SOUN [AI_smallcap]
[2026-03-11 13:30:58]   No signal: BFLY [AI_smallcap]
[2026-03-11 13:30:58] Connected (client 80)
[2026-03-11 13:30:58]   Could not qualify option CRSP 20260618 53.0C
[2026-03-11 13:30:58]   No suitable option found for CRSP
[2026-03-11 13:30:58] Connected (client 80)
[2026-03-11 13:30:59]   Could not qualify option SMR 20260515 11.5P
[2026-03-11 13:30:59]   No suitable option found for SMR
[2026-03-11 14:36:50] Connected (client 81)
[2026-03-11 14:36:53]   No signal: JOBY [eVTOL]
[2026-03-11 14:36:53]   No signal: ACHR [eVTOL]
[2026-03-11 14:36:53]   No data: LILM
[2026-03-11 14:36:54]   No signal: IONQ [quantum]
[2026-03-11 14:36:54]   No signal: RGTI [quantum]
[2026-03-11 14:36:54]   No signal: QUBT [quantum]
[2026-03-11 14:36:54]   BEAR SIGNAL: SMR [nuclear] — score 3 — EMA stack bearish (10<21<50), 1M momentum -27%
[2026-03-11 14:36:54]   No signal: OKLO [nuclear]
[2026-03-11 14:36:54]   No signal: RKLB [space]
[2026-03-11 14:36:54]   No signal: LUNR [space]
[2026-03-11 14:36:54]   No signal: ASTS [space]
[2026-03-11 14:36:54]   No signal: DNA [biotech]
[2026-03-11 14:36:54]   BULL SIGNAL: CRSP [biotech] — score 4 — EMA stack aligned (10>21>50), RSI recovering (44), Volume spike (2.2x)
[2026-03-11 14:36:55]   No signal: BEAM [biotech]
[2026-03-11 14:36:55]   No signal: BBAI [AI_smallcap]
[2026-03-11 14:36:55]   No signal: SOUN [AI_smallcap]
[2026-03-11 14:36:55]   No signal: BFLY [AI_smallcap]
[2026-03-11 14:36:55] Connected (client 80)
[2026-03-11 14:36:56]   Could not qualify option CRSP 20260618 53.0C
[2026-03-11 14:36:56]   No suitable option found for CRSP
[2026-03-11 14:36:56] Connected (client 80)
[2026-03-11 14:36:56]   Could not qualify option SMR 20260515 11.5P
[2026-03-11 14:36:56]   No suitable option found for SMR
[2026-03-11 15:30:57] Connected (client 81)
[2026-03-11 15:31:00]   No signal: JOBY [eVTOL]
[2026-03-11 15:31:00]   No signal: ACHR [eVTOL]
[2026-03-11 15:31:00]   No data: LILM
[2026-03-11 15:31:00]   No signal: IONQ [quantum]
[2026-03-11 15:31:00]   No signal: RGTI [quantum]
[2026-03-11 15:31:00]   No signal: QUBT [quantum]
[2026-03-11 15:31:01]   BEAR SIGNAL: SMR [nuclear] — score 3 — EMA stack bearish (10<21<50), 1M momentum -27%
[2026-03-11 15:31:01]   No signal: OKLO [nuclear]
[2026-03-11 15:31:01]   No signal: RKLB [space]
[2026-03-11 15:31:01]   BULL SIGNAL: LUNR [space] — score 3 — EMA stack aligned (10>21>50), RSI recovering (50)
[2026-03-11 15:31:01]   No signal: ASTS [space]
[2026-03-11 15:31:01]   No signal: DNA [biotech]
[2026-03-11 15:31:01]   BULL SIGNAL: CRSP [biotech] — score 4 — EMA stack aligned (10>21>50), RSI recovering (44), Volume spike (2.3x)
[2026-03-11 15:31:01]   No signal: BEAM [biotech]
[2026-03-11 15:31:01]   No signal: BBAI [AI_smallcap]
[2026-03-11 15:31:01]   No signal: SOUN [AI_smallcap]
[2026-03-11 15:31:02]   No signal: BFLY [AI_smallcap]
[2026-03-11 15:31:02] Connected (client 80)
[2026-03-11 15:31:02]   Could not qualify option CRSP 20260618 53.0C
[2026-03-11 15:31:02]   No suitable option found for CRSP
[2026-03-11 15:31:02] Connected (client 80)
[2026-03-11 15:31:03]   Could not qualify option SMR 20260515 11.5P
[2026-03-11 15:31:03]   No suitable option found for SMR
[2026-03-11 15:31:03] Connected (client 80)
[2026-03-11 15:31:03]   Found option: LUNR 20260515 $19.0C (65 DTE)
[2026-03-12 09:31:08] Connected (client 81)
[2026-03-12 09:31:12]   No signal: JOBY [eVTOL]
[2026-03-12 09:31:12]   No signal: ACHR [eVTOL]
[2026-03-12 09:31:12]   No data: LILM
[2026-03-12 09:31:12]   No signal: IONQ [quantum]
[2026-03-12 09:31:12]   No signal: RGTI [quantum]
[2026-03-12 09:31:12]   No signal: QUBT [quantum]
[2026-03-12 09:31:12]   BEAR SIGNAL: SMR [nuclear] — score 3 — EMA stack bearish (10<21<50), 1M momentum -22%
[2026-03-12 09:31:12]   No signal: OKLO [nuclear]
[2026-03-12 09:31:13]   No signal: RKLB [space]
[2026-03-12 09:31:13]   No signal: LUNR [space]
[2026-03-12 09:31:13]   No signal: ASTS [space]
[2026-03-12 09:31:13]   No signal: DNA [biotech]
[2026-03-12 09:31:13]   No signal: CRSP [biotech]
[2026-03-12 09:31:13]   No signal: BEAM [biotech]
[2026-03-12 09:31:13]   No signal: BBAI [AI_smallcap]
[2026-03-12 09:31:13]   No signal: SOUN [AI_smallcap]
[2026-03-12 09:31:13]   No signal: BFLY [AI_smallcap]
[2026-03-12 09:31:13] Connected (client 80)
[2026-03-12 09:31:14]   Could not qualify option SMR 20260515 11.5P
[2026-03-12 09:31:14]   No suitable option found for SMR
[2026-03-12 10:31:01] Connected (client 81)
[2026-03-12 10:31:05]   No signal: JOBY [eVTOL]
[2026-03-12 10:31:05]   No signal: ACHR [eVTOL]
[2026-03-12 10:31:05]   No data: LILM
[2026-03-12 10:31:05]   No signal: IONQ [quantum]
[2026-03-12 10:31:05]   No signal: RGTI [quantum]
[2026-03-12 10:31:05]   No signal: QUBT [quantum]
[2026-03-12 10:31:05]   BEAR SIGNAL: SMR [nuclear] — score 3 — EMA stack bearish (10<21<50), 1M momentum -24%
[2026-03-12 10:31:05]   No signal: OKLO [nuclear]
[2026-03-12 10:31:05]   No signal: RKLB [space]
[2026-03-12 10:31:05]   No signal: LUNR [space]
[2026-03-12 10:31:06]   No signal: ASTS [space]
[2026-03-12 10:31:06]   No signal: DNA [biotech]
[2026-03-12 10:31:06]   No signal: CRSP [biotech]
[2026-03-12 10:31:06]   No signal: BEAM [biotech]
[2026-03-12 10:31:06]   No signal: BBAI [AI_smallcap]
[2026-03-12 10:31:06]   No signal: SOUN [AI_smallcap]
[2026-03-12 10:31:06]   No signal: BFLY [AI_smallcap]
[2026-03-12 10:31:06] Connected (client 80)
[2026-03-12 10:31:07]   Could not qualify option SMR 20260515 11.5P
[2026-03-12 10:31:07]   No suitable option found for SMR
[2026-03-12 12:31:57] Connected (client 81)
[2026-03-12 12:32:00]   No signal: JOBY [eVTOL]
[2026-03-12 12:32:00]   No signal: ACHR [eVTOL]
[2026-03-12 12:32:00]   No data: LILM
[2026-03-12 12:32:00]   No signal: IONQ [quantum]
[2026-03-12 12:32:01]   No signal: RGTI [quantum]
[2026-03-12 12:32:01]   No signal: QUBT [quantum]
[2026-03-12 12:32:01]   BEAR SIGNAL: SMR [nuclear] — score 3 — EMA stack bearish (10<21<50), 1M momentum -23%
[2026-03-12 12:32:01]   No signal: OKLO [nuclear]
[2026-03-12 12:32:01]   No signal: RKLB [space]
[2026-03-12 12:32:01]   No signal: LUNR [space]
[2026-03-12 12:32:01]   No signal: ASTS [space]
[2026-03-12 12:32:01]   No signal: DNA [biotech]
[2026-03-12 12:32:01]   No signal: CRSP [biotech]
[2026-03-12 12:32:01]   No signal: BEAM [biotech]
[2026-03-12 12:32:01]   No signal: BBAI [AI_smallcap]
[2026-03-12 12:32:02]   No signal: SOUN [AI_smallcap]
[2026-03-12 12:32:02]   No signal: BFLY [AI_smallcap]
[2026-03-12 12:32:02] Connected (client 80)
[2026-03-12 12:32:02]   Could not qualify option SMR 20260515 11.5P
[2026-03-12 12:32:02]   No suitable option found for SMR
[2026-03-12 13:30:55] Connected (client 81)
[2026-03-12 13:30:58]   No signal: JOBY [eVTOL]
[2026-03-12 13:30:59]   No signal: ACHR [eVTOL]
[2026-03-12 13:30:59]   No data: LILM
[2026-03-12 13:30:59]   No signal: IONQ [quantum]
[2026-03-12 13:30:59]   No signal: RGTI [quantum]
[2026-03-12 13:30:59]   No signal: QUBT [quantum]
[2026-03-12 13:30:59]   BEAR SIGNAL: SMR [nuclear] — score 3 — EMA stack bearish (10<21<50), 1M momentum -22%
[2026-03-12 13:30:59]   No signal: OKLO [nuclear]
[2026-03-12 13:30:59]   No signal: RKLB [space]
[2026-03-12 13:30:59]   No signal: LUNR [space]
[2026-03-12 13:30:59]   No signal: ASTS [space]
[2026-03-12 13:30:59]   No signal: DNA [biotech]
[2026-03-12 13:31:00]   No signal: CRSP [biotech]
[2026-03-12 13:31:00]   No signal: BEAM [biotech]
[2026-03-12 13:31:00]   No signal: BBAI [AI_smallcap]
[2026-03-12 13:31:00]   No signal: SOUN [AI_smallcap]
[2026-03-12 13:31:00]   No signal: BFLY [AI_smallcap]
[2026-03-12 13:31:00] Connected (client 80)
[2026-03-12 13:31:00]   Could not qualify option SMR 20260515 11.5P
[2026-03-12 13:31:00]   No suitable option found for SMR
[2026-03-12 14:30:57] Connected (client 81)
[2026-03-12 14:31:00]   No signal: JOBY [eVTOL]
[2026-03-12 14:31:00]   No signal: ACHR [eVTOL]
[2026-03-12 14:31:01]   No data: LILM
[2026-03-12 14:31:01]   No signal: IONQ [quantum]
[2026-03-12 14:31:01]   No signal: RGTI [quantum]
[2026-03-12 14:31:01]   No signal: QUBT [quantum]
[2026-03-12 14:31:01]   BEAR SIGNAL: SMR [nuclear] — score 3 — EMA stack bearish (10<21<50), 1M momentum -23%
[2026-03-12 14:31:01]   No signal: OKLO [nuclear]
[2026-03-12 14:31:01]   No signal: RKLB [space]
[2026-03-12 14:31:01]   No signal: LUNR [space]
[2026-03-12 14:31:01]   No signal: ASTS [space]
[2026-03-12 14:31:01]   No signal: DNA [biotech]
[2026-03-12 14:31:01]   No signal: CRSP [biotech]
[2026-03-12 14:31:02]   No signal: BEAM [biotech]
[2026-03-12 14:31:02]   No signal: BBAI [AI_smallcap]
[2026-03-12 14:31:02]   No signal: SOUN [AI_smallcap]
[2026-03-12 14:31:02]   No signal: BFLY [AI_smallcap]
[2026-03-12 14:31:02] Connected (client 80)
[2026-03-12 14:31:02]   Could not qualify option SMR 20260515 11.5P
[2026-03-12 14:31:02]   No suitable option found for SMR
[2026-03-12 15:30:59] Connected (client 81)
[2026-03-12 15:31:02]   No signal: JOBY [eVTOL]
[2026-03-12 15:31:02]   No signal: ACHR [eVTOL]
[2026-03-12 15:31:03]   No data: LILM
[2026-03-12 15:31:03]   No signal: IONQ [quantum]
[2026-03-12 15:31:03]   No signal: RGTI [quantum]
[2026-03-12 15:31:03]   No signal: QUBT [quantum]
[2026-03-12 15:31:03]   BEAR SIGNAL: SMR [nuclear] — score 3 — EMA stack bearish (10<21<50), 1M momentum -23%
[2026-03-12 15:31:03]   No signal: OKLO [nuclear]
[2026-03-12 15:31:03]   No signal: RKLB [space]
[2026-03-12 15:31:03]   No signal: LUNR [space]
[2026-03-12 15:31:03]   No signal: ASTS [space]
[2026-03-12 15:31:03]   No signal: DNA [biotech]
[2026-03-12 15:31:03]   No signal: CRSP [biotech]
[2026-03-12 15:31:03]   No signal: BEAM [biotech]
[2026-03-12 15:31:04]   No signal: BBAI [AI_smallcap]
[2026-03-12 15:31:04]   No signal: SOUN [AI_smallcap]
[2026-03-12 15:31:04]   No signal: BFLY [AI_smallcap]
[2026-03-12 15:31:04] Connected (client 80)
[2026-03-12 15:31:04]   Could not qualify option SMR 20260515 11.5P
[2026-03-12 15:31:04]   No suitable option found for SMR
[2026-03-13 09:31:28] Connected (client 81)
[2026-03-13 09:31:31]   No signal: JOBY [eVTOL]
[2026-03-13 09:31:31]   No signal: ACHR [eVTOL]
[2026-03-13 09:31:31]   No data: LILM
[2026-03-13 09:31:31]   No signal: IONQ [quantum]
[2026-03-13 09:31:31]   No signal: RGTI [quantum]
[2026-03-13 09:31:32]   No signal: QUBT [quantum]
[2026-03-13 09:31:32]   No signal: SMR [nuclear]
[2026-03-13 09:31:32]   No signal: OKLO [nuclear]
[2026-03-13 09:31:32]   No signal: RKLB [space]
[2026-03-13 09:31:32]   BULL SIGNAL: LUNR [space] — score 3 — EMA stack aligned (10>21>50), RSI recovering (50)
[2026-03-13 09:31:32]   No signal: ASTS [space]
[2026-03-13 09:31:32]   No signal: DNA [biotech]
[2026-03-13 09:31:32]   No signal: CRSP [biotech]
[2026-03-13 09:31:32]   No signal: BEAM [biotech]
[2026-03-13 09:31:32]   No signal: BBAI [AI_smallcap]
[2026-03-13 09:31:32]   No signal: SOUN [AI_smallcap]
[2026-03-13 09:31:33]   BULL SIGNAL: BFLY [AI_smallcap] — score 3 — EMA stack aligned (10>21>50), 1M momentum +20%
[2026-03-13 09:31:33] Connected (client 80)
[2026-03-13 09:31:33]   Found option: LUNR 20260515 $19.0C (63 DTE)
[2026-03-13 09:31:36] ENTERING LUNR [space]: 1x 20260515 $19.0C @ $2.90 ($290)
[2026-03-13 09:32:06]   ENTRY FAILED: Inactive
[2026-03-13 09:32:07] Connected (client 80)
[2026-03-13 09:32:07]   Found option: BFLY 20260717 $4.0C (126 DTE)
[2026-03-13 09:32:10] ENTERING BFLY [AI_smallcap]: 3x 20260717 $4.0C @ $0.81 ($243)
[2026-03-13 09:32:40]   ENTRY FAILED: Submitted
[2026-03-13 10:46:38] Connected (client 81)
[2026-03-13 10:46:41]   No signal: JOBY [eVTOL]
[2026-03-13 10:46:41]   No signal: ACHR [eVTOL]
[2026-03-13 10:46:41]   No data: LILM
[2026-03-13 10:46:41]   No signal: IONQ [quantum]
[2026-03-13 10:46:42]   No signal: RGTI [quantum]
[2026-03-13 10:46:42]   No signal: QUBT [quantum]
[2026-03-13 10:46:42]   No signal: SMR [nuclear]
[2026-03-13 10:46:42]   No signal: OKLO [nuclear]
[2026-03-13 10:46:42]   No signal: RKLB [space]
[2026-03-13 10:46:42]   No signal: LUNR [space]
[2026-03-13 10:46:42]   No signal: ASTS [space]
[2026-03-13 10:46:42]   No signal: DNA [biotech]
[2026-03-13 10:46:42]   No signal: CRSP [biotech]
[2026-03-13 10:46:42]   No signal: BEAM [biotech]
[2026-03-13 10:46:42]   No signal: BBAI [AI_smallcap]
[2026-03-13 10:46:43]   BEAR SIGNAL: SOUN [AI_smallcap] — score 3.5 — EMA stack bearish (10<21<50), MACD bearish crossover
[2026-03-13 10:46:43]   BULL SIGNAL: BFLY [AI_smallcap] — score 3 — EMA stack aligned (10>21>50), 1M momentum +24%
[2026-03-13 10:46:43] Connected (client 80)
[2026-03-13 10:46:43]   Found option: SOUN 20260515 $7.0P (63 DTE)
[2026-03-13 11:32:36] Connected (client 81)
[2026-03-13 11:32:40]   No signal: JOBY [eVTOL]
[2026-03-13 11:32:40]   No signal: ACHR [eVTOL]
[2026-03-13 11:32:40]   No data: LILM
[2026-03-13 11:32:40]   No signal: IONQ [quantum]
[2026-03-13 11:32:40]   No signal: RGTI [quantum]
[2026-03-13 11:32:40]   No signal: QUBT [quantum]
[2026-03-13 11:32:40]   No signal: SMR [nuclear]
[2026-03-13 11:32:40]   No signal: OKLO [nuclear]
[2026-03-13 11:32:41]   No signal: RKLB [space]
[2026-03-13 11:32:41]   No signal: LUNR [space]
[2026-03-13 11:32:41]   No signal: ASTS [space]
[2026-03-13 11:32:41]   No signal: DNA [biotech]
[2026-03-13 11:32:41]   No signal: CRSP [biotech]
[2026-03-13 11:32:41]   No signal: BEAM [biotech]
[2026-03-13 11:32:41]   No signal: BBAI [AI_smallcap]
[2026-03-13 11:32:41]   BEAR SIGNAL: SOUN [AI_smallcap] — score 3.5 — EMA stack bearish (10<21<50), MACD bearish crossover
[2026-03-13 11:32:41]   BULL SIGNAL: BFLY [AI_smallcap] — score 3 — EMA stack aligned (10>21>50), 1M momentum +23%
[2026-03-13 11:32:42] Connected (client 80)
[2026-03-13 11:32:42]   Found option: SOUN 20260515 $7.0P (63 DTE)
[2026-03-13 11:32:45] ENTERING SOUN [AI_smallcap]: 3x 20260515 $7.0P @ $0.80 ($240)
[2026-03-13 11:32:50]   FILLED: 3x SOUN 20260515 $7.0P @ $0.86
[2026-03-13 11:32:52] TRAILING STOP: SOUN $7.0P x3 | Trail $0.26 (30% of $0.86) | Status: PreSubmitted
[2026-03-13 11:32:53] Connected (client 80)
[2026-03-13 11:32:53]   Found option: BFLY 20260717 $4.0C (126 DTE)
[2026-03-13 13:31:20] Connected (client 81)
[2026-03-13 13:31:26]   No signal: JOBY [eVTOL]
[2026-03-13 13:31:27]   No signal: ACHR [eVTOL]
[2026-03-13 13:31:27]   No data: LILM
[2026-03-13 13:31:27]   No signal: IONQ [quantum]
[2026-03-13 13:31:27]   No signal: RGTI [quantum]
[2026-03-13 13:31:27]   No signal: QUBT [quantum]
[2026-03-13 13:31:27]   No signal: SMR [nuclear]
[2026-03-13 13:31:27]   No signal: OKLO [nuclear]
[2026-03-13 13:31:27]   No signal: RKLB [space]
[2026-03-13 13:31:27]   BULL SIGNAL: LUNR [space] — score 3 — EMA stack aligned (10>21>50), RSI recovering (48)
[2026-03-13 13:31:27]   No signal: ASTS [space]
[2026-03-13 13:31:27]   No signal: DNA [biotech]
[2026-03-13 13:31:27]   No signal: CRSP [biotech]
[2026-03-13 13:31:28]   No signal: BEAM [biotech]
[2026-03-13 13:31:28]   No signal: BBAI [AI_smallcap]
[2026-03-13 13:31:28]   No signal: SOUN [AI_smallcap]
[2026-03-13 13:31:28]   BULL SIGNAL: BFLY [AI_smallcap] — score 3 — EMA stack aligned (10>21>50), 1M momentum +21%
[2026-03-13 13:31:28] Connected (client 80)
[2026-03-13 13:31:29]   Could not qualify option LUNR 20260515 18.5C
[2026-03-13 13:31:29]   No suitable option found for LUNR
[2026-03-13 13:31:29] Connected (client 80)
[2026-03-13 13:31:29]   Found option: BFLY 20260717 $4.0C (126 DTE)
[2026-03-13 13:31:32] ENTERING BFLY [AI_smallcap]: 3x 20260717 $4.0C @ $0.81 ($243)
[2026-03-13 13:32:02]   ENTRY FAILED: Inactive
[2026-03-13 14:31:05] Connected (client 81)
[2026-03-13 14:31:11]   No signal: JOBY [eVTOL]
[2026-03-13 14:31:12]   No signal: ACHR [eVTOL]
[2026-03-13 14:31:12]   No data: LILM
[2026-03-13 14:31:12]   No signal: IONQ [quantum]
[2026-03-13 14:31:12]   No signal: RGTI [quantum]
[2026-03-13 14:31:12]   No signal: QUBT [quantum]
[2026-03-13 14:31:12]   No signal: SMR [nuclear]
[2026-03-13 14:31:12]   No signal: OKLO [nuclear]
[2026-03-13 14:31:12]   No signal: RKLB [space]
[2026-03-13 14:31:12]   BULL SIGNAL: LUNR [space] — score 3 — EMA stack aligned (10>21>50), RSI recovering (48)
[2026-03-13 14:31:12]   No signal: ASTS [space]
[2026-03-13 14:31:12]   No signal: DNA [biotech]
[2026-03-13 14:31:12]   No signal: CRSP [biotech]
[2026-03-13 14:31:13]   No signal: BEAM [biotech]
[2026-03-13 14:31:13]   No signal: BBAI [AI_smallcap]
[2026-03-13 14:31:13]   No signal: SOUN [AI_smallcap]
[2026-03-13 14:31:13]   BULL SIGNAL: BFLY [AI_smallcap] — score 3 — EMA stack aligned (10>21>50), 1M momentum +21%
[2026-03-13 14:31:13] Connected (client 80)
[2026-03-13 14:31:13]   Could not qualify option LUNR 20260515 18.5C
[2026-03-13 14:31:13]   No suitable option found for LUNR
[2026-03-13 14:31:14] Connected (client 80)
[2026-03-13 14:31:14]   Found option: BFLY 20260717 $4.0C (126 DTE)
[2026-03-13 14:31:17] ENTERING BFLY [AI_smallcap]: 3x 20260717 $4.0C @ $0.81 ($243)
[2026-03-13 14:31:47]   ENTRY FAILED: Inactive
[2026-03-16 11:31:23] Connected (client 81)
[2026-03-16 11:31:30]   No signal: JOBY [eVTOL]
[2026-03-16 11:31:30]   No signal: ACHR [eVTOL]
[2026-03-16 11:31:30]   No data: LILM
[2026-03-16 11:31:30]   No signal: IONQ [quantum]
[2026-03-16 11:31:30]   No signal: RGTI [quantum]
[2026-03-16 11:31:30]   No signal: QUBT [quantum]
[2026-03-16 11:31:30]   No signal: SMR [nuclear]
[2026-03-16 11:31:30]   No signal: OKLO [nuclear]
[2026-03-16 11:31:30]   No signal: RKLB [space]
[2026-03-16 11:31:31]   No signal: LUNR [space]
[2026-03-16 11:31:31]   No signal: ASTS [space]
[2026-03-16 11:31:31]   No signal: DNA [biotech]
[2026-03-16 11:31:31]   No signal: CRSP [biotech]
[2026-03-16 11:31:31]   No signal: BEAM [biotech]
[2026-03-16 11:31:31]   No signal: BBAI [AI_smallcap]
[2026-03-16 11:31:31]   No signal: SOUN [AI_smallcap]
[2026-03-16 11:31:31]   BULL SIGNAL: BFLY [AI_smallcap] — score 3 — EMA stack aligned (10>21>50), 1M momentum +26%
[2026-03-16 11:31:32] Connected (client 80)
[2026-03-16 11:31:32]   Found option: BFLY 20260717 $4.0C (123 DTE)
[2026-03-16 11:31:35] ENTERING BFLY [AI_smallcap]: 3x 20260717 $4.0C @ $0.89 ($267)
[2026-03-16 11:31:38]   FILLED: 3x BFLY 20260717 $4.0C @ $0.95
[2026-03-16 11:31:40] TRAILING STOP: BFLY $4.0C x3 | Trail $0.28 (30% of $0.95) | Status: PreSubmitted
