[2026-03-10 14:01:19] Trader5 — Sideways Put Spread Engine
[2026-03-10 14:01:19] Universe: SPY, QQQ, IWM, XLF, XLE, MSFT, AAPL, META
[2026-03-10 14:01:19] Capital: $10,000 | Max positions: 4 | ~$400/risk per spread
[2026-03-10 14:01:19] Scanning...
[2026-03-10 14:01:20]   No signal: SPY — Trending (ADX 25.6 >= 25)
[2026-03-10 14:01:20]   SIGNAL: QQQ — SIDEWAYS: ADX 16.3, RSI 54.0, BB 1.6%, HV 16.5%
[2026-03-10 14:01:20]   No signal: IWM — Trending (ADX 25.4 >= 25)
[2026-03-10 14:01:20]   No signal: XLF — Trending (ADX 39.8 >= 25)
[2026-03-10 14:01:20]   No signal: XLE — Trending (ADX 35.8 >= 25)
[2026-03-10 14:01:20]   SIGNAL: MSFT — SIDEWAYS: ADX 18.5, RSI 55.4, BB 3.5%, HV 22.9%
[2026-03-10 14:01:20]   SIGNAL: AAPL — SIDEWAYS: ADX 15.7, RSI 47.4, BB 4.3%, HV 29.6%
[2026-03-10 14:01:21]   No signal: META — Trending (ADX 26.1 >= 25)
[2026-03-10 14:01:21] Connected (client 50)
[2026-03-10 14:01:22]   Found spread: AAPL 20260325 $245.0/$250.0P (15 DTE)
[2026-03-10 14:02:17] Trader5 — Sideways Put Spread Engine
[2026-03-10 14:02:17] Universe: SPY, QQQ, IWM, XLF, XLE, MSFT, AAPL, META
[2026-03-10 14:02:17] Capital: $10,000 | Max positions: 4 | ~$400/risk per spread
[2026-03-10 14:02:17] Scanning...
[2026-03-10 14:02:17]   No signal: SPY — Trending (ADX 25.6 >= 25)
[2026-03-10 14:02:18]   SIGNAL: QQQ — SIDEWAYS: ADX 16.3, RSI 54.0, BB 1.6%, HV 16.5%
[2026-03-10 14:02:18]   No signal: IWM — Trending (ADX 25.4 >= 25)
[2026-03-10 14:02:18]   No signal: XLF — Trending (ADX 39.8 >= 25)
[2026-03-10 14:02:18]   No signal: XLE — Trending (ADX 35.8 >= 25)
[2026-03-10 14:02:18]   SIGNAL: MSFT — SIDEWAYS: ADX 18.5, RSI 55.5, BB 3.5%, HV 22.9%
[2026-03-10 14:02:18]   SIGNAL: AAPL — SIDEWAYS: ADX 15.7, RSI 47.1, BB 4.3%, HV 29.5%
[2026-03-10 14:02:19]   No signal: META — Trending (ADX 26.1 >= 25)
[2026-03-10 14:02:19] Connected (client 50)
[2026-03-10 14:02:19]   Found spread: AAPL 20260325 $245.0/$250.0P (15 DTE)
[2026-03-10 14:02:22]   Invalid spread math for AAPL (credit=nan, max_loss=nan)
[2026-03-10 14:02:23] Connected (client 50)
[2026-03-10 14:02:24]   Found spread: MSFT 20260325 $380.0/$385.0P (15 DTE)
[2026-03-10 14:02:27]   Invalid spread math for MSFT (credit=nan, max_loss=nan)
[2026-03-10 14:02:27] Connected (client 50)
[2026-03-10 14:02:28]   No suitable spread for QQQ
[2026-03-10 14:03:16] Trader5 — Sideways Put Spread Engine
[2026-03-10 14:03:16] Universe: SPY, QQQ, IWM, XLF, XLE, MSFT, AAPL, META
[2026-03-10 14:03:16] Capital: $10,000 | Max positions: 4 | ~$400/risk per spread
[2026-03-10 14:03:16] Scanning...
[2026-03-10 14:03:17]   No signal: SPY — Trending (ADX 25.6 >= 25)
[2026-03-10 14:03:17]   SIGNAL: QQQ — SIDEWAYS: ADX 16.3, RSI 54.0, BB 1.6%, HV 16.5%
[2026-03-10 14:03:17]   No signal: IWM — Trending (ADX 25.4 >= 25)
[2026-03-10 14:03:17]   No signal: XLF — Trending (ADX 39.8 >= 25)
[2026-03-10 14:03:17]   No signal: XLE — Trending (ADX 35.8 >= 25)
[2026-03-10 14:03:17]   SIGNAL: MSFT — SIDEWAYS: ADX 18.5, RSI 55.5, BB 3.5%, HV 22.9%
[2026-03-10 14:03:18]   SIGNAL: AAPL — SIDEWAYS: ADX 15.7, RSI 47.3, BB 4.3%, HV 29.6%
[2026-03-10 14:03:18]   No signal: META — Trending (ADX 26.1 >= 25)
[2026-03-10 14:03:18] Connected (client 50)
[2026-03-10 14:03:18]   Found spread: AAPL 20260325 $245.0/$250.0P (15 DTE)
[2026-03-10 14:03:23] ENTERING AAPL: 1x 20260325 $245.0/$250.0P credit $0.85 (max loss $4.15)
[2026-03-10 14:03:27]   FILLED: 1x AAPL put spread @ $-0.93 credit
[2026-03-10 14:03:28] Connected (client 50)
[2026-03-10 14:03:29]   Found spread: MSFT 20260325 $380.0/$385.0P (15 DTE)
[2026-03-10 14:03:34] ENTERING MSFT: 1x 20260325 $380.0/$385.0P credit $0.70 (max loss $4.30)
[2026-03-10 14:03:52]   FILLED: 1x MSFT put spread @ $-1.19 credit
[2026-03-10 14:03:53] Connected (client 50)
[2026-03-10 14:03:53]   No suitable spread for QQQ
[2026-03-10 14:30:22] Connected (client 51)
[2026-03-10 14:30:28]   No signal: SPY — Trending (ADX 25.6 >= 25)
[2026-03-10 14:30:28]   SIGNAL: QQQ — SIDEWAYS: ADX 16.3, RSI 52.5, BB 1.5%, HV 16.3%
[2026-03-10 14:30:28]   No signal: IWM — Trending (ADX 25.4 >= 25)
[2026-03-10 14:30:29]   No signal: XLF — Trending (ADX 39.8 >= 25)
[2026-03-10 14:30:29]   No signal: XLE — Trending (ADX 35.8 >= 25)
[2026-03-10 14:30:29]   No signal: META — Trending (ADX 26.1 >= 25)
[2026-03-10 14:30:29] Connected (client 50)
[2026-03-10 14:30:30]   No suitable spread for QQQ
[2026-03-10 15:30:22] Connected (client 51)
[2026-03-10 15:30:28]   No signal: SPY — Trending (ADX 25.6 >= 25)
[2026-03-10 15:30:28]   SIGNAL: QQQ — SIDEWAYS: ADX 16.3, RSI 51.1, BB 1.5%, HV 16.2%
[2026-03-10 15:30:28]   No signal: IWM — Trending (ADX 25.4 >= 25)
[2026-03-10 15:30:29]   No signal: XLF — Trending (ADX 39.8 >= 25)
[2026-03-10 15:30:29]   No signal: XLE — Trending (ADX 35.8 >= 25)
[2026-03-10 15:30:29]   No signal: META — Trending (ADX 26.1 >= 25)
[2026-03-10 15:30:29] Connected (client 50)
[2026-03-10 15:30:30]   No suitable spread for QQQ
[2026-03-10 20:47:34] Connected (client 51)
[2026-03-11 12:30:41] Connected (client 51)
[2026-03-11 12:30:41]   No signal: NVDA — Not near 52wk high (12.4% away, high=$212.18)
[2026-03-11 12:30:41]   No signal: AMZN — Not near 52wk high (17.7% away, high=$258.60)
[2026-03-11 12:30:41]   No signal: GOOGL — Not near 52wk high (11.4% away, high=$348.75)
[2026-03-11 12:30:41]   No signal: TSLA — Not near 52wk high (18.3% away, high=$498.83)
[2026-03-11 12:30:42]   No signal: NFLX — Not near 52wk high (28.7% away, high=$134.12)
[2026-03-11 12:30:42]   No signal: CRM — Not near 52wk high (34.7% away, high=$294.59)
[2026-03-11 12:30:42]   No signal: AVGO — Not near 52wk high (17.7% away, high=$413.82)
[2026-03-11 12:30:42]   No signal: AMD — Not near 52wk high (23.2% away, high=$267.08)
[2026-03-11 12:30:42]   No signal: SHOP — Not near 52wk high (29.5% away, high=$182.19)
[2026-03-11 12:30:43]   No signal: SQ — No data
[2026-03-11 13:30:27] Connected (client 51)
[2026-03-11 13:30:27]   No signal: NVDA — Not near 52wk high (12.5% away, high=$212.18)
[2026-03-11 13:30:27]   No signal: AMZN — Not near 52wk high (17.7% away, high=$258.60)
[2026-03-11 13:30:27]   No signal: GOOGL — Not near 52wk high (11.3% away, high=$348.75)
[2026-03-11 13:30:27]   No signal: TSLA — Not near 52wk high (18.2% away, high=$498.83)
[2026-03-11 13:30:27]   No signal: NFLX — Not near 52wk high (28.7% away, high=$134.12)
[2026-03-11 13:30:27]   No signal: CRM — Not near 52wk high (34.7% away, high=$294.59)
[2026-03-11 13:30:27]   No signal: AVGO — Not near 52wk high (17.6% away, high=$413.82)
[2026-03-11 13:30:28]   No signal: AMD — Not near 52wk high (23.1% away, high=$267.08)
[2026-03-11 13:30:28]   No signal: SHOP — Not near 52wk high (29.1% away, high=$182.19)
[2026-03-11 13:30:29]   No signal: SQ — No data
[2026-03-11 14:30:27] Connected (client 51)
[2026-03-11 14:30:27]   No signal: NVDA — Not near 52wk high (12.7% away, high=$212.18)
[2026-03-11 14:30:27]   No signal: AMZN — Not near 52wk high (17.9% away, high=$258.60)
[2026-03-11 14:30:27]   No signal: GOOGL — Not near 52wk high (11.5% away, high=$348.75)
[2026-03-11 14:30:28]   No signal: TSLA — Not near 52wk high (18.8% away, high=$498.83)
[2026-03-11 14:30:28]   No signal: NFLX — Not near 52wk high (29.1% away, high=$134.12)
[2026-03-11 14:30:28]   No signal: CRM — Not near 52wk high (34.6% away, high=$294.59)
[2026-03-11 14:30:28]   No signal: AVGO — Not near 52wk high (18.1% away, high=$413.82)
[2026-03-11 14:30:28]   No signal: AMD — Not near 52wk high (23.5% away, high=$267.08)
[2026-03-11 14:30:28]   No signal: SHOP — Not near 52wk high (29.4% away, high=$182.19)
[2026-03-11 14:30:29]   No signal: SQ — No data
[2026-03-11 15:30:27] Connected (client 51)
[2026-03-11 15:30:28]   No signal: NVDA — Not near 52wk high (12.7% away, high=$212.18)
[2026-03-11 15:30:28]   No signal: AMZN — Not near 52wk high (17.7% away, high=$258.60)
[2026-03-11 15:30:28]   No signal: GOOGL — Not near 52wk high (11.6% away, high=$348.75)
[2026-03-11 15:30:28]   No signal: TSLA — Not near 52wk high (18.5% away, high=$498.83)
[2026-03-11 15:30:28]   No signal: NFLX — Not near 52wk high (29.2% away, high=$134.12)
[2026-03-11 15:30:28]   No signal: CRM — Not near 52wk high (34.6% away, high=$294.59)
[2026-03-11 15:30:28]   No signal: AVGO — Not near 52wk high (17.7% away, high=$413.82)
[2026-03-11 15:30:28]   No signal: AMD — Not near 52wk high (23.6% away, high=$267.08)
[2026-03-11 15:30:28]   No signal: SHOP — Not near 52wk high (29.4% away, high=$182.19)
[2026-03-11 15:30:29]   No signal: SQ — No data
[2026-03-12 09:30:31] Connected (client 51)
[2026-03-12 09:30:31]   No signal: NVDA — Not near 52wk high (13.3% away, high=$212.17)
[2026-03-12 09:30:31]   No signal: AMZN — Not near 52wk high (18.9% away, high=$258.60)
[2026-03-12 09:30:31]   No signal: GOOGL — Not near 52wk high (12.1% away, high=$348.75)
[2026-03-12 09:30:31]   No signal: TSLA — Not near 52wk high (18.9% away, high=$498.83)
[2026-03-12 09:30:31]   No signal: NFLX — Not near 52wk high (29.3% away, high=$134.12)
[2026-03-12 09:30:31]   No signal: CRM — Not near 52wk high (34.4% away, high=$294.59)
[2026-03-12 09:30:32]   No signal: AVGO — Not near 52wk high (18.7% away, high=$413.82)
[2026-03-12 09:30:32]   No signal: AMD — Not near 52wk high (24.2% away, high=$267.08)
[2026-03-12 09:30:32]   No signal: SHOP — Not near 52wk high (29.7% away, high=$182.19)
[2026-03-12 09:30:33]   No signal: SQ — No data
[2026-03-12 10:30:28] Connected (client 51)
[2026-03-12 10:30:28]   No signal: NVDA — Not near 52wk high (14.2% away, high=$212.17)
[2026-03-12 10:30:29]   No signal: AMZN — Not near 52wk high (18.7% away, high=$258.60)
[2026-03-12 10:30:29]   No signal: GOOGL — Not near 52wk high (13.2% away, high=$348.75)
[2026-03-12 10:30:29]   No signal: TSLA — Not near 52wk high (19.9% away, high=$498.83)
[2026-03-12 10:30:29]   No signal: NFLX — Not near 52wk high (29.4% away, high=$134.12)
[2026-03-12 10:30:29]   No signal: CRM — Not near 52wk high (31.9% away, high=$294.59)
[2026-03-12 10:30:29]   No signal: AVGO — Not near 52wk high (19.2% away, high=$413.82)
[2026-03-12 10:30:29]   No signal: AMD — Not near 52wk high (25.7% away, high=$267.08)
[2026-03-12 10:30:29]   No signal: SHOP — Not near 52wk high (29.6% away, high=$182.19)
[2026-03-12 10:30:30]   No signal: SQ — No data
[2026-03-12 12:31:25] Connected (client 51)
[2026-03-12 12:31:25]   No signal: NVDA — Not near 52wk high (13.1% away, high=$212.17)
[2026-03-12 12:31:25]   No signal: AMZN — Not near 52wk high (19.0% away, high=$258.60)
[2026-03-12 12:31:25]   No signal: GOOGL — Not near 52wk high (13.1% away, high=$348.75)
[2026-03-12 12:31:25]   No signal: TSLA — Not near 52wk high (20.0% away, high=$498.83)
[2026-03-12 12:31:25]   No signal: NFLX — Not near 52wk high (29.9% away, high=$134.12)
[2026-03-12 12:31:26]   No signal: CRM — Not near 52wk high (32.2% away, high=$294.59)
[2026-03-12 12:31:26]   No signal: AVGO — Not near 52wk high (18.6% away, high=$413.82)
[2026-03-12 12:31:26]   No signal: AMD — Not near 52wk high (25.6% away, high=$267.08)
[2026-03-12 12:31:26]   No signal: SHOP — Not near 52wk high (30.5% away, high=$182.19)
[2026-03-12 12:31:27]   No signal: SQ — No data
[2026-03-12 13:30:23] Connected (client 51)
[2026-03-12 13:30:23]   No signal: NVDA — Not near 52wk high (13.4% away, high=$212.17)
[2026-03-12 13:30:23]   No signal: AMZN — Not near 52wk high (18.7% away, high=$258.60)
[2026-03-12 13:30:23]   No signal: GOOGL — Not near 52wk high (12.9% away, high=$348.75)
[2026-03-12 13:30:23]   No signal: TSLA — Not near 52wk high (19.8% away, high=$498.83)
[2026-03-12 13:30:23]   No signal: NFLX — Not near 52wk high (29.4% away, high=$134.12)
[2026-03-12 13:30:23]   No signal: CRM — Not near 52wk high (32.1% away, high=$294.59)
[2026-03-12 13:30:24]   No signal: AVGO — Not near 52wk high (18.4% away, high=$413.82)
[2026-03-12 13:30:24]   No signal: AMD — Not near 52wk high (25.6% away, high=$267.08)
[2026-03-12 13:30:24]   No signal: SHOP — Not near 52wk high (30.4% away, high=$182.19)
[2026-03-12 13:30:25]   No signal: SQ — No data
[2026-03-12 14:30:24] Connected (client 51)
[2026-03-12 14:30:24]   No signal: NVDA — Not near 52wk high (13.5% away, high=$212.17)
[2026-03-12 14:30:24]   No signal: AMZN — Not near 52wk high (18.9% away, high=$258.60)
[2026-03-12 14:30:24]   No signal: GOOGL — Not near 52wk high (12.7% away, high=$348.75)
[2026-03-12 14:30:24]   No signal: TSLA — Not near 52wk high (20.3% away, high=$498.83)
[2026-03-12 14:30:25]   No signal: NFLX — Not near 52wk high (29.3% away, high=$134.12)
[2026-03-12 14:30:25]   No signal: CRM — Not near 52wk high (32.6% away, high=$294.59)
[2026-03-12 14:30:25]   No signal: AVGO — Not near 52wk high (18.3% away, high=$413.82)
[2026-03-12 14:30:25]   No signal: AMD — Not near 52wk high (25.8% away, high=$267.08)
[2026-03-12 14:30:25]   No signal: SHOP — Not near 52wk high (30.5% away, high=$182.19)
[2026-03-12 14:30:26]   No signal: SQ — No data
[2026-03-12 15:30:27] Connected (client 51)
[2026-03-12 15:30:27]   No signal: NVDA — Not near 52wk high (13.5% away, high=$212.17)
[2026-03-12 15:30:27]   No signal: AMZN — Not near 52wk high (18.9% away, high=$258.60)
[2026-03-12 15:30:27]   No signal: GOOGL — Not near 52wk high (12.6% away, high=$348.75)
[2026-03-12 15:30:27]   No signal: TSLA — Not near 52wk high (20.2% away, high=$498.83)
[2026-03-12 15:30:27]   No signal: NFLX — Not near 52wk high (29.4% away, high=$134.12)
[2026-03-12 15:30:27]   No signal: CRM — Not near 52wk high (32.6% away, high=$294.59)
[2026-03-12 15:30:28]   No signal: AVGO — Not near 52wk high (18.6% away, high=$413.82)
[2026-03-12 15:30:28]   No signal: AMD — Not near 52wk high (25.7% away, high=$267.08)
[2026-03-12 15:30:28]   No signal: SHOP — Not near 52wk high (30.7% away, high=$182.19)
[2026-03-12 15:30:29]   No signal: SQ — No data
[2026-03-13 09:30:54] Connected (client 51)
[2026-03-13 09:30:54]   No signal: NVDA — Not near 52wk high (12.7% away, high=$212.17)
[2026-03-13 09:30:55]   No signal: AMZN — Not near 52wk high (19.0% away, high=$258.60)
[2026-03-13 09:30:55]   No signal: GOOGL — Not near 52wk high (11.9% away, high=$348.75)
[2026-03-13 09:30:55]   No signal: TSLA — Not near 52wk high (20.1% away, high=$498.83)
[2026-03-13 09:30:55]   No signal: NFLX — Not near 52wk high (29.3% away, high=$134.12)
[2026-03-13 09:30:55]   No signal: CRM — Not near 52wk high (32.7% away, high=$294.59)
[2026-03-13 09:30:55]   No signal: AVGO — Not near 52wk high (18.6% away, high=$413.82)
[2026-03-13 09:30:55]   No signal: AMD — Not near 52wk high (26.2% away, high=$267.08)
[2026-03-13 09:30:55]   No signal: SHOP — Not near 52wk high (30.9% away, high=$182.19)
[2026-03-13 09:30:56]   No signal: SQ — No data
[2026-03-13 10:46:04] Connected (client 51)
[2026-03-13 10:46:05]   No signal: NVDA — Not near 52wk high (13.8% away, high=$212.17)
[2026-03-13 10:46:05]   No signal: AMZN — Not near 52wk high (19.1% away, high=$258.60)
[2026-03-13 10:46:05]   No signal: GOOGL — Not near 52wk high (12.3% away, high=$348.75)
[2026-03-13 10:46:05]   No signal: TSLA — Not near 52wk high (20.9% away, high=$498.83)
[2026-03-13 10:46:05]   No signal: NFLX — Not near 52wk high (29.1% away, high=$134.12)
[2026-03-13 10:46:05]   No signal: CRM — Not near 52wk high (33.3% away, high=$294.59)
[2026-03-13 10:46:05]   No signal: AVGO — Not near 52wk high (20.1% away, high=$413.82)
[2026-03-13 10:46:05]   No signal: AMD — Not near 52wk high (26.7% away, high=$267.08)
[2026-03-13 10:46:06]   No signal: SHOP — Not near 52wk high (30.7% away, high=$182.19)
[2026-03-13 10:46:07]   No signal: SQ — No data
[2026-03-13 11:31:41] Connected (client 51)
[2026-03-13 11:31:41]   No signal: NVDA — Not near 52wk high (14.2% away, high=$212.17)
[2026-03-13 11:31:42]   No signal: AMZN — Not near 52wk high (19.5% away, high=$258.60)
[2026-03-13 11:31:42]   No signal: GOOGL — Not near 52wk high (12.8% away, high=$348.75)
[2026-03-13 11:31:42]   No signal: TSLA — Not near 52wk high (21.0% away, high=$498.83)
[2026-03-13 11:31:42]   No signal: NFLX — Not near 52wk high (29.3% away, high=$134.12)
[2026-03-13 11:31:42]   No signal: CRM — Not near 52wk high (34.4% away, high=$294.59)
[2026-03-13 11:31:42]   No signal: AVGO — Not near 52wk high (21.2% away, high=$413.82)
[2026-03-13 11:31:42]   No signal: AMD — Not near 52wk high (27.1% away, high=$267.08)
[2026-03-13 11:31:42]   No signal: SHOP — Not near 52wk high (32.1% away, high=$182.19)
[2026-03-13 11:31:43]   No signal: SQ — No data
[2026-03-13 13:30:49] Connected (client 51)
[2026-03-13 13:30:49]   No signal: NVDA — Not near 52wk high (14.5% away, high=$212.17)
[2026-03-13 13:30:49]   No signal: AMZN — Not near 52wk high (20.0% away, high=$258.60)
[2026-03-13 13:30:50]   No signal: GOOGL — Not near 52wk high (13.5% away, high=$348.75)
[2026-03-13 13:30:50]   No signal: TSLA — Not near 52wk high (20.8% away, high=$498.83)
[2026-03-13 13:30:50]   No signal: NFLX — Not near 52wk high (29.5% away, high=$134.12)
[2026-03-13 13:30:50]   No signal: CRM — Not near 52wk high (34.4% away, high=$294.59)
[2026-03-13 13:30:50]   No signal: AVGO — Not near 52wk high (21.6% away, high=$413.82)
[2026-03-13 13:30:50]   No signal: AMD — Not near 52wk high (27.4% away, high=$267.08)
[2026-03-13 13:30:50]   No signal: SHOP — Not near 52wk high (32.6% away, high=$182.19)
[2026-03-13 13:30:51]   No signal: SQ — No data
[2026-03-13 14:30:34] Connected (client 51)
[2026-03-13 14:30:34]   No signal: NVDA — Not near 52wk high (15.0% away, high=$212.17)
[2026-03-13 14:30:35]   No signal: AMZN — Not near 52wk high (19.6% away, high=$258.60)
[2026-03-13 14:30:35]   No signal: GOOGL — Not near 52wk high (13.4% away, high=$348.75)
[2026-03-13 14:30:35]   No signal: TSLA — Not near 52wk high (21.2% away, high=$498.83)
[2026-03-13 14:30:35]   No signal: NFLX — Not near 52wk high (29.4% away, high=$134.12)
[2026-03-13 14:30:35]   No signal: CRM — Not near 52wk high (34.3% away, high=$294.59)
[2026-03-13 14:30:35]   No signal: AVGO — Not near 52wk high (21.7% away, high=$413.82)
[2026-03-13 14:30:35]   No signal: AMD — Not near 52wk high (27.6% away, high=$267.08)
[2026-03-13 14:30:35]   No signal: SHOP — Not near 52wk high (33.3% away, high=$182.19)
[2026-03-13 14:30:36]   No signal: SQ — No data
[2026-03-16 11:30:36] Connected (client 51)
[2026-03-16 11:30:36]   No signal: NVDA — Not near 52wk high (12.9% away, high=$212.17)
[2026-03-16 11:30:36]   No signal: AMZN — Not near 52wk high (19.0% away, high=$258.60)
[2026-03-16 11:30:37]   No signal: GOOGL — Not near 52wk high (12.7% away, high=$348.75)
[2026-03-16 11:30:37]   No signal: TSLA — Not near 52wk high (19.7% away, high=$498.83)
[2026-03-16 11:30:37]   No signal: NFLX — Not near 52wk high (29.0% away, high=$134.12)
[2026-03-16 11:30:37]   No signal: CRM — Not near 52wk high (32.8% away, high=$294.59)
[2026-03-16 11:30:37]   No signal: AVGO — Not near 52wk high (20.6% away, high=$413.82)
[2026-03-16 11:30:37]   No signal: AMD — Not near 52wk high (25.1% away, high=$267.08)
[2026-03-16 11:30:37]   No signal: SHOP — Not near 52wk high (30.5% away, high=$182.19)
[2026-03-16 11:30:38]   No signal: SQ — No data
