[Truth 2026-03-23 14:49:03] ==================================================
[Truth 2026-03-23 14:49:03] Starting Truth Social scan
[Truth 2026-03-23 14:49:03] Fetched 21 posts from last 24h (total archive: 32192)
[Truth 2026-03-23 14:49:03] Market-relevant posts: 8 of 21
[Truth 2026-03-23 14:49:16] Intel saved to /Users/eddiemae/rudy/data/truth_intel.json
[Truth 2026-03-23 14:49:16] TRUTH SOCIAL INTELLIGENCE
Impact: MIXED
Urgency: THIS_WEEK
Posts: 8 market-relevant / 21 total

President Trump's recent Truth Social posts indicate a strong stance against the current administration's border policies and a desire for a resolution with Iran. He expresses opposition to certain Democratic proposals, particularly concerning ICE funding, and highlights concerns about taxpayer money being used for childcare funds tied to a controversial event. While not explicitly detailing tarif

HIGH IMPACT POSTS:
  [BULLISH] Trump reports highly productive conversations with Iran leading to a postponement of military strikes against Iranian power plants and energy infrastr
    Tickers: CCJ, UEC, XOM, CVX, OXY
    Action: Consider long positions in energy stocks due to reduced geopolitical risk in the Middle East. Watch 

TRADING SIGNALS:
  CCJ -> BUY — Postponement of military strikes against Iran's energy infrastructure reduces geopolitical risk, whi
  UEC -> BUY — Similar to CCJ, reduced geopolitical tension in the Middle East is a positive catalyst for energy se

X REACTION: BULLISH
  Traders on X are largely optimistic due to Trump's post about productive conversations with Iran, seeing it as a potential de-escalation in Middle Eas
  Consensus: X consensus leans toward a risk-on approach, with many suggesting long positions in broad market ETF

Sectors hit: energy, government services, border security, geopolitics, government spending, taxation, childcare services, immigration enforcement
[Truth 2026-03-23 14:49:17] Truth Social scan complete
[Truth 2026-03-23 14:49:17] ==================================================
