[2026-03-11 11:25:52] ==================================================
[2026-03-11 11:25:52] Starting Truth Social scan
[2026-03-11 11:25:52] Fetched 28 posts from last 24h (total archive: 32024)
[2026-03-11 11:25:52] Market-relevant posts: 13 of 28
[2026-03-11 11:26:04] Intel saved to /Users/eddiemae/rudy/data/truth_intel.json
[2026-03-11 11:26:04] TRUTH SOCIAL INTELLIGENCE
Impact: MIXED
Urgency: IMMEDIATE
Posts: 13 market-relevant / 28 total

President Trump's recent Truth Social posts highlight a strong focus on "America First" energy policy, with a significant announcement of a new oil refinery deal with India's Reliance. He also expresses strong opinions on political figures and congressional races, indirectly impacting sentiment around certain Republican candidates.  Geopolitical tensions with Iran are also a theme, with a stern wa

HIGH IMPACT POSTS:
  [BULLISH] Announces the opening of the FIRST new U.S. Oil Refinery in 50 years in Brownsville, Texas, a $300 billion deal with India's Reliance, calling it a "H
    Tickers: XOM, CVX, OXY, CCJ, UEC
    Action: Consider increasing exposure to the energy sector, particularly integrated oil and gas companies and

TRADING SIGNALS:
  XOM -> BUY — Directly benefits from the "REAL ENERGY DOMINANCE" theme and the announcement of a major new oil ref
  CVX -> BUY — Similar to XOM, benefits from the strong emphasis on energy dominance and new refining capacity.

X REACTION: BULLISH
  Traders on X are largely positive about Trump's posts, especially regarding his endorsements of Clay Fuller and criticism of political opponents like 
  Consensus: The consensus on X seems to be buying $DJT on the back of Trump’s active posting and political endor

Sectors hit: Energy, Defense, Geopolitical Risk Sensitive Sectors, Political Sentiment
[2026-03-11 11:26:05] Truth Social scan complete
[2026-03-11 11:26:05] ==================================================
[2026-03-11 11:30:06] ==================================================
[2026-03-11 11:30:06] Starting Truth Social scan
[2026-03-11 11:30:06] Fetched 28 posts from last 24h (total archive: 32024)
[2026-03-11 11:30:06] Market-relevant posts: 13 of 28
[2026-03-11 11:30:06] Intel saved to /Users/eddiemae/rudy/data/truth_intel.json
[2026-03-11 11:30:06] TRUTH SOCIAL INTELLIGENCE
Impact: NEUTRAL
Urgency: BACKGROUND
Posts: 13 market-relevant / 28 total



[2026-03-11 11:30:07] Truth Social scan complete
[2026-03-11 11:30:07] ==================================================
[2026-03-11 12:32:04] ==================================================
[2026-03-11 12:32:04] Starting Truth Social scan
[2026-03-11 12:32:04] Fetched 28 posts from last 24h (total archive: 32024)
[2026-03-11 12:32:04] Market-relevant posts: 13 of 28
[2026-03-11 12:32:04] Intel saved to /Users/eddiemae/rudy/data/truth_intel.json
[2026-03-11 12:32:04] TRUTH SOCIAL INTELLIGENCE
Impact: NEUTRAL
Urgency: BACKGROUND
Posts: 13 market-relevant / 28 total



[2026-03-11 12:32:05] Truth Social scan complete
[2026-03-11 12:32:05] ==================================================
[2026-03-11 13:30:59] ==================================================
[2026-03-11 13:30:59] Starting Truth Social scan
[2026-03-11 13:30:59] Fetched 28 posts from last 24h (total archive: 32024)
[2026-03-11 13:30:59] Market-relevant posts: 13 of 28
[2026-03-11 13:30:59] Intel saved to /Users/eddiemae/rudy/data/truth_intel.json
[2026-03-11 13:30:59] TRUTH SOCIAL INTELLIGENCE
Impact: NEUTRAL
Urgency: BACKGROUND
Posts: 13 market-relevant / 28 total



[2026-03-11 13:31:00] Truth Social scan complete
[2026-03-11 13:31:00] ==================================================
[2026-03-11 14:36:56] ==================================================
[2026-03-11 14:36:56] Starting Truth Social scan
[2026-03-11 14:36:57] Fetched 29 posts from last 24h (total archive: 32026)
[2026-03-11 14:36:57] Market-relevant posts: 14 of 29
[2026-03-11 14:37:09] Intel saved to /Users/eddiemae/rudy/data/truth_intel.json
[2026-03-11 14:37:09] TRUTH SOCIAL INTELLIGENCE
Impact: MIXED
Urgency: TODAY
Posts: 14 market-relevant / 29 total

President Trump's recent Truth Social posts highlight a strong focus on 'America First' trade policies, emphasizing tariffs as a tool to protect domestic industries and bring manufacturing jobs back to the U.S. He celebrated a significant investment in a U.S. pharmaceutical manufacturing company, attributing it to his trade policies. Additionally, he announced a historic deal for the first new U.S

HIGH IMPACT POSTS:
  [BULLISH] Trump highlights Thermo Fisher's $2 billion investment in U.S. manufacturing, attributing it to his 'America First Trade Policies' and 'TARIFFS' that 
    Tickers: TMO
    Action: Consider long positions in domestic manufacturing and pharmaceutical companies that benefit from pro
  [BULLISH] Trump announces the opening of the first new U.S. Oil Refinery in 50 years in Brownsville, Texas, calling it a '$300 BILLION DOLLAR DEAL' and a 'MASSI
    Tickers: XOM, CVX, OXY, Reliance Industries (India)
    Action: Look for opportunities in U.S. energy infrastructure and refining companies, as well as companies in

TRADING SIGNALS:
  TMO -> BUY — Trump explicitly credits his 'America First Trade Policies' and 'TARIFFS' for Thermo Fisher's signif
  XOM -> BUY — The announcement of a historic $300 billion deal for a new U.S. oil refinery, framed as a massive wi

TARIFF ALERT: Trump explicitly states that his 'America First Trade Policies,' most specifically 'TARIFFS,' charge other Countries for access to U.S. Markets while 
  Winners: Domestic manufacturers (e.g., Thermo Fisher), Industries benefiting from import protection
  Losers: Importers, Foreign companies seeking access to U.S. markets

X REACTION: BULLISH
  Traders on X are largely positive about Trump's tariff and trade policy comments, especially regarding the $2B investment by Thermo Fisher in Ohio. Ma
  Consensus: The consensus on X seems to be leaning toward bullish plays on US manufacturing and pharma ETFs like

Sectors hit: Pharmaceuticals, Manufacturing, Energy, Oil & Gas, Defense, International Trade
[2026-03-11 14:37:10] Truth Social scan complete
[2026-03-11 14:37:10] ==================================================
[2026-03-11 14:52:06] ==================================================
[2026-03-11 14:52:06] Starting Truth Social scan
[2026-03-11 14:52:06] Fetched 29 posts from last 24h (total archive: 32026)
[2026-03-11 14:52:06] Market-relevant posts: 14 of 29
[2026-03-11 14:52:06] Intel saved to /Users/eddiemae/rudy/data/truth_intel.json
[2026-03-11 14:52:06] TRUTH SOCIAL INTELLIGENCE
Impact: NEUTRAL
Urgency: BACKGROUND
Posts: 14 market-relevant / 29 total



[2026-03-11 14:52:07] Truth Social scan complete
[2026-03-11 14:52:07] ==================================================
[2026-03-11 15:36:25] ==================================================
[2026-03-11 15:36:25] Starting Truth Social scan
[2026-03-11 15:36:26] Fetched 29 posts from last 24h (total archive: 32026)
[2026-03-11 15:36:26] Market-relevant posts: 14 of 29
[2026-03-11 15:36:39] Intel saved to /Users/eddiemae/rudy/data/truth_intel.json
[2026-03-11 15:36:39] TRUTH SOCIAL INTELLIGENCE
Impact: MIXED
Urgency: TODAY
Posts: 14 market-relevant / 29 total

President Trump's recent Truth Social posts highlight a strong focus on 'America First' trade policies, particularly emphasizing tariffs as a tool to protect domestic industries and bring manufacturing jobs back to the U.S. He celebrated a significant investment in U.S. pharmaceutical manufacturing and announced a historic deal for a new oil refinery, signaling a bullish outlook for domestic energ

HIGH IMPACT POSTS:
  [BULLISH] Trump announced a $2 Billion investment by Thermo Fisher in U.S. pharmaceutical manufacturing, attributing it to his 'America First Trade Policies' an
    Tickers: TMO
    Action: Consider long positions in domestic pharmaceutical and manufacturing companies that benefit from pro
  [BULLISH] Trump announced the opening of the first new U.S. Oil Refinery in 50 years in Brownsville, Texas, calling it a '$300 Billion Dollar Deal' and a 'MASSI
    Tickers: XOM, CVX, OXY, CCJ, UEC
    Action: Long positions in U.S. energy companies, particularly those involved in refining and domestic produc

TRADING SIGNALS:
  TMO -> BUY — Direct mention of a significant investment in U.S. manufacturing by Thermo Fisher, explicitly linked
  XOM -> BUY — Announcement of a major new U.S. oil refinery and emphasis on 'REAL ENERGY DOMINANCE' suggests a bul

TARIFF ALERT: Trump explicitly states his 'America First Trade Policies,' specifically 'TARIFFS, which charge other Countries for access to our Markets while protec
  Winners: Domestic manufacturers, Industries that benefit from import protection
  Losers: Importers, Companies reliant on foreign supply chains without domestic alternatives

X REACTION: BULLISH
  Traders on X are largely positive about Trump's tariff and trade policy comments, especially regarding the $2B investment by Thermo Fisher in Ohio. Ma
  Consensus: X sentiment leans toward going long on US industrials ($XLI) and healthcare/pharma ($XLV) ETFs, with

Sectors hit: Pharmaceuticals, Manufacturing, Energy, Oil & Gas, Defense, Geopolitics
[2026-03-11 15:36:39] Truth Social scan complete
[2026-03-11 15:36:39] ==================================================
[2026-03-11 16:09:59] ==================================================
[2026-03-11 16:09:59] Starting Truth Social scan
[2026-03-11 16:09:59] Fetched 27 posts from last 24h (total archive: 32026)
[2026-03-11 16:09:59] Market-relevant posts: 12 of 27
[2026-03-11 16:10:11] Intel saved to /Users/eddiemae/rudy/data/truth_intel.json
[2026-03-11 16:10:11] TRUTH SOCIAL INTELLIGENCE
Impact: MIXED
Urgency: TODAY
Posts: 12 market-relevant / 27 total

President Trump's recent Truth Social posts highlight a strong emphasis on 'America First' trade policies, particularly through tariffs, aimed at bolstering domestic manufacturing and energy independence. He celebrated a significant $300 billion deal for a new U.S. oil refinery with Indian partners, signaling a bullish outlook for the energy sector. The posts also indicate a potential focus on pha

HIGH IMPACT POSTS:
  [BULLISH] Trump announces the opening of the first new U.S. oil refinery in 50 years in Brownsville, Texas, calling it a 'HISTORIC $300 BILLION DOLLAR DEAL' and
    Tickers: XOM, CVX, OXY, Reliance Industries (RELIANCE.NS)
    Action: This signals strong support for the U.S. oil and gas sector. Consider long positions in major U.S. o

TRADING SIGNALS:
  XOM -> BUY — The announcement of a massive new U.S. oil refinery deal, framed as a 'HISTORIC' win for American en
  CVX -> BUY — Similar to XOM, Chevron is a major beneficiary of a resurgent U.S. energy sector, as signaled by the

X REACTION: BULLISH
  Traders on X are largely positive about Trump's tariff and trade policy mentions, especially regarding Thermo Fisher’s $2B investment in Ohio. Many se
  Consensus: X consensus leans toward going long on US manufacturing and pharma stocks (e.g., XPH, IWM for small-

Sectors hit: pharmaceuticals, manufacturing, energy, oil & gas, international trade
[2026-03-11 16:10:11] Truth Social scan complete
[2026-03-11 16:10:11] ==================================================
[2026-03-11 19:05:03] ==================================================
[2026-03-11 19:05:03] Starting Truth Social scan
[2026-03-11 19:05:03] Fetched 24 posts from last 24h (total archive: 32027)
[2026-03-11 19:05:03] Market-relevant posts: 11 of 24
[2026-03-11 19:05:13] Intel saved to /Users/eddiemae/rudy/data/truth_intel.json
[2026-03-11 19:05:13] TRUTH SOCIAL INTELLIGENCE
Impact: MIXED
Urgency: TODAY
Posts: 11 market-relevant / 24 total

President Trump's recent Truth Social posts highlight a strong emphasis on 'America First' trade policies, particularly through the use of tariffs to protect domestic industries and encourage U.S. manufacturing. He specifically praised Thermo Fisher for its investment in U.S. production, attributing it to his tariff policies. The posts also feature strong endorsements of political candidates and c

HIGH IMPACT POSTS:
  [BULLISH] Trump visited Thermo Fisher in Ohio, praising their $2 billion investment in U.S. manufacturing and attributing it to his 'America First Trade Policie
    Tickers: TMO
    Action: Consider long positions in TMO and other domestic pharmaceutical manufacturers benefiting from prote

TRADING SIGNALS:
  TMO -> BUY — Trump explicitly credits his tariff policies for Thermo Fisher's significant investment in U.S. manu

TARIFF ALERT: Trump reiterates his support for tariffs as a tool to 'charge other Countries for access to our Markets while protecting our important Industries, and
  Winners: Domestic manufacturers (e.g., Thermo Fisher) and industries that benefit from protection.
  Losers: Foreign companies exporting to the U.S. and potentially U.S. consumers facing higher prices.

X REACTION: BULLISH
  Traders on X are largely optimistic about Trump's tariff and trade policy comments, especially regarding the $2B investment by Thermo Fisher in Ohio. 
  Consensus: The consensus on X appears to be leaning toward long positions in US manufacturing and pharma stocks

Sectors hit: Pharmaceuticals, Manufacturing, Energy, Defense, Technology (indirectly through trade policy)
[2026-03-11 19:05:14] Truth Social scan complete
[2026-03-11 19:05:14] ==================================================
[2026-03-12 07:12:59] Quick scan: MSTR
[2026-03-12 07:13:00] Fetched 16 posts from last 24h (total archive: 32032)
[2026-03-12 07:27:25] Quick scan: bitcoin
[2026-03-12 07:27:25] Fetched 15 posts from last 24h (total archive: 32032)
[2026-03-12 07:51:07] Quick scan: bitcoin
[2026-03-12 07:51:07] Fetched 14 posts from last 24h (total archive: 32032)
[2026-03-12 07:57:13] Quick scan: tariffs
[2026-03-12 07:57:14] Fetched 14 posts from last 24h (total archive: 32032)
[2026-03-12 07:58:18] Quick scan: tariffs
[2026-03-12 07:58:29] Quick scan: tariffs
[2026-03-12 07:59:09] Quick scan: tariffs
[2026-03-12 07:59:35] Quick scan: tariffs
[2026-03-12 08:01:46] Quick scan: bitcoin
[2026-03-12 08:02:34] Quick scan: stocks
[2026-03-12 08:03:37] Quick scan: tariffs
[2026-03-12 08:04:27] Quick scan: stocks
[2026-03-12 08:07:19] ==================================================
[2026-03-12 08:07:19] Starting Truth Social scan
[2026-03-12 08:07:19] Fetched 14 posts from last 24h (total archive: 32032)
[2026-03-12 08:07:19] Market-relevant posts: 9 of 14
[2026-03-12 08:07:31] Intel saved to /Users/eddiemae/rudy/data/truth_intel.json
[2026-03-12 08:07:31] TRUTH SOCIAL INTELLIGENCE
Impact: MIXED
Urgency: TODAY
Posts: 9 market-relevant / 14 total

President Trump's recent Truth Social posts highlight a strong emphasis on "America First" trade policies, particularly the use of tariffs to protect domestic industries and encourage "MADE IN THE U.S.A." production. He explicitly mentions "TARIFFS" as a driver for Thermo Fisher's $2 billion investment in U.S. manufacturing. The posts also consistently advocate for "Energy DOMINANCE," "Cut Taxes a

HIGH IMPACT POSTS:
  [BULLISH] Trump states that Thermo Fisher's $2 billion investment in U.S. manufacturing and job creation is due to his "America First Trade Policies, most speci
    Tickers: TMO
    Action: Consider long positions in domestic manufacturers benefiting from protectionist policies.

TRADING SIGNALS:
  TMO -> BUY — Direct mention of Thermo Fisher benefiting from Trump's tariff policies and "America First" trade in

TARIFF ALERT: Trump explicitly states that his "America First Trade Policies, most specifically TARIFFS, which charge other Countries for access to our Markets whil
  Winners: Domestic manufacturers (e.g., Thermo Fisher), Industries seeking protection
  Losers: Foreign competitors seeking access to US markets, Industries reliant on imported goods that may face higher costs

X REACTION: MIXED
  Traders on X are split on Trump's recent Truth Social posts. Some are hyped about his energy dominance and tax cut rhetoric, seeing it as bullish for 
  Consensus: X sentiment leans toward going long on traditional energy stocks like $XOM and $CVX due to Trump's '

Sectors hit: Pharmaceuticals, Manufacturing, Energy, Agriculture, Trade, Automotive (EVs) - indirectly through political commentary
[2026-03-12 08:07:32] Truth Social scan complete
[2026-03-12 08:07:32] ==================================================
[2026-03-12 08:34:28] Quick scan: bitcoin
[2026-03-12 08:35:27] Quick scan: tariffs
[2026-03-12 08:35:56] Quick scan: tariffs
[2026-03-12 08:38:41] Quick scan: bitcoin
[2026-03-12 09:38:37] ==================================================
[2026-03-12 09:38:37] Starting Truth Social scan
[2026-03-12 09:38:37] Fetched 14 posts from last 24h (total archive: 32032)
[2026-03-12 09:38:37] Market-relevant posts: 9 of 14
[2026-03-12 09:38:52] Intel saved to /Users/eddiemae/rudy/data/truth_intel.json
[2026-03-12 09:38:52] TRUTH SOCIAL INTELLIGENCE
Impact: MIXED
Urgency: TODAY
Posts: 9 market-relevant / 14 total

President Trump's recent Truth Social posts highlight a strong emphasis on "America First" trade policies, particularly the use of tariffs to protect domestic industries and encourage onshoring. He celebrates companies like Thermo Fisher for investing in U.S. manufacturing due to these policies. There's also a consistent theme of cutting taxes and regulations to stimulate economic growth, with end

HIGH IMPACT POSTS:
  [BULLISH] Trump visited Thermo Fisher, a pharmaceutical company investing $2 billion in U.S. manufacturing, attributing this to his "America First Trade Policie
    Tickers: TMO
    Action: Consider long positions in domestic manufacturing and pharmaceutical companies that benefit from pro

TRADING SIGNALS:
  TMO -> BUY — Direct mention of Thermo Fisher benefiting from Trump's tariffs and "America First" policies, leadin

TARIFF ALERT: Trump explicitly states his "America First Trade Policies," specifically mentioning "TARIFFS, which charge other Countries for access to our Markets w
  Winners: Domestic manufacturers, Pharmaceutical companies, Industries benefiting from protectionism
  Losers: Importers, Companies reliant on foreign supply chains, Countries subject to tariffs

X REACTION: BULLISH
  Traders on X are largely optimistic about Trump's posts, especially regarding tax cuts, deregulation, and energy dominance. Many are interpreting his 
  Consensus: X traders seem to lean toward buying energy stocks (e.g., $XLE, $OXY) and broad market ETFs like $DI

Sectors hit: pharmaceuticals, manufacturing, trade, energy, agriculture, automotive, general economy
[2026-03-12 09:38:53] Truth Social scan complete
[2026-03-12 09:38:53] ==================================================
[2026-03-12 10:18:40] Quick scan: tarrifs
[2026-03-12 10:35:28] ==================================================
[2026-03-12 10:35:28] Starting Truth Social scan
[2026-03-12 10:35:29] Fetched 15 posts from last 24h (total archive: 32033)
[2026-03-12 10:35:29] Market-relevant posts: 10 of 15
[2026-03-12 10:35:42] Intel saved to /Users/eddiemae/rudy/data/truth_intel.json
[2026-03-12 10:35:42] TRUTH SOCIAL INTELLIGENCE
Impact: MIXED
Urgency: THIS_WEEK
Posts: 10 market-relevant / 15 total

President Trump's recent Truth Social posts highlight a strong focus on "America First" policies, emphasizing domestic manufacturing, energy dominance, and reduced regulations. He explicitly mentions tariffs as a tool to protect U.S. industries and strengthen supply chains, specifically referencing Thermo Fisher's investment in U.S. manufacturing due to his trade policies. There's also a recurring

HIGH IMPACT POSTS:
  [BULLISH] Trump highlights Thermo Fisher's $2 billion investment in U.S. manufacturing, attributing it to his "America First Trade Policies, most specifically T
    Tickers: TMO
    Action: Consider long positions in domestic manufacturers benefiting from protectionist policies and compani

TRADING SIGNALS:
  TMO -> BUY — Direct mention of Thermo Fisher benefiting from Trump's tariffs and "America First" trade policies, 

TARIFF ALERT: Trump explicitly states his "America First Trade Policies, most specifically TARIFFS," are a key driver for companies investing in U.S. manufacturing,
  Winners: Domestic manufacturers, Companies investing in U.S. production
  Losers: Foreign competitors seeking U.S. market access

X REACTION: BULLISH
  Traders on X are largely optimistic about Trump's focus on American energy dominance and his stance against Iran acquiring nuclear weapons. Many see h
  Consensus: The consensus on X appears to be leaning toward long positions in energy stocks (e.g., $XOM, $CVX) a

Sectors hit: pharmaceuticals, manufacturing, energy, agriculture, trade policy, general economy
[2026-03-12 10:35:42] Truth Social scan complete
[2026-03-12 10:35:42] ==================================================
[2026-03-12 11:31:12] ==================================================
[2026-03-12 11:31:12] Starting Truth Social scan
[2026-03-12 11:31:13] Fetched 10 posts from last 24h (total archive: 32034)
[2026-03-12 11:31:13] Market-relevant posts: 9 of 10
[2026-03-12 11:31:27] Intel saved to /Users/eddiemae/rudy/data/truth_intel.json
[2026-03-12 11:31:27] TRUTH SOCIAL INTELLIGENCE
Impact: MIXED
Urgency: TODAY
Posts: 9 market-relevant / 10 total

President Trump's recent Truth Social posts highlight a strong emphasis on "America First" trade policies, particularly the use of tariffs to protect domestic industries and encourage U.S. manufacturing. He champions "American Energy DOMINANCE" and advocates for tax cuts and deregulation. While not directly mentioning specific trade deals, his rhetoric suggests a protectionist stance that could im

HIGH IMPACT POSTS:
  [BULLISH] Trump praises Thermo Fisher for investing $2 billion in U.S. manufacturing and bringing jobs back, attributing this to his "America First Trade Polici
    Tickers: TMO
    Action: Consider investing in domestic manufacturing and pharmaceutical companies that benefit from protecti

TRADING SIGNALS:
  TMO -> BUY — Direct mention of Thermo Fisher benefiting from Trump's tariff policies and U.S. manufacturing inves

TARIFF ALERT: Trump explicitly states his "America First Trade Policies, most specifically TARIFFS, which charge other Countries for access to our Markets while pro
  Winners: Domestic manufacturers (e.g., Thermo Fisher), Industries that benefit from protectionism
  Losers: Importers, Companies reliant on foreign supply chains that face tariffs

X REACTION: NEUTRAL
  Traders on X are mixed, with some focusing on Trump's comments about oil and Iran as potentially bullish for energy stocks, while others see his EV me
  Consensus: X consensus leans toward ignoring Trump’s posts for trading decisions right now. Energy stocks like 

Sectors hit: Pharmaceuticals, Manufacturing, Energy, Agriculture, Industrials, Chemicals
[2026-03-12 11:31:27] Truth Social scan complete
[2026-03-12 11:31:27] ==================================================
[2026-03-12 12:33:27] ==================================================
[2026-03-12 12:33:27] Starting Truth Social scan
[2026-03-12 12:33:28] Fetched 10 posts from last 24h (total archive: 32034)
[2026-03-12 12:33:28] Market-relevant posts: 9 of 10
[2026-03-12 12:33:44] Intel saved to /Users/eddiemae/rudy/data/truth_intel.json
[2026-03-12 12:33:44] TRUTH SOCIAL INTELLIGENCE
Impact: MIXED
Urgency: IMMEDIATE
Posts: 9 market-relevant / 10 total

President Trump's recent Truth Social posts highlight a strong "America First" trade policy, emphasizing tariffs as a tool to protect domestic industries and bring manufacturing back to the U.S. He advocates for "American Energy DOMINANCE" and criticizes policies that raise taxes or regulations. Mentions of specific companies like Thermo Fisher suggest a positive outlook for domestic manufacturing

HIGH IMPACT POSTS:
  [BULLISH] Trump praises Thermo Fisher for investing $2 billion in U.S. manufacturing and bringing jobs back, attributing this success to his "America First Trad
    Tickers: TMO
    Action: Consider long positions in domestic manufacturing and pharmaceutical companies that benefit from pro

TRADING SIGNALS:
  TMO -> BUY — Direct mention of Thermo Fisher benefiting from Trump's tariff policies and U.S. manufacturing inves

TARIFF ALERT: Trump explicitly states his "America First Trade Policies, most specifically TARIFFS" are a key driver for companies investing in U.S. manufacturing. 
  Winners: Domestic Manufacturing, Pharmaceuticals
  Losers: Foreign companies seeking access to U.S. markets without equivalent domestic investment or facing competitive disadvantages.

X REACTION: MIXED
  Traders on X are divided on Trump's posts. Some see his comments on oil and Iran as bullish for energy stocks due to potential geopolitical tensions d
  Consensus: Slight lean toward long energy/oil plays (e.g., $USO, $XOM) on potential Iran tensions, and shorting

Sectors hit: Manufacturing, Pharmaceuticals, Energy, Trade Policy, Tax Policy, Regulatory Policy, Geopolitics
[2026-03-12 12:33:45] Truth Social scan complete
[2026-03-12 12:33:45] ==================================================
[2026-03-12 13:32:14] ==================================================
[2026-03-12 13:32:14] Starting Truth Social scan
[2026-03-12 13:32:15] Fetched 10 posts from last 24h (total archive: 32034)
[2026-03-12 13:32:15] Market-relevant posts: 9 of 10
[2026-03-12 13:32:26] Intel saved to /Users/eddiemae/rudy/data/truth_intel.json
[2026-03-12 13:32:26] TRUTH SOCIAL INTELLIGENCE
Impact: MIXED
Urgency: TODAY
Posts: 9 market-relevant / 10 total

President Trump's recent Truth Social posts highlight a strong focus on "America First" trade policies, particularly emphasizing tariffs as a tool to protect domestic industries and encourage U.S. manufacturing. He explicitly mentions Thermo Fisher's investment in Ohio as a direct result of his tariff strategy. The posts also touch upon energy dominance and a general push for tax cuts and deregula

HIGH IMPACT POSTS:
  [BULLISH] Trump highlights Thermo Fisher's $2 Billion investment in U.S. manufacturing in Ohio, attributing it directly to his "America First Trade Policies, mo
    Tickers: TMO
    Action: Consider long positions in domestic manufacturers and companies benefiting from protectionist polici

TRADING SIGNALS:
  TMO -> BUY — Directly cited as benefiting from Trump's tariff policies and investing heavily in US manufacturing.

TARIFF ALERT: Trump explicitly states his "America First Trade Policies, most specifically TARIFFS" are driving U.S. manufacturing investment by charging other coun
  Winners: Domestic manufacturers (e.g., Thermo Fisher), Industries benefiting from protectionism
  Losers: Companies reliant on imports, Foreign competitors facing U.S. tariffs

X REACTION: MIXED
  Traders on X are divided. Posts about oil and Iran are generating bullish sentiment for energy stocks due to perceived geopolitical risk and potential
  Consensus: Slight lean toward long positions in energy ETFs like $USO or $XLE due to perceived geopolitical ris

Sectors hit: pharmaceuticals, manufacturing, energy, agriculture, industrials, chemicals
[2026-03-12 13:32:27] Truth Social scan complete
[2026-03-12 13:32:27] ==================================================
[2026-03-12 14:32:16] ==================================================
[2026-03-12 14:32:16] Starting Truth Social scan
[2026-03-12 14:32:16] Fetched 8 posts from last 24h (total archive: 32034)
[2026-03-12 14:32:17] Market-relevant posts: 7 of 8
[2026-03-12 14:32:30] Intel saved to /Users/eddiemae/rudy/data/truth_intel.json
[2026-03-12 14:32:30] TRUTH SOCIAL INTELLIGENCE
Impact: MIXED
Urgency: THIS_WEEK
Posts: 7 market-relevant / 8 total

President Trump's recent Truth Social posts highlight a strong focus on American energy dominance, tax cuts, and deregulation, suggesting a pro-business and pro-domestic production agenda. He also reiterates his stance against Iran's nuclear ambitions, which could have geopolitical implications. The consistent mention of 'EV' alongside 'energy' and 'regulation' suggests a nuanced approach to the e

HIGH IMPACT POSTS:
  [BULLISH] Trump emphasizes American energy dominance, tax cuts, and deregulation in endorsements for congressional candidates, aiming to grow the economy and pr
    Action: Consider long positions in domestic energy producers and manufacturers that benefit from deregulatio

TRADING SIGNALS:
  UEC -> BUY — Trump's strong emphasis on 'American Energy DOMINANCE' and deregulation directly benefits domestic e
  CCJ -> BUY — Similar to UEC, CCJ, as a domestic energy producer, stands to benefit from Trump's 'America First' e

X REACTION: MIXED
  Traders on X are divided on Trump's posts. Many are focusing on his comments about Iran and oil, with some seeing potential bullish signals for energy
  Consensus: X traders lean toward a cautious long on oil and energy ETFs like $USO or stocks like $XOM due to Ir

Sectors hit: Energy, Manufacturing, Automotive, Defense, Industrials, Geopolitical Risk
[2026-03-12 14:32:31] Truth Social scan complete
[2026-03-12 14:32:31] ==================================================
[2026-03-12 15:32:19] ==================================================
[2026-03-12 15:32:19] Starting Truth Social scan
[2026-03-12 15:32:20] Fetched 9 posts from last 24h (total archive: 32035)
[2026-03-12 15:32:20] Market-relevant posts: 8 of 9
[2026-03-12 15:32:31] Intel saved to /Users/eddiemae/rudy/data/truth_intel.json
[2026-03-12 15:32:31] TRUTH SOCIAL INTELLIGENCE
Impact: MIXED
Urgency: TODAY
Posts: 8 market-relevant / 9 total

President Trump's recent Truth Social posts indicate a strong focus on economic policy, particularly advocating for lower interest rates from the Federal Reserve and promoting American energy dominance. He also expressed concerns about Iran's nuclear ambitions and the global oil market. Several posts endorse candidates who promise to cut taxes and regulations, and champion 'Made in the USA' initia

HIGH IMPACT POSTS:
  [BULLISH] President Trump calls for the Federal Reserve to drop interest rates immediately, criticizing Chairman Powell for being 'Too Late'.
    Tickers: banks, REITs, growth stocks
    Action: Monitor Federal Reserve statements and actions closely. Consider positions that benefit from lower i

TRADING SIGNALS:
  FED FUNDS FUTURES -> WATCH — Trump's repeated calls for immediate interest rate cuts put pressure on the Federal Reserve and sign

X REACTION: BULLISH
  Traders on X are largely focusing on Trump's Federal Reserve comments, with many interpreting his call for immediate interest rate cuts as a signal of
  Consensus: The consensus on X appears to be leaning toward bullish plays on equities, particularly SPY and QQQ,

Sectors hit: financials, interest-rate sensitive sectors, energy, geopolitics, industrials, agriculture, manufacturing
[2026-03-12 15:32:32] Truth Social scan complete
[2026-03-12 15:32:32] ==================================================
[2026-03-12 16:06:03] ==================================================
[2026-03-12 16:06:03] Starting Truth Social scan
[2026-03-12 16:06:03] Fetched 9 posts from last 24h (total archive: 32035)
[2026-03-12 16:06:03] Market-relevant posts: 8 of 9
[2026-03-12 16:06:16] Intel saved to /Users/eddiemae/rudy/data/truth_intel.json
[2026-03-12 16:06:16] TRUTH SOCIAL INTELLIGENCE
Impact: MIXED
Urgency: IMMEDIATE
Posts: 8 market-relevant / 9 total

President Trump's recent Truth Social posts indicate a strong focus on economic policy, particularly advocating for lower interest rates from the Federal Reserve and promoting American energy dominance. He also expresses concerns about Iran's nuclear ambitions and criticizes policies related to electric vehicles (EVs). His endorsements for Congress emphasize growing the economy, cutting taxes and 

HIGH IMPACT POSTS:
  [BULLISH] President Trump urges the Federal Reserve Chairman to immediately drop interest rates, criticizing him as 'Too Late' and emphasizing the need for acti
    Action: Monitor Federal Reserve communications and interest rate movements. A potential rate cut could boost
  [BULLISH] Trump's endorsements for Congressional candidates consistently emphasize growing the economy, cutting taxes and regulations, promoting 'MADE IN THE U.
    Tickers: CCJ, UEC, XOM, CVX, OXY, JOBY, IONQ, SMR
    Action: These endorsements signal a continued focus on policies that benefit domestic production, energy ind

TRADING SIGNALS:
  FED FUNDS FUTURES -> WATCH — Trump's repeated and urgent calls for immediate interest rate cuts suggest a strong desire for monet

X REACTION: BULLISH
  Traders on X are largely focusing on Trump's Federal Reserve comments, with many expressing optimism that his push for immediate interest rate cuts co
  Consensus: X consensus leans toward going long on S&P 500 ETFs (like SPY) and energy stocks (like XOM, CVX) bas

Sectors hit: Energy, Financials, Manufacturing, Industrials, Geopolitical Risk
[2026-03-12 16:06:16] Truth Social scan complete
[2026-03-12 16:06:16] ==================================================
[2026-03-12 19:00:56] ==================================================
[2026-03-12 19:00:56] Starting Truth Social scan
[2026-03-12 19:00:56] Fetched 8 posts from last 24h (total archive: 32035)
[2026-03-12 19:00:56] Market-relevant posts: 8 of 8
[2026-03-12 19:01:09] Intel saved to /Users/eddiemae/rudy/data/truth_intel.json
[2026-03-12 19:01:09] TRUTH SOCIAL INTELLIGENCE
Impact: MIXED
Urgency: IMMEDIATE
Posts: 8 market-relevant / 8 total

President Trump's recent Truth Social posts indicate a strong focus on economic policy, particularly advocating for immediate interest rate cuts by the Federal Reserve. He also emphasizes American energy dominance, promoting domestic production and reduced regulations. While not directly mentioning tariffs, his "Made in the USA" and "America First" rhetoric suggests a potential for protectionist p

HIGH IMPACT POSTS:
  [BULLISH] Trump calls for the Federal Reserve to cut interest rates immediately, criticizing Chairman Powell for waiting.
    Action: Monitor Federal Reserve statements and actions closely. Potential for increased consumer spending an
  [MIXED] Trump highlights the US as the largest oil producer and expresses strong opposition to Iran obtaining nuclear weapons, linking it to Middle East stabi
    Tickers: XOM, CVX, OXY, CCJ, UEC, LMT, NOC, RTX
    Action: Watch for any escalation in geopolitical tensions with Iran, which could impact oil prices. Support 

TRADING SIGNALS:
  FED INTEREST RATE SENSITIVE ASSETS -> BUY — Trump's repeated calls for immediate interest rate cuts suggest a strong desire for monetary easing,

X REACTION: BULLISH
  Traders on X are largely focusing on Trump's Federal Reserve comments, with many interpreting his call for immediate interest rate cuts as a signal fo
  Consensus: The consensus on X appears to be leaning toward buying risk assets like $SPY or $QQQ on potential Fe

Sectors hit: financials, energy, defense, manufacturing, industrials, consumer discretionary, technology
[2026-03-12 19:01:09] Truth Social scan complete
[2026-03-12 19:01:09] ==================================================
[2026-03-13 08:01:11] ==================================================
[2026-03-13 08:01:11] Starting Truth Social scan
[2026-03-13 08:01:12] Fetched 7 posts from last 24h (total archive: 32039)
[2026-03-13 08:01:12] Market-relevant posts: 6 of 7
[2026-03-13 08:01:33] Intel saved to /Users/eddiemae/rudy/data/truth_intel.json
[2026-03-13 08:01:33] TRUTH SOCIAL INTELLIGENCE
Impact: MIXED
Urgency: TODAY
Posts: 6 market-relevant / 7 total

President Trump's recent Truth Social posts indicate a strong focus on geopolitical tensions, particularly concerning Iran, and a desire for lower interest rates. He expresses a hawkish stance against Iran, emphasizing military and economic pressure, which could indirectly impact energy markets. His repeated calls for the Federal Reserve to lower interest rates immediately suggest a bearish view o

HIGH IMPACT POSTS:
  [BULLISH] Trump criticizes Federal Reserve Chairman Jerome Powell, demanding an immediate drop in interest rates instead of waiting for the next meeting.
    Tickers: MSTR, IBIT, JOBY, IONQ, SMR, OKLO
    Action: Consider positions that benefit from lower interest rates, such as growth stocks, tech, and real est

TRADING SIGNALS:
  FED_POLICY -> WATCH — Trump's repeated and strong calls for immediate interest rate cuts suggest a desire for looser monet

X REACTION: BEARISH
  Traders on X are expressing significant concern over Trump's aggressive rhetoric on Iran, particularly from the post at 2026-03-13T04:33:31.893Z. Many
  Consensus: The consensus on X appears to be long oil (WTI futures or energy stocks like XOM) and long defense s

Sectors hit: defense, energy, financials, technology, real estate, consumer discretionary, geopolitical risk
[2026-03-13 08:01:33] Truth Social scan complete
[2026-03-13 08:01:33] ==================================================
[2026-03-13 09:35:41] ==================================================
[2026-03-13 09:35:41] Starting Truth Social scan
[2026-03-13 09:35:41] Fetched 7 posts from last 24h (total archive: 32040)
[2026-03-13 09:35:41] Market-relevant posts: 5 of 7
[2026-03-13 09:35:53] Intel saved to /Users/eddiemae/rudy/data/truth_intel.json
[2026-03-13 09:35:53] TRUTH SOCIAL INTELLIGENCE
Impact: MIXED
Urgency: TODAY
Posts: 5 market-relevant / 7 total

President Trump's recent Truth Social posts show a strong focus on geopolitical events and economic policy. He expressed a hawkish stance on Iran, emphasizing military and economic pressure, which could indirectly impact energy markets. His commentary on the Federal Reserve suggests a desire for lower interest rates, potentially signaling a bullish sentiment for broader markets if acted upon. He a


X REACTION: BEARISH
  Traders on X are expressing significant concern over Trump's aggressive rhetoric on Iran, particularly from the post at 2026-03-13T04:33:31.893Z. Many
  Consensus: X consensus leans toward a risk-off approach: shorting S&P 500 futures (SPY/ES), buying gold (GLD), 

Sectors hit: energy, defense, financials, technology, consumer discretionary, real estate, sports entertainment, media
[2026-03-13 09:35:53] Truth Social scan complete
[2026-03-13 09:35:53] ==================================================
[2026-03-13 10:48:16] ==================================================
[2026-03-13 10:48:16] Starting Truth Social scan
[2026-03-13 10:48:17] Fetched 9 posts from last 24h (total archive: 32042)
[2026-03-13 10:48:17] Market-relevant posts: 7 of 9
[2026-03-13 10:48:30] Intel saved to /Users/eddiemae/rudy/data/truth_intel.json
[2026-03-13 10:48:30] TRUTH SOCIAL INTELLIGENCE
Impact: MIXED
Urgency: TODAY
Posts: 7 market-relevant / 9 total

President Trump's recent Truth Social posts indicate a focus on geopolitical tensions, particularly regarding Iran, and a strong stance on economic policy. He expressed optimism about a potential deal with Cuba and reiterated his criticism of the Federal Reserve's interest rate policy, calling for immediate cuts. His commentary on Iran suggests a continued aggressive posture, while his remarks on 

HIGH IMPACT POSTS:
  [BEARISH] Trump posted about the US military's success in decimating Iran's military capabilities, stating they are winning militarily and economically.
    Tickers: LMT, NOC, RTX, CCJ, UEC, XOM, CVX, OXY
    Action: Consider short-term defensive plays or increased hedging due to heightened geopolitical tensions in 
  [BULLISH] Trump criticized Federal Reserve Chairman Jerome Powell, demanding immediate interest rate cuts instead of waiting for the next meeting.
    Action: Monitor Federal Reserve communications closely; a dovish stance or actual rate cuts would be bullish

TRADING SIGNALS:
  N/A -> WATCH — Trump's repeated calls for immediate interest rate cuts from the Federal Reserve signal potential fu

X REACTION: BULLISH
  Traders on X are largely optimistic about Trump's posts, especially regarding the potential Cuba deal and aggressive stance on Iran. Many see the Cuba
  Consensus: The consensus on X leans toward buying defense stocks (e.g., LMT, RTX) on Iran escalation fears and 

Sectors hit: defense, energy, financials, international trade, emerging markets, geopolitical risk
[2026-03-13 10:48:31] Truth Social scan complete
[2026-03-13 10:48:31] ==================================================
[2026-03-13 11:35:18] ==================================================
[2026-03-13 11:35:18] Starting Truth Social scan
[2026-03-13 11:35:18] Fetched 8 posts from last 24h (total archive: 32042)
[2026-03-13 11:35:18] Market-relevant posts: 6 of 8
[2026-03-13 11:35:27] Intel saved to /Users/eddiemae/rudy/data/truth_intel.json
[2026-03-13 11:35:27] TRUTH SOCIAL INTELLIGENCE
Impact: NEUTRAL
Urgency: BACKGROUND
Posts: 6 market-relevant / 8 total




X REACTION: BULLISH
  Traders on X are largely optimistic about Trump's posts, especially regarding the potential Cuba deal and the strong stance on Iran. Many see the Cuba
  Consensus: X traders are leaning toward buying defense stocks (LMT, RTX) on Iran conflict escalation potential 
[2026-03-13 11:35:28] Truth Social scan complete
[2026-03-13 11:35:28] ==================================================
[2026-03-13 12:31:21] ==================================================
[2026-03-13 12:31:21] Starting Truth Social scan
[2026-03-13 12:31:21] Fetched 8 posts from last 24h (total archive: 32042)
[2026-03-13 12:31:21] Market-relevant posts: 6 of 8
[2026-03-13 12:31:47] Intel saved to /Users/eddiemae/rudy/data/truth_intel.json
[2026-03-13 12:31:47] TRUTH SOCIAL INTELLIGENCE
Impact: MIXED
Urgency: TODAY
Posts: 6 market-relevant / 8 total

President Trump's recent Truth Social posts indicate a focus on geopolitical developments and economic policy. He highlights potential trade deals with Cuba, strong rhetoric against Iran's regime, and expresses dissatisfaction with the Federal Reserve's interest rate policy. The posts also touch on the success of the FIFA World Cup bid, suggesting a positive outlook for related economic activity.


TRADING SIGNALS:
  N/A -> WATCH — Trump's direct call for immediate interest rate cuts by the Federal Reserve is a significant signal 

X REACTION: BULLISH
  Traders on X are largely optimistic about Trump's posts, particularly regarding the potential Cuba deal and the aggressive stance on Iran. Many see th
  Consensus: The consensus on X seems to be buying into defense stocks ($LMT, $RTX) and energy plays ($XOM) on th

Sectors hit: international trade, defense, geopolitics, energy, financials, technology, growth stocks
[2026-03-13 12:31:47] Truth Social scan complete
[2026-03-13 12:31:47] ==================================================
[2026-03-13 13:34:31] ==================================================
[2026-03-13 13:34:31] Starting Truth Social scan
[2026-03-13 13:34:32] Fetched 8 posts from last 24h (total archive: 32042)
[2026-03-13 13:34:32] Market-relevant posts: 6 of 8
[2026-03-13 13:34:43] Intel saved to /Users/eddiemae/rudy/data/truth_intel.json
[2026-03-13 13:34:43] TRUTH SOCIAL INTELLIGENCE
Impact: MIXED
Urgency: IMMEDIATE
Posts: 6 market-relevant / 8 total

President Trump's recent Truth Social posts indicate a focus on foreign policy and economic stimulus. He highlights potential trade deals with Cuba and expresses strong rhetoric against Iran, suggesting a potential shift in geopolitical dynamics. Additionally, he criticizes the Federal Reserve's interest rate policy, advocating for immediate cuts, which could signal a push for looser monetary poli

HIGH IMPACT POSTS:
  [BEARISH] We are totally destroying the terrorist regime of Iran, militarily, economically, and otherwise...
    Tickers: CCJ, UEC, XOM, CVX, OXY, LMT, NOC, RTX
    Action: Increased geopolitical tension with Iran could lead to volatility in energy markets and defense stoc
  [BULLISH] Where is the Federal Reserve Chairman, Jerome "Too Late" Powell, today? He should be dropping Interest Rates, IMMEDIATELY, not waiting for the next me
    Tickers: MSTR, IBIT, JOBY, IONQ, SMR, OKLO
    Action: Trump's call for immediate interest rate cuts suggests a potential push for looser monetary policy. 

X REACTION: BULLISH
  Traders on X are largely optimistic, especially regarding the potential US-Cuba deal and the aggressive stance on Iran. Many see the Cuba talks as a s
  Consensus: X consensus leans toward going long on defense stocks (e.g., $LMT, $RTX) and energy/oil plays (e.g.,

Sectors hit: defense, energy, international trade, financials, technology, growth stocks, real estate, cryptocurrency
[2026-03-13 13:34:44] Truth Social scan complete
[2026-03-13 13:34:44] ==================================================
[2026-03-13 14:33:37] ==================================================
[2026-03-13 14:33:37] Starting Truth Social scan
[2026-03-13 14:33:37] Fetched 11 posts from last 24h (total archive: 32045)
[2026-03-13 14:33:37] Market-relevant posts: 6 of 11
[2026-03-13 14:33:49] Intel saved to /Users/eddiemae/rudy/data/truth_intel.json
[2026-03-13 14:33:49] TRUTH SOCIAL INTELLIGENCE
Impact: MIXED
Urgency: IMMEDIATE
Posts: 6 market-relevant / 11 total

President Trump's recent Truth Social posts indicate a focus on foreign policy and economic stimulus. He is signaling potential trade deals with Cuba, while also emphasizing a strong stance against Iran, suggesting military and economic pressure. Furthermore, he is advocating for immediate interest rate cuts by the Federal Reserve, aiming to stimulate the economy. The posts also touch upon the suc

HIGH IMPACT POSTS:
  [BEARISH] Trump posted about the US 'totally destroying' the terrorist regime of Iran militarily and economically, highlighting military superiority.
    Tickers: LMT, NOC, RTX, XOM, CVX, OXY
    Action: Consider short-term volatility in defense and energy sectors due to geopolitical tensions. Monitor f
  [BULLISH] Trump questioned the Federal Reserve Chairman and demanded immediate interest rate cuts, criticizing the current monetary policy.
    Tickers: MSTR, IBIT, JOBY, IONQ, SMR, OKLO
    Action: Anticipate potential market rally if interest rates are lowered. Watch for increased investor appeti

TRADING SIGNALS:
  LMT -> WATCH — Trump's strong rhetoric against Iran and emphasis on military action could lead to increased defense
  MSTR -> BUY — Trump's call for immediate interest rate cuts is generally bullish for Bitcoin and related assets li
  IBIT -> BUY — Trump's call for immediate interest rate cuts is generally bullish for Bitcoin and related assets li

X REACTION: BULLISH
  Traders on X are largely optimistic about Trump's posts, particularly regarding the potential Cuba deal and the aggressive stance on Iran. Many see th
  Consensus: X consensus leans toward buying defense stocks like $LMT and $RTX on the Iran rhetoric and exploring

Sectors hit: international trade, defense, energy, financials, technology, growth stocks, real estate, emerging markets
[2026-03-13 14:33:50] Truth Social scan complete
[2026-03-13 14:33:50] ==================================================
[2026-03-13 15:32:56] ==================================================
[2026-03-13 15:32:56] Starting Truth Social scan
[2026-03-13 15:32:57] Fetched 10 posts from last 24h (total archive: 32045)
[2026-03-13 15:32:57] Market-relevant posts: 5 of 10
[2026-03-13 15:33:07] Intel saved to /Users/eddiemae/rudy/data/truth_intel.json
[2026-03-13 15:33:07] TRUTH SOCIAL INTELLIGENCE
Impact: MIXED
Urgency: BACKGROUND
Posts: 5 market-relevant / 10 total

President Trump's recent Truth Social posts indicate a potential shift in foreign policy with renewed talks with Cuba for an economic deal, suggesting a possible easing of trade restrictions. Simultaneously, his strong rhetoric against Iran, emphasizing military and economic decimation, points to continued geopolitical tension in the Middle East. The mention of the FIFA World Cup and its success h

HIGH IMPACT POSTS:
  [BEARISH] We are totally destroying the terrorist regime of Iran, militarily, economically, and otherwise...
    Tickers: CCJ, UEC, XOM, CVX, OXY, LMT, NOC, RTX
    Action: Consider defensive positioning in energy and defense sectors due to heightened geopolitical risk.

X REACTION: BULLISH
  Traders on X are largely optimistic about Trump's posts, especially regarding the potential Cuba deal and the strong stance against Iran. Many see the
  Consensus: The consensus on X leans toward buying defense stocks (e.g., $LMT, $RTX) and energy/oil plays (e.g.,

Sectors hit: defense, energy, international trade, geopolitics, hospitality, entertainment, travel
[2026-03-13 15:33:08] Truth Social scan complete
[2026-03-13 15:33:08] ==================================================
[2026-03-13 16:06:10] ==================================================
[2026-03-13 16:06:10] Starting Truth Social scan
[2026-03-13 16:06:11] Fetched 10 posts from last 24h (total archive: 32045)
[2026-03-13 16:06:11] Market-relevant posts: 5 of 10
[2026-03-13 16:06:20] Intel saved to /Users/eddiemae/rudy/data/truth_intel.json
[2026-03-13 16:06:20] TRUTH SOCIAL INTELLIGENCE
Impact: MIXED
Urgency: BACKGROUND
Posts: 5 market-relevant / 10 total

President Trump's recent Truth Social posts indicate a strong focus on foreign policy and economic engagement, particularly with Cuba, and a continued assertive stance against Iran. While not directly mentioning specific trade deals or tariff changes, the post about Cuba suggests potential for new economic agreements. The strong rhetoric against Iran, emphasizing military and economic decimation, 


X REACTION: BULLISH
  Traders on X are largely optimistic about Trump's posts, especially regarding potential US-Cuba deal talks and the strong stance against Iran. Many se
  Consensus: X consensus leans toward buying defense stocks (e.g., $LMT, $RTX) on Iran military rhetoric and fina

Sectors hit: defense, international trade, emerging markets, hospitality, travel, entertainment, sports betting, geopolitical risk
[2026-03-13 16:06:20] Truth Social scan complete
[2026-03-13 16:06:20] ==================================================
[2026-03-13 19:01:17] ==================================================
[2026-03-13 19:01:17] Starting Truth Social scan
[2026-03-13 19:01:18] Fetched 16 posts from last 24h (total archive: 32051)
[2026-03-13 19:01:18] Market-relevant posts: 11 of 16
[2026-03-13 19:01:30] Intel saved to /Users/eddiemae/rudy/data/truth_intel.json
[2026-03-13 19:01:30] TRUTH SOCIAL INTELLIGENCE
Impact: MIXED
Urgency: IMMEDIATE
Posts: 11 market-relevant / 16 total

President Trump's recent Truth Social posts indicate a strong focus on geopolitical events, particularly concerning Iran, and a continued emphasis on domestic economic growth through tax cuts and deregulation. He highlights powerful military actions against Iran, while also choosing not to disrupt oil infrastructure, suggesting a nuanced approach to energy markets. Endorsements for political candi

HIGH IMPACT POSTS:
  [NEUTRAL] Trump announces a powerful bombing raid on Iran's Kharg Island, obliterating military targets, but explicitly states he chose not to destroy oil infra
    Tickers: XOM, CVX, OXY, CCJ, UEC, LMT, NOC, RTX
    Action: Monitor oil prices for any potential volatility, though the decision not to target infrastructure su

TRADING SIGNALS:
  LMT -> WATCH — The strong military rhetoric and actions against Iran, coupled with mentions of 'unparalleled firepo

X REACTION: BULLISH
  Traders on X are largely optimistic due to Trump's emphasis on military strength and strategic restraint regarding Iran's oil infrastructure, interpre
  Consensus: X sentiment leans toward going long on energy ETFs (like $USO, $XLE) and broad market indices ($SPY,

Sectors hit: Energy, Defense, International Trade, Hospitality, Agriculture, General Market, Financials, Industrials
[2026-03-13 19:01:31] Truth Social scan complete
[2026-03-13 19:01:31] ==================================================
[2026-03-14 10:01:28] ==================================================
[2026-03-14 10:01:28] Starting Truth Social scan
[2026-03-14 10:01:28] Fetched 29 posts from last 24h (total archive: 32071)
[2026-03-14 10:01:28] Market-relevant posts: 15 of 29
[2026-03-14 10:01:46] Intel saved to /Users/eddiemae/rudy/data/truth_intel.json
[2026-03-14 10:01:46] TRUTH SOCIAL INTELLIGENCE
Impact: MIXED
Urgency: IMMEDIATE
Posts: 15 market-relevant / 29 total

President Trump's recent Truth Social posts indicate a strong focus on geopolitical tensions, particularly concerning Iran, with direct military actions and implied threats to oil infrastructure. He also highlights domestic economic policies, including support for specific congressional candidates and a focus on job growth and tax cuts. The posts suggest a potential for increased defense spending 

HIGH IMPACT POSTS:
  [BEARISH] Trump announced a powerful bombing raid on Iran's Kharg Island, obliterating military targets but deliberately sparing oil infrastructure. He warned a
    Tickers: XOM, CVX, OXY, CCJ, UEC, LMT, NOC, RTX
    Action: Monitor oil prices and defense stock movements closely. Potential for increased volatility in energy

X REACTION: BULLISH
  Traders on X are largely optimistic due to Trump's posts emphasizing military strength and downplaying damage to assets like the tanker planes in Saud
  Consensus: The consensus on X appears to be bullish on energy (oil ETFs like $USO) and defense stocks ($LMT, $R

Sectors hit: Energy, Defense, Geopolitical Risk, General Economy, Government Services, Agriculture, Tax Policy
[2026-03-14 10:01:47] Truth Social scan complete
[2026-03-14 10:01:47] ==================================================
[2026-03-15 10:01:49] ==================================================
[2026-03-15 10:01:49] Starting Truth Social scan
[2026-03-15 10:01:50] Fetched 4 posts from last 24h (total archive: 32075)
[2026-03-15 10:01:50] Market-relevant posts: 3 of 4
[2026-03-15 10:02:01] Intel saved to /Users/eddiemae/rudy/data/truth_intel.json
[2026-03-15 10:02:01] TRUTH SOCIAL INTELLIGENCE
Impact: NEUTRAL
Urgency: BACKGROUND
Posts: 3 market-relevant / 4 total




X REACTION: BULLISH
  Traders on X are largely optimistic about Trump's assertive stance on Iran and the Hormuz Strait, seeing it as a signal of stronger U.S. leadership in
  Consensus: The consensus on X leans toward buying oil-related ETFs and stocks (e.g., $USO, $XOM) and defense co
[2026-03-15 10:02:02] Truth Social scan complete
[2026-03-15 10:02:02] ==================================================
[2026-03-16 08:01:33] ==================================================
[2026-03-16 08:01:33] Starting Truth Social scan
[2026-03-16 08:01:34] Fetched 5 posts from last 24h (total archive: 32080)
[2026-03-16 08:01:34] Market-relevant posts: 4 of 5
[2026-03-16 08:01:50] Intel saved to /Users/eddiemae/rudy/data/truth_intel.json
[2026-03-16 08:01:50] TRUTH SOCIAL INTELLIGENCE
Impact: MIXED
Urgency: IMMEDIATE
Posts: 4 market-relevant / 5 total

President Trump's recent Truth Social posts indicate a strong focus on trade policy, particularly tariffs, and a critical stance on the Federal Reserve. He expresses dissatisfaction with court decisions regarding tariffs, suggesting he has alternative methods to implement them. The posts also touch upon the automotive sector (EVs) and military capabilities, though specific company mentions are abs

HIGH IMPACT POSTS:
  [BEARISH] Trump expresses frustration with court rulings that he believes hinder his ability to implement tariffs, stating he has the "absolute right to charge 
    Action: Monitor for new tariff implementations and their impact on affected industries.

TRADING SIGNALS:
  N/A -> WATCH — Trump's explicit statements about implementing tariffs in 'another form' and having 'already started

TARIFF ALERT: President Trump states he has the 'absolute right to charge TARIFFS in another form, and have already started to do so,' implying new or alternative t

X REACTION: BEARISH
  Traders on X are expressing concern over Trump's aggressive stance on tariffs and criticism of the Federal Reserve. Many are worried about potential m
  Consensus: X sentiment leans toward shorting or hedging with ETFs like $SPY and $DIA due to perceived downside 

Sectors hit: International Trade, Automotive, Electric Vehicles, Manufacturing, Financials, Monetary Policy
[2026-03-16 08:01:51] Truth Social scan complete
[2026-03-16 08:01:51] ==================================================
[2026-03-16 09:31:30] ==================================================
[2026-03-16 09:31:30] Starting Truth Social scan
[2026-03-16 09:31:30] Fetched 8 posts from last 24h (total archive: 32083)
[2026-03-16 09:31:30] Market-relevant posts: 5 of 8
[2026-03-16 09:31:39] Intel saved to /Users/eddiemae/rudy/data/truth_intel.json
[2026-03-16 09:31:39] TRUTH SOCIAL INTELLIGENCE
Impact: NEUTRAL
Urgency: BACKGROUND
Posts: 5 market-relevant / 8 total




X REACTION: BEARISH
  Traders on X are expressing concern over Trump's aggressive tariff rhetoric and criticism of the Federal Reserve. Many fear potential retaliation from
  Consensus: X sentiment leans toward defensive plays—shorting broad market ETFs like $SPY or hedging with gold (
[2026-03-16 09:31:40] Truth Social scan complete
[2026-03-16 09:31:40] ==================================================
[2026-03-16 10:31:49] ==================================================
[2026-03-16 10:31:49] Starting Truth Social scan
[2026-03-16 10:31:49] Fetched 10 posts from last 24h (total archive: 32085)
[2026-03-16 10:31:49] Market-relevant posts: 6 of 10
[2026-03-16 10:32:03] Intel saved to /Users/eddiemae/rudy/data/truth_intel.json
[2026-03-16 10:32:03] TRUTH SOCIAL INTELLIGENCE
Impact: MIXED
Urgency: TODAY
Posts: 6 market-relevant / 10 total

President Trump's recent Truth Social posts indicate a strong stance on tariffs, suggesting he has the authority to implement them in alternative forms and has already begun doing so. He criticizes the Federal Reserve Chairman for poor performance and budget overruns, implying potential policy shifts or pressure on the Fed. Mentions of 'EV' and 'car' alongside 'tariff' and 'dow' suggest potential 

HIGH IMPACT POSTS:
  [BEARISH] Trump states that tariffs were the 'decision that mattered most' and that he has the 'absolute right to charge TARIFFS in another form, and have alrea
    Action: Monitor trade flows and companies with significant international exposure, particularly those import

TARIFF ALERT: President Trump asserts his right to implement tariffs in 'another form' and states he has 'already started to do so,' suggesting a continuation or re

X REACTION: BEARISH
  Traders on X are expressing concern over Trump's aggressive stance on tariffs and criticism of the Federal Reserve. Many are worried about potential m
  Consensus: Short-term bearish plays on indices like SPY and DIA, with some traders on X suggesting hedges via V

Sectors hit: Automotive, Manufacturing, International Trade, Financials, Technology
[2026-03-16 10:32:04] Truth Social scan complete
[2026-03-16 10:32:04] ==================================================
[2026-03-16 11:35:21] ==================================================
[2026-03-16 11:35:21] Starting Truth Social scan
[2026-03-16 11:35:22] Fetched 10 posts from last 24h (total archive: 32085)
[2026-03-16 11:35:22] Market-relevant posts: 6 of 10
[2026-03-16 11:35:34] Intel saved to /Users/eddiemae/rudy/data/truth_intel.json
[2026-03-16 11:35:34] TRUTH SOCIAL INTELLIGENCE
Impact: MIXED
Urgency: IMMEDIATE
Posts: 6 market-relevant / 10 total

President Trump's recent Truth Social posts indicate a strong stance on tariffs, suggesting he has the right to implement them in alternative forms and has already begun to do so. He criticizes the Federal Reserve Chairman for perceived incompetence and budget overruns, hinting at potential policy shifts impacting monetary policy. Mentions of 'EVs' and 'cars' in conjunction with tariffs suggest po

HIGH IMPACT POSTS:
  [BEARISH] Trump states that the most important decision was TARIFFS and that the court's decision, while potentially giving away trillions, allows him the absol
    Action: Monitor for specific tariff announcements and their impact on import-heavy companies.

TRADING SIGNALS:
  N/A -> WATCH — Trump's explicit statements about implementing tariffs in 'another form' and having 'already started

TARIFF ALERT: President Trump states he has the absolute right to charge tariffs in another form and has already started to do so, implying a continuation or reintr

X REACTION: BEARISH
  Traders on X are expressing concern over Trump's aggressive stance on tariffs and criticism of the Federal Reserve. Many are worried about potential m
  Consensus: X consensus leans toward defensive plays—shorting or buying puts on indices like SPY and QQQ, or hed

Sectors hit: Automotive, Manufacturing, International Trade, Financials, Electric Vehicles
[2026-03-16 11:35:34] Truth Social scan complete
[2026-03-16 11:35:34] ==================================================
[2026-03-16 16:07:21] ==================================================
[2026-03-16 16:07:21] Starting Truth Social scan
[2026-03-16 16:07:21] Fetched 11 posts from last 24h (total archive: 32086)
[2026-03-16 16:07:21] Market-relevant posts: 7 of 11
[2026-03-16 16:07:31] Intel saved to /Users/eddiemae/rudy/data/truth_intel.json
[2026-03-16 16:07:31] TRUTH SOCIAL INTELLIGENCE
Impact: MIXED
Urgency: THIS_WEEK
Posts: 7 market-relevant / 11 total

President Trump's recent Truth Social posts indicate a strong focus on trade policy, particularly concerning tariffs and electric vehicles (EVs). He expresses frustration with the current court system's handling of trade disputes and suggests he has the authority to implement tariffs in alternative forms. Mentions of EVs and the Federal Reserve Chairman suggest potential policy shifts impacting th

HIGH IMPACT POSTS:
  [BEARISH] Trump states that tariffs were the most important decision and that the court's decision might give away trillions to countries taking advantage of th
    Action: Monitor for specific tariff announcements or alternative trade measures. Consider hedging against co

TRADING SIGNALS:
  N/A -> WATCH — Trump's strong emphasis on tariffs and his assertion of implementing them in 'another form' suggests

TARIFF ALERT: Trump asserts his right to charge tariffs in 'another form' and has already begun to do so, suggesting new or alternative tariff implementations are u

X REACTION: NEUTRAL
  Traders on X are mixed; some are focusing on Trump's comments about the Federal Reserve and tariffs, speculating on potential policy shifts, while oth
  Consensus: X consensus leans toward staying sidelined for now; most traders see these posts as posturing withou

Sectors hit: Automotive, International Trade, Manufacturing, Financial Services, Energy
[2026-03-16 16:07:32] Truth Social scan complete
[2026-03-16 16:07:32] ==================================================
[2026-03-16 19:02:29] ==================================================
[2026-03-16 19:02:29] Starting Truth Social scan
[2026-03-16 19:02:29] Fetched 11 posts from last 24h (total archive: 32086)
[2026-03-16 19:02:29] Market-relevant posts: 7 of 11
[2026-03-16 19:02:40] Intel saved to /Users/eddiemae/rudy/data/truth_intel.json
[2026-03-16 19:02:40] TRUTH SOCIAL INTELLIGENCE
Impact: MIXED
Urgency: THIS_WEEK
Posts: 7 market-relevant / 11 total

President Trump's recent Truth Social posts highlight a strong focus on trade policy, particularly tariffs, and a critical stance on the Federal Reserve. He reiterates his commitment to imposing tariffs, suggesting he has found alternative methods to implement them despite court decisions. The posts also touch upon the electric vehicle (EV) sector, with mentions of EVs in the context of tariffs an

HIGH IMPACT POSTS:
  [BEARISH] Trump expresses frustration with court decisions that he believes hinder his ability to implement tariffs, but states he has the absolute right to cha
    Action: Monitor for specific tariff announcements and their impact on import-heavy companies and countries.

TRADING SIGNALS:
  N/A -> WATCH — Trump's repeated emphasis on tariffs and his assertion that he has found alternative ways to impleme

TARIFF ALERT: President Trump asserts he has the absolute right to charge tariffs in another form and has already started to do so, despite court decisions that he 

X REACTION: NEUTRAL
  Traders on X are mixed on Trump's posts. Many are focused on the Federal Reserve criticism and tariff mentions, with some seeing potential volatility 
  Consensus: X consensus leans toward cautious observation rather than immediate action. Some are eyeing EV stock

Sectors hit: International Trade, Automotive, Manufacturing, Financials
[2026-03-16 19:02:40] Truth Social scan complete
[2026-03-16 19:02:40] ==================================================
[2026-03-17 08:01:31] ==================================================
[2026-03-17 08:01:31] Starting Truth Social scan
[2026-03-17 08:01:31] Fetched 16 posts from last 24h (total archive: 32097)
[2026-03-17 08:01:32] Market-relevant posts: 5 of 16
[2026-03-17 08:01:40] Intel saved to /Users/eddiemae/rudy/data/truth_intel.json
[2026-03-17 08:01:40] TRUTH SOCIAL INTELLIGENCE
Impact: NEUTRAL
Urgency: BACKGROUND
Posts: 5 market-relevant / 16 total

President Trump's recent Truth Social posts show a continued focus on political commentary and personal endorsements, with no direct pronouncements on specific tariff changes or new trade deals. While there are mentions of 'EVs' and 'import' in relation to a news article, the context is not a policy announcement but rather a report on a political event. The posts do not offer explicit commentary o


X REACTION: NEUTRAL
  Traders on X are largely indifferent to Trump's recent Truth Social posts, with most discussion focusing on unrelated market drivers like upcoming Fed
  Consensus: No actionable trade based on these posts. X consensus is to ignore Trump's recent activity and focus

Sectors hit: automotive, energy, media, government services, border security
[2026-03-17 08:01:40] Truth Social scan complete
[2026-03-17 08:01:40] ==================================================
[2026-03-17 20:42:07] Quick scan: mstr
[2026-03-23 14:49:03] ==================================================
[2026-03-23 14:49:03] Starting Truth Social scan
[2026-03-23 14:49:03] Fetched 21 posts from last 24h (total archive: 32192)
[2026-03-23 14:49:03] Market-relevant posts: 8 of 21
[2026-03-23 14:49:16] Intel saved to /Users/eddiemae/rudy/data/truth_intel.json
[2026-03-23 14:49:16] TRUTH SOCIAL INTELLIGENCE
Impact: MIXED
Urgency: THIS_WEEK
Posts: 8 market-relevant / 21 total

President Trump's recent Truth Social posts indicate a strong stance against the current administration's border policies and a desire for a resolution with Iran. He expresses opposition to certain Democratic proposals, particularly concerning ICE funding, and highlights concerns about taxpayer money being used for childcare funds tied to a controversial event. While not explicitly detailing tarif

HIGH IMPACT POSTS:
  [BULLISH] Trump reports highly productive conversations with Iran leading to a postponement of military strikes against Iranian power plants and energy infrastr
    Tickers: CCJ, UEC, XOM, CVX, OXY
    Action: Consider long positions in energy stocks due to reduced geopolitical risk in the Middle East. Watch 

TRADING SIGNALS:
  CCJ -> BUY — Postponement of military strikes against Iran's energy infrastructure reduces geopolitical risk, whi
  UEC -> BUY — Similar to CCJ, reduced geopolitical tension in the Middle East is a positive catalyst for energy se

X REACTION: BULLISH
  Traders on X are largely optimistic due to Trump's post about productive conversations with Iran, seeing it as a potential de-escalation in Middle Eas
  Consensus: X consensus leans toward a risk-on approach, with many suggesting long positions in broad market ETF

Sectors hit: energy, government services, border security, geopolitics, government spending, taxation, childcare services, immigration enforcement
[2026-03-23 14:49:17] Truth Social scan complete
[2026-03-23 14:49:17] ==================================================
