/Users/eddiemae/Library/Python/3.9/lib/python/site-packages/urllib3/__init__.py:35: NotOpenSSLWarning: urllib3 v2 only supports OpenSSL 1.1.1+, currently the 'ssl' module is compiled with 'LibreSSL 2.8.3'. See: https://github.com/urllib3/urllib3/issues/3020
  warnings.warn(
[00:18:18] [INFO] RUDY v2.8+ WALK-FORWARD ANALYSIS (Base + Trend Adder)
[00:18:18] [INFO] ============================================================
[00:18:18] [INFO] Base params FIXED at: tight premium bands + conservative LEAPs
[00:18:18] [INFO] Varying: trend_confirm_weeks × convergence_pct × adder_trails
[00:18:18] [INFO] ============================================================
[00:18:18] [INFO] Windows: 7 | Param combos: 27 | Total backtests: 196
[00:18:18] [INFO] 
[00:18:18] [INFO] 
============================================================
[00:18:18] [INFO] WINDOW 1/7: OOS Jan22-Jun22
[00:18:18] [INFO]   IS: 2016-01-01 to 2021-12-31
[00:18:18] [INFO]   OOS: 2022-01-01 to 2022-06-30
[00:18:18] [INFO] ============================================================
[00:18:18] [INFO] 
  ── IN-SAMPLE: Testing 27 trend adder combos ──
[00:18:18] [INFO]   [1/27] quick_tight_minimal...
[00:18:39] [INFO]     → Score=0.5693 | Net=63.5%
[00:18:44] [INFO]   [2/27] quick_tight_safety...
[00:19:03] [INFO]     → Score=0.5693 | Net=63.5%
[00:19:08] [INFO]   [3/27] quick_tight_moderate...
[00:19:24] [INFO]     → Score=0.5693 | Net=63.5%
[00:19:29] [INFO]   [4/27] quick_medium_minimal...
[00:19:45] [INFO]     → Score=0.5693 | Net=63.5%
[00:19:50] [INFO]   [5/27] quick_medium_safety...
[00:20:08] [INFO]     → Score=0.5693 | Net=63.5%
[00:20:13] [INFO]   [6/27] quick_medium_moderate...
[00:20:30] [INFO]     → Score=0.5693 | Net=63.5%
[00:20:35] [INFO]   [7/27] quick_wide_minimal...
[00:20:54] [INFO]     → Score=0.5693 | Net=63.5%
[00:20:59] [INFO]   [8/27] quick_wide_safety...
[00:21:17] [INFO]     → Score=0.5693 | Net=63.5%
[00:21:22] [INFO]   [9/27] quick_wide_moderate...
[00:21:40] [INFO]     → Score=0.5693 | Net=63.5%
[00:21:45] [INFO]   [10/27] standard_tight_minimal...
[00:22:02] [INFO]     → Score=0.6069 | Net=69.7%
[00:22:07] [INFO]   [11/27] standard_tight_safety...
[00:22:28] [INFO]     → Score=0.6069 | Net=69.7%
[00:22:33] [INFO]   [12/27] standard_tight_moderate...
[00:22:51] [INFO]     → Score=0.6069 | Net=69.7%
[00:22:56] [INFO]   [13/27] standard_medium_minimal...
[00:23:12] [INFO]     → Score=0.6069 | Net=69.7%
[00:23:17] [INFO]   [14/27] standard_medium_safety...
[00:23:36] [INFO]     → Score=0.6069 | Net=69.7%
[00:23:41] [INFO]   [15/27] standard_medium_moderate...
[00:23:57] [INFO]     → Score=0.6069 | Net=69.7%
[00:24:02] [INFO]   [16/27] standard_wide_minimal...
[00:24:26] [INFO]     → Score=0.6069 | Net=69.7%
[00:24:31] [INFO]   [17/27] standard_wide_safety...
[00:24:51] [INFO]     → Score=0.6069 | Net=69.7%
[00:24:56] [INFO]   [18/27] standard_wide_moderate...
[00:25:14] [INFO]     → Score=0.6069 | Net=69.7%
[00:25:19] [INFO]   [19/27] patient_tight_minimal...
[00:25:37] [INFO]     → Score=0.4448 | Net=38.5%
[00:25:42] [INFO]   [20/27] patient_tight_safety...
[00:26:04] [INFO]     → Score=0.4448 | Net=38.5%
[00:26:09] [INFO]   [21/27] patient_tight_moderate...
[00:26:25] [INFO]     → Score=0.4448 | Net=38.5%
[00:26:30] [INFO]   [22/27] patient_medium_minimal...
[00:26:47] [INFO]     → Score=0.4448 | Net=38.5%
[00:26:52] [INFO]   [23/27] patient_medium_safety...
[00:27:09] [INFO]     → Score=0.4448 | Net=38.5%
[00:27:14] [INFO]   [24/27] patient_medium_moderate...
[00:27:33] [INFO]     → Score=0.4448 | Net=38.5%
[00:27:38] [INFO]   [25/27] patient_wide_minimal...
[00:27:55] [INFO]     → Score=0.4448 | Net=38.5%
[00:28:00] [INFO]   [26/27] patient_wide_safety...
[00:28:17] [INFO]     → Score=0.4448 | Net=38.5%
[00:28:22] [INFO]   [27/27] patient_wide_moderate...
[00:28:39] [INFO]     → Score=0.4448 | Net=38.5%
[00:28:44] [INFO] 
  BEST IS: standard_tight_minimal (score=0.6069)
[00:28:44] [INFO]     Net=69.7% | Sharpe=0.474 | DD=30.6%
[00:28:44] [INFO] 
  ── OUT-OF-SAMPLE: 2022-01-01 to 2022-06-30 ──
[00:29:01] [INFO]     → OOS Net=49.9% | Score=0.4631
[00:29:01] [INFO] 
============================================================
[00:29:01] [INFO] WINDOW 2/7: OOS Jul22-Dec22
[00:29:01] [INFO]   IS: 2016-01-01 to 2022-06-30
[00:29:01] [INFO]   OOS: 2022-07-01 to 2022-12-31
[00:29:01] [INFO] ============================================================
[00:29:01] [INFO] 
  ── IN-SAMPLE: Testing 27 trend adder combos ──
[00:29:01] [INFO]   [1/27] quick_tight_minimal...
[00:29:21] [INFO]     → Score=0.43 | Net=44.4%
[00:29:26] [INFO]   [2/27] quick_tight_safety...
[00:29:42] [INFO]     → Score=0.43 | Net=44.4%
[00:29:47] [INFO]   [3/27] quick_tight_moderate...
[00:30:05] [INFO]     → Score=0.43 | Net=44.4%
[00:30:10] [INFO]   [4/27] quick_medium_minimal...
[00:30:28] [INFO]     → Score=0.43 | Net=44.4%
[00:30:33] [INFO]   [5/27] quick_medium_safety...
[00:30:50] [INFO]     → Score=0.43 | Net=44.4%
[00:30:55] [INFO]   [6/27] quick_medium_moderate...
[00:31:11] [INFO]     → Score=0.43 | Net=44.4%
[00:31:16] [INFO]   [7/27] quick_wide_minimal...
[00:31:35] [INFO]     → Score=0.43 | Net=44.4%
[00:31:40] [INFO]   [8/27] quick_wide_safety...
[00:31:59] [INFO]     → Score=0.43 | Net=44.4%
[00:32:04] [INFO]   [9/27] quick_wide_moderate...
[00:32:22] [INFO]     → Score=0.43 | Net=44.4%
[00:32:27] [INFO]   [10/27] standard_tight_minimal...
[00:32:44] [INFO]     → Score=0.4631 | Net=49.9%
[00:32:49] [INFO]   [11/27] standard_tight_safety...
[00:33:09] [INFO]     → Score=0.4631 | Net=49.9%
[00:33:14] [INFO]   [12/27] standard_tight_moderate...
[00:33:31] [INFO]     → Score=0.4631 | Net=49.9%
[00:33:36] [INFO]   [13/27] standard_medium_minimal...
[00:33:57] [INFO]     → Score=0.4631 | Net=49.9%
[00:34:02] [INFO]   [14/27] standard_medium_safety...
[00:34:19] [INFO]     → Score=0.4631 | Net=49.9%
[00:34:24] [INFO]   [15/27] standard_medium_moderate...
[00:34:44] [INFO]     → Score=0.4631 | Net=49.9%
[00:34:49] [INFO]   [16/27] standard_wide_minimal...
[00:35:07] [INFO]     → Score=0.4631 | Net=49.9%
[00:35:12] [INFO]   [17/27] standard_wide_safety...
[00:35:30] [INFO]     → Score=0.4631 | Net=49.9%
[00:35:35] [INFO]   [18/27] standard_wide_moderate...
[00:35:56] [INFO]     → Score=0.4631 | Net=49.9%
[00:36:01] [INFO]   [19/27] patient_tight_minimal...
[00:36:38] [INFO]     → Score=0.3043 | Net=22.3%
[00:36:43] [INFO]   [20/27] patient_tight_safety...
[00:36:59] [INFO]     → Score=0.3043 | Net=22.3%
[00:37:04] [INFO]   [21/27] patient_tight_moderate...
[00:37:21] [INFO]     → Score=0.3043 | Net=22.3%
[00:37:26] [INFO]   [22/27] patient_medium_minimal...
[00:37:44] [INFO]     → Score=0.3043 | Net=22.3%
[00:37:49] [INFO]   [23/27] patient_medium_safety...
[00:38:05] [INFO]     → Score=0.3043 | Net=22.3%
[00:38:10] [INFO]   [24/27] patient_medium_moderate...
[00:38:28] [INFO]     → Score=0.3043 | Net=22.3%
[00:38:33] [INFO]   [25/27] patient_wide_minimal...
[00:38:51] [INFO]     → Score=0.3043 | Net=22.3%
[00:38:56] [INFO]   [26/27] patient_wide_safety...
[00:39:13] [INFO]     → Score=0.3043 | Net=22.3%
[00:39:18] [INFO]   [27/27] patient_wide_moderate...
[00:39:34] [INFO]     → Score=0.3043 | Net=22.3%
[00:39:39] [INFO] 
  BEST IS: standard_tight_minimal (score=0.4631)
[00:39:39] [INFO]     Net=49.9% | Sharpe=0.324 | DD=38.7%
[00:39:39] [INFO] 
  ── OUT-OF-SAMPLE: 2022-07-01 to 2022-12-31 ──
[00:39:57] [INFO]     → OOS Net=49.9% | Score=0.4499
[00:39:57] [INFO] 
============================================================
[00:39:57] [INFO] WINDOW 3/7: OOS Jan23-Jun23
[00:39:57] [INFO]   IS: 2016-01-01 to 2022-12-31
[00:39:57] [INFO]   OOS: 2023-01-01 to 2023-06-30
[00:39:57] [INFO] ============================================================
[00:39:57] [INFO] 
  ── IN-SAMPLE: Testing 27 trend adder combos ──
[00:39:57] [INFO]   [1/27] quick_tight_minimal...
[00:40:16] [INFO]     → Score=0.4176 | Net=44.4%
[00:40:21] [INFO]   [2/27] quick_tight_safety...
[00:40:40] [INFO]     → Score=0.4176 | Net=44.4%
[00:40:45] [INFO]   [3/27] quick_tight_moderate...
[00:41:03] [INFO]     → Score=0.4176 | Net=44.4%
[00:41:08] [INFO]   [4/27] quick_medium_minimal...
[00:41:28] [INFO]     → Score=0.4176 | Net=44.4%
[00:41:33] [INFO]   [5/27] quick_medium_safety...
[00:41:51] [INFO]     → Score=0.4176 | Net=44.4%
[00:41:56] [INFO]   [6/27] quick_medium_moderate...
[00:42:14] [INFO]     → Score=0.4176 | Net=44.4%
[00:42:19] [INFO]   [7/27] quick_wide_minimal...
[00:42:38] [INFO]     → Score=0.4176 | Net=44.4%
[00:42:43] [INFO]   [8/27] quick_wide_safety...
[00:42:59] [INFO]     → Score=0.4176 | Net=44.4%
[00:43:04] [INFO]   [9/27] quick_wide_moderate...
[00:43:21] [INFO]     → Score=0.4176 | Net=44.4%
[00:43:26] [INFO]   [10/27] standard_tight_minimal...
[00:43:43] [INFO]     → Score=0.4499 | Net=49.9%
[00:43:48] [INFO]   [11/27] standard_tight_safety...
[00:44:05] [INFO]     → Score=0.4499 | Net=49.9%
[00:44:10] [INFO]   [12/27] standard_tight_moderate...
[00:44:27] [INFO]     → Score=0.4499 | Net=49.9%
[00:44:32] [INFO]   [13/27] standard_medium_minimal...
[00:44:50] [INFO]     → Score=0.4499 | Net=49.9%
[00:44:55] [INFO]   [14/27] standard_medium_safety...
[00:45:13] [INFO]     → Score=0.4499 | Net=49.9%
[00:45:18] [INFO]   [15/27] standard_medium_moderate...
[00:45:36] [INFO]     → Score=0.4499 | Net=49.9%
[00:45:41] [INFO]   [16/27] standard_wide_minimal...
[00:45:57] [INFO]     → Score=0.4499 | Net=49.9%
[00:46:02] [INFO]   [17/27] standard_wide_safety...
[00:46:22] [INFO]     → Score=0.4499 | Net=49.9%
[00:46:27] [INFO]   [18/27] standard_wide_moderate...
[00:46:44] [INFO]     → Score=0.4499 | Net=49.9%
[00:46:49] [INFO]   [19/27] patient_tight_minimal...
[00:47:08] [INFO]     → Score=0.2923 | Net=22.3%
[00:47:13] [INFO]   [20/27] patient_tight_safety...
[00:47:31] [INFO]     → Score=0.2923 | Net=22.3%
[00:47:36] [INFO]   [21/27] patient_tight_moderate...
[00:47:53] [INFO]     → Score=0.2923 | Net=22.3%
[00:47:58] [INFO]   [22/27] patient_medium_minimal...
[00:48:16] [INFO]     → Score=0.2923 | Net=22.3%
[00:48:21] [INFO]   [23/27] patient_medium_safety...
[00:48:39] [INFO]     → Score=0.2923 | Net=22.3%
[00:48:44] [INFO]   [24/27] patient_medium_moderate...
[00:49:02] [INFO]     → Score=0.2923 | Net=22.3%
[00:49:07] [INFO]   [25/27] patient_wide_minimal...
[00:49:26] [INFO]     → Score=0.2923 | Net=22.3%
[00:49:31] [INFO]   [26/27] patient_wide_safety...
[00:49:47] [INFO]     → Score=0.2923 | Net=22.3%
[00:49:52] [INFO]   [27/27] patient_wide_moderate...
[00:50:10] [INFO]     → Score=0.2923 | Net=22.3%
[00:50:15] [INFO] 
  BEST IS: standard_tight_minimal (score=0.4499)
[00:50:15] [INFO]     Net=49.9% | Sharpe=0.291 | DD=38.7%
[00:50:15] [INFO] 
  ── OUT-OF-SAMPLE: 2023-01-01 to 2023-06-30 ──
[00:50:34] [INFO]     → OOS Net=49.9% | Score=0.4331
[00:50:34] [INFO] 
============================================================
[00:50:34] [INFO] WINDOW 4/7: OOS Jul23-Dec23
[00:50:34] [INFO]   IS: 2016-01-01 to 2023-06-30
[00:50:34] [INFO]   OOS: 2023-07-01 to 2023-12-31
[00:50:34] [INFO] ============================================================
[00:50:34] [INFO] 
  ── IN-SAMPLE: Testing 27 trend adder combos ──
[00:50:34] [INFO]   [1/27] quick_tight_minimal...
[00:50:52] [INFO]     → Score=0.402 | Net=44.4%
[00:50:57] [INFO]   [2/27] quick_tight_safety...
[00:51:13] [INFO]     → Score=0.402 | Net=44.4%
[00:51:18] [INFO]   [3/27] quick_tight_moderate...
[00:51:35] [INFO]     → Score=0.402 | Net=44.4%
[00:51:40] [INFO]   [4/27] quick_medium_minimal...
[00:51:57] [INFO]     → Score=0.402 | Net=44.4%
[00:52:02] [INFO]   [5/27] quick_medium_safety...
[00:52:18] [INFO]     → Score=0.402 | Net=44.4%
[00:52:23] [INFO]   [6/27] quick_medium_moderate...
[00:52:40] [INFO]     → Score=0.402 | Net=44.4%
[00:52:45] [INFO]   [7/27] quick_wide_minimal...
[00:53:01] [INFO]     → Score=0.402 | Net=44.4%
[00:53:06] [INFO]   [8/27] quick_wide_safety...
[00:53:24] [INFO]     → Score=0.402 | Net=44.4%
[00:53:29] [INFO]   [9/27] quick_wide_moderate...
[00:53:48] [INFO]     → Score=0.402 | Net=44.4%
[00:53:53] [INFO]   [10/27] standard_tight_minimal...
[00:54:15] [INFO]     → Score=0.4331 | Net=49.9%
[00:54:20] [INFO]   [11/27] standard_tight_safety...
[00:54:37] [INFO]     → Score=0.4331 | Net=49.9%
[00:54:42] [INFO]   [12/27] standard_tight_moderate...
[00:55:00] [INFO]     → Score=0.4331 | Net=49.9%
[00:55:05] [INFO]   [13/27] standard_medium_minimal...
[00:55:21] [INFO]     → Score=0.4331 | Net=49.9%
[00:55:26] [INFO]   [14/27] standard_medium_safety...
[00:55:44] [INFO]     → Score=0.4331 | Net=49.9%
[00:55:49] [INFO]   [15/27] standard_medium_moderate...
[00:56:06] [INFO]     → Score=0.4331 | Net=49.9%
[00:56:11] [INFO]   [16/27] standard_wide_minimal...
[00:56:27] [INFO]     → Score=0.4331 | Net=49.9%
[00:56:32] [INFO]   [17/27] standard_wide_safety...
[00:56:49] [INFO]     → Score=0.4331 | Net=49.9%
[00:56:54] [INFO]   [18/27] standard_wide_moderate...
[00:57:12] [INFO]     → Score=0.4331 | Net=49.9%
[00:57:18] [INFO]   [19/27] patient_tight_minimal...
[00:57:38] [INFO]     → Score=0.2755 | Net=22.3%
[00:57:43] [INFO]   [20/27] patient_tight_safety...
[00:58:03] [INFO]     → Score=0.2755 | Net=22.3%
[00:58:08] [INFO]   [21/27] patient_tight_moderate...
[00:58:25] [INFO]     → Score=0.2755 | Net=22.3%
[00:58:30] [INFO]   [22/27] patient_medium_minimal...
[00:58:48] [INFO]     → Score=0.2755 | Net=22.3%
[00:58:53] [INFO]   [23/27] patient_medium_safety...
[00:59:12] [INFO]     → Score=0.2755 | Net=22.3%
[00:59:17] [INFO]   [24/27] patient_medium_moderate...
[00:59:38] [INFO]     → Score=0.2755 | Net=22.3%
[00:59:43] [INFO]   [25/27] patient_wide_minimal...
[01:00:00] [INFO]     → Score=0.2755 | Net=22.3%
[01:00:05] [INFO]   [26/27] patient_wide_safety...
[01:00:25] [INFO]     → Score=0.2755 | Net=22.3%
[01:00:30] [INFO]   [27/27] patient_wide_moderate...
[01:00:46] [INFO]     → Score=0.2755 | Net=22.3%
[01:00:51] [INFO] 
  BEST IS: standard_tight_minimal (score=0.4331)
[01:00:51] [INFO]     Net=49.9% | Sharpe=0.249 | DD=38.7%
[01:00:51] [INFO] 
  ── OUT-OF-SAMPLE: 2023-07-01 to 2023-12-31 ──
[01:01:08] [INFO]     → OOS Net=48.9% | Score=0.4036
[01:01:08] [INFO] 
============================================================
[01:01:08] [INFO] WINDOW 5/7: OOS Jan24-Jun24
[01:01:08] [INFO]   IS: 2016-01-01 to 2023-12-31
[01:01:08] [INFO]   OOS: 2024-01-01 to 2024-06-30
[01:01:08] [INFO] ============================================================
[01:01:08] [INFO] 
  ── IN-SAMPLE: Testing 27 trend adder combos ──
[01:01:08] [INFO]   [1/27] quick_tight_minimal...
[01:01:28] [INFO]     → Score=0.4001 | Net=48.5%
[01:01:33] [INFO]   [2/27] quick_tight_safety...
[01:01:49] [INFO]     → Score=0.4001 | Net=48.5%
[01:01:54] [INFO]   [3/27] quick_tight_moderate...
[01:02:11] [INFO]     → Score=0.4001 | Net=48.5%
[01:02:16] [INFO]   [4/27] quick_medium_minimal...
[01:02:33] [INFO]     → Score=0.4001 | Net=48.5%
[01:02:38] [INFO]   [5/27] quick_medium_safety...
[01:02:57] [INFO]     → Score=0.4001 | Net=48.5%
[01:03:02] [INFO]   [6/27] quick_medium_moderate...
[01:03:19] [INFO]     → Score=0.4001 | Net=48.5%
[01:03:24] [INFO]   [7/27] quick_wide_minimal...
[01:03:40] [INFO]     → Score=0.4001 | Net=48.5%
[01:03:45] [INFO]   [8/27] quick_wide_safety...
[01:04:02] [INFO]     → Score=0.4001 | Net=48.5%
[01:04:07] [INFO]   [9/27] quick_wide_moderate...
[01:04:25] [INFO]     → Score=0.4001 | Net=48.5%
[01:04:30] [INFO]   [10/27] standard_tight_minimal...
[01:04:49] [INFO]     → Score=0.4036 | Net=48.9%
[01:04:54] [INFO]   [11/27] standard_tight_safety...
[01:05:11] [INFO]     → Score=0.4036 | Net=48.9%
[01:05:16] [INFO]   [12/27] standard_tight_moderate...
[01:05:33] [INFO]     → Score=0.4036 | Net=48.9%
[01:05:38] [INFO]   [13/27] standard_medium_minimal...
[01:05:54] [INFO]     → Score=0.4036 | Net=48.9%
[01:05:59] [INFO]   [14/27] standard_medium_safety...
[01:06:16] [INFO]     → Score=0.4036 | Net=48.9%
[01:06:21] [INFO]   [15/27] standard_medium_moderate...
[01:06:37] [INFO]     → Score=0.4036 | Net=48.9%
[01:06:42] [INFO]   [16/27] standard_wide_minimal...
[01:07:04] [INFO]     → Score=0.4036 | Net=48.9%
[01:07:09] [INFO]   [17/27] standard_wide_safety...
[01:07:29] [INFO]     → Score=0.4036 | Net=48.9%
[01:07:34] [INFO]   [18/27] standard_wide_moderate...
[01:07:54] [INFO]     → Score=0.4036 | Net=48.9%
[01:07:59] [INFO]   [19/27] patient_tight_minimal...
[01:08:15] [INFO]     → Score=0.2582 | Net=23.3%
[01:08:20] [INFO]   [20/27] patient_tight_safety...
[01:08:37] [INFO]     → Score=0.2582 | Net=23.3%
[01:08:42] [INFO]   [21/27] patient_tight_moderate...
[01:09:01] [INFO]     → Score=0.2582 | Net=23.3%
[01:09:06] [INFO]   [22/27] patient_medium_minimal...
[01:09:25] [INFO]     → Score=0.2582 | Net=23.3%
[01:09:31] [INFO]   [23/27] patient_medium_safety...
[01:09:48] [INFO]     → Score=0.2582 | Net=23.3%
[01:09:53] [INFO]   [24/27] patient_medium_moderate...
[01:10:10] [INFO]     → Score=0.2582 | Net=23.3%
[01:10:15] [INFO]   [25/27] patient_wide_minimal...
[01:10:32] [INFO]     → Score=0.2582 | Net=23.3%
[01:10:37] [INFO]   [26/27] patient_wide_safety...
[01:10:56] [INFO]     → Score=0.2582 | Net=23.3%
[01:11:01] [INFO]   [27/27] patient_wide_moderate...
[01:11:19] [INFO]     → Score=0.2582 | Net=23.3%
[01:11:24] [INFO] 
  BEST IS: standard_tight_minimal (score=0.4036)
[01:11:24] [INFO]     Net=48.9% | Sharpe=0.200 | DD=41.0%
[01:11:24] [INFO] 
  ── OUT-OF-SAMPLE: 2024-01-01 to 2024-06-30 ──
[01:11:44] [INFO]     → OOS Net=97.6% | Score=0.5754
[01:11:44] [INFO] 
============================================================
[01:11:44] [INFO] WINDOW 6/7: OOS Jul24-Dec24
[01:11:44] [INFO]   IS: 2016-01-01 to 2024-06-30
[01:11:44] [INFO]   OOS: 2024-07-01 to 2024-12-31
[01:11:44] [INFO] ============================================================
[01:11:44] [INFO] 
  ── IN-SAMPLE: Testing 27 trend adder combos ──
[01:11:44] [INFO]   [1/27] quick_tight_minimal...
[01:12:06] [INFO]     → Score=0.554 | Net=92.3%
[01:12:11] [INFO]   [2/27] quick_tight_safety...
[01:12:27] [INFO]     → Score=0.554 | Net=92.3%
[01:12:32] [INFO]   [3/27] quick_tight_moderate...
[01:12:49] [INFO]     → Score=0.554 | Net=92.3%
[01:12:54] [INFO]   [4/27] quick_medium_minimal...
[01:13:12] [INFO]     → Score=0.554 | Net=92.3%
[01:13:17] [INFO]   [5/27] quick_medium_safety...
[01:13:33] [INFO]     → Score=0.554 | Net=92.3%
[01:13:38] [INFO]   [6/27] quick_medium_moderate...
[01:13:55] [INFO]     → Score=0.554 | Net=92.3%
[01:14:00] [INFO]   [7/27] quick_wide_minimal...
[01:14:20] [INFO]     → Score=0.554 | Net=92.3%
[01:14:25] [INFO]   [8/27] quick_wide_safety...
[01:14:45] [INFO]     → Score=0.554 | Net=92.3%
[01:14:50] [INFO]   [9/27] quick_wide_moderate...
[01:15:10] [INFO]     → Score=0.554 | Net=92.3%
[01:15:15] [INFO]   [10/27] standard_tight_minimal...
[01:15:33] [INFO]     → Score=0.5754 | Net=97.6%
[01:15:38] [INFO]   [11/27] standard_tight_safety...
[01:15:55] [INFO]     → Score=0.5754 | Net=97.6%
[01:16:00] [INFO]   [12/27] standard_tight_moderate...
[01:16:19] [INFO]     → Score=0.5754 | Net=97.6%
[01:16:24] [INFO]   [13/27] standard_medium_minimal...
[01:16:41] [INFO]     → Score=0.5754 | Net=97.6%
[01:16:46] [INFO]   [14/27] standard_medium_safety...
[01:17:04] [INFO]     → Score=0.5754 | Net=97.6%
[01:17:09] [INFO]   [15/27] standard_medium_moderate...
[01:17:28] [INFO]     → Score=0.5754 | Net=97.6%
[01:17:33] [INFO]   [16/27] standard_wide_minimal...
[01:17:50] [INFO]     → Score=0.5754 | Net=97.6%
[01:17:55] [INFO]   [17/27] standard_wide_safety...
[01:18:14] [INFO]     → Score=0.5754 | Net=97.6%
[01:18:19] [INFO]   [18/27] standard_wide_moderate...
[01:18:39] [INFO]     → Score=0.5754 | Net=97.6%
[01:18:44] [INFO]   [19/27] patient_tight_minimal...
[01:19:03] [INFO]     → Score=0.3673 | Net=47.4%
[01:19:08] [INFO]   [20/27] patient_tight_safety...
[01:19:26] [INFO]     → Score=0.3673 | Net=47.4%
[01:19:31] [INFO]   [21/27] patient_tight_moderate...
[01:19:51] [INFO]     → Score=0.3673 | Net=47.4%
[01:19:56] [INFO]   [22/27] patient_medium_minimal...
[01:20:13] [INFO]     → Score=0.3673 | Net=47.4%
[01:20:18] [INFO]   [23/27] patient_medium_safety...
[01:20:41] [INFO]     → Score=0.3673 | Net=47.4%
[01:20:46] [INFO]   [24/27] patient_medium_moderate...
[01:21:04] [INFO]     → Score=0.3673 | Net=47.4%
[01:21:09] [INFO]   [25/27] patient_wide_minimal...
[01:21:29] [INFO]     → Score=0.3673 | Net=47.4%
[01:21:34] [INFO]   [26/27] patient_wide_safety...
[01:21:50] [INFO]     → Score=0.3673 | Net=47.4%
[01:21:55] [INFO]   [27/27] patient_wide_moderate...
[01:22:15] [INFO]     → Score=0.3673 | Net=47.4%
[01:22:20] [INFO] 
  BEST IS: standard_tight_minimal (score=0.5754)
[01:22:20] [INFO]     Net=97.6% | Sharpe=0.304 | DD=46.3%
[01:22:20] [INFO] 
  ── OUT-OF-SAMPLE: 2024-07-01 to 2024-12-31 ──
[01:22:38] [INFO]     → OOS Net=163.1% | Score=0.8023
[01:22:38] [INFO] 
============================================================
[01:22:38] [INFO] WINDOW 7/7: OOS Jan25-Jun25
[01:22:38] [INFO]   IS: 2016-01-01 to 2024-12-31
[01:22:38] [INFO]   OOS: 2025-01-01 to 2025-06-30
[01:22:38] [INFO] ============================================================
[01:22:38] [INFO] 
  ── IN-SAMPLE: Testing 27 trend adder combos ──
[01:22:38] [INFO]   [1/27] quick_tight_minimal...
[01:22:54] [INFO]     → Score=0.7225 | Net=141.4%
[01:22:59] [INFO]   [2/27] quick_tight_safety...
[01:23:17] [INFO]     → Score=0.7225 | Net=141.4%
[01:23:22] [INFO]   [3/27] quick_tight_moderate...
[01:23:39] [INFO]     → Score=0.7225 | Net=141.4%
[01:23:44] [INFO]   [4/27] quick_medium_minimal...
[01:24:05] [INFO]     → Score=0.7225 | Net=141.4%
[01:24:10] [INFO]   [5/27] quick_medium_safety...
[01:24:27] [INFO]     → Score=0.7225 | Net=141.4%
[01:24:32] [INFO]   [6/27] quick_medium_moderate...
[01:24:49] [INFO]     → Score=0.7225 | Net=141.4%
[01:24:54] [INFO]   [7/27] quick_wide_minimal...
[01:25:11] [INFO]     → Score=0.7225 | Net=141.4%
[01:25:16] [INFO]   [8/27] quick_wide_safety...
[01:25:37] [INFO]     → Score=0.7225 | Net=141.4%
[01:25:43] [INFO]   [9/27] quick_wide_moderate...
[01:26:03] [INFO]     → Score=0.7225 | Net=141.4%
[01:26:08] [INFO]   [10/27] standard_tight_minimal...
[01:26:25] [INFO]     → Score=0.8023 | Net=163.1%
[01:26:30] [INFO]   [11/27] standard_tight_safety...
[01:26:48] [INFO]     → Score=0.8023 | Net=163.1%
[01:26:53] [INFO]   [12/27] standard_tight_moderate...
[01:27:14] [INFO]     → Score=0.8023 | Net=163.1%
[01:27:19] [INFO]   [13/27] standard_medium_minimal...
[01:27:35] [INFO]     → Score=0.8023 | Net=163.1%
[01:27:40] [INFO]   [14/27] standard_medium_safety...
[01:27:56] [INFO]     → Score=0.8023 | Net=163.1%
[01:28:01] [INFO]   [15/27] standard_medium_moderate...
[01:28:18] [INFO]     → Score=0.8023 | Net=163.1%
[01:28:23] [INFO]   [16/27] standard_wide_minimal...
[01:28:41] [INFO]     → Score=0.8023 | Net=163.1%
[01:28:46] [INFO]   [17/27] standard_wide_safety...
[01:29:01] [INFO]     → Score=0.8023 | Net=163.1%
[01:29:06] [INFO]   [18/27] standard_wide_moderate...
[01:29:25] [INFO]     → Score=0.8023 | Net=163.1%
[01:29:30] [INFO]   [19/27] patient_tight_minimal...
[01:29:46] [INFO]     → Score=0.4972 | Net=80.4%
[01:29:51] [INFO]   [20/27] patient_tight_safety...
[01:30:08] [INFO]     → Score=0.4972 | Net=80.4%
[01:30:13] [INFO]   [21/27] patient_tight_moderate...
[01:30:32] [INFO]     → Score=0.4972 | Net=80.4%
[01:30:37] [INFO]   [22/27] patient_medium_minimal...
[01:30:56] [INFO]     → Score=0.4972 | Net=80.4%
[01:31:01] [INFO]   [23/27] patient_medium_safety...
[01:31:19] [INFO]     → Score=0.4972 | Net=80.4%
[01:31:24] [INFO]   [24/27] patient_medium_moderate...
[01:31:41] [INFO]     → Score=0.4972 | Net=80.4%
[01:31:46] [INFO]   [25/27] patient_wide_minimal...
[01:32:05] [INFO]     → Score=0.4972 | Net=80.4%
[01:32:10] [INFO]   [26/27] patient_wide_safety...
[01:32:27] [INFO]     → Score=0.4972 | Net=80.4%
[01:32:32] [INFO]   [27/27] patient_wide_moderate...
[01:32:51] [INFO]     → Score=0.4972 | Net=80.4%
[01:32:56] [INFO] 
  BEST IS: standard_tight_minimal (score=0.8023)
[01:32:56] [INFO]     Net=163.1% | Sharpe=0.380 | DD=46.3%
[01:32:56] [INFO] 
  ── OUT-OF-SAMPLE: 2025-01-01 to 2025-06-30 ──
[01:33:13] [INFO]     → OOS Net=163.1% | Score=0.7919
[01:33:13] [INFO] 

============================================================
[01:33:13] [INFO] WALK-FORWARD ANALYSIS COMPLETE
[01:33:13] [INFO] ============================================================

────────────────────────────────────────────────────────────────────────────────────────────────────
Window       Best Params                       IS Net%  IS Sharpe  OOS Net%  OOS Sharpe
────────────────────────────────────────────────────────────────────────────────────────────────────
OOS Jan22-Jun22 standard_tight_minimal              69.7%     0.474     49.9%      0.324
OOS Jul22-Dec22 standard_tight_minimal              49.9%     0.324     49.9%      0.291
OOS Jan23-Jun23 standard_tight_minimal              49.9%     0.291     49.9%      0.249
OOS Jul23-Dec23 standard_tight_minimal              49.9%     0.249     48.9%      0.200
OOS Jan24-Jun24 standard_tight_minimal              48.9%     0.200     97.6%      0.304
OOS Jul24-Dec24 standard_tight_minimal              97.6%     0.304    163.1%      0.380
OOS Jan25-Jun25 standard_tight_minimal             163.1%     0.380    163.1%      0.354
────────────────────────────────────────────────────────────────────────────────────────────────────

  Avg IS Return:     75.5%
  Avg OOS Return:    88.9%
  Walk-Forward Efficiency (WFE): 1.18
  → ROBUST: WFE > 0.5 indicates strategy parameters are stable

  Stitched OOS Equity Curve (starting $100):
    OOS Jan22-Jun22      ██████████████ $  149.86 ( +49.9%)
    OOS Jul22-Dec22      ██████████████████████ $  224.58 ( +49.9%)
    OOS Jan23-Jun23      █████████████████████████████████ $  336.55 ( +49.9%)
    OOS Jul23-Dec23      ██████████████████████████████████████████████████ $  501.02 ( +48.9%)
    OOS Jan24-Jun24      ██████████████████████████████████████████████████████████████████████████████████████████████████ $  989.89 ( +97.6%)
    OOS Jul24-Dec24      ████████████████████████████████████████████████████████████████████████████████████████████████████████████████████████████████████████████████████████████████████████████████████████████████████████████████████████████████████████████████████████████████████ $ 2604.11 (+163.1%)
    OOS Jan25-Jun25      █████████████████████████████████████████████████████████████████████████████████████████████████████████████████████████████████████████████████████████████████████████████████████████████████████████████████████████████████████████████████████████████████████████████████████████████████████████████████████████████████████████████████████████████████████████████████████████████████████████████████████████████████████████████████████████████████████████████████████████████████████████████████████████████████████████████████████████████████████████████████████████████████████████████████████████████████████████████████████████████████████████████████████████████████████████████ $ 6850.64 (+163.1%)

  Total Stitched OOS Return: +6750.6%

  ── COMPARISON TO v2.8 BASELINE ──
  v2.8 baseline:  WFE 1.20 | +692.2% stitched OOS
  v2.8+ (adder):  WFE 1.18 | +6750.6% stitched OOS
  Delta: +6058.4% (IMPROVEMENT)

  Parameter Stability (wins per axis value):
    confirm_weeks: {'standard': 7}
    convergence_pct: {'tight': 7}
    adder_trails: {'minimal': 7}

  Most common winner: standard_tight_minimal (7/7 windows)
  → STABLE: Same params win majority of windows
[01:33:13] [INFO] 
Results saved to /Users/eddiemae/rudy/data/wf_v28plus_results.json
