/Users/eddiemae/Library/Python/3.9/lib/python/site-packages/urllib3/__init__.py:35: NotOpenSSLWarning: urllib3 v2 only supports OpenSSL 1.1.1+, currently the 'ssl' module is compiled with 'LibreSSL 2.8.3'. See: https://github.com/urllib3/urllib3/issues/3020
  warnings.warn(
[08:56:36] [INFO] RUDY v2.8 WALK-FORWARD ANALYSIS
[08:56:36] [INFO] ============================================================
[08:56:36] [INFO] Windows: 7 | Param combos: 27 | Total backtests: 196
[08:56:36] [INFO] 
[08:56:36] [INFO] 
============================================================
[08:56:36] [INFO] WINDOW 1/7: OOS Jan22-Jun22
[08:56:36] [INFO]   IS: 2016-01-01 to 2021-12-31
[08:56:36] [INFO]   OOS: 2022-01-01 to 2022-06-30
[08:56:36] [INFO] ============================================================
[08:56:36] [INFO] 
  ── IN-SAMPLE: Testing 27 parameter combos ──
[08:56:36] [INFO]   [1/27] tight_aggressive_tight...
[08:56:56] [INFO]     → Score=0.441 | Net=27.1%
[08:57:01] [INFO]   [2/27] tight_aggressive_default...
[08:57:21] [INFO]     → Score=0.4392 | Net=26.9%
[08:57:26] [INFO]   [3/27] tight_aggressive_wide...
[08:57:44] [INFO]     → Score=0.4381 | Net=26.8%
[08:57:49] [INFO]   [4/27] tight_balanced_tight...
[08:58:04] [INFO]     → Score=0.4416 | Net=27.2%
[08:58:09] [INFO]   [5/27] tight_balanced_default...
[08:58:24] [INFO]     → Score=0.4398 | Net=27.0%
[08:58:29] [INFO]   [6/27] tight_balanced_wide...
[08:58:47] [INFO]     → Score=0.4386 | Net=26.8%
[08:58:53] [INFO]   [7/27] tight_conservative_tight...
[08:59:10] [INFO]     → Score=0.4519 | Net=28.3%
[08:59:15] [INFO]   [8/27] tight_conservative_default...
[08:59:32] [INFO]     → Score=0.4502 | Net=28.2%
[08:59:37] [INFO]   [9/27] tight_conservative_wide...
[08:59:55] [INFO]     → Score=0.4496 | Net=28.1%
[09:00:00] [INFO]   [10/27] default_aggressive_tight...
[09:00:16] [INFO]     → Score=0.441 | Net=27.1%
[09:00:21] [INFO]   [11/27] default_aggressive_default...
[09:00:40] [INFO]     → Score=0.4392 | Net=26.9%
[09:00:45] [INFO]   [12/27] default_aggressive_wide...
[09:01:02] [INFO]     → Score=0.4381 | Net=26.8%
[09:01:07] [INFO]   [13/27] default_balanced_tight...
[09:01:24] [INFO]     → Score=0.4416 | Net=27.2%
[09:01:29] [INFO]   [14/27] default_balanced_default...
[09:01:48] [INFO]     → Score=0.4398 | Net=27.0%
[09:01:53] [INFO]   [15/27] default_balanced_wide...
[09:02:14] [INFO]     → Score=0.4386 | Net=26.8%
[09:02:19] [INFO]   [16/27] default_conservative_tight...
[09:02:37] [INFO]     → Score=0.4519 | Net=28.3%
[09:02:42] [INFO]   [17/27] default_conservative_default...
[09:03:01] [INFO]     → Score=0.4502 | Net=28.2%
[09:03:06] [INFO]   [18/27] default_conservative_wide...
[09:03:22] [INFO]     → Score=0.4496 | Net=28.1%
[09:03:27] [INFO]   [19/27] wide_aggressive_tight...
[09:03:46] [INFO]     → Score=0.441 | Net=27.1%
[09:03:51] [INFO]   [20/27] wide_aggressive_default...
[09:04:05] [INFO]     → Score=0.4392 | Net=26.9%
[09:04:10] [INFO]   [21/27] wide_aggressive_wide...
[09:04:31] [INFO]     → Score=0.4381 | Net=26.8%
[09:04:36] [INFO]   [22/27] wide_balanced_tight...
[09:04:54] [INFO]     → Score=0.4416 | Net=27.2%
[09:04:59] [INFO]   [23/27] wide_balanced_default...
[09:05:18] [INFO]     → Score=0.4398 | Net=27.0%
[09:05:23] [INFO]   [24/27] wide_balanced_wide...
[09:05:41] [INFO]     → Score=0.4386 | Net=26.8%
[09:05:46] [INFO]   [25/27] wide_conservative_tight...
[09:06:05] [INFO]     → Score=0.4519 | Net=28.3%
[09:06:10] [INFO]   [26/27] wide_conservative_default...
[09:06:28] [INFO]     → Score=0.4502 | Net=28.2%
[09:06:33] [INFO]   [27/27] wide_conservative_wide...
[09:06:55] [INFO]     → Score=0.4496 | Net=28.1%
[09:07:00] [INFO] 
  BEST IS: tight_conservative_tight (score=0.4519)
[09:07:00] [INFO]     Net=28.3% | Sharpe=0.285 | DD=15.7%
[09:07:00] [INFO] 
  ── OUT-OF-SAMPLE: 2022-01-01 to 2022-06-30 ──
[09:07:17] [INFO]     → OOS Net=13.3% | Score=0.2712
[09:07:17] [INFO] 
============================================================
[09:07:17] [INFO] WINDOW 2/7: OOS Jul22-Dec22
[09:07:17] [INFO]   IS: 2016-01-01 to 2022-06-30
[09:07:17] [INFO]   OOS: 2022-07-01 to 2022-12-31
[09:07:17] [INFO] ============================================================
[09:07:17] [INFO] 
  ── IN-SAMPLE: Testing 27 parameter combos ──
[09:07:17] [INFO]   [1/27] tight_aggressive_tight...
[09:07:34] [INFO]     → Score=0.2603 | Net=12.2%
[09:07:39] [INFO]   [2/27] tight_aggressive_default...
[09:07:55] [INFO]     → Score=0.2586 | Net=12.1%
[09:08:00] [INFO]   [3/27] tight_aggressive_wide...
[09:08:19] [INFO]     → Score=0.2579 | Net=12.0%
[09:08:24] [INFO]   [4/27] tight_balanced_tight...
[09:08:42] [INFO]     → Score=0.2608 | Net=12.3%
[09:08:47] [INFO]   [5/27] tight_balanced_default...
[09:09:07] [INFO]     → Score=0.2591 | Net=12.1%
[09:09:12] [INFO]   [6/27] tight_balanced_wide...
[09:09:28] [INFO]     → Score=0.258 | Net=12.0%
[09:09:33] [INFO]   [7/27] tight_conservative_tight...
[09:09:50] [INFO]     → Score=0.2712 | Net=13.3%
[09:09:55] [INFO]   [8/27] tight_conservative_default...
[09:10:13] [INFO]     → Score=0.27 | Net=13.2%
[09:10:18] [INFO]   [9/27] tight_conservative_wide...
[09:10:39] [INFO]     → Score=0.2694 | Net=13.1%
[09:10:44] [INFO]   [10/27] default_aggressive_tight...
[09:11:04] [INFO]     → Score=0.2603 | Net=12.2%
[09:11:09] [INFO]   [11/27] default_aggressive_default...
[09:11:25] [INFO]     → Score=0.2586 | Net=12.1%
[09:11:30] [INFO]   [12/27] default_aggressive_wide...
[09:11:47] [INFO]     → Score=0.2579 | Net=12.0%
[09:11:52] [INFO]   [13/27] default_balanced_tight...
[09:12:10] [INFO]     → Score=0.2608 | Net=12.3%
[09:12:15] [INFO]   [14/27] default_balanced_default...
[09:12:32] [INFO]     → Score=0.2591 | Net=12.1%
[09:12:37] [INFO]   [15/27] default_balanced_wide...
[09:12:57] [INFO]     → Score=0.258 | Net=12.0%
[09:13:02] [INFO]   [16/27] default_conservative_tight...
[09:13:19] [INFO]     → Score=0.2712 | Net=13.3%
[09:13:24] [INFO]   [17/27] default_conservative_default...
[09:13:42] [INFO]     → Score=0.27 | Net=13.2%
[09:13:47] [INFO]   [18/27] default_conservative_wide...
[09:14:04] [INFO]     → Score=0.2694 | Net=13.1%
[09:14:09] [INFO]   [19/27] wide_aggressive_tight...
[09:14:27] [INFO]     → Score=0.2603 | Net=12.2%
[09:14:32] [INFO]   [20/27] wide_aggressive_default...
[09:14:53] [INFO]     → Score=0.2586 | Net=12.1%
[09:14:58] [INFO]   [21/27] wide_aggressive_wide...
[09:15:14] [INFO]     → Score=0.2579 | Net=12.0%
[09:15:19] [INFO]   [22/27] wide_balanced_tight...
[09:15:37] [INFO]     → Score=0.2608 | Net=12.3%
[09:15:42] [INFO]   [23/27] wide_balanced_default...
[09:16:00] [INFO]     → Score=0.2591 | Net=12.1%
[09:16:05] [INFO]   [24/27] wide_balanced_wide...
[09:16:26] [INFO]     → Score=0.258 | Net=12.0%
[09:16:31] [INFO]   [25/27] wide_conservative_tight...
[09:16:49] [INFO]     → Score=0.2712 | Net=13.3%
[09:16:54] [INFO]   [26/27] wide_conservative_default...
[09:17:15] [INFO]     → Score=0.27 | Net=13.2%
[09:17:20] [INFO]   [27/27] wide_conservative_wide...
[09:17:36] [INFO]     → Score=0.2694 | Net=13.1%
[09:17:41] [INFO] 
  BEST IS: tight_conservative_tight (score=0.2712)
[09:17:41] [INFO]     Net=13.3% | Sharpe=0.020 | DD=25.6%
[09:17:41] [INFO] 
  ── OUT-OF-SAMPLE: 2022-07-01 to 2022-12-31 ──
[09:17:57] [INFO]     → OOS Net=13.3% | Score=0.2548
[09:17:57] [INFO] 
============================================================
[09:17:57] [INFO] WINDOW 3/7: OOS Jan23-Jun23
[09:17:57] [INFO]   IS: 2016-01-01 to 2022-12-31
[09:17:57] [INFO]   OOS: 2023-01-01 to 2023-06-30
[09:17:57] [INFO] ============================================================
[09:17:57] [INFO] 
  ── IN-SAMPLE: Testing 27 parameter combos ──
[09:17:57] [INFO]   [1/27] tight_aggressive_tight...
[09:18:16] [INFO]     → Score=0.2439 | Net=12.2%
[09:18:21] [INFO]   [2/27] tight_aggressive_default...
[09:18:39] [INFO]     → Score=0.2422 | Net=12.1%
[09:18:44] [INFO]   [3/27] tight_aggressive_wide...
[09:19:06] [INFO]     → Score=0.2415 | Net=12.0%
[09:19:11] [INFO]   [4/27] tight_balanced_tight...
[09:19:30] [INFO]     → Score=0.2444 | Net=12.3%
[09:19:35] [INFO]   [5/27] tight_balanced_default...
[09:19:53] [INFO]     → Score=0.2427 | Net=12.1%
[09:19:58] [INFO]   [6/27] tight_balanced_wide...
[09:20:15] [INFO]     → Score=0.2416 | Net=12.0%
[09:20:20] [INFO]   [7/27] tight_conservative_tight...
[09:20:44] [INFO]     → Score=0.2548 | Net=13.3%
[09:20:49] [INFO]   [8/27] tight_conservative_default...
[09:21:10] [INFO]     → Score=0.2532 | Net=13.2%
[09:21:15] [INFO]   [9/27] tight_conservative_wide...
[09:21:35] [INFO]     → Score=0.2526 | Net=13.1%
[09:21:40] [INFO]   [10/27] default_aggressive_tight...
[09:21:56] [INFO]     → Score=0.2439 | Net=12.2%
[09:22:01] [INFO]   [11/27] default_aggressive_default...
[09:22:18] [INFO]     → Score=0.2422 | Net=12.1%
[09:22:23] [INFO]   [12/27] default_aggressive_wide...
[09:22:42] [INFO]     → Score=0.2415 | Net=12.0%
[09:22:47] [INFO]   [13/27] default_balanced_tight...
[09:23:05] [INFO]     → Score=0.2444 | Net=12.3%
[09:23:10] [INFO]   [14/27] default_balanced_default...
[09:23:30] [INFO]     → Score=0.2427 | Net=12.1%
[09:23:35] [INFO]   [15/27] default_balanced_wide...
[09:24:07] [INFO]     → Score=0.2416 | Net=12.0%
[09:24:12] [INFO]   [16/27] default_conservative_tight...
[09:24:28] [INFO]     → Score=0.2548 | Net=13.3%
[09:24:34] [INFO]   [17/27] default_conservative_default...
[09:24:55] [INFO]     → Score=0.2532 | Net=13.2%
[09:25:00] [INFO]   [18/27] default_conservative_wide...
[09:25:20] [INFO]     → Score=0.2526 | Net=13.1%
[09:25:25] [INFO]   [19/27] wide_aggressive_tight...
[09:25:42] [INFO]     → Score=0.2439 | Net=12.2%
[09:25:47] [INFO]   [20/27] wide_aggressive_default...
[09:26:08] [INFO]     → Score=0.2422 | Net=12.1%
[09:26:13] [INFO]   [21/27] wide_aggressive_wide...
[09:26:30] [INFO]     → Score=0.2415 | Net=12.0%
[09:26:35] [INFO]   [22/27] wide_balanced_tight...
[09:26:54] [INFO]     → Score=0.2444 | Net=12.3%
[09:26:59] [INFO]   [23/27] wide_balanced_default...
[09:27:17] [INFO]     → Score=0.2427 | Net=12.1%
[09:27:22] [INFO]   [24/27] wide_balanced_wide...
[09:27:39] [INFO]     → Score=0.2416 | Net=12.0%
[09:27:44] [INFO]   [25/27] wide_conservative_tight...
[09:28:04] [INFO]     → Score=0.2548 | Net=13.3%
[09:28:09] [INFO]   [26/27] wide_conservative_default...
[09:28:25] [INFO]     → Score=0.2532 | Net=13.2%
[09:28:30] [INFO]   [27/27] wide_conservative_wide...
[09:28:51] [INFO]     → Score=0.2526 | Net=13.1%
[09:28:56] [INFO] 
  BEST IS: tight_conservative_tight (score=0.2548)
[09:28:56] [INFO]     Net=13.3% | Sharpe=-0.021 | DD=25.6%
[09:28:56] [INFO] 
  ── OUT-OF-SAMPLE: 2023-01-01 to 2023-06-30 ──
[09:29:14] [INFO]     → OOS Net=13.3% | Score=0.2304
[09:29:14] [INFO] 
============================================================
[09:29:14] [INFO] WINDOW 4/7: OOS Jul23-Dec23
[09:29:14] [INFO]   IS: 2016-01-01 to 2023-06-30
[09:29:14] [INFO]   OOS: 2023-07-01 to 2023-12-31
[09:29:14] [INFO] ============================================================
[09:29:14] [INFO] 
  ── IN-SAMPLE: Testing 27 parameter combos ──
[09:29:14] [INFO]   [1/27] tight_aggressive_tight...
[09:29:37] [INFO]     → Score=0.2195 | Net=12.2%
[09:29:42] [INFO]   [2/27] tight_aggressive_default...
[09:29:58] [INFO]     → Score=0.2178 | Net=12.1%
[09:30:04] [INFO]   [3/27] tight_aggressive_wide...
[09:30:21] [INFO]     → Score=0.2171 | Net=12.0%
[09:30:26] [INFO]   [4/27] tight_balanced_tight...
[09:30:46] [INFO]     → Score=0.22 | Net=12.3%
[09:30:51] [INFO]   [5/27] tight_balanced_default...
[09:31:13] [INFO]     → Score=0.2183 | Net=12.1%
[09:31:18] [INFO]   [6/27] tight_balanced_wide...
[09:31:40] [INFO]     → Score=0.2172 | Net=12.0%
[09:31:45] [INFO]   [7/27] tight_conservative_tight...
[09:32:01] [INFO]     → Score=0.2304 | Net=13.3%
[09:32:06] [INFO]   [8/27] tight_conservative_default...
[09:32:25] [INFO]     → Score=0.2288 | Net=13.2%
[09:32:30] [INFO]   [9/27] tight_conservative_wide...
[09:32:47] [INFO]     → Score=0.2282 | Net=13.1%
[09:32:52] [INFO]   [10/27] default_aggressive_tight...
[09:33:12] [INFO]     → Score=0.2195 | Net=12.2%
[09:33:17] [INFO]   [11/27] default_aggressive_default...
[09:33:35] [INFO]     → Score=0.2178 | Net=12.1%
[09:33:40] [INFO]   [12/27] default_aggressive_wide...
[09:34:01] [INFO]     → Score=0.2171 | Net=12.0%
[09:34:06] [INFO]   [13/27] default_balanced_tight...
[09:34:27] [INFO]     → Score=0.22 | Net=12.3%
[09:34:32] [INFO]   [14/27] default_balanced_default...
[09:34:49] [INFO]     → Score=0.2183 | Net=12.1%
[09:34:54] [INFO]   [15/27] default_balanced_wide...
[09:35:16] [INFO]     → Score=0.2172 | Net=12.0%
[09:35:21] [INFO]   [16/27] default_conservative_tight...
[09:35:44] [INFO]     → Score=0.2304 | Net=13.3%
[09:35:49] [INFO]   [17/27] default_conservative_default...
[09:36:10] [INFO]     → Score=0.2288 | Net=13.2%
[09:36:15] [INFO]   [18/27] default_conservative_wide...
[09:36:32] [INFO]     → Score=0.2282 | Net=13.1%
[09:36:37] [INFO]   [19/27] wide_aggressive_tight...
[09:36:54] [INFO]     → Score=0.2195 | Net=12.2%
[09:36:59] [INFO]   [20/27] wide_aggressive_default...
[09:37:19] [INFO]     → Score=0.2178 | Net=12.1%
[09:37:24] [INFO]   [21/27] wide_aggressive_wide...
[09:37:43] [INFO]     → Score=0.2171 | Net=12.0%
[09:37:48] [INFO]   [22/27] wide_balanced_tight...
[09:38:07] [INFO]     → Score=0.22 | Net=12.3%
[09:38:12] [INFO]   [23/27] wide_balanced_default...
[09:38:29] [INFO]     → Score=0.2183 | Net=12.1%
[09:38:34] [INFO]   [24/27] wide_balanced_wide...
[09:38:57] [INFO]     → Score=0.2172 | Net=12.0%
[09:39:02] [INFO]   [25/27] wide_conservative_tight...
[09:39:18] [INFO]     → Score=0.2304 | Net=13.3%
[09:39:23] [INFO]   [26/27] wide_conservative_default...
[09:39:42] [INFO]     → Score=0.2288 | Net=13.2%
[09:39:47] [INFO]   [27/27] wide_conservative_wide...
[09:40:04] [INFO]     → Score=0.2282 | Net=13.1%
[09:40:09] [INFO] 
  BEST IS: tight_conservative_tight (score=0.2304)
[09:40:09] [INFO]     Net=13.3% | Sharpe=-0.082 | DD=25.6%
[09:40:09] [INFO] 
  ── OUT-OF-SAMPLE: 2023-07-01 to 2023-12-31 ──
[09:40:29] [INFO]     → OOS Net=14.3% | Score=0.208
[09:40:29] [INFO] 
============================================================
[09:40:29] [INFO] WINDOW 5/7: OOS Jan24-Jun24
[09:40:29] [INFO]   IS: 2016-01-01 to 2023-12-31
[09:40:29] [INFO]   OOS: 2024-01-01 to 2024-06-30
[09:40:29] [INFO] ============================================================
[09:40:29] [INFO] 
  ── IN-SAMPLE: Testing 27 parameter combos ──
[09:40:29] [INFO]   [1/27] tight_aggressive_tight...
[09:40:48] [INFO]     → Score=0.1975 | Net=13.2%
[09:40:53] [INFO]   [2/27] tight_aggressive_default...
[09:41:13] [INFO]     → Score=0.1962 | Net=13.0%
[09:41:18] [INFO]   [3/27] tight_aggressive_wide...
[09:41:41] [INFO]     → Score=0.1951 | Net=12.9%
[09:41:46] [INFO]   [4/27] tight_balanced_tight...
[09:42:06] [INFO]     → Score=0.198 | Net=13.2%
[09:42:11] [INFO]   [5/27] tight_balanced_default...
[09:42:33] [INFO]     → Score=0.1963 | Net=13.1%
[09:42:38] [INFO]   [6/27] tight_balanced_wide...
[09:42:56] [INFO]     → Score=0.1956 | Net=13.0%
[09:43:01] [INFO]   [7/27] tight_conservative_tight...
[09:43:23] [INFO]     → Score=0.208 | Net=14.3%
[09:43:28] [INFO]   [8/27] tight_conservative_default...
[09:43:56] [INFO]     → Score=0.2068 | Net=14.2%
[09:44:01] [INFO]   [9/27] tight_conservative_wide...
[09:44:22] [INFO]     → Score=0.2062 | Net=14.1%
[09:44:27] [INFO]   [10/27] default_aggressive_tight...
[09:44:46] [INFO]     → Score=0.1975 | Net=13.2%
[09:44:51] [INFO]   [11/27] default_aggressive_default...
[09:45:15] [INFO]     → Score=0.1962 | Net=13.0%
[09:45:20] [INFO]   [12/27] default_aggressive_wide...
[09:45:40] [INFO]     → Score=0.1951 | Net=12.9%
[09:45:45] [INFO]   [13/27] default_balanced_tight...
[09:46:06] [INFO]     → Score=0.198 | Net=13.2%
[09:46:11] [INFO]   [14/27] default_balanced_default...
[09:46:31] [INFO]     → Score=0.1963 | Net=13.1%
[09:46:36] [INFO]   [15/27] default_balanced_wide...
[09:46:55] [INFO]     → Score=0.1956 | Net=13.0%
[09:47:00] [INFO]   [16/27] default_conservative_tight...
[09:47:19] [INFO]     → Score=0.208 | Net=14.3%
[09:47:24] [INFO]   [17/27] default_conservative_default...
[09:47:47] [INFO]     → Score=0.2068 | Net=14.2%
[09:47:52] [INFO]   [18/27] default_conservative_wide...
[09:48:09] [INFO]     → Score=0.2062 | Net=14.1%
[09:48:14] [INFO]   [19/27] wide_aggressive_tight...
[09:48:34] [INFO]     → Score=0.1975 | Net=13.2%
[09:48:39] [INFO]   [20/27] wide_aggressive_default...
[09:49:00] [INFO]     → Score=0.1962 | Net=13.0%
[09:49:05] [INFO]   [21/27] wide_aggressive_wide...
[09:49:26] [INFO]     → Score=0.1951 | Net=12.9%
[09:49:31] [INFO]   [22/27] wide_balanced_tight...
[09:49:47] [INFO]     → Score=0.198 | Net=13.2%
[09:49:52] [INFO]   [23/27] wide_balanced_default...
[09:50:12] [INFO]     → Score=0.1963 | Net=13.1%
[09:50:17] [INFO]   [24/27] wide_balanced_wide...
[09:50:37] [INFO]     → Score=0.1956 | Net=13.0%
[09:50:42] [INFO]   [25/27] wide_conservative_tight...
[09:51:04] [INFO]     → Score=0.208 | Net=14.3%
[09:51:09] [INFO]   [26/27] wide_conservative_default...
[09:51:28] [INFO]     → Score=0.2068 | Net=14.2%
[09:51:33] [INFO]   [27/27] wide_conservative_wide...
[09:51:54] [INFO]     → Score=0.2062 | Net=14.1%
[09:51:59] [INFO] 
  BEST IS: tight_conservative_tight (score=0.208)
[09:51:59] [INFO]     Net=14.3% | Sharpe=-0.125 | DD=28.3%
[09:51:59] [INFO] 
  ── OUT-OF-SAMPLE: 2024-01-01 to 2024-06-30 ──
[09:52:18] [INFO]     → OOS Net=43.9% | Score=0.394
[09:52:18] [INFO] 
============================================================
[09:52:18] [INFO] WINDOW 6/7: OOS Jul24-Dec24
[09:52:18] [INFO]   IS: 2016-01-01 to 2024-06-30
[09:52:18] [INFO]   OOS: 2024-07-01 to 2024-12-31
[09:52:18] [INFO] ============================================================
[09:52:18] [INFO] 
  ── IN-SAMPLE: Testing 27 parameter combos ──
[09:52:18] [INFO]   [1/27] tight_aggressive_tight...
[09:52:41] [INFO]     → Score=0.4425 | Net=52.7%
[09:52:46] [INFO]   [2/27] tight_aggressive_default...
[09:53:09] [INFO]     → Score=0.3774 | Net=40.9%
[09:53:14] [INFO]   [3/27] tight_aggressive_wide...
[09:53:35] [INFO]     → Score=0.3483 | Net=35.7%
[09:53:40] [INFO]   [4/27] tight_balanced_tight...
[09:54:01] [INFO]     → Score=0.3784 | Net=41.1%
[09:54:06] [INFO]   [5/27] tight_balanced_default...
[09:54:27] [INFO]     → Score=0.3497 | Net=35.9%
[09:54:32] [INFO]   [6/27] tight_balanced_wide...
[09:54:57] [INFO]     → Score=0.3067 | Net=28.3%
[09:55:02] [INFO]   [7/27] tight_conservative_tight...
[09:55:22] [INFO]     → Score=0.394 | Net=43.9%
[09:55:27] [INFO]   [8/27] tight_conservative_default...
[09:55:46] [INFO]     → Score=0.3651 | Net=38.7%
[09:55:51] [INFO]   [9/27] tight_conservative_wide...
[09:56:09] [INFO]     → Score=0.3226 | Net=31.0%
[09:56:14] [INFO]   [10/27] default_aggressive_tight...
[09:56:41] [INFO]     → Score=0.4509 | Net=54.2%
[09:56:46] [INFO]   [11/27] default_aggressive_default...
[09:57:06] [INFO]     → Score=0.3928 | Net=43.6%
[09:57:11] [INFO]   [12/27] default_aggressive_wide...
[09:57:30] [INFO]     → Score=0.3669 | Net=39.0%
[09:57:35] [INFO]   [13/27] default_balanced_tight...
[09:57:56] [INFO]     → Score=0.3784 | Net=41.1%
[09:58:01] [INFO]   [14/27] default_balanced_default...
[09:58:24] [INFO]     → Score=0.3497 | Net=35.9%
[09:58:29] [INFO]   [15/27] default_balanced_wide...
[09:58:46] [INFO]     → Score=0.3488 | Net=35.8%
[09:58:51] [INFO]   [16/27] default_conservative_tight...
[09:59:08] [INFO]     → Score=0.394 | Net=43.9%
[09:59:13] [INFO]   [17/27] default_conservative_default...
[09:59:31] [INFO]     → Score=0.3651 | Net=38.7%
[09:59:36] [INFO]   [18/27] default_conservative_wide...
[09:59:54] [INFO]     → Score=0.3226 | Net=31.0%
[09:59:59] [INFO]   [19/27] wide_aggressive_tight...
[10:00:16] [INFO]     → Score=0.4509 | Net=54.2%
[10:00:21] [INFO]   [20/27] wide_aggressive_default...
[10:00:39] [INFO]     → Score=0.3928 | Net=43.6%
[10:00:44] [INFO]   [21/27] wide_aggressive_wide...
[10:01:03] [INFO]     → Score=0.3669 | Net=39.0%
[10:01:08] [INFO]   [22/27] wide_balanced_tight...
[10:01:25] [INFO]     → Score=0.4431 | Net=52.8%
[10:01:30] [INFO]   [23/27] wide_balanced_default...
[10:01:53] [INFO]     → Score=0.3775 | Net=40.9%
[10:01:58] [INFO]   [24/27] wide_balanced_wide...
[10:02:18] [INFO]     → Score=0.3488 | Net=35.8%
[10:02:23] [INFO]   [25/27] wide_conservative_tight...
[10:02:53] [INFO]     → Score=0.3941 | Net=43.9%
[10:02:58] [INFO]   [26/27] wide_conservative_default...
[10:03:20] [INFO]     → Score=0.3652 | Net=38.7%
[10:03:25] [INFO]   [27/27] wide_conservative_wide...
[10:03:44] [INFO]     → Score=0.3227 | Net=31.1%
[10:03:49] [INFO] 
  BEST IS: default_aggressive_tight (score=0.4509)
[10:03:49] [INFO]     Net=54.2% | Sharpe=0.201 | DD=30.7%
[10:03:49] [INFO] 
  ── OUT-OF-SAMPLE: 2024-07-01 to 2024-12-31 ──
[10:04:10] [INFO]     → OOS Net=81.8% | Score=0.5596
[10:04:10] [INFO] 
============================================================
[10:04:10] [INFO] WINDOW 7/7: OOS Jan25-Jun25
[10:04:10] [INFO]   IS: 2016-01-01 to 2024-12-31
[10:04:10] [INFO]   OOS: 2025-01-01 to 2025-06-30
[10:04:10] [INFO] ============================================================
[10:04:10] [INFO] 
  ── IN-SAMPLE: Testing 27 parameter combos ──
[10:04:10] [INFO]   [1/27] tight_aggressive_tight...
[10:04:30] [INFO]     → Score=0.5608 | Net=82.0%
[10:04:35] [INFO]   [2/27] tight_aggressive_default...
[10:05:01] [INFO]     → Score=0.4935 | Net=67.7%
[10:05:06] [INFO]   [3/27] tight_aggressive_wide...
[10:05:25] [INFO]     → Score=0.4424 | Net=57.0%
[10:05:30] [INFO]   [4/27] tight_balanced_tight...
[10:05:47] [INFO]     → Score=0.4724 | Net=63.4%
[10:05:52] [INFO]   [5/27] tight_balanced_default...
[10:06:09] [INFO]     → Score=0.4188 | Net=52.0%
[10:06:14] [INFO]   [6/27] tight_balanced_wide...
[10:06:38] [INFO]     → Score=0.3761 | Net=43.4%
[10:06:43] [INFO]   [7/27] tight_conservative_tight...
[10:07:05] [INFO]     → Score=0.4876 | Net=66.7%
[10:07:10] [INFO]   [8/27] tight_conservative_default...
[10:07:29] [INFO]     → Score=0.4331 | Net=55.1%
[10:07:34] [INFO]   [9/27] tight_conservative_wide...
[10:07:54] [INFO]     → Score=0.3924 | Net=46.6%
[10:07:59] [INFO]   [10/27] default_aggressive_tight...
[10:08:17] [INFO]     → Score=0.5596 | Net=81.8%
[10:08:22] [INFO]   [11/27] default_aggressive_default...
[10:08:40] [INFO]     → Score=0.5092 | Net=71.1%
[10:08:46] [INFO]   [12/27] default_aggressive_wide...
[10:09:04] [INFO]     → Score=0.4606 | Net=60.8%
[10:09:09] [INFO]   [13/27] default_balanced_tight...
[10:09:25] [INFO]     → Score=0.466 | Net=61.9%
[10:09:30] [INFO]   [14/27] default_balanced_default...
[10:09:49] [INFO]     → Score=0.4445 | Net=57.4%
[10:09:54] [INFO]   [15/27] default_balanced_wide...
[10:10:11] [INFO]     → Score=0.418 | Net=51.9%
[10:10:16] [INFO]   [16/27] default_conservative_tight...
[10:10:35] [INFO]     → Score=0.4811 | Net=65.2%
[10:10:40] [INFO]   [17/27] default_conservative_default...
[10:10:57] [INFO]     → Score=0.4591 | Net=60.5%
[10:11:02] [INFO]   [18/27] default_conservative_wide...
[10:11:20] [INFO]     → Score=0.3924 | Net=46.6%
[10:11:25] [INFO]   [19/27] wide_aggressive_tight...
[10:11:47] [INFO]     → Score=0.5444 | Net=78.4%
[10:11:52] [INFO]   [20/27] wide_aggressive_default...
[10:12:14] [INFO]     → Score=0.4944 | Net=67.9%
[10:12:19] [INFO]   [21/27] wide_aggressive_wide...
[10:12:39] [INFO]     → Score=0.4462 | Net=57.7%
[10:12:44] [INFO]   [22/27] wide_balanced_tight...
[10:13:02] [INFO]     → Score=0.5416 | Net=78.0%
[10:13:07] [INFO]   [23/27] wide_balanced_default...
[10:13:24] [INFO]     → Score=0.484 | Net=65.8%
[10:13:29] [INFO]   [24/27] wide_balanced_wide...
[10:13:54] [INFO]     → Score=0.4328 | Net=55.0%
[10:13:59] [INFO]   [25/27] wide_conservative_tight...
[10:14:21] [INFO]     → Score=0.4816 | Net=65.2%
[10:14:26] [INFO]   [26/27] wide_conservative_default...
[10:14:51] [INFO]     → Score=0.4592 | Net=60.6%
[10:14:56] [INFO]   [27/27] wide_conservative_wide...
[10:15:14] [INFO]     → Score=0.3925 | Net=46.7%
[10:15:19] [INFO] 
  BEST IS: tight_aggressive_tight (score=0.5608)
[10:15:19] [INFO]     Net=82.0% | Sharpe=0.267 | DD=30.7%
[10:15:19] [INFO] 
  ── OUT-OF-SAMPLE: 2025-01-01 to 2025-06-30 ──
[10:15:38] [INFO]     → OOS Net=82.0% | Score=0.5472
[10:15:38] [INFO] 

============================================================
[10:15:38] [INFO] WALK-FORWARD ANALYSIS COMPLETE
[10:15:38] [INFO] ============================================================

──────────────────────────────────────────────────────────────────────────────────────────
Window       Best Params                     IS Net%  IS Sharpe  OOS Net%  OOS Sharpe
──────────────────────────────────────────────────────────────────────────────────────────
OOS Jan22-Jun22 tight_conservative_tight          28.3%     0.285     13.3%      0.020
OOS Jul22-Dec22 tight_conservative_tight          13.3%     0.020     13.3%     -0.021
OOS Jan23-Jun23 tight_conservative_tight          13.3%    -0.021     13.3%     -0.082
OOS Jul23-Dec23 tight_conservative_tight          13.3%    -0.082     14.3%     -0.125
OOS Jan24-Jun24 tight_conservative_tight          14.3%    -0.125     43.9%      0.136
OOS Jul24-Dec24 default_aggressive_tight          54.2%     0.201     81.8%      0.266
OOS Jan25-Jun25 tight_aggressive_tight            82.0%     0.267     82.0%      0.233
──────────────────────────────────────────────────────────────────────────────────────────

  Avg IS Return:     31.3%
  Avg OOS Return:    37.4%
  Walk-Forward Efficiency (WFE): 1.20
  → ROBUST: WFE > 0.5 indicates strategy parameters are stable

  Stitched OOS Equity Curve (starting $100):
    OOS Jan22-Jun22      ███████████ $  113.33 ( +13.3%)
    OOS Jul22-Dec22      ████████████ $  128.44 ( +13.3%)
    OOS Jan23-Jun23      ██████████████ $  145.56 ( +13.3%)
    OOS Jul23-Dec23      ████████████████ $  166.39 ( +14.3%)
    OOS Jan24-Jun24      ███████████████████████ $  239.43 ( +43.9%)
    OOS Jul24-Dec24      ███████████████████████████████████████████ $  435.20 ( +81.8%)
    OOS Jan25-Jun25      ███████████████████████████████████████████████████████████████████████████████ $  792.21 ( +82.0%)

  Total Stitched OOS Return: +692.2%

  Parameter Stability (wins per axis value):
    premium_bands: {'tight': 6, 'default': 1}
    leap_mults: {'conservative': 5, 'aggressive': 2}
    trail_widths: {'tight': 7}

  Most common winner: tight_conservative_tight (5/7 windows)
  → STABLE: Same params win majority of windows
[10:15:38] [INFO] 
Results saved to /Users/eddiemae/rudy/data/wf_v28_results.json
