/Users/eddiemae/Library/Python/3.9/lib/python/site-packages/urllib3/__init__.py:35: NotOpenSSLWarning: urllib3 v2 only supports OpenSSL 1.1.1+, currently the 'ssl' module is compiled with 'LibreSSL 2.8.3'. See: https://github.com/urllib3/urllib3/issues/3020
  warnings.warn(
[21:39:16] [INFO] RUDY v3.0 TREND CONVERGENCE — WALK-FORWARD ANALYSIS
[21:39:16] [INFO] ============================================================
[21:39:16] [INFO] Windows: 7 | Param combos: 36 | Total backtests: 259
[21:39:16] [INFO] Grid dimensions: 3 convergence × 2 slope × 2 candles × 3 trail = 36
[21:39:16] [INFO] 
[21:39:16] [INFO] 
============================================================
[21:39:16] [INFO] WINDOW 1/7: OOS Jan22-Jun22
[21:39:16] [INFO]   IS: 2016-01-01 to 2021-12-31
[21:39:16] [INFO]   OOS: 2022-01-01 to 2022-06-30
[21:39:16] [INFO] ============================================================
[21:39:16] [INFO] 
  ── IN-SAMPLE: Testing 36 parameter combos ──
[21:39:16] [INFO]   [1/36] tight_short_quick_minimal [conv=15.0% slope=3w green=1 trail=minimal]...
[21:39:33] [INFO]     → Score=0.2687 | Net=10.9%
[21:39:38] [INFO]   [2/36] tight_short_quick_safety [conv=15.0% slope=3w green=1 trail=safety]...
[21:39:55] [INFO]     → Score=0.2687 | Net=10.9%
[21:40:00] [INFO]   [3/36] tight_short_quick_moderate [conv=15.0% slope=3w green=1 trail=moderate]...
[21:40:17] [INFO]     → Score=0.3458 | Net=18.0%
[21:40:22] [INFO]   [4/36] tight_short_standard_minimal [conv=15.0% slope=3w green=2 trail=minimal]...
[21:40:39] [INFO]     → Score=0.2687 | Net=10.9%
[21:40:44] [INFO]   [5/36] tight_short_standard_safety [conv=15.0% slope=3w green=2 trail=safety]...
[21:41:01] [INFO]     → Score=0.2687 | Net=10.9%
[21:41:06] [INFO]   [6/36] tight_short_standard_moderate [conv=15.0% slope=3w green=2 trail=moderate]...
[21:41:23] [INFO]     → Score=0.3458 | Net=18.0%
[21:41:28] [INFO]   [7/36] tight_medium_quick_minimal [conv=15.0% slope=4w green=1 trail=minimal]...
[21:41:43] [INFO]     → Score=0.2687 | Net=10.9%
[21:41:48] [INFO]   [8/36] tight_medium_quick_safety [conv=15.0% slope=4w green=1 trail=safety]...
[21:42:06] [INFO]     → Score=0.2687 | Net=10.9%
[21:42:11] [INFO]   [9/36] tight_medium_quick_moderate [conv=15.0% slope=4w green=1 trail=moderate]...
[21:42:28] [INFO]     → Score=0.3458 | Net=18.0%
[21:42:33] [INFO]   [10/36] tight_medium_standard_minimal [conv=15.0% slope=4w green=2 trail=minimal]...
[21:42:50] [INFO]     → Score=0.2687 | Net=10.9%
[21:42:55] [INFO]   [11/36] tight_medium_standard_safety [conv=15.0% slope=4w green=2 trail=safety]...
[21:43:10] [INFO]     → Score=0.2687 | Net=10.9%
[21:43:15] [INFO]   [12/36] tight_medium_standard_moderate [conv=15.0% slope=4w green=2 trail=moderate]...
[21:43:31] [INFO]     → Score=0.3458 | Net=18.0%
[21:43:36] [INFO]   [13/36] medium_short_quick_minimal [conv=30.0% slope=3w green=1 trail=minimal]...
[21:43:53] [INFO]     → Score=0.2687 | Net=10.9%
[21:43:58] [INFO]   [14/36] medium_short_quick_safety [conv=30.0% slope=3w green=1 trail=safety]...
[21:44:15] [INFO]     → Score=0.2687 | Net=10.9%
[21:44:20] [INFO]   [15/36] medium_short_quick_moderate [conv=30.0% slope=3w green=1 trail=moderate]...
[21:44:37] [INFO]     → Score=0.3458 | Net=18.0%
[21:44:42] [INFO]   [16/36] medium_short_standard_minimal [conv=30.0% slope=3w green=2 trail=minimal]...
[21:44:58] [INFO]     → Score=0.2687 | Net=10.9%
[21:45:03] [INFO]   [17/36] medium_short_standard_safety [conv=30.0% slope=3w green=2 trail=safety]...
[21:45:20] [INFO]     → Score=0.2687 | Net=10.9%
[21:45:25] [INFO]   [18/36] medium_short_standard_moderate [conv=30.0% slope=3w green=2 trail=moderate]...
[21:45:41] [INFO]     → Score=0.3458 | Net=18.0%
[21:45:46] [INFO]   [19/36] medium_medium_quick_minimal [conv=30.0% slope=4w green=1 trail=minimal]...
[21:46:06] [INFO]     → Score=0.2687 | Net=10.9%
[21:46:11] [INFO]   [20/36] medium_medium_quick_safety [conv=30.0% slope=4w green=1 trail=safety]...
[21:46:28] [INFO]     → Score=0.2687 | Net=10.9%
[21:46:33] [INFO]   [21/36] medium_medium_quick_moderate [conv=30.0% slope=4w green=1 trail=moderate]...
[21:46:55] [INFO]     → Score=0.3458 | Net=18.0%
[21:47:00] [INFO]   [22/36] medium_medium_standard_minimal [conv=30.0% slope=4w green=2 trail=minimal]...
[21:47:14] [INFO]     → Score=0.2687 | Net=10.9%
[21:47:19] [INFO]   [23/36] medium_medium_standard_safety [conv=30.0% slope=4w green=2 trail=safety]...
[21:47:37] [INFO]     → Score=0.2687 | Net=10.9%
[21:47:42] [INFO]   [24/36] medium_medium_standard_moderate [conv=30.0% slope=4w green=2 trail=moderate]...
[21:47:59] [INFO]     → Score=0.3458 | Net=18.0%
[21:48:04] [INFO]   [25/36] wide_short_quick_minimal [conv=50.0% slope=3w green=1 trail=minimal]...
[21:48:20] [INFO]     → Score=0.2687 | Net=10.9%
[21:48:25] [INFO]   [26/36] wide_short_quick_safety [conv=50.0% slope=3w green=1 trail=safety]...
[21:48:42] [INFO]     → Score=0.2687 | Net=10.9%
[21:48:47] [INFO]   [27/36] wide_short_quick_moderate [conv=50.0% slope=3w green=1 trail=moderate]...
[21:49:05] [INFO]     → Score=0.3458 | Net=18.0%
[21:49:10] [INFO]   [28/36] wide_short_standard_minimal [conv=50.0% slope=3w green=2 trail=minimal]...
[21:49:29] [INFO]     → Score=0.2687 | Net=10.9%
[21:49:34] [INFO]   [29/36] wide_short_standard_safety [conv=50.0% slope=3w green=2 trail=safety]...
[21:49:51] [INFO]     → Score=0.2687 | Net=10.9%
[21:49:56] [INFO]   [30/36] wide_short_standard_moderate [conv=50.0% slope=3w green=2 trail=moderate]...
[21:50:14] [INFO]     → Score=0.3458 | Net=18.0%
[21:50:19] [INFO]   [31/36] wide_medium_quick_minimal [conv=50.0% slope=4w green=1 trail=minimal]...
[21:50:42] [INFO]     → Score=0.2687 | Net=10.9%
[21:50:47] [INFO]   [32/36] wide_medium_quick_safety [conv=50.0% slope=4w green=1 trail=safety]...
[21:51:04] [INFO]     → Score=0.2687 | Net=10.9%
[21:51:09] [INFO]   [33/36] wide_medium_quick_moderate [conv=50.0% slope=4w green=1 trail=moderate]...
[21:51:27] [INFO]     → Score=0.3458 | Net=18.0%
[21:51:32] [INFO]   [34/36] wide_medium_standard_minimal [conv=50.0% slope=4w green=2 trail=minimal]...
[21:51:48] [INFO]     → Score=0.2687 | Net=10.9%
[21:51:53] [INFO]   [35/36] wide_medium_standard_safety [conv=50.0% slope=4w green=2 trail=safety]...
[21:52:11] [INFO]     → Score=0.2687 | Net=10.9%
[21:52:16] [INFO]   [36/36] wide_medium_standard_moderate [conv=50.0% slope=4w green=2 trail=moderate]...
[21:52:35] [INFO]     → Score=0.3458 | Net=18.0%
[21:52:40] [INFO] 
  BEST IS: tight_short_quick_moderate (score=0.3458)
[21:52:40] [INFO]     Net=18.0% | Sharpe=0.109 | DD=17.3%
[21:52:40] [INFO] 
  ── OUT-OF-SAMPLE: 2022-01-01 to 2022-06-30 ──
[21:52:58] [INFO]     → OOS Net=18.0% | Score=0.341
[21:52:58] [INFO] 
============================================================
[21:52:58] [INFO] WINDOW 2/7: OOS Jul22-Dec22
[21:52:58] [INFO]   IS: 2016-01-01 to 2022-06-30
[21:52:58] [INFO]   OOS: 2022-07-01 to 2022-12-31
[21:52:58] [INFO] ============================================================
[21:52:58] [INFO] 
  ── IN-SAMPLE: Testing 36 parameter combos ──
[21:52:58] [INFO]   [1/36] tight_short_quick_minimal [conv=15.0% slope=3w green=1 trail=minimal]...
[21:53:15] [INFO]     → Score=0.2591 | Net=10.1%
[21:53:20] [INFO]   [2/36] tight_short_quick_safety [conv=15.0% slope=3w green=1 trail=safety]...
[21:53:36] [INFO]     → Score=0.2591 | Net=10.1%
[21:53:41] [INFO]   [3/36] tight_short_quick_moderate [conv=15.0% slope=3w green=1 trail=moderate]...
[21:53:58] [INFO]     → Score=0.341 | Net=18.0%
[21:54:03] [INFO]   [4/36] tight_short_standard_minimal [conv=15.0% slope=3w green=2 trail=minimal]...
[21:54:22] [INFO]     → Score=0.2591 | Net=10.1%
[21:54:27] [INFO]   [5/36] tight_short_standard_safety [conv=15.0% slope=3w green=2 trail=safety]...
[21:54:43] [INFO]     → Score=0.2591 | Net=10.1%
[21:54:48] [INFO]   [6/36] tight_short_standard_moderate [conv=15.0% slope=3w green=2 trail=moderate]...
[21:55:05] [INFO]     → Score=0.341 | Net=18.0%
[21:55:10] [INFO]   [7/36] tight_medium_quick_minimal [conv=15.0% slope=4w green=1 trail=minimal]...
[21:55:26] [INFO]     → Score=0.2591 | Net=10.1%
[21:55:31] [INFO]   [8/36] tight_medium_quick_safety [conv=15.0% slope=4w green=1 trail=safety]...
[21:55:51] [INFO]     → Score=0.2591 | Net=10.1%
[21:55:56] [INFO]   [9/36] tight_medium_quick_moderate [conv=15.0% slope=4w green=1 trail=moderate]...
[21:56:12] [INFO]     → Score=0.341 | Net=18.0%
[21:56:17] [INFO]   [10/36] tight_medium_standard_minimal [conv=15.0% slope=4w green=2 trail=minimal]...
[21:56:37] [INFO]     → Score=0.2591 | Net=10.1%
[21:56:42] [INFO]   [11/36] tight_medium_standard_safety [conv=15.0% slope=4w green=2 trail=safety]...
[21:56:59] [INFO]     → Score=0.2591 | Net=10.1%
[21:57:04] [INFO]   [12/36] tight_medium_standard_moderate [conv=15.0% slope=4w green=2 trail=moderate]...
[21:57:20] [INFO]     → Score=0.341 | Net=18.0%
[21:57:25] [INFO]   [13/36] medium_short_quick_minimal [conv=30.0% slope=3w green=1 trail=minimal]...
[21:57:42] [INFO]     → Score=0.2591 | Net=10.1%
[21:57:47] [INFO]   [14/36] medium_short_quick_safety [conv=30.0% slope=3w green=1 trail=safety]...
[21:58:04] [INFO]     → Score=0.2591 | Net=10.1%
[21:58:09] [INFO]   [15/36] medium_short_quick_moderate [conv=30.0% slope=3w green=1 trail=moderate]...
[21:58:25] [INFO]     → Score=0.341 | Net=18.0%
[21:58:30] [INFO]   [16/36] medium_short_standard_minimal [conv=30.0% slope=3w green=2 trail=minimal]...
[21:58:47] [INFO]     → Score=0.2591 | Net=10.1%
[21:58:52] [INFO]   [17/36] medium_short_standard_safety [conv=30.0% slope=3w green=2 trail=safety]...
[21:59:11] [INFO]     → Score=0.2591 | Net=10.1%
[21:59:16] [INFO]   [18/36] medium_short_standard_moderate [conv=30.0% slope=3w green=2 trail=moderate]...
[21:59:34] [INFO]     → Score=0.341 | Net=18.0%
[21:59:39] [INFO]   [19/36] medium_medium_quick_minimal [conv=30.0% slope=4w green=1 trail=minimal]...
[21:59:55] [INFO]     → Score=0.2591 | Net=10.1%
[22:00:00] [INFO]   [20/36] medium_medium_quick_safety [conv=30.0% slope=4w green=1 trail=safety]...
[22:00:16] [INFO]     → Score=0.2591 | Net=10.1%
[22:00:21] [INFO]   [21/36] medium_medium_quick_moderate [conv=30.0% slope=4w green=1 trail=moderate]...
[22:00:37] [INFO]     → Score=0.341 | Net=18.0%
[22:00:42] [INFO]   [22/36] medium_medium_standard_minimal [conv=30.0% slope=4w green=2 trail=minimal]...
[22:00:59] [INFO]     → Score=0.2591 | Net=10.1%
[22:01:04] [INFO]   [23/36] medium_medium_standard_safety [conv=30.0% slope=4w green=2 trail=safety]...
[22:01:20] [INFO]     → Score=0.2591 | Net=10.1%
[22:01:25] [INFO]   [24/36] medium_medium_standard_moderate [conv=30.0% slope=4w green=2 trail=moderate]...
[22:01:39] [INFO]     → Score=0.341 | Net=18.0%
[22:01:44] [INFO]   [25/36] wide_short_quick_minimal [conv=50.0% slope=3w green=1 trail=minimal]...
[22:02:00] [INFO]     → Score=0.2591 | Net=10.1%
[22:02:05] [INFO]   [26/36] wide_short_quick_safety [conv=50.0% slope=3w green=1 trail=safety]...
[22:02:22] [INFO]     → Score=0.2591 | Net=10.1%
[22:02:27] [INFO]   [27/36] wide_short_quick_moderate [conv=50.0% slope=3w green=1 trail=moderate]...
[22:02:43] [INFO]     → Score=0.341 | Net=18.0%
[22:02:48] [INFO]   [28/36] wide_short_standard_minimal [conv=50.0% slope=3w green=2 trail=minimal]...
[22:03:06] [INFO]     → Score=0.2591 | Net=10.1%
[22:03:11] [INFO]   [29/36] wide_short_standard_safety [conv=50.0% slope=3w green=2 trail=safety]...
[22:03:27] [INFO]     → Score=0.2591 | Net=10.1%
[22:03:32] [INFO]   [30/36] wide_short_standard_moderate [conv=50.0% slope=3w green=2 trail=moderate]...
[22:03:50] [INFO]     → Score=0.341 | Net=18.0%
[22:03:55] [INFO]   [31/36] wide_medium_quick_minimal [conv=50.0% slope=4w green=1 trail=minimal]...
[22:04:16] [INFO]     → Score=0.2591 | Net=10.1%
[22:04:21] [INFO]   [32/36] wide_medium_quick_safety [conv=50.0% slope=4w green=1 trail=safety]...
[22:04:39] [INFO]     → Score=0.2591 | Net=10.1%
[22:04:44] [INFO]   [33/36] wide_medium_quick_moderate [conv=50.0% slope=4w green=1 trail=moderate]...
[22:05:00] [INFO]     → Score=0.341 | Net=18.0%
[22:05:05] [INFO]   [34/36] wide_medium_standard_minimal [conv=50.0% slope=4w green=2 trail=minimal]...
[22:05:23] [INFO]     → Score=0.2591 | Net=10.1%
[22:05:28] [INFO]   [35/36] wide_medium_standard_safety [conv=50.0% slope=4w green=2 trail=safety]...
[22:05:44] [INFO]     → Score=0.2591 | Net=10.1%
[22:05:49] [INFO]   [36/36] wide_medium_standard_moderate [conv=50.0% slope=4w green=2 trail=moderate]...
[22:06:05] [INFO]     → Score=0.341 | Net=18.0%
[22:06:10] [INFO] 
  BEST IS: tight_short_quick_moderate (score=0.341)
[22:06:10] [INFO]     Net=18.0% | Sharpe=0.097 | DD=17.3%
[22:06:10] [INFO] 
  ── OUT-OF-SAMPLE: 2022-07-01 to 2022-12-31 ──
[22:06:27] [INFO]     → OOS Net=18.0% | Score=0.3234
[22:06:27] [INFO] 
============================================================
[22:06:27] [INFO] WINDOW 3/7: OOS Jan23-Jun23
[22:06:27] [INFO]   IS: 2016-01-01 to 2022-12-31
[22:06:27] [INFO]   OOS: 2023-01-01 to 2023-06-30
[22:06:27] [INFO] ============================================================
[22:06:27] [INFO] 
  ── IN-SAMPLE: Testing 36 parameter combos ──
[22:06:27] [INFO]   [1/36] tight_short_quick_minimal [conv=15.0% slope=3w green=1 trail=minimal]...
[22:06:31] [ERROR] Launch failed: {'errors': ['Too many backtest requests; please slow down.'], 'success': False}
[22:06:31] [INFO]     → Score=-999 | Net=FAIL
[22:06:36] [INFO]   [2/36] tight_short_quick_safety [conv=15.0% slope=3w green=1 trail=safety]...
[22:06:54] [INFO]     → Score=0.2463 | Net=10.1%
[22:06:59] [INFO]   [3/36] tight_short_quick_moderate [conv=15.0% slope=3w green=1 trail=moderate]...
[22:07:15] [INFO]     → Score=0.3234 | Net=18.0%
[22:07:20] [INFO]   [4/36] tight_short_standard_minimal [conv=15.0% slope=3w green=2 trail=minimal]...
[22:07:36] [INFO]     → Score=0.2463 | Net=10.1%
[22:07:41] [INFO]   [5/36] tight_short_standard_safety [conv=15.0% slope=3w green=2 trail=safety]...
[22:07:58] [INFO]     → Score=0.2463 | Net=10.1%
[22:08:03] [INFO]   [6/36] tight_short_standard_moderate [conv=15.0% slope=3w green=2 trail=moderate]...
[22:08:19] [INFO]     → Score=0.3234 | Net=18.0%
[22:08:24] [INFO]   [7/36] tight_medium_quick_minimal [conv=15.0% slope=4w green=1 trail=minimal]...
[22:08:40] [INFO]     → Score=0.2463 | Net=10.1%
[22:08:45] [INFO]   [8/36] tight_medium_quick_safety [conv=15.0% slope=4w green=1 trail=safety]...
[22:09:03] [INFO]     → Score=0.2463 | Net=10.1%
[22:09:08] [INFO]   [9/36] tight_medium_quick_moderate [conv=15.0% slope=4w green=1 trail=moderate]...
[22:09:24] [INFO]     → Score=0.3234 | Net=18.0%
[22:09:29] [INFO]   [10/36] tight_medium_standard_minimal [conv=15.0% slope=4w green=2 trail=minimal]...
[22:09:45] [INFO]     → Score=0.2463 | Net=10.1%
[22:09:50] [INFO]   [11/36] tight_medium_standard_safety [conv=15.0% slope=4w green=2 trail=safety]...
[22:10:07] [INFO]     → Score=0.2463 | Net=10.1%
[22:10:12] [INFO]   [12/36] tight_medium_standard_moderate [conv=15.0% slope=4w green=2 trail=moderate]...
[22:10:31] [INFO]     → Score=0.3234 | Net=18.0%
[22:10:36] [INFO]   [13/36] medium_short_quick_minimal [conv=30.0% slope=3w green=1 trail=minimal]...
[22:10:54] [INFO]     → Score=0.2463 | Net=10.1%
[22:10:59] [INFO]   [14/36] medium_short_quick_safety [conv=30.0% slope=3w green=1 trail=safety]...
[22:11:16] [INFO]     → Score=0.2463 | Net=10.1%
[22:11:21] [INFO]   [15/36] medium_short_quick_moderate [conv=30.0% slope=3w green=1 trail=moderate]...
[22:11:40] [INFO]     → Score=0.3234 | Net=18.0%
[22:11:45] [INFO]   [16/36] medium_short_standard_minimal [conv=30.0% slope=3w green=2 trail=minimal]...
[22:12:03] [INFO]     → Score=0.2463 | Net=10.1%
[22:12:08] [INFO]   [17/36] medium_short_standard_safety [conv=30.0% slope=3w green=2 trail=safety]...
[22:12:24] [INFO]     → Score=0.2463 | Net=10.1%
[22:12:29] [INFO]   [18/36] medium_short_standard_moderate [conv=30.0% slope=3w green=2 trail=moderate]...
[22:12:49] [INFO]     → Score=0.3234 | Net=18.0%
[22:12:54] [INFO]   [19/36] medium_medium_quick_minimal [conv=30.0% slope=4w green=1 trail=minimal]...
[22:13:13] [INFO]     → Score=0.2463 | Net=10.1%
[22:13:18] [INFO]   [20/36] medium_medium_quick_safety [conv=30.0% slope=4w green=1 trail=safety]...
[22:13:35] [INFO]     → Score=0.2463 | Net=10.1%
[22:13:40] [INFO]   [21/36] medium_medium_quick_moderate [conv=30.0% slope=4w green=1 trail=moderate]...
[22:13:56] [INFO]     → Score=0.3234 | Net=18.0%
[22:14:01] [INFO]   [22/36] medium_medium_standard_minimal [conv=30.0% slope=4w green=2 trail=minimal]...
[22:14:19] [INFO]     → Score=0.2463 | Net=10.1%
[22:14:24] [INFO]   [23/36] medium_medium_standard_safety [conv=30.0% slope=4w green=2 trail=safety]...
[22:14:39] [INFO]     → Score=0.2463 | Net=10.1%
[22:14:44] [INFO]   [24/36] medium_medium_standard_moderate [conv=30.0% slope=4w green=2 trail=moderate]...
[22:15:03] [INFO]     → Score=0.3234 | Net=18.0%
[22:15:08] [INFO]   [25/36] wide_short_quick_minimal [conv=50.0% slope=3w green=1 trail=minimal]...
[22:15:24] [INFO]     → Score=0.2463 | Net=10.1%
[22:15:29] [INFO]   [26/36] wide_short_quick_safety [conv=50.0% slope=3w green=1 trail=safety]...
[22:15:47] [INFO]     → Score=0.2463 | Net=10.1%
[22:15:52] [INFO]   [27/36] wide_short_quick_moderate [conv=50.0% slope=3w green=1 trail=moderate]...
[22:16:11] [INFO]     → Score=0.3234 | Net=18.0%
[22:16:16] [INFO]   [28/36] wide_short_standard_minimal [conv=50.0% slope=3w green=2 trail=minimal]...
[22:16:36] [INFO]     → Score=0.2463 | Net=10.1%
[22:16:41] [INFO]   [29/36] wide_short_standard_safety [conv=50.0% slope=3w green=2 trail=safety]...
[22:16:58] [INFO]     → Score=0.2463 | Net=10.1%
[22:17:03] [INFO]   [30/36] wide_short_standard_moderate [conv=50.0% slope=3w green=2 trail=moderate]...
[22:17:20] [INFO]     → Score=0.3234 | Net=18.0%
[22:17:25] [INFO]   [31/36] wide_medium_quick_minimal [conv=50.0% slope=4w green=1 trail=minimal]...
[22:17:41] [INFO]     → Score=0.2463 | Net=10.1%
[22:17:46] [INFO]   [32/36] wide_medium_quick_safety [conv=50.0% slope=4w green=1 trail=safety]...
[22:18:04] [INFO]     → Score=0.2463 | Net=10.1%
[22:18:09] [INFO]   [33/36] wide_medium_quick_moderate [conv=50.0% slope=4w green=1 trail=moderate]...
[22:18:25] [INFO]     → Score=0.3234 | Net=18.0%
[22:18:30] [INFO]   [34/36] wide_medium_standard_minimal [conv=50.0% slope=4w green=2 trail=minimal]...
[22:18:48] [INFO]     → Score=0.2463 | Net=10.1%
[22:18:53] [INFO]   [35/36] wide_medium_standard_safety [conv=50.0% slope=4w green=2 trail=safety]...
[22:19:08] [INFO]     → Score=0.2463 | Net=10.1%
[22:19:13] [INFO]   [36/36] wide_medium_standard_moderate [conv=50.0% slope=4w green=2 trail=moderate]...
[22:19:30] [INFO]     → Score=0.3234 | Net=18.0%
[22:19:35] [INFO] 
  BEST IS: tight_short_quick_moderate (score=0.3234)
[22:19:35] [INFO]     Net=18.0% | Sharpe=0.053 | DD=17.3%
[22:19:35] [INFO] 
  ── OUT-OF-SAMPLE: 2023-01-01 to 2023-06-30 ──
[22:19:52] [INFO]     → OOS Net=18.0% | Score=0.299
[22:19:52] [INFO] 
============================================================
[22:19:52] [INFO] WINDOW 4/7: OOS Jul23-Dec23
[22:19:52] [INFO]   IS: 2016-01-01 to 2023-06-30
[22:19:52] [INFO]   OOS: 2023-07-01 to 2023-12-31
[22:19:52] [INFO] ============================================================
[22:19:52] [INFO] 
  ── IN-SAMPLE: Testing 36 parameter combos ──
[22:19:52] [INFO]   [1/36] tight_short_quick_minimal [conv=15.0% slope=3w green=1 trail=minimal]...
[22:20:09] [INFO]     → Score=0.2275 | Net=10.1%
[22:20:14] [INFO]   [2/36] tight_short_quick_safety [conv=15.0% slope=3w green=1 trail=safety]...
[22:20:30] [INFO]     → Score=0.2275 | Net=10.1%
[22:20:35] [INFO]   [3/36] tight_short_quick_moderate [conv=15.0% slope=3w green=1 trail=moderate]...
[22:20:52] [INFO]     → Score=0.299 | Net=18.0%
[22:20:57] [INFO]   [4/36] tight_short_standard_minimal [conv=15.0% slope=3w green=2 trail=minimal]...
[22:21:13] [INFO]     → Score=0.2275 | Net=10.1%
[22:21:18] [INFO]   [5/36] tight_short_standard_safety [conv=15.0% slope=3w green=2 trail=safety]...
[22:21:34] [INFO]     → Score=0.2275 | Net=10.1%
[22:21:39] [INFO]   [6/36] tight_short_standard_moderate [conv=15.0% slope=3w green=2 trail=moderate]...
[22:21:56] [INFO]     → Score=0.299 | Net=18.0%
[22:22:01] [INFO]   [7/36] tight_medium_quick_minimal [conv=15.0% slope=4w green=1 trail=minimal]...
[22:22:19] [INFO]     → Score=0.2275 | Net=10.1%
[22:22:24] [INFO]   [8/36] tight_medium_quick_safety [conv=15.0% slope=4w green=1 trail=safety]...
[22:22:43] [INFO]     → Score=0.2275 | Net=10.1%
[22:22:48] [INFO]   [9/36] tight_medium_quick_moderate [conv=15.0% slope=4w green=1 trail=moderate]...
[22:23:04] [INFO]     → Score=0.299 | Net=18.0%
[22:23:09] [INFO]   [10/36] tight_medium_standard_minimal [conv=15.0% slope=4w green=2 trail=minimal]...
[22:23:30] [INFO]     → Score=0.2275 | Net=10.1%
[22:23:35] [INFO]   [11/36] tight_medium_standard_safety [conv=15.0% slope=4w green=2 trail=safety]...
[22:23:52] [INFO]     → Score=0.2275 | Net=10.1%
[22:23:57] [INFO]   [12/36] tight_medium_standard_moderate [conv=15.0% slope=4w green=2 trail=moderate]...
[22:24:13] [INFO]     → Score=0.299 | Net=18.0%
[22:24:18] [INFO]   [13/36] medium_short_quick_minimal [conv=30.0% slope=3w green=1 trail=minimal]...
[22:24:35] [INFO]     → Score=0.2275 | Net=10.1%
[22:24:40] [INFO]   [14/36] medium_short_quick_safety [conv=30.0% slope=3w green=1 trail=safety]...
[22:24:56] [INFO]     → Score=0.2275 | Net=10.1%
[22:25:01] [INFO]   [15/36] medium_short_quick_moderate [conv=30.0% slope=3w green=1 trail=moderate]...
[22:25:18] [INFO]     → Score=0.299 | Net=18.0%
[22:25:23] [INFO]   [16/36] medium_short_standard_minimal [conv=30.0% slope=3w green=2 trail=minimal]...
[22:25:41] [INFO]     → Score=0.2275 | Net=10.1%
[22:25:46] [INFO]   [17/36] medium_short_standard_safety [conv=30.0% slope=3w green=2 trail=safety]...
[22:26:02] [INFO]     → Score=0.2275 | Net=10.1%
[22:26:07] [INFO]   [18/36] medium_short_standard_moderate [conv=30.0% slope=3w green=2 trail=moderate]...
[22:26:25] [INFO]     → Score=0.299 | Net=18.0%
[22:26:30] [INFO]   [19/36] medium_medium_quick_minimal [conv=30.0% slope=4w green=1 trail=minimal]...
[22:26:47] [INFO]     → Score=0.2275 | Net=10.1%
[22:26:52] [INFO]   [20/36] medium_medium_quick_safety [conv=30.0% slope=4w green=1 trail=safety]...
[22:27:10] [INFO]     → Score=0.2275 | Net=10.1%
[22:27:15] [INFO]   [21/36] medium_medium_quick_moderate [conv=30.0% slope=4w green=1 trail=moderate]...
[22:27:31] [INFO]     → Score=0.299 | Net=18.0%
[22:27:36] [INFO]   [22/36] medium_medium_standard_minimal [conv=30.0% slope=4w green=2 trail=minimal]...
[22:27:54] [INFO]     → Score=0.2275 | Net=10.1%
[22:27:59] [INFO]   [23/36] medium_medium_standard_safety [conv=30.0% slope=4w green=2 trail=safety]...
[22:28:17] [INFO]     → Score=0.2275 | Net=10.1%
[22:28:22] [INFO]   [24/36] medium_medium_standard_moderate [conv=30.0% slope=4w green=2 trail=moderate]...
[22:28:43] [INFO]     → Score=0.299 | Net=18.0%
[22:28:48] [INFO]   [25/36] wide_short_quick_minimal [conv=50.0% slope=3w green=1 trail=minimal]...
[22:29:07] [INFO]     → Score=0.2275 | Net=10.1%
[22:29:12] [INFO]   [26/36] wide_short_quick_safety [conv=50.0% slope=3w green=1 trail=safety]...
[22:29:28] [INFO]     → Score=0.2275 | Net=10.1%
[22:29:33] [INFO]   [27/36] wide_short_quick_moderate [conv=50.0% slope=3w green=1 trail=moderate]...
[22:29:50] [INFO]     → Score=0.299 | Net=18.0%
[22:29:55] [INFO]   [28/36] wide_short_standard_minimal [conv=50.0% slope=3w green=2 trail=minimal]...
[22:30:12] [INFO]     → Score=0.2275 | Net=10.1%
[22:30:17] [INFO]   [29/36] wide_short_standard_safety [conv=50.0% slope=3w green=2 trail=safety]...
[22:30:33] [INFO]     → Score=0.2275 | Net=10.1%
[22:30:38] [INFO]   [30/36] wide_short_standard_moderate [conv=50.0% slope=3w green=2 trail=moderate]...
[22:30:55] [INFO]     → Score=0.299 | Net=18.0%
[22:31:00] [INFO]   [31/36] wide_medium_quick_minimal [conv=50.0% slope=4w green=1 trail=minimal]...
[22:31:21] [INFO]     → Score=0.2275 | Net=10.1%
[22:31:26] [INFO]   [32/36] wide_medium_quick_safety [conv=50.0% slope=4w green=1 trail=safety]...
[22:31:44] [INFO]     → Score=0.2275 | Net=10.1%
[22:31:49] [INFO]   [33/36] wide_medium_quick_moderate [conv=50.0% slope=4w green=1 trail=moderate]...
[22:32:05] [INFO]     → Score=0.299 | Net=18.0%
[22:32:10] [INFO]   [34/36] wide_medium_standard_minimal [conv=50.0% slope=4w green=2 trail=minimal]...
[22:32:28] [INFO]     → Score=0.2275 | Net=10.1%
[22:32:33] [INFO]   [35/36] wide_medium_standard_safety [conv=50.0% slope=4w green=2 trail=safety]...
[22:32:49] [INFO]     → Score=0.2275 | Net=10.1%
[22:32:54] [INFO]   [36/36] wide_medium_standard_moderate [conv=50.0% slope=4w green=2 trail=moderate]...
[22:33:17] [INFO]     → Score=0.299 | Net=18.0%
[22:33:22] [INFO] 
  BEST IS: tight_short_quick_moderate (score=0.299)
[22:33:22] [INFO]     Net=18.0% | Sharpe=-0.008 | DD=17.3%
[22:33:22] [INFO] 
  ── OUT-OF-SAMPLE: 2023-07-01 to 2023-12-31 ──
[22:33:39] [INFO]     → OOS Net=19.2% | Score=0.2833
[22:33:39] [INFO] 
============================================================
[22:33:39] [INFO] WINDOW 5/7: OOS Jan24-Jun24
[22:33:39] [INFO]   IS: 2016-01-01 to 2023-12-31
[22:33:39] [INFO]   OOS: 2024-01-01 to 2024-06-30
[22:33:39] [INFO] ============================================================
[22:33:39] [INFO] 
  ── IN-SAMPLE: Testing 36 parameter combos ──
[22:33:39] [INFO]   [1/36] tight_short_quick_minimal [conv=15.0% slope=3w green=1 trail=minimal]...
[22:33:56] [INFO]     → Score=0.2157 | Net=11.2%
[22:34:01] [INFO]   [2/36] tight_short_quick_safety [conv=15.0% slope=3w green=1 trail=safety]...
[22:34:18] [INFO]     → Score=0.2157 | Net=11.2%
[22:34:23] [INFO]   [3/36] tight_short_quick_moderate [conv=15.0% slope=3w green=1 trail=moderate]...
[22:34:39] [INFO]     → Score=0.2833 | Net=19.2%
[22:34:44] [INFO]   [4/36] tight_short_standard_minimal [conv=15.0% slope=3w green=2 trail=minimal]...
[22:35:00] [INFO]     → Score=0.2157 | Net=11.2%
[22:35:05] [INFO]   [5/36] tight_short_standard_safety [conv=15.0% slope=3w green=2 trail=safety]...
[22:35:22] [INFO]     → Score=0.2157 | Net=11.2%
[22:35:27] [INFO]   [6/36] tight_short_standard_moderate [conv=15.0% slope=3w green=2 trail=moderate]...
[22:35:45] [INFO]     → Score=0.2833 | Net=19.2%
[22:35:50] [INFO]   [7/36] tight_medium_quick_minimal [conv=15.0% slope=4w green=1 trail=minimal]...
[22:36:10] [INFO]     → Score=0.2157 | Net=11.2%
[22:36:15] [INFO]   [8/36] tight_medium_quick_safety [conv=15.0% slope=4w green=1 trail=safety]...
[22:36:35] [INFO]     → Score=0.2157 | Net=11.2%
[22:36:40] [INFO]   [9/36] tight_medium_quick_moderate [conv=15.0% slope=4w green=1 trail=moderate]...
[22:36:59] [INFO]     → Score=0.2833 | Net=19.2%
[22:37:04] [INFO]   [10/36] tight_medium_standard_minimal [conv=15.0% slope=4w green=2 trail=minimal]...
[22:37:20] [INFO]     → Score=0.2157 | Net=11.2%
[22:37:25] [INFO]   [11/36] tight_medium_standard_safety [conv=15.0% slope=4w green=2 trail=safety]...
[22:37:42] [INFO]     → Score=0.2157 | Net=11.2%
[22:37:47] [INFO]   [12/36] tight_medium_standard_moderate [conv=15.0% slope=4w green=2 trail=moderate]...
[22:38:03] [INFO]     → Score=0.2833 | Net=19.2%
[22:38:08] [INFO]   [13/36] medium_short_quick_minimal [conv=30.0% slope=3w green=1 trail=minimal]...
[22:38:24] [INFO]     → Score=0.2157 | Net=11.2%
[22:38:29] [INFO]   [14/36] medium_short_quick_safety [conv=30.0% slope=3w green=1 trail=safety]...
[22:38:45] [INFO]     → Score=0.2157 | Net=11.2%
[22:38:50] [INFO]   [15/36] medium_short_quick_moderate [conv=30.0% slope=3w green=1 trail=moderate]...
[22:39:08] [INFO]     → Score=0.2833 | Net=19.2%
[22:39:13] [INFO]   [16/36] medium_short_standard_minimal [conv=30.0% slope=3w green=2 trail=minimal]...
[22:39:31] [INFO]     → Score=0.2157 | Net=11.2%
[22:39:36] [INFO]   [17/36] medium_short_standard_safety [conv=30.0% slope=3w green=2 trail=safety]...
[22:39:53] [INFO]     → Score=0.2157 | Net=11.2%
[22:39:58] [INFO]   [18/36] medium_short_standard_moderate [conv=30.0% slope=3w green=2 trail=moderate]...
[22:40:15] [INFO]     → Score=0.2833 | Net=19.2%
[22:40:20] [INFO]   [19/36] medium_medium_quick_minimal [conv=30.0% slope=4w green=1 trail=minimal]...
[22:40:36] [INFO]     → Score=0.2157 | Net=11.2%
[22:40:41] [INFO]   [20/36] medium_medium_quick_safety [conv=30.0% slope=4w green=1 trail=safety]...
[22:41:03] [INFO]     → Score=0.2157 | Net=11.2%
[22:41:08] [INFO]   [21/36] medium_medium_quick_moderate [conv=30.0% slope=4w green=1 trail=moderate]...
[22:41:26] [INFO]     → Score=0.2833 | Net=19.2%
[22:41:31] [INFO]   [22/36] medium_medium_standard_minimal [conv=30.0% slope=4w green=2 trail=minimal]...
[22:41:48] [INFO]     → Score=0.2157 | Net=11.2%
[22:41:53] [INFO]   [23/36] medium_medium_standard_safety [conv=30.0% slope=4w green=2 trail=safety]...
[22:42:09] [INFO]     → Score=0.2157 | Net=11.2%
[22:42:14] [INFO]   [24/36] medium_medium_standard_moderate [conv=30.0% slope=4w green=2 trail=moderate]...
[22:42:31] [INFO]     → Score=0.2833 | Net=19.2%
[22:42:36] [INFO]   [25/36] wide_short_quick_minimal [conv=50.0% slope=3w green=1 trail=minimal]...
[22:42:56] [INFO]     → Score=0.2157 | Net=11.2%
[22:43:01] [INFO]   [26/36] wide_short_quick_safety [conv=50.0% slope=3w green=1 trail=safety]...
[22:43:18] [INFO]     → Score=0.2157 | Net=11.2%
[22:43:23] [INFO]   [27/36] wide_short_quick_moderate [conv=50.0% slope=3w green=1 trail=moderate]...
[22:43:39] [INFO]     → Score=0.2833 | Net=19.2%
[22:43:44] [INFO]   [28/36] wide_short_standard_minimal [conv=50.0% slope=3w green=2 trail=minimal]...
[22:44:01] [INFO]     → Score=0.2157 | Net=11.2%
[22:44:06] [INFO]   [29/36] wide_short_standard_safety [conv=50.0% slope=3w green=2 trail=safety]...
[22:44:23] [INFO]     → Score=0.2157 | Net=11.2%
[22:44:28] [INFO]   [30/36] wide_short_standard_moderate [conv=50.0% slope=3w green=2 trail=moderate]...
[22:44:44] [INFO]     → Score=0.2833 | Net=19.2%
[22:44:49] [INFO]   [31/36] wide_medium_quick_minimal [conv=50.0% slope=4w green=1 trail=minimal]...
[22:45:05] [INFO]     → Score=0.2157 | Net=11.2%
[22:45:11] [INFO]   [32/36] wide_medium_quick_safety [conv=50.0% slope=4w green=1 trail=safety]...
[22:45:29] [INFO]     → Score=0.2157 | Net=11.2%
[22:45:34] [INFO]   [33/36] wide_medium_quick_moderate [conv=50.0% slope=4w green=1 trail=moderate]...
[22:45:50] [INFO]     → Score=0.2833 | Net=19.2%
[22:45:55] [INFO]   [34/36] wide_medium_standard_minimal [conv=50.0% slope=4w green=2 trail=minimal]...
[22:46:11] [INFO]     → Score=0.2157 | Net=11.2%
[22:46:16] [INFO]   [35/36] wide_medium_standard_safety [conv=50.0% slope=4w green=2 trail=safety]...
[22:46:32] [INFO]     → Score=0.2157 | Net=11.2%
[22:46:37] [INFO]   [36/36] wide_medium_standard_moderate [conv=50.0% slope=4w green=2 trail=moderate]...
[22:46:55] [INFO]     → Score=0.2833 | Net=19.2%
[22:47:00] [INFO] 
  BEST IS: tight_short_quick_moderate (score=0.2833)
[22:47:00] [INFO]     Net=19.2% | Sharpe=-0.056 | DD=17.3%
[22:47:00] [INFO] 
  ── OUT-OF-SAMPLE: 2024-01-01 to 2024-06-30 ──
[22:47:21] [INFO]     → OOS Net=30.5% | Score=0.3506
[22:47:21] [INFO] 
============================================================
[22:47:21] [INFO] WINDOW 6/7: OOS Jul24-Dec24
[22:47:21] [INFO]   IS: 2016-01-01 to 2024-06-30
[22:47:21] [INFO]   OOS: 2024-07-01 to 2024-12-31
[22:47:21] [INFO] ============================================================
[22:47:21] [INFO] 
  ── IN-SAMPLE: Testing 36 parameter combos ──
[22:47:21] [INFO]   [1/36] tight_short_quick_minimal [conv=15.0% slope=3w green=1 trail=minimal]...
[22:47:37] [INFO]     → Score=0.3445 | Net=31.9%
[22:47:42] [INFO]   [2/36] tight_short_quick_safety [conv=15.0% slope=3w green=1 trail=safety]...
[22:47:59] [INFO]     → Score=0.3445 | Net=31.9%
[22:48:04] [INFO]   [3/36] tight_short_quick_moderate [conv=15.0% slope=3w green=1 trail=moderate]...
[22:48:25] [INFO]     → Score=0.3506 | Net=30.5%
[22:48:30] [INFO]   [4/36] tight_short_standard_minimal [conv=15.0% slope=3w green=2 trail=minimal]...
[22:48:47] [INFO]     → Score=0.3445 | Net=31.9%
[22:48:52] [INFO]   [5/36] tight_short_standard_safety [conv=15.0% slope=3w green=2 trail=safety]...
[22:49:12] [INFO]     → Score=0.3445 | Net=31.9%
[22:49:17] [INFO]   [6/36] tight_short_standard_moderate [conv=15.0% slope=3w green=2 trail=moderate]...
[22:49:33] [INFO]     → Score=0.3506 | Net=30.5%
[22:49:38] [INFO]   [7/36] tight_medium_quick_minimal [conv=15.0% slope=4w green=1 trail=minimal]...
[22:49:55] [INFO]     → Score=0.3445 | Net=31.9%
[22:50:00] [INFO]   [8/36] tight_medium_quick_safety [conv=15.0% slope=4w green=1 trail=safety]...
[22:50:22] [INFO]     → Score=0.3445 | Net=31.9%
[22:50:27] [INFO]   [9/36] tight_medium_quick_moderate [conv=15.0% slope=4w green=1 trail=moderate]...
[22:50:44] [INFO]     → Score=0.3506 | Net=30.5%
[22:50:49] [INFO]   [10/36] tight_medium_standard_minimal [conv=15.0% slope=4w green=2 trail=minimal]...
[22:51:06] [INFO]     → Score=0.3445 | Net=31.9%
[22:51:11] [INFO]   [11/36] tight_medium_standard_safety [conv=15.0% slope=4w green=2 trail=safety]...
[22:51:28] [INFO]     → Score=0.3445 | Net=31.9%
[22:51:33] [INFO]   [12/36] tight_medium_standard_moderate [conv=15.0% slope=4w green=2 trail=moderate]...
[22:51:49] [INFO]     → Score=0.3506 | Net=30.5%
[22:51:54] [INFO]   [13/36] medium_short_quick_minimal [conv=30.0% slope=3w green=1 trail=minimal]...
[22:52:16] [INFO]     → Score=0.3445 | Net=31.9%
[22:52:21] [INFO]   [14/36] medium_short_quick_safety [conv=30.0% slope=3w green=1 trail=safety]...
[22:52:38] [INFO]     → Score=0.3445 | Net=31.9%
[22:52:43] [INFO]   [15/36] medium_short_quick_moderate [conv=30.0% slope=3w green=1 trail=moderate]...
[22:53:01] [INFO]     → Score=0.3506 | Net=30.5%
[22:53:06] [INFO]   [16/36] medium_short_standard_minimal [conv=30.0% slope=3w green=2 trail=minimal]...
[22:53:23] [INFO]     → Score=0.3445 | Net=31.9%
[22:53:28] [INFO]   [17/36] medium_short_standard_safety [conv=30.0% slope=3w green=2 trail=safety]...
[22:53:46] [INFO]     → Score=0.3445 | Net=31.9%
[22:53:51] [INFO]   [18/36] medium_short_standard_moderate [conv=30.0% slope=3w green=2 trail=moderate]...
[22:54:12] [INFO]     → Score=0.3506 | Net=30.5%
[22:54:17] [INFO]   [19/36] medium_medium_quick_minimal [conv=30.0% slope=4w green=1 trail=minimal]...
[22:54:34] [INFO]     → Score=0.3445 | Net=31.9%
[22:54:39] [INFO]   [20/36] medium_medium_quick_safety [conv=30.0% slope=4w green=1 trail=safety]...
[22:54:59] [INFO]     → Score=0.3445 | Net=31.9%
[22:55:05] [INFO]   [21/36] medium_medium_quick_moderate [conv=30.0% slope=4w green=1 trail=moderate]...
[22:55:26] [INFO]     → Score=0.3506 | Net=30.5%
[22:55:31] [INFO]   [22/36] medium_medium_standard_minimal [conv=30.0% slope=4w green=2 trail=minimal]...
[22:55:48] [INFO]     → Score=0.3445 | Net=31.9%
[22:55:53] [INFO]   [23/36] medium_medium_standard_safety [conv=30.0% slope=4w green=2 trail=safety]...
[22:56:10] [INFO]     → Score=0.3445 | Net=31.9%
[22:56:15] [INFO]   [24/36] medium_medium_standard_moderate [conv=30.0% slope=4w green=2 trail=moderate]...
[22:56:33] [INFO]     → Score=0.3506 | Net=30.5%
[22:56:38] [INFO]   [25/36] wide_short_quick_minimal [conv=50.0% slope=3w green=1 trail=minimal]...
[22:56:55] [INFO]     → Score=0.3445 | Net=31.9%
[22:57:00] [INFO]   [26/36] wide_short_quick_safety [conv=50.0% slope=3w green=1 trail=safety]...
[22:57:21] [INFO]     → Score=0.3445 | Net=31.9%
[22:57:26] [INFO]   [27/36] wide_short_quick_moderate [conv=50.0% slope=3w green=1 trail=moderate]...
[22:57:42] [INFO]     → Score=0.3506 | Net=30.5%
[22:57:47] [INFO]   [28/36] wide_short_standard_minimal [conv=50.0% slope=3w green=2 trail=minimal]...
[22:58:07] [INFO]     → Score=0.3445 | Net=31.9%
[22:58:12] [INFO]   [29/36] wide_short_standard_safety [conv=50.0% slope=3w green=2 trail=safety]...
[22:58:32] [INFO]     → Score=0.3445 | Net=31.9%
[22:58:37] [INFO]   [30/36] wide_short_standard_moderate [conv=50.0% slope=3w green=2 trail=moderate]...
[22:58:54] [INFO]     → Score=0.3506 | Net=30.5%
[22:58:59] [INFO]   [31/36] wide_medium_quick_minimal [conv=50.0% slope=4w green=1 trail=minimal]...
[22:59:19] [INFO]     → Score=0.3445 | Net=31.9%
[22:59:24] [INFO]   [32/36] wide_medium_quick_safety [conv=50.0% slope=4w green=1 trail=safety]...
[22:59:41] [INFO]     → Score=0.3445 | Net=31.9%
[22:59:46] [INFO]   [33/36] wide_medium_quick_moderate [conv=50.0% slope=4w green=1 trail=moderate]...
[23:00:06] [INFO]     → Score=0.3506 | Net=30.5%
[23:00:11] [INFO]   [34/36] wide_medium_standard_minimal [conv=50.0% slope=4w green=2 trail=minimal]...
[23:00:33] [INFO]     → Score=0.3445 | Net=31.9%
[23:00:38] [INFO]   [35/36] wide_medium_standard_safety [conv=50.0% slope=4w green=2 trail=safety]...
[23:00:58] [INFO]     → Score=0.3445 | Net=31.9%
[23:01:03] [INFO]   [36/36] wide_medium_standard_moderate [conv=50.0% slope=4w green=2 trail=moderate]...
[23:01:19] [INFO]     → Score=0.3506 | Net=30.5%
[23:01:24] [INFO] 
  BEST IS: tight_short_quick_moderate (score=0.3506)
[23:01:24] [INFO]     Net=30.5% | Sharpe=0.040 | DD=19.0%
[23:01:24] [INFO] 
  ── OUT-OF-SAMPLE: 2024-07-01 to 2024-12-31 ──
[23:01:42] [INFO]     → OOS Net=30.5% | Score=0.333
[23:01:42] [INFO] 
============================================================
[23:01:42] [INFO] WINDOW 7/7: OOS Jan25-Jun25
[23:01:42] [INFO]   IS: 2016-01-01 to 2024-12-31
[23:01:42] [INFO]   OOS: 2025-01-01 to 2025-06-30
[23:01:42] [INFO] ============================================================
[23:01:42] [INFO] 
  ── IN-SAMPLE: Testing 36 parameter combos ──
[23:01:42] [INFO]   [1/36] tight_short_quick_minimal [conv=15.0% slope=3w green=1 trail=minimal]...
[23:02:04] [INFO]     → Score=0.537 | Net=73.6%
[23:02:09] [INFO]   [2/36] tight_short_quick_safety [conv=15.0% slope=3w green=1 trail=safety]...
[23:02:26] [INFO]     → Score=0.537 | Net=73.6%
[23:02:31] [INFO]   [3/36] tight_short_quick_moderate [conv=15.0% slope=3w green=1 trail=moderate]...
[23:02:49] [INFO]     → Score=0.333 | Net=30.5%
[23:02:54] [INFO]   [4/36] tight_short_standard_minimal [conv=15.0% slope=3w green=2 trail=minimal]...
[23:03:10] [INFO]     → Score=0.537 | Net=73.6%
[23:03:15] [INFO]   [5/36] tight_short_standard_safety [conv=15.0% slope=3w green=2 trail=safety]...
[23:03:33] [INFO]     → Score=0.537 | Net=73.6%
[23:03:38] [INFO]   [6/36] tight_short_standard_moderate [conv=15.0% slope=3w green=2 trail=moderate]...
[23:03:55] [INFO]     → Score=0.333 | Net=30.5%
[23:04:00] [INFO]   [7/36] tight_medium_quick_minimal [conv=15.0% slope=4w green=1 trail=minimal]...
[23:04:16] [INFO]     → Score=0.537 | Net=73.6%
[23:04:21] [INFO]   [8/36] tight_medium_quick_safety [conv=15.0% slope=4w green=1 trail=safety]...
[23:04:41] [INFO]     → Score=0.537 | Net=73.6%
[23:04:46] [INFO]   [9/36] tight_medium_quick_moderate [conv=15.0% slope=4w green=1 trail=moderate]...
[23:05:02] [INFO]     → Score=0.333 | Net=30.5%
[23:05:07] [INFO]   [10/36] tight_medium_standard_minimal [conv=15.0% slope=4w green=2 trail=minimal]...
[23:05:25] [INFO]     → Score=0.537 | Net=73.6%
[23:05:30] [INFO]   [11/36] tight_medium_standard_safety [conv=15.0% slope=4w green=2 trail=safety]...
[23:05:48] [INFO]     → Score=0.537 | Net=73.6%
[23:05:53] [INFO]   [12/36] tight_medium_standard_moderate [conv=15.0% slope=4w green=2 trail=moderate]...
[23:06:10] [INFO]     → Score=0.333 | Net=30.5%
[23:06:15] [INFO]   [13/36] medium_short_quick_minimal [conv=30.0% slope=3w green=1 trail=minimal]...
[23:06:31] [INFO]     → Score=0.537 | Net=73.6%
[23:06:36] [INFO]   [14/36] medium_short_quick_safety [conv=30.0% slope=3w green=1 trail=safety]...
[23:06:54] [INFO]     → Score=0.537 | Net=73.6%
[23:06:59] [INFO]   [15/36] medium_short_quick_moderate [conv=30.0% slope=3w green=1 trail=moderate]...
[23:07:15] [INFO]     → Score=0.333 | Net=30.5%
[23:07:21] [INFO]   [16/36] medium_short_standard_minimal [conv=30.0% slope=3w green=2 trail=minimal]...
[23:07:37] [INFO]     → Score=0.537 | Net=73.6%
[23:07:42] [INFO]   [17/36] medium_short_standard_safety [conv=30.0% slope=3w green=2 trail=safety]...
[23:07:59] [INFO]     → Score=0.537 | Net=73.6%
[23:08:04] [INFO]   [18/36] medium_short_standard_moderate [conv=30.0% slope=3w green=2 trail=moderate]...
[23:08:24] [INFO]     → Score=0.333 | Net=30.5%
[23:08:29] [INFO]   [19/36] medium_medium_quick_minimal [conv=30.0% slope=4w green=1 trail=minimal]...
[23:08:46] [INFO]     → Score=0.537 | Net=73.6%
[23:08:51] [INFO]   [20/36] medium_medium_quick_safety [conv=30.0% slope=4w green=1 trail=safety]...
[23:09:10] [INFO]     → Score=0.537 | Net=73.6%
[23:09:15] [INFO]   [21/36] medium_medium_quick_moderate [conv=30.0% slope=4w green=1 trail=moderate]...
[23:09:37] [INFO]     → Score=0.333 | Net=30.5%
[23:09:42] [INFO]   [22/36] medium_medium_standard_minimal [conv=30.0% slope=4w green=2 trail=minimal]...
[23:09:58] [INFO]     → Score=0.537 | Net=73.6%
[23:10:03] [INFO]   [23/36] medium_medium_standard_safety [conv=30.0% slope=4w green=2 trail=safety]...
[23:10:19] [INFO]     → Score=0.537 | Net=73.6%
[23:10:24] [INFO]   [24/36] medium_medium_standard_moderate [conv=30.0% slope=4w green=2 trail=moderate]...
[23:10:45] [INFO]     → Score=0.333 | Net=30.5%
[23:10:50] [INFO]   [25/36] wide_short_quick_minimal [conv=50.0% slope=3w green=1 trail=minimal]...
[23:11:09] [INFO]     → Score=0.537 | Net=73.6%
[23:11:14] [INFO]   [26/36] wide_short_quick_safety [conv=50.0% slope=3w green=1 trail=safety]...
[23:11:35] [INFO]     → Score=0.537 | Net=73.6%
[23:11:40] [INFO]   [27/36] wide_short_quick_moderate [conv=50.0% slope=3w green=1 trail=moderate]...
[23:11:57] [INFO]     → Score=0.333 | Net=30.5%
[23:12:02] [INFO]   [28/36] wide_short_standard_minimal [conv=50.0% slope=3w green=2 trail=minimal]...
[23:12:21] [INFO]     → Score=0.537 | Net=73.6%
[23:12:26] [INFO]   [29/36] wide_short_standard_safety [conv=50.0% slope=3w green=2 trail=safety]...
[23:12:51] [INFO]     → Score=0.537 | Net=73.6%
[23:12:56] [INFO]   [30/36] wide_short_standard_moderate [conv=50.0% slope=3w green=2 trail=moderate]...
[23:13:17] [INFO]     → Score=0.333 | Net=30.5%
[23:13:22] [INFO]   [31/36] wide_medium_quick_minimal [conv=50.0% slope=4w green=1 trail=minimal]...
[23:13:43] [INFO]     → Score=0.537 | Net=73.6%
[23:13:48] [INFO]   [32/36] wide_medium_quick_safety [conv=50.0% slope=4w green=1 trail=safety]...
[23:14:08] [INFO]     → Score=0.537 | Net=73.6%
[23:14:13] [INFO]   [33/36] wide_medium_quick_moderate [conv=50.0% slope=4w green=1 trail=moderate]...
[23:14:31] [INFO]     → Score=0.333 | Net=30.5%
[23:14:36] [INFO]   [34/36] wide_medium_standard_minimal [conv=50.0% slope=4w green=2 trail=minimal]...
[23:14:52] [INFO]     → Score=0.537 | Net=73.6%
[23:14:57] [INFO]   [35/36] wide_medium_standard_safety [conv=50.0% slope=4w green=2 trail=safety]...
[23:15:19] [INFO]     → Score=0.537 | Net=73.6%
[23:15:24] [INFO]   [36/36] wide_medium_standard_moderate [conv=50.0% slope=4w green=2 trail=moderate]...
[23:15:42] [INFO]     → Score=0.333 | Net=30.5%
[23:15:47] [INFO] 
  BEST IS: tight_short_quick_minimal (score=0.537)
[23:15:47] [INFO]     Net=73.6% | Sharpe=0.224 | DD=24.5%
[23:15:47] [INFO] 
  ── OUT-OF-SAMPLE: 2025-01-01 to 2025-06-30 ──
[23:16:10] [INFO]     → OOS Net=105.1% | Score=0.6387
[23:16:10] [INFO] 

============================================================
[23:16:10] [INFO] v3.0 WALK-FORWARD ANALYSIS COMPLETE
[23:16:10] [INFO] ============================================================

────────────────────────────────────────────────────────────────────────────────────────────────────
Window       Best Params                          IS Net%  IS Sharpe  OOS Net%  OOS Sharpe
────────────────────────────────────────────────────────────────────────────────────────────────────
OOS Jan22-Jun22 tight_short_quick_moderate             18.0%     0.109     18.0%      0.097
OOS Jul22-Dec22 tight_short_quick_moderate             18.0%     0.097     18.0%      0.053
OOS Jan23-Jun23 tight_short_quick_moderate             18.0%     0.053     18.0%     -0.008
OOS Jul23-Dec23 tight_short_quick_moderate             18.0%    -0.008     19.2%     -0.056
OOS Jan24-Jun24 tight_short_quick_moderate             19.2%    -0.056     30.5%      0.040
OOS Jul24-Dec24 tight_short_quick_moderate             30.5%     0.040     30.5%     -0.004
OOS Jan25-Jun25 tight_short_quick_minimal              73.6%     0.224    105.1%      0.275
────────────────────────────────────────────────────────────────────────────────────────────────────

  Avg IS Return:     27.9%
  Avg OOS Return:    34.2%
  Walk-Forward Efficiency (WFE): 1.23
  → ROBUST: WFE > 0.5 indicates strategy parameters are stable

  Stitched OOS Equity Curve (starting $100):
    OOS Jan22-Jun22      ███████████ $  118.04 ( +18.0%)
    OOS Jul22-Dec22      █████████████ $  139.33 ( +18.0%)
    OOS Jan23-Jun23      ████████████████ $  164.47 ( +18.0%)
    OOS Jul23-Dec23      ███████████████████ $  196.06 ( +19.2%)
    OOS Jan24-Jun24      █████████████████████████ $  255.93 ( +30.5%)
    OOS Jul24-Dec24      █████████████████████████████████ $  334.07 ( +30.5%)
    OOS Jan25-Jun25      ████████████████████████████████████████████████████████████████████ $  685.34 (+105.1%)

  Total Stitched OOS Return: +585.3%

  Parameter Stability (wins per axis value):
    Convergence Threshold: {'tight': 7}
    Slope Lookback: {'short': 7}
    Green Candles Required: {'quick': 7}
    Trail Width: {'moderate': 6, 'minimal': 1}

  Most common winner: tight_short_quick_moderate (6/7 windows)
  → STABLE: Same params win majority of windows

  ── COMPARE vs v2.8 ──
  v2.8 WFE: 1.20 | v2.8 Stitched OOS: +692.2%
  v3.0 WFE: 1.23 | v3.0 Stitched OOS: +585.3%
  → v3.0 OUTPERFORMS v2.8 on WFE
[23:16:10] [INFO] 
Results saved to /Users/eddiemae/rudy/data/wf_v30_results.json
