[X-Tracker 2026-03-23 14:49:03] ==================================================
[X-Tracker 2026-03-23 14:49:03] Starting full X influencer scan
[X-Tracker 2026-03-23 14:49:03] Scanning @nolimitgains
[X-Tracker 2026-03-23 14:49:29] @nolimitgains: 20 posts fetched
[X-Tracker 2026-03-23 14:49:33] @nolimitgains: 10 signals extracted
[X-Tracker 2026-03-23 14:49:33] @nolimitgains: 16 new posts stored, 1 high signals
[X-Tracker 2026-03-23 14:49:34] High signal alert sent
[X-Tracker 2026-03-23 14:49:34] Scanning @unusual_whales
[X-Tracker 2026-03-23 14:50:02] @unusual_whales: 20 posts fetched
[X-Tracker 2026-03-23 14:50:06] @unusual_whales: 10 signals extracted
[X-Tracker 2026-03-23 14:50:06] @unusual_whales: 19 new posts stored, 3 high signals
[X-Tracker 2026-03-23 14:50:06] High signal alert sent
[X-Tracker 2026-03-23 14:50:06] Scanning @DeItaone
[X-Tracker 2026-03-23 14:50:49] @DeItaone: 20 posts fetched
[X-Tracker 2026-03-23 14:50:51] @DeItaone: 5 signals extracted
[X-Tracker 2026-03-23 14:50:51] @DeItaone: 15 new posts stored, 2 high signals
[X-Tracker 2026-03-23 14:50:52] High signal alert sent
[X-Tracker 2026-03-23 14:50:52] Scanning @aristotlegrowth
[X-Tracker 2026-03-23 14:51:52] Grok error: HTTPSConnectionPool(host='api.x.ai', port=443): Read timed out. (read timeout=60)
[X-Tracker 2026-03-23 14:51:52] No data for @aristotlegrowth
[X-Tracker 2026-03-23 14:51:52] Scanning @CathieDWood
[X-Tracker 2026-03-23 14:52:18] @CathieDWood: 20 posts fetched
[X-Tracker 2026-03-23 14:52:23] @CathieDWood: 22 signals extracted
[X-Tracker 2026-03-23 14:52:23] @CathieDWood: 20 new posts stored, 0 high signals
[X-Tracker 2026-03-23 14:52:23] Scanning @michaeljburry
[X-Tracker 2026-03-23 14:52:43] @michaeljburry: 20 posts fetched
[X-Tracker 2026-03-23 14:52:44] @michaeljburry: 0 signals extracted
[X-Tracker 2026-03-23 14:52:44] @michaeljburry: 13 new posts stored, 0 high signals
[X-Tracker 2026-03-23 14:52:44] Scanning @jimcramer
[X-Tracker 2026-03-23 14:53:08] @jimcramer: 20 posts fetched
[X-Tracker 2026-03-23 14:53:11] @jimcramer: 10 signals extracted
[X-Tracker 2026-03-23 14:53:11] @jimcramer: 16 new posts stored, 2 high signals
[X-Tracker 2026-03-23 14:53:12] High signal alert sent
[X-Tracker 2026-03-23 14:53:12] Scanning @Mr_Derivatives
[X-Tracker 2026-03-23 14:53:46] @Mr_Derivatives: 20 posts fetched
[X-Tracker 2026-03-23 14:53:49] @Mr_Derivatives: 10 signals extracted
[X-Tracker 2026-03-23 14:53:49] @Mr_Derivatives: 20 new posts stored, 4 high signals
[X-Tracker 2026-03-23 14:53:50] High signal alert sent
[X-Tracker 2026-03-23 14:53:50] Scanning @gabortrading
[X-Tracker 2026-03-23 14:54:25] @gabortrading: 20 posts fetched
[X-Tracker 2026-03-23 14:54:26] @gabortrading: 0 signals extracted
[X-Tracker 2026-03-23 14:54:26] @gabortrading: 19 new posts stored, 0 high signals
[X-Tracker 2026-03-23 14:54:26] Scanning @WallStreetBets
[X-Tracker 2026-03-23 14:54:49] @WallStreetBets: 20 posts fetched
[X-Tracker 2026-03-23 14:54:53] @WallStreetBets: 9 signals extracted
[X-Tracker 2026-03-23 14:54:53] @WallStreetBets: 14 new posts stored, 1 high signals
[X-Tracker 2026-03-23 14:54:54] High signal alert sent
[X-Tracker 2026-03-23 14:54:54] Scanning @optionsflow
[X-Tracker 2026-03-23 14:55:29] @optionsflow: 20 posts fetched
[X-Tracker 2026-03-23 14:55:33] @optionsflow: 10 signals extracted
[X-Tracker 2026-03-23 14:55:33] @optionsflow: 20 new posts stored, 4 high signals
[X-Tracker 2026-03-23 14:55:34] High signal alert sent
[X-Tracker 2026-03-23 14:55:34] Scan complete: 10 accounts, 172 new posts, 17 high signals
[X-Tracker 2026-03-23 14:55:34] ==================================================
