[YouTube 2026-03-23 14:49:03] ==================================================
[YouTube 2026-03-23 14:49:03] Starting YouTube intelligence scan
[YouTube 2026-03-23 14:49:03] Priority channel search: Aristotle Investments
[YouTube 2026-03-23 14:49:03] Searching: MSTR stock analysis
[YouTube 2026-03-23 14:49:04] Searching: IBIT stock analysis
[YouTube 2026-03-23 14:49:04] Tavily found 0 YouTube results for: IBIT stock analysis
[YouTube 2026-03-23 14:49:07] yt-dlp found 3 results for: IBIT stock analysis
[YouTube 2026-03-23 14:49:07] Searching: Bitcoin stock analysis
[YouTube 2026-03-23 14:49:07] Searching: MicroStrategy stock analysis
[YouTube 2026-03-23 14:49:08] Searching: CCJ stock analysis
[YouTube 2026-03-23 14:49:09] Tavily found 0 YouTube results for: CCJ stock analysis
[YouTube 2026-03-23 14:49:10] yt-dlp found 3 results for: CCJ stock analysis
[YouTube 2026-03-23 14:49:10] Searching: UEC stock analysis
[YouTube 2026-03-23 14:49:11] Tavily found 0 YouTube results for: UEC stock analysis
[YouTube 2026-03-23 14:49:13] yt-dlp found 3 results for: UEC stock analysis
[YouTube 2026-03-23 14:49:13] Searching: uranium stock analysis
[YouTube 2026-03-23 14:49:14] Searching: XOM stock analysis
[YouTube 2026-03-23 14:49:14] Tavily found 0 YouTube results for: XOM stock analysis
[YouTube 2026-03-23 14:49:16] yt-dlp found 3 results for: XOM stock analysis
[YouTube 2026-03-23 14:49:16] Searching: CVX stock analysis
[YouTube 2026-03-23 14:49:17] Tavily found 0 YouTube results for: CVX stock analysis
[YouTube 2026-03-23 14:49:19] yt-dlp found 3 results for: CVX stock analysis
[YouTube 2026-03-23 14:49:19] Searching: OXY stock analysis
[YouTube 2026-03-23 14:49:20] Tavily found 0 YouTube results for: OXY stock analysis
[YouTube 2026-03-23 14:49:21] yt-dlp found 3 results for: OXY stock analysis
[YouTube 2026-03-23 14:49:21] Searching: energy stocks stock analysis
[YouTube 2026-03-23 14:49:22] Searching: GME stock analysis
[YouTube 2026-03-23 14:49:22] Searching: AMC stock analysis
[YouTube 2026-03-23 14:49:23] Searching: SOFI stock analysis
[YouTube 2026-03-23 14:49:23] Searching: RIVN stock analysis
[YouTube 2026-03-23 14:49:24] Searching: short squeeze stock analysis
[YouTube 2026-03-23 14:49:25] Searching: NVDA stock analysis
[YouTube 2026-03-23 14:49:25] Searching: TSLA stock analysis
[YouTube 2026-03-23 14:49:26] Searching: AMD stock analysis
[YouTube 2026-03-23 14:49:26] Searching: META stock analysis
[YouTube 2026-03-23 14:49:27] Searching: AMZN stock analysis
[YouTube 2026-03-23 14:49:27] Searching: NFLX stock analysis
[YouTube 2026-03-23 14:49:28] Searching: 10x stock 2026 stock analysis
[YouTube 2026-03-23 14:49:28] Tavily found 0 YouTube results for: 10x stock 2026 stock analysis
[YouTube 2026-03-23 14:49:30] yt-dlp found 3 results for: 10x stock 2026 stock analysis
[YouTube 2026-03-23 14:49:30] Searching: best growth stock to buy now stock analysis
[YouTube 2026-03-23 14:49:31] Searching: stock that could 10x stock analysis
[YouTube 2026-03-23 14:49:31] Tavily found 0 YouTube results for: stock that could 10x stock analysis
[YouTube 2026-03-23 14:49:33] yt-dlp found 3 results for: stock that could 10x stock analysis
[YouTube 2026-03-23 14:49:33] Searching: next Tesla stock stock analysis
[YouTube 2026-03-23 14:49:34] Searching: penny stock breakout stock analysis
[YouTube 2026-03-23 14:49:34] Searching: small cap moonshot stock analysis
[YouTube 2026-03-23 14:49:35] Tavily found 0 YouTube results for: small cap moonshot stock analysis
[YouTube 2026-03-23 14:49:37] yt-dlp found 3 results for: small cap moonshot stock analysis
[YouTube 2026-03-23 14:49:37] Searching: JOBY stock stock analysis
[YouTube 2026-03-23 14:49:37] Searching: eVTOL stocks stock analysis
[YouTube 2026-03-23 14:49:38] Searching: AI penny stocks stock analysis
[YouTube 2026-03-23 14:49:38] Searching: quantum computing stocks stock analysis
[YouTube 2026-03-23 14:49:39] Searching: space stocks IPO stock analysis
[YouTube 2026-03-23 14:49:39] Tavily found 0 YouTube results for: space stocks IPO stock analysis
[YouTube 2026-03-23 14:49:41] yt-dlp found 3 results for: space stocks IPO stock analysis
[YouTube 2026-03-23 14:49:41] Searching: biotech breakout stock analysis
[YouTube 2026-03-23 14:49:42] Tavily found 0 YouTube results for: biotech breakout stock analysis
[YouTube 2026-03-23 14:49:44] yt-dlp found 3 results for: biotech breakout stock analysis
[YouTube 2026-03-23 14:49:44] Searching: next big thing stock stock analysis
[YouTube 2026-03-23 14:49:44] Tavily found 0 YouTube results for: next big thing stock stock analysis
[YouTube 2026-03-23 14:49:46] yt-dlp found 3 results for: next big thing stock stock analysis
[YouTube 2026-03-23 14:49:46] Found 84 unique videos
[YouTube 2026-03-23 14:49:50] Intel saved to /Users/eddiemae/rudy/data/youtube_intel.json
[YouTube 2026-03-23 14:49:50] YOUTUBE INTELLIGENCE REPORT
Sentiment: MIXED
Videos scanned: 84

YouTube finance content in the last 24 hours is heavily focused on Bitcoin and its related stocks like MSTR and the IBIT ETF, with discussions ranging from bull runs to potential crashes. Uranium stocks, particularly CCJ and UEC, are also a significant topic, with analyses highlighting their role in the AI boom and nuclear power plays. Other areas of interest include general trading strategies and

HIGH CONFIDENCE SIGNALS:
  CCJ -> WATCH (via Smart Wealth With Joshua, CNBC Television, Cramer . WTF)
    Multiple channels are analyzing CCJ, with mentions of its 'nuclear power play' and inclusion in 'Final Trades,' aligning
  UEC -> WATCH (via US Stock Podcast, The Trade Setup, Martyn Lucas INVESTOR)
    UEC is highlighted as the 'Uranium King' powering the AI boom, with in-depth analyses and Elliott Wave setups, fitting t

MEDIUM SIGNALS:
  MSTR -> WATCH — Multiple videos discuss Michael Saylor's views on MSTR and Bitcoin, covering bot
  IBIT -> WATCH — Several videos are dedicated to the IBIT Bitcoin ETF, with discussions on its co
  URANIUM -> WATCH — Broader discussions on uranium stocks like URG and UUUU are present, suggesting 

Hot: MSTR, IBIT, CCJ, UEC, Bitcoin

TOP VIDEOS:
  [Classic Truck Rescue] LIVE: Michael Saylor on Bitcoin Bull Run & MSTR Stock – BTC Price Analysis
    MIXED | 0 views
  [Rich Zigz] LIVE: Michael Saylor on Bitcoin Crash & MSTR Stock Drop – BTC Price Prediction
    MIXED | 0 views
  [Bro Gets Rich] Picking Up 100 Shares Of IBIT BITCOIN ETF  - Smart Investment Move?
    NEUTRAL | 0 views
  [Bitcoin Katie] The Problem with BlackRock’s Bitcoin ETF
    BEARISH | 0 views
  [InvestAnswers Clips] Does IBIT Price Correlate to BTC: Should I Buy IBIT Options?
    NEUTRAL | 0 views

Catalysts: Michael Saylor's keynotes on Bitcoin and MSTR (though past events, they are being re-shared), Discussions around the AI boom potentially driving uranium demand, General market sentiment around Bitcoin bull runs

Risks: Michael Saylor's discussions on Bitcoin crash scenarios for MSTR, Concerns about the structure or performance of the IBIT Bitcoin ETF, Potential rejection zones for Kaspa (KAS) in crypto markets
[YouTube 2026-03-23 14:49:50] YouTube scan complete
[YouTube 2026-03-23 14:49:50] ==================================================
